Deeplab inference time:5.332651615142822
Data preprocessing time:0.03192758560180664
SA Start:0.004192829132080078
SA1 sampling and grouping:0.045261383056640625
SA1 tensor slicing:0.0013871192932128906
SA1 MLP:0.1080317497253418
SA1 MLP:0.004740715026855469
SA2 sampling and grouping:0.0018994808197021484
SA2 MLP:0.07282614707946777
SA2 sampling and grouping:0.002528667449951172
SA2 MLP:0.008262872695922852
SA3 sampling and grouping:0.0010075569152832031
SA3 MLP:0.0653839111328125
SA3 sampling and grouping:0.0023446083068847656
SA3 MLP:0.0037271976470947266
SA4 sampling and grouping:0.0009357929229736328
SA4 MLP:0.05886125564575195
SA4 sampling and grouping:0.002337217330932617
SA4 MLP:0.0031518936157226562
Voting and Proposal time:0.2621273994445801
Total inference time: 6.013587 
Start1637054698.2096112
Deeplab inference time:3.2937047481536865
Data preprocessing time:0.0596470832824707
SA Start:0.007493257522583008
SA1 sampling and grouping:0.04242205619812012
SA1 tensor slicing:0.0019106864929199219
SA1 MLP:0.054051876068115234
SA1 MLP:0.003100156784057617
SA2 sampling and grouping:0.0016934871673583984
SA2 MLP:0.04762411117553711
SA2 sampling and grouping:0.0014853477478027344
SA2 MLP:0.006713390350341797
SA3 sampling and grouping:0.0008749961853027344
SA3 MLP:0.043701887130737305
SA3 sampling and grouping:0.0014209747314453125
SA3 MLP:0.0022766590118408203
SA4 sampling and grouping:0.0005750656127929688
SA4 MLP:0.04391884803771973
SA4 sampling and grouping:0.001447439193725586
SA4 MLP:0.002147197723388672
Voting and Proposal time:0.18221306800842285
Total inference time: 3.798422 
