Start: 1639119527.2833433
Votenet data preprocessing time:0.03243398666381836
Start:0.011731863021850586
Runtime for Sampling and Grouping:0.3025493621826172
Runtime for shared MLP:2.3696041107177734
Runtime for Sampling and Grouping:0.058046579360961914
Runtime for shared MLP:0.37747907638549805
Runtime for Sampling and Grouping:0.02623152732849121
Runtime for shared MLP:0.3318357467651367
Runtime for Sampling and Grouping:0.003654956817626953
Runtime for shared MLP:0.30203723907470703
SA End:0.46588826179504395
Voting and Proposal time:1.0362317562103271
Total inference time: 5.317724 
Start: 1639119551.4532654
Votenet data preprocessing time:0.031206607818603516
Start:0.01129150390625
Runtime for Sampling and Grouping:0.33083224296569824
Runtime for shared MLP:2.2928879261016846
Runtime for Sampling and Grouping:0.05729317665100098
Runtime for shared MLP:0.35813260078430176
Runtime for Sampling and Grouping:0.026508331298828125
Runtime for shared MLP:0.323505163192749
Runtime for Sampling and Grouping:0.0038909912109375
Runtime for shared MLP:0.2945115566253662
SA End:0.46378278732299805
Voting and Proposal time:1.0088567733764648
Total inference time: 5.202700 
Start: 1639119575.5264008
Votenet data preprocessing time:0.03205585479736328
Start:0.011547565460205078
Runtime for Sampling and Grouping:0.38814663887023926
Runtime for shared MLP:2.3295023441314697
Runtime for Sampling and Grouping:0.057884931564331055
Runtime for shared MLP:0.3406078815460205
Runtime for Sampling and Grouping:0.02781963348388672
Runtime for shared MLP:0.305330753326416
Runtime for Sampling and Grouping:0.0036635398864746094
Runtime for shared MLP:0.29190778732299805
SA End:0.4529755115509033
Voting and Proposal time:0.9900808334350586
Total inference time: 5.231523 
Start: 1639119599.6797612
Votenet data preprocessing time:0.03173947334289551
Start:0.012539148330688477
Runtime for Sampling and Grouping:0.32451558113098145
Runtime for shared MLP:2.392911672592163
Runtime for Sampling and Grouping:0.05777287483215332
Runtime for shared MLP:0.33855223655700684
Runtime for Sampling and Grouping:0.026368379592895508
Runtime for shared MLP:0.3033878803253174
Runtime for Sampling and Grouping:0.0036771297454833984
Runtime for shared MLP:0.2990574836730957
SA End:0.45122408866882324
Voting and Proposal time:0.984550952911377
Total inference time: 5.226297 
Start: 1639119623.8136072
Votenet data preprocessing time:0.03185915946960449
Start:0.015481948852539062
Runtime for Sampling and Grouping:0.327728271484375
Runtime for shared MLP:2.2188808917999268
Runtime for Sampling and Grouping:0.05707097053527832
Runtime for shared MLP:0.34458017349243164
Runtime for Sampling and Grouping:0.026203632354736328
Runtime for shared MLP:0.3174276351928711
Runtime for Sampling and Grouping:0.0042743682861328125
Runtime for shared MLP:0.29599761962890625
SA End:0.4568343162536621
Voting and Proposal time:0.9894778728485107
Total inference time: 5.085817 
Start: 1639119647.7617347
Votenet data preprocessing time:0.03223133087158203
Start:0.01185917854309082
Runtime for Sampling and Grouping:0.30912041664123535
Runtime for shared MLP:2.2308645248413086
Runtime for Sampling and Grouping:0.05888104438781738
Runtime for shared MLP:0.35979318618774414
Runtime for Sampling and Grouping:0.02701282501220703
Runtime for shared MLP:0.31116342544555664
Runtime for Sampling and Grouping:0.0037012100219726562
Runtime for shared MLP:0.2876114845275879
SA End:0.44922542572021484
Voting and Proposal time:1.0003485679626465
Total inference time: 5.081813 
Start: 1639119671.7365124
Votenet data preprocessing time:0.031998395919799805
Start:0.012567281723022461
Runtime for Sampling and Grouping:0.3284313678741455
Runtime for shared MLP:2.373042106628418
Runtime for Sampling and Grouping:0.057637929916381836
Runtime for shared MLP:0.3701164722442627
Runtime for Sampling and Grouping:0.026106595993041992
Runtime for shared MLP:0.29843711853027344
Runtime for Sampling and Grouping:0.0041425228118896484
Runtime for shared MLP:0.2923874855041504
SA End:0.4479560852050781
Voting and Proposal time:0.9808671474456787
Total inference time: 5.223691 
Start: 1639119695.8778837
Votenet data preprocessing time:0.03175759315490723
Start:0.011648178100585938
Runtime for Sampling and Grouping:0.2732276916503906
Runtime for shared MLP:2.3989927768707275
Runtime for Sampling and Grouping:0.0582430362701416
Runtime for shared MLP:0.33890199661254883
Runtime for Sampling and Grouping:0.02652287483215332
Runtime for shared MLP:0.29779744148254395
Runtime for Sampling and Grouping:0.0036559104919433594
Runtime for shared MLP:0.30046844482421875
SA End:0.4496581554412842
Voting and Proposal time:0.9758732318878174
Total inference time: 5.166747 
Start: 1639119719.8955998
Votenet data preprocessing time:0.03206586837768555
Start:0.014092445373535156
Runtime for Sampling and Grouping:0.2762587070465088
Runtime for shared MLP:2.246800184249878
Runtime for Sampling and Grouping:0.05704998970031738
Runtime for shared MLP:0.3420083522796631
Runtime for Sampling and Grouping:0.026012897491455078
Runtime for shared MLP:0.3313126564025879
Runtime for Sampling and Grouping:0.003700733184814453
Runtime for shared MLP:0.2955935001373291
SA End:0.46963977813720703
Voting and Proposal time:1.0243539810180664
Total inference time: 5.118889 
Start: 1639119743.897229
Votenet data preprocessing time:0.03247785568237305
Start:0.011796712875366211
Runtime for Sampling and Grouping:0.27002739906311035
Runtime for shared MLP:2.306718587875366
Runtime for Sampling and Grouping:0.05714583396911621
Runtime for shared MLP:0.3377978801727295
Runtime for Sampling and Grouping:0.026020288467407227
Runtime for shared MLP:0.3078761100769043
Runtime for Sampling and Grouping:0.0038781166076660156
Runtime for shared MLP:0.2870938777923584
SA End:0.45592427253723145
Voting and Proposal time:0.9925906658172607
Total inference time: 5.089348 
Start: 1639119767.785638
Votenet data preprocessing time:0.03193211555480957
Start:0.015603780746459961
Runtime for Sampling and Grouping:0.3475463390350342
Runtime for shared MLP:2.363452911376953
Runtime for Sampling and Grouping:0.056803226470947266
Runtime for shared MLP:0.35904717445373535
Runtime for Sampling and Grouping:0.026553869247436523
Runtime for shared MLP:0.3099515438079834
Runtime for Sampling and Grouping:0.004216670989990234
Runtime for shared MLP:0.2966933250427246
SA End:0.4577369689941406
Voting and Proposal time:1.016791582107544
Total inference time: 5.286330 
Start: 1639119791.9532115
Votenet data preprocessing time:0.03194379806518555
Start:0.014629602432250977
Runtime for Sampling and Grouping:0.30512166023254395
Runtime for shared MLP:2.3350818157196045
Runtime for Sampling and Grouping:0.05785965919494629
Runtime for shared MLP:0.34981322288513184
Runtime for Sampling and Grouping:0.028267383575439453
Runtime for shared MLP:0.3077585697174072
Runtime for Sampling and Grouping:0.003650665283203125
Runtime for shared MLP:0.2996058464050293
SA End:0.4633138179779053
Voting and Proposal time:0.9831538200378418
Total inference time: 5.180200 
Start: 1639119815.992751
Votenet data preprocessing time:0.03199124336242676
Start:0.011580705642700195
Runtime for Sampling and Grouping:0.32251930236816406
Runtime for shared MLP:2.2353761196136475
Runtime for Sampling and Grouping:0.05731773376464844
Runtime for shared MLP:0.3348846435546875
Runtime for Sampling and Grouping:0.026381731033325195
Runtime for shared MLP:0.30986905097961426
Runtime for Sampling and Grouping:0.003948211669921875
Runtime for shared MLP:0.30554699897766113
SA End:0.4634897708892822
Voting and Proposal time:0.9910500049591064
Total inference time: 5.093956 
Start: 1639119840.0648644
Votenet data preprocessing time:0.03186345100402832
Start:0.011690378189086914
Runtime for Sampling and Grouping:0.2723724842071533
Runtime for shared MLP:2.2284340858459473
Runtime for Sampling and Grouping:0.05665230751037598
Runtime for shared MLP:0.3538389205932617
Runtime for Sampling and Grouping:0.026465415954589844
Runtime for shared MLP:0.319993257522583
Runtime for Sampling and Grouping:0.004121541976928711
Runtime for shared MLP:0.29593801498413086
SA End:0.4686739444732666
Voting and Proposal time:0.9942038059234619
Total inference time: 5.064248 
Start: 1639119863.964368
Votenet data preprocessing time:0.03239035606384277
Start:0.01301431655883789
Runtime for Sampling and Grouping:0.3977084159851074
Runtime for shared MLP:2.344419002532959
Runtime for Sampling and Grouping:0.05892300605773926
Runtime for shared MLP:0.36222290992736816
Runtime for Sampling and Grouping:0.026569843292236328
Runtime for shared MLP:0.3083317279815674
Runtime for Sampling and Grouping:0.0036973953247070312
Runtime for shared MLP:0.2953784465789795
SA End:0.4547154903411865
Voting and Proposal time:0.9955971240997314
Total inference time: 5.292968 
Start: 1639119888.1321716
Votenet data preprocessing time:0.03168296813964844
Start:0.011647701263427734
Runtime for Sampling and Grouping:0.27313947677612305
Runtime for shared MLP:2.232428789138794
Runtime for Sampling and Grouping:0.057059288024902344
Runtime for shared MLP:0.34386730194091797
Runtime for Sampling and Grouping:0.026236534118652344
Runtime for shared MLP:0.3082137107849121
Runtime for Sampling and Grouping:0.003594636917114258
Runtime for shared MLP:0.2921431064605713
SA End:0.45738863945007324
Voting and Proposal time:0.9876828193664551
Total inference time: 5.025085 
Start: 1639119912.028261
Votenet data preprocessing time:0.03186917304992676
Start:0.01186227798461914
Runtime for Sampling and Grouping:0.30779027938842773
Runtime for shared MLP:2.258169412612915
Runtime for Sampling and Grouping:0.05829119682312012
Runtime for shared MLP:0.3720118999481201
Runtime for Sampling and Grouping:0.026422500610351562
Runtime for shared MLP:0.32040858268737793
Runtime for Sampling and Grouping:0.003912210464477539
Runtime for shared MLP:0.3011612892150879
SA End:0.4675564765930176
Voting and Proposal time:1.0154950618743896
Total inference time: 5.174950 
Start: 1639119936.0714183
Votenet data preprocessing time:0.03281235694885254
Start:0.013120412826538086
Runtime for Sampling and Grouping:0.31923723220825195
Runtime for shared MLP:2.404442548751831
Runtime for Sampling and Grouping:0.05866360664367676
Runtime for shared MLP:0.3499422073364258
Runtime for Sampling and Grouping:0.02659010887145996
Runtime for shared MLP:0.30243659019470215
Runtime for Sampling and Grouping:0.0037012100219726562
Runtime for shared MLP:0.2897052764892578
SA End:0.46364617347717285
Voting and Proposal time:0.9942209720611572
Total inference time: 5.258519 
Start: 1639119960.1826096
Votenet data preprocessing time:0.032759666442871094
Start:0.01473379135131836
Runtime for Sampling and Grouping:0.36803150177001953
Runtime for shared MLP:2.2786881923675537
Runtime for Sampling and Grouping:0.05720019340515137
Runtime for shared MLP:0.3564779758453369
Runtime for Sampling and Grouping:0.02626943588256836
Runtime for shared MLP:0.30721330642700195
Runtime for Sampling and Grouping:0.003680706024169922
Runtime for shared MLP:0.2935807704925537
SA End:0.45702552795410156
Voting and Proposal time:0.9798421859741211
Total inference time: 5.175503 
Start: 1639119984.2334783
Votenet data preprocessing time:0.03179001808166504
Start:0.011696100234985352
Runtime for Sampling and Grouping:0.3014552593231201
Runtime for shared MLP:2.3353521823883057
Runtime for Sampling and Grouping:0.058286190032958984
Runtime for shared MLP:0.3633546829223633
Runtime for Sampling and Grouping:0.0266568660736084
Runtime for shared MLP:0.31077027320861816
Runtime for Sampling and Grouping:0.003848552703857422
Runtime for shared MLP:0.29100537300109863
SA End:0.4491591453552246
Voting and Proposal time:1.0149612426757812
Total inference time: 5.198336 
Start: 1639121159.269561
Votenet data preprocessing time:0.03171133995056152
Start:0.015619516372680664
Runtime for Sampling and Grouping:0.44443416595458984
Runtime for shared MLP:2.3004448413848877
Runtime for Sampling and Grouping:0.056664466857910156
Runtime for shared MLP:0.33769726753234863
Runtime for Sampling and Grouping:0.02643609046936035
Runtime for shared MLP:0.3053584098815918
Runtime for Sampling and Grouping:0.003837108612060547
Runtime for shared MLP:0.2918992042541504
SA End:0.4514164924621582
Voting and Proposal time:0.9971256256103516
Total inference time: 5.262645 
Start: 1639121183.418895
Votenet data preprocessing time:0.03201556205749512
Start:0.011384725570678711
Runtime for Sampling and Grouping:0.41483187675476074
Runtime for shared MLP:2.3267452716827393
Runtime for Sampling and Grouping:0.07205772399902344
Runtime for shared MLP:0.3525998592376709
Runtime for Sampling and Grouping:0.02766275405883789
Runtime for shared MLP:0.29607224464416504
Runtime for Sampling and Grouping:0.0039708614349365234
Runtime for shared MLP:0.28571414947509766
SA End:0.4440162181854248
Voting and Proposal time:0.9890570640563965
Total inference time: 5.256128 
Start: 1639121207.5407343
Votenet data preprocessing time:0.03261542320251465
Start:0.012302398681640625
Runtime for Sampling and Grouping:0.30257248878479004
Runtime for shared MLP:2.2426106929779053
Runtime for Sampling and Grouping:0.058991432189941406
Runtime for shared MLP:0.3577742576599121
Runtime for Sampling and Grouping:0.027346372604370117
Runtime for shared MLP:0.29617881774902344
Runtime for Sampling and Grouping:0.004171848297119141
Runtime for shared MLP:0.2870466709136963
SA End:0.45592212677001953
Voting and Proposal time:1.006481647491455
Total inference time: 5.084014 
Start: 1639121231.4532795
Votenet data preprocessing time:0.03170299530029297
Start:0.011658430099487305
Runtime for Sampling and Grouping:0.3965427875518799
Runtime for shared MLP:2.343416213989258
Runtime for Sampling and Grouping:0.05736660957336426
Runtime for shared MLP:0.3408546447753906
Runtime for Sampling and Grouping:0.02612471580505371
Runtime for shared MLP:0.2983739376068115
Runtime for Sampling and Grouping:0.003651857376098633
Runtime for shared MLP:0.29578423500061035
SA End:0.45690226554870605
Voting and Proposal time:0.983349084854126
Total inference time: 5.245728 
Start: 1639121255.586567
Votenet data preprocessing time:0.032488346099853516
Start:0.012941598892211914
Runtime for Sampling and Grouping:0.37673282623291016
Runtime for shared MLP:2.2569077014923096
Runtime for Sampling and Grouping:0.0588681697845459
Runtime for shared MLP:0.34435367584228516
Runtime for Sampling and Grouping:0.026447534561157227
Runtime for shared MLP:0.30936670303344727
Runtime for Sampling and Grouping:0.003619670867919922
Runtime for shared MLP:0.2940528392791748
SA End:0.4531731605529785
Voting and Proposal time:1.0040738582611084
Total inference time: 5.173026 
Start: 1639121279.6642916
Votenet data preprocessing time:0.03182864189147949
Start:0.012331008911132812
Runtime for Sampling and Grouping:0.31769776344299316
Runtime for shared MLP:2.2653462886810303
Runtime for Sampling and Grouping:0.05712699890136719
Runtime for shared MLP:0.3540349006652832
Runtime for Sampling and Grouping:0.02642226219177246
Runtime for shared MLP:0.3075575828552246
Runtime for Sampling and Grouping:0.003721952438354492
Runtime for shared MLP:0.29540014266967773
SA End:0.4480319023132324
Voting and Proposal time:0.9990091323852539
Total inference time: 5.118509 
Start: 1639121303.6065347
Votenet data preprocessing time:0.031374216079711914
Start:0.01186227798461914
Runtime for Sampling and Grouping:0.35114383697509766
Runtime for shared MLP:2.326026678085327
Runtime for Sampling and Grouping:0.05803942680358887
Runtime for shared MLP:0.3451662063598633
Runtime for Sampling and Grouping:0.026610612869262695
Runtime for shared MLP:0.31339001655578613
Runtime for Sampling and Grouping:0.0040051937103271484
Runtime for shared MLP:0.3002481460571289
SA End:0.46048450469970703
Voting and Proposal time:1.0181005001068115
Total inference time: 5.246452 
Start: 1639121327.618891
Votenet data preprocessing time:0.03238964080810547
Start:0.011538982391357422
Runtime for Sampling and Grouping:0.2953953742980957
Runtime for shared MLP:2.3050668239593506
Runtime for Sampling and Grouping:0.05741620063781738
Runtime for shared MLP:0.35049915313720703
Runtime for Sampling and Grouping:0.026465177536010742
Runtime for shared MLP:0.3191652297973633
Runtime for Sampling and Grouping:0.0035877227783203125
Runtime for shared MLP:0.3051013946533203
SA End:0.4487764835357666
Voting and Proposal time:0.994976282119751
Total inference time: 5.150378 
Start: 1639121351.5617325
Votenet data preprocessing time:0.03187870979309082
Start:0.013949394226074219
Runtime for Sampling and Grouping:0.29775094985961914
Runtime for shared MLP:2.335663318634033
Runtime for Sampling and Grouping:0.056824445724487305
Runtime for shared MLP:0.33325719833374023
Runtime for Sampling and Grouping:0.026589632034301758
Runtime for shared MLP:0.30288267135620117
Runtime for Sampling and Grouping:0.0037109851837158203
Runtime for shared MLP:0.3025054931640625
SA End:0.4642813205718994
Voting and Proposal time:1.0297763347625732
Total inference time: 5.199070 
Start: 1639121375.7140725
Votenet data preprocessing time:0.03180503845214844
Start:0.013065814971923828
Runtime for Sampling and Grouping:0.43824195861816406
Runtime for shared MLP:2.35658597946167
Runtime for Sampling and Grouping:0.058152198791503906
Runtime for shared MLP:0.3354830741882324
Runtime for Sampling and Grouping:0.027884244918823242
Runtime for shared MLP:0.2911796569824219
Runtime for Sampling and Grouping:0.003662586212158203
Runtime for shared MLP:0.2795896530151367
SA End:0.43872618675231934
Voting and Proposal time:0.9966351985931396
Total inference time: 5.271012 
Start: 1639121399.8417177
Votenet data preprocessing time:0.03172183036804199
Start:0.013041257858276367
Runtime for Sampling and Grouping:0.314849853515625
Runtime for shared MLP:2.357203245162964
Runtime for Sampling and Grouping:0.05843925476074219
Runtime for shared MLP:0.34519314765930176
Runtime for Sampling and Grouping:0.027086496353149414
Runtime for shared MLP:0.3156106472015381
Runtime for Sampling and Grouping:0.0037374496459960938
Runtime for shared MLP:0.29056239128112793
SA End:0.451779842376709
Voting and Proposal time:0.9871935844421387
Total inference time: 5.196419 
Start: 1639121423.8002348
Votenet data preprocessing time:0.03192949295043945
Start:0.01653456687927246
Runtime for Sampling and Grouping:0.46841907501220703
Runtime for shared MLP:2.3345789909362793
Runtime for Sampling and Grouping:0.059270620346069336
Runtime for shared MLP:0.33591794967651367
Runtime for Sampling and Grouping:0.02777719497680664
Runtime for shared MLP:0.29747748374938965
Runtime for Sampling and Grouping:0.003584623336791992
Runtime for shared MLP:0.2888672351837158
SA End:0.44324445724487305
Voting and Proposal time:0.9850425720214844
Total inference time: 5.292644 
Start: 1639121447.816131
Votenet data preprocessing time:0.0321345329284668
Start:0.012980222702026367
Runtime for Sampling and Grouping:0.31452465057373047
Runtime for shared MLP:2.2315831184387207
Runtime for Sampling and Grouping:0.056967973709106445
Runtime for shared MLP:0.34139561653137207
Runtime for Sampling and Grouping:0.026361703872680664
Runtime for shared MLP:0.30338478088378906
Runtime for Sampling and Grouping:0.0037305355072021484
Runtime for shared MLP:0.29665374755859375
SA End:0.4518594741821289
Voting and Proposal time:0.9846458435058594
Total inference time: 5.056222 
Start: 1639121471.7317796
Votenet data preprocessing time:0.031896352767944336
Start:0.01219487190246582
Runtime for Sampling and Grouping:0.28020429611206055
Runtime for shared MLP:2.2375166416168213
Runtime for Sampling and Grouping:0.057784318923950195
Runtime for shared MLP:0.3568267822265625
Runtime for Sampling and Grouping:0.02871990203857422
Runtime for shared MLP:0.3272249698638916
Runtime for Sampling and Grouping:0.004170417785644531
Runtime for shared MLP:0.30365586280822754
SA End:0.46747899055480957
Voting and Proposal time:1.0140411853790283
Total inference time: 5.121715 
Start: 1639121495.750745
Votenet data preprocessing time:0.031781911849975586
Start:0.01148366928100586
Runtime for Sampling and Grouping:0.25348854064941406
Runtime for shared MLP:2.2724568843841553
Runtime for Sampling and Grouping:0.05755901336669922
Runtime for shared MLP:0.34816813468933105
Runtime for Sampling and Grouping:0.0264742374420166
Runtime for shared MLP:0.32338404655456543
Runtime for Sampling and Grouping:0.003939628601074219
Runtime for shared MLP:0.29108500480651855
SA End:0.4486825466156006
Voting and Proposal time:0.9960525035858154
Total inference time: 5.064556 
Start: 1639121519.7176747
Votenet data preprocessing time:0.03233623504638672
Start:0.012105941772460938
Runtime for Sampling and Grouping:0.292435884475708
Runtime for shared MLP:2.2244250774383545
Runtime for Sampling and Grouping:0.058924198150634766
Runtime for shared MLP:0.35558605194091797
Runtime for Sampling and Grouping:0.026557207107543945
Runtime for shared MLP:0.3242671489715576
Runtime for Sampling and Grouping:0.003606557846069336
Runtime for shared MLP:0.3102226257324219
SA End:0.4636509418487549
Voting and Proposal time:1.0094373226165771
Total inference time: 5.113555 
Start: 1639121543.614371
Votenet data preprocessing time:0.03284120559692383
Start:0.013895750045776367
Runtime for Sampling and Grouping:0.30695509910583496
Runtime for shared MLP:2.2399752140045166
Runtime for Sampling and Grouping:0.05783963203430176
Runtime for shared MLP:0.3611116409301758
Runtime for Sampling and Grouping:0.02643442153930664
Runtime for shared MLP:0.31787729263305664
Runtime for Sampling and Grouping:0.0039119720458984375
Runtime for shared MLP:0.2957487106323242
SA End:0.4646444320678711
Voting and Proposal time:0.9949193000793457
Total inference time: 5.116155 
Start: 1639121567.633733
Votenet data preprocessing time:0.03235673904418945
Start:0.014749288558959961
Runtime for Sampling and Grouping:0.33206796646118164
Runtime for shared MLP:2.327850818634033
Runtime for Sampling and Grouping:0.056848764419555664
Runtime for shared MLP:0.35202956199645996
Runtime for Sampling and Grouping:0.026036977767944336
Runtime for shared MLP:0.31163883209228516
Runtime for Sampling and Grouping:0.003793954849243164
Runtime for shared MLP:0.29679083824157715
SA End:0.45265674591064453
Voting and Proposal time:1.0053093433380127
Total inference time: 5.212130 
Start: 1639121591.8213396
Votenet data preprocessing time:0.03197336196899414
Start:0.011614322662353516
Runtime for Sampling and Grouping:0.31912994384765625
Runtime for shared MLP:2.229681968688965
Runtime for Sampling and Grouping:0.056833744049072266
Runtime for shared MLP:0.3558957576751709
Runtime for Sampling and Grouping:0.026262760162353516
Runtime for shared MLP:0.3225576877593994
Runtime for Sampling and Grouping:0.0036649703979492188
Runtime for shared MLP:0.3099362850189209
SA End:0.47029566764831543
Voting and Proposal time:1.032773733139038
Total inference time: 5.170620 
Start: 1639121615.8874466
Votenet data preprocessing time:0.03193855285644531
Start:0.011575937271118164
Runtime for Sampling and Grouping:0.3199911117553711
Runtime for shared MLP:2.2377774715423584
Runtime for Sampling and Grouping:0.05884051322937012
Runtime for shared MLP:0.35808873176574707
Runtime for Sampling and Grouping:0.026784896850585938
Runtime for shared MLP:0.3123493194580078
Runtime for Sampling and Grouping:0.003830432891845703
Runtime for shared MLP:0.292142391204834
SA End:0.4552733898162842
Voting and Proposal time:0.9838244915008545
Total inference time: 5.092417 
