Start: 1639122419.5173233
Votenet data preprocessing time:0.031815290451049805
Start:0.01981949806213379
Runtime for Sampling and Grouping:0.2963275909423828
Runtime for shared MLP:0.04399561882019043
Runtime for Sampling and Grouping:0.011996030807495117
Runtime for shared MLP:0.12135696411132812
Runtime for Sampling and Grouping:0.00701141357421875
Runtime for shared MLP:0.11805367469787598
Runtime for Sampling and Grouping:0.004515409469604492
Runtime for shared MLP:0.038591623306274414
SA End:0.10883951187133789
Voting and Proposal time:0.09519648551940918
Total inference time: 0.897519 
Start: 1639122438.4618487
Votenet data preprocessing time:0.031528472900390625
Start:0.018167734146118164
Runtime for Sampling and Grouping:0.33202195167541504
Runtime for shared MLP:0.03528571128845215
Runtime for Sampling and Grouping:0.014095067977905273
Runtime for shared MLP:0.11255955696105957
Runtime for Sampling and Grouping:0.005783796310424805
Runtime for shared MLP:0.11234235763549805
Runtime for Sampling and Grouping:0.004174470901489258
Runtime for shared MLP:0.03592061996459961
SA End:0.1086418628692627
Voting and Proposal time:0.09059786796569824
Total inference time: 0.901119 
Start: 1639122457.346323
Votenet data preprocessing time:0.03135871887207031
Start:0.020879268646240234
Runtime for Sampling and Grouping:0.3716139793395996
Runtime for shared MLP:0.03629755973815918
Runtime for Sampling and Grouping:0.014328718185424805
Runtime for shared MLP:0.11467719078063965
Runtime for Sampling and Grouping:0.006051778793334961
Runtime for shared MLP:0.1108553409576416
Runtime for Sampling and Grouping:0.00397181510925293
Runtime for shared MLP:0.03320717811584473
SA End:0.11328125
Voting and Proposal time:0.09068703651428223
Total inference time: 0.947210 
Start: 1639122476.3739607
Votenet data preprocessing time:0.03175640106201172
Start:0.019568204879760742
Runtime for Sampling and Grouping:0.33322739601135254
Runtime for shared MLP:0.03669571876525879
Runtime for Sampling and Grouping:0.011970043182373047
Runtime for shared MLP:0.1167290210723877
Runtime for Sampling and Grouping:0.005645275115966797
Runtime for shared MLP:0.10913944244384766
Runtime for Sampling and Grouping:0.004725217819213867
Runtime for shared MLP:0.033699989318847656
SA End:0.11175417900085449
Voting and Proposal time:0.08955526351928711
Total inference time: 0.904466 
Start: 1639122495.361286
Votenet data preprocessing time:0.03142666816711426
Start:0.021340131759643555
Runtime for Sampling and Grouping:0.28844761848449707
Runtime for shared MLP:0.051245689392089844
Runtime for Sampling and Grouping:0.012255668640136719
Runtime for shared MLP:0.11920499801635742
Runtime for Sampling and Grouping:0.0053212642669677734
Runtime for shared MLP:0.11697220802307129
Runtime for Sampling and Grouping:0.004800081253051758
Runtime for shared MLP:0.03448176383972168
SA End:0.11604809761047363
Voting and Proposal time:0.09792923927307129
Total inference time: 0.899473 
Start: 1639122514.3707938
Votenet data preprocessing time:0.03190279006958008
Start:0.018949508666992188
Runtime for Sampling and Grouping:0.3265960216522217
Runtime for shared MLP:0.037249088287353516
Runtime for Sampling and Grouping:0.01190328598022461
Runtime for shared MLP:0.1106717586517334
Runtime for Sampling and Grouping:0.0064051151275634766
Runtime for shared MLP:0.11022281646728516
Runtime for Sampling and Grouping:0.0052928924560546875
Runtime for shared MLP:0.0352938175201416
SA End:0.11307501792907715
Voting and Proposal time:0.09189391136169434
Total inference time: 0.899456 
Start: 1639122533.166381
Votenet data preprocessing time:0.03180813789367676
Start:0.018851757049560547
Runtime for Sampling and Grouping:0.31537556648254395
Runtime for shared MLP:0.04209017753601074
Runtime for Sampling and Grouping:0.012847423553466797
Runtime for shared MLP:0.11550331115722656
Runtime for Sampling and Grouping:0.005742073059082031
Runtime for shared MLP:0.11049509048461914
Runtime for Sampling and Grouping:0.0044574737548828125
Runtime for shared MLP:0.03642773628234863
SA End:0.10836338996887207
Voting and Proposal time:0.08992600440979004
Total inference time: 0.891888 
Start: 1639122552.0980723
Votenet data preprocessing time:0.032158851623535156
Start:0.018485069274902344
Runtime for Sampling and Grouping:0.26223063468933105
Runtime for shared MLP:0.04220128059387207
Runtime for Sampling and Grouping:0.012041807174682617
Runtime for shared MLP:0.10534238815307617
Runtime for Sampling and Grouping:0.005375862121582031
Runtime for shared MLP:0.11181306838989258
Runtime for Sampling and Grouping:0.0042552947998046875
Runtime for shared MLP:0.03830289840698242
SA End:0.11581993103027344
Voting and Proposal time:0.09692955017089844
Total inference time: 0.844957 
Start: 1639122570.9142675
Votenet data preprocessing time:0.0316007137298584
Start:0.018665075302124023
Runtime for Sampling and Grouping:0.30144786834716797
Runtime for shared MLP:0.03698277473449707
Runtime for Sampling and Grouping:0.011977672576904297
Runtime for shared MLP:0.10705089569091797
Runtime for Sampling and Grouping:0.0058650970458984375
Runtime for shared MLP:0.11077499389648438
Runtime for Sampling and Grouping:0.004258394241333008
Runtime for shared MLP:0.03287339210510254
SA End:0.10692906379699707
Voting and Proposal time:0.09465479850769043
Total inference time: 0.863081 
Start: 1639122589.8158073
Votenet data preprocessing time:0.03148055076599121
Start:0.018724918365478516
Runtime for Sampling and Grouping:0.3298928737640381
Runtime for shared MLP:0.03769636154174805
Runtime for Sampling and Grouping:0.012379646301269531
Runtime for shared MLP:0.11929488182067871
Runtime for Sampling and Grouping:0.005606889724731445
Runtime for shared MLP:0.11637592315673828
Runtime for Sampling and Grouping:0.00435185432434082
Runtime for shared MLP:0.031931400299072266
SA End:0.11070084571838379
Voting and Proposal time:0.09324455261230469
Total inference time: 0.911681 
Start: 1639122608.789294
Votenet data preprocessing time:0.03176450729370117
Start:0.021045446395874023
Runtime for Sampling and Grouping:0.33057737350463867
Runtime for shared MLP:0.038426876068115234
Runtime for Sampling and Grouping:0.011863231658935547
Runtime for shared MLP:0.1182258129119873
Runtime for Sampling and Grouping:0.005287885665893555
Runtime for shared MLP:0.11148500442504883
Runtime for Sampling and Grouping:0.0049474239349365234
Runtime for shared MLP:0.03501129150390625
SA End:0.12370896339416504
Voting and Proposal time:0.09324955940246582
Total inference time: 0.925593 
Start: 1639122627.7769074
Votenet data preprocessing time:0.03159952163696289
Start:0.018543720245361328
Runtime for Sampling and Grouping:0.25562572479248047
Runtime for shared MLP:0.055440664291381836
Runtime for Sampling and Grouping:0.01476287841796875
Runtime for shared MLP:0.11252641677856445
Runtime for Sampling and Grouping:0.0051784515380859375
Runtime for shared MLP:0.11700129508972168
Runtime for Sampling and Grouping:0.004683971405029297
Runtime for shared MLP:0.03334188461303711
SA End:0.10747885704040527
Voting and Proposal time:0.09511756896972656
Total inference time: 0.851301 
Start: 1639122646.6304832
Votenet data preprocessing time:0.03153848648071289
Start:0.018813610076904297
Runtime for Sampling and Grouping:0.4485507011413574
Runtime for shared MLP:0.06051015853881836
Runtime for Sampling and Grouping:0.013903617858886719
Runtime for shared MLP:0.11377835273742676
Runtime for Sampling and Grouping:0.006579160690307617
Runtime for shared MLP:0.11248612403869629
Runtime for Sampling and Grouping:0.006233930587768555
Runtime for shared MLP:0.032555341720581055
SA End:0.10860848426818848
Voting and Proposal time:0.09289693832397461
Total inference time: 1.046455 
Start: 1639122665.7202995
Votenet data preprocessing time:0.0316922664642334
Start:0.018563270568847656
Runtime for Sampling and Grouping:0.4109330177307129
Runtime for shared MLP:0.03656888008117676
Runtime for Sampling and Grouping:0.017110824584960938
Runtime for shared MLP:0.11801695823669434
Runtime for Sampling and Grouping:0.006762504577636719
Runtime for shared MLP:0.11519145965576172
Runtime for Sampling and Grouping:0.0046672821044921875
Runtime for shared MLP:0.04002857208251953
SA End:0.1164093017578125
Voting and Proposal time:0.10088038444519043
Total inference time: 1.016825 
Start: 1639122684.7704968
Votenet data preprocessing time:0.03161358833312988
Start:0.018849849700927734
Runtime for Sampling and Grouping:0.6161646842956543
Runtime for shared MLP:0.04666709899902344
Runtime for Sampling and Grouping:0.013613224029541016
Runtime for shared MLP:0.11832857131958008
Runtime for Sampling and Grouping:0.006131649017333984
Runtime for shared MLP:0.11413097381591797
Runtime for Sampling and Grouping:0.004151344299316406
Runtime for shared MLP:0.03311753273010254
SA End:0.10796809196472168
Voting and Proposal time:0.09432554244995117
Total inference time: 1.205062 
Start: 1639122703.9999256
Votenet data preprocessing time:0.03221893310546875
Start:0.019388198852539062
Runtime for Sampling and Grouping:0.3392527103424072
Runtime for shared MLP:0.047425270080566406
Runtime for Sampling and Grouping:0.011812210083007812
Runtime for shared MLP:0.11510062217712402
Runtime for Sampling and Grouping:0.00563502311706543
Runtime for shared MLP:0.11051797866821289
Runtime for Sampling and Grouping:0.004444122314453125
Runtime for shared MLP:0.0367121696472168
SA End:0.11074161529541016
Voting and Proposal time:0.09348893165588379
Total inference time: 0.926738 
Start: 1639122722.9952567
Votenet data preprocessing time:0.03225851058959961
Start:0.018816232681274414
Runtime for Sampling and Grouping:0.295623779296875
Runtime for shared MLP:0.057154178619384766
Runtime for Sampling and Grouping:0.014165878295898438
Runtime for shared MLP:0.11324119567871094
Runtime for Sampling and Grouping:0.005719900131225586
Runtime for shared MLP:0.11218643188476562
Runtime for Sampling and Grouping:0.004605293273925781
Runtime for shared MLP:0.03414559364318848
SA End:0.10988450050354004
Voting and Proposal time:0.0922544002532959
Total inference time: 0.890056 
Start: 1639122741.9343586
Votenet data preprocessing time:0.031708717346191406
Start:0.018616676330566406
Runtime for Sampling and Grouping:0.3693559169769287
Runtime for shared MLP:0.03708243370056152
Runtime for Sampling and Grouping:0.01530909538269043
Runtime for shared MLP:0.12141990661621094
Runtime for Sampling and Grouping:0.00644230842590332
Runtime for shared MLP:0.11081695556640625
Runtime for Sampling and Grouping:0.004302501678466797
Runtime for shared MLP:0.03751492500305176
SA End:0.10864520072937012
Voting and Proposal time:0.09849429130554199
Total inference time: 0.959709 
Start: 1639122760.9541082
Votenet data preprocessing time:0.03157782554626465
Start:0.019797563552856445
Runtime for Sampling and Grouping:0.26133227348327637
Runtime for shared MLP:0.04178357124328613
Runtime for Sampling and Grouping:0.014434337615966797
Runtime for shared MLP:0.11641907691955566
Runtime for Sampling and Grouping:0.005892753601074219
Runtime for shared MLP:0.11581277847290039
Runtime for Sampling and Grouping:0.005097150802612305
Runtime for shared MLP:0.03346681594848633
SA End:0.10554623603820801
Voting and Proposal time:0.09181761741638184
Total inference time: 0.842978 
Start: 1639122779.7749846
Votenet data preprocessing time:0.03155064582824707
Start:0.018548250198364258
Runtime for Sampling and Grouping:0.3876333236694336
Runtime for shared MLP:0.041809797286987305
Runtime for Sampling and Grouping:0.01653456687927246
Runtime for shared MLP:0.12029695510864258
Runtime for Sampling and Grouping:0.005395174026489258
Runtime for shared MLP:0.11821317672729492
Runtime for Sampling and Grouping:0.007229804992675781
Runtime for shared MLP:0.03979992866516113
SA End:0.11575651168823242
Voting and Proposal time:0.09528136253356934
Total inference time: 0.998049 
