Start: 1638276889.3182397
Votenet data preprocessing time:0.03336453437805176
Deeplab inference time:0.245283842086792
Pointpainting time:0.017130136489868164
SA Start:3.0994415283203125e-06
SA1 sampling and grouping1:0.018787145614624023
SA1 MLP1:0.0007638931274414062
SA1 sampling and grouping2:0.12329363822937012
SA1 MLP2:0.00037932395935058594
SA2 sampling and grouping1:0.02003169059753418
SA2 MLP1:0.020958900451660156
SA2 sampling and grouping2:0.032209157943725586
SA2 MLP2:0.02380514144897461
SA3 sampling and grouping1:0.014473438262939453
SA3 MLP1:0.02870917320251465
SA3 sampling and grouping2:0.017786502838134766
SA3 MLP2:0.0036292076110839844
SA4 sampling and grouping1:0.008296966552734375
SA4 MLP1:0.004611015319824219
SA4 sampling and grouping2:0.016972064971923828
SA4 MLP2:0.006139039993286133
SA End:0.07646870613098145
Voting and Proposal time:0.07141542434692383
Total inference time: 0.784512 
Start: 1638276908.5872347
Votenet data preprocessing time:0.03286886215209961
Deeplab inference time:0.24840378761291504
Pointpainting time:0.017122983932495117
SA Start:2.6226043701171875e-06
SA1 sampling and grouping1:0.019272565841674805
SA1 MLP1:0.0007023811340332031
SA1 sampling and grouping2:0.10835909843444824
SA1 MLP2:0.0003044605255126953
SA2 sampling and grouping1:0.019429445266723633
SA2 MLP1:0.01686263084411621
SA2 sampling and grouping2:0.025980234146118164
SA2 MLP2:0.031620025634765625
SA3 sampling and grouping1:0.013836145401000977
SA3 MLP1:0.028794288635253906
SA3 sampling and grouping2:0.017742633819580078
SA3 MLP2:0.0031919479370117188
SA4 sampling and grouping1:0.008370637893676758
SA4 MLP1:0.0044708251953125
SA4 sampling and grouping2:0.01589059829711914
SA4 MLP2:0.005983829498291016
SA End:0.07185649871826172
Voting and Proposal time:0.07072257995605469
Total inference time: 0.761789 
Start: 1638276927.7655342
Votenet data preprocessing time:0.033907175064086914
Deeplab inference time:0.24140357971191406
Pointpainting time:0.01759815216064453
SA Start:1.9073486328125e-06
SA1 sampling and grouping1:0.02098226547241211
SA1 MLP1:0.0008170604705810547
SA1 sampling and grouping2:0.12144947052001953
SA1 MLP2:0.0002961158752441406
SA2 sampling and grouping1:0.021160125732421875
SA2 MLP1:0.01415395736694336
SA2 sampling and grouping2:0.03133702278137207
SA2 MLP2:0.02140498161315918
SA3 sampling and grouping1:0.01409912109375
SA3 MLP1:0.02877640724182129
SA3 sampling and grouping2:0.017190933227539062
SA3 MLP2:0.0037348270416259766
SA4 sampling and grouping1:0.008305072784423828
SA4 MLP1:0.0046613216400146484
SA4 sampling and grouping2:0.015806198120117188
SA4 MLP2:0.006425619125366211
SA End:0.07007241249084473
Voting and Proposal time:0.07294011116027832
Total inference time: 0.766524 
Start: 1638276947.021211
Votenet data preprocessing time:0.0397489070892334
Deeplab inference time:0.25130128860473633
Pointpainting time:0.01705026626586914
SA Start:2.6226043701171875e-06
SA1 sampling and grouping1:0.018909215927124023
SA1 MLP1:0.0007352828979492188
SA1 sampling and grouping2:0.0989224910736084
SA1 MLP2:0.00017642974853515625
SA2 sampling and grouping1:0.019092082977294922
SA2 MLP1:0.014227628707885742
SA2 sampling and grouping2:0.03150510787963867
SA2 MLP2:0.02252340316772461
SA3 sampling and grouping1:0.014115333557128906
SA3 MLP1:0.029215574264526367
SA3 sampling and grouping2:0.021085262298583984
SA3 MLP2:0.002372264862060547
SA4 sampling and grouping1:0.00947880744934082
SA4 MLP1:0.004830598831176758
SA4 sampling and grouping2:0.015982627868652344
SA4 MLP2:0.0058252811431884766
SA End:0.06995201110839844
Voting and Proposal time:0.07232165336608887
Total inference time: 0.759374 
Start: 1638276966.284105
Votenet data preprocessing time:0.0332334041595459
Deeplab inference time:0.24222970008850098
Pointpainting time:0.01718926429748535
SA Start:2.384185791015625e-06
SA1 sampling and grouping1:0.02027440071105957
SA1 MLP1:0.0010113716125488281
SA1 sampling and grouping2:0.14647412300109863
SA1 MLP2:0.0006659030914306641
SA2 sampling and grouping1:0.02257990837097168
SA2 MLP1:0.01705312728881836
SA2 sampling and grouping2:0.03119516372680664
SA2 MLP2:0.024065494537353516
SA3 sampling and grouping1:0.01531362533569336
SA3 MLP1:0.02922511100769043
SA3 sampling and grouping2:0.0167539119720459
SA3 MLP2:0.0037949085235595703
SA4 sampling and grouping1:0.009351491928100586
SA4 MLP1:0.0041043758392333984
SA4 sampling and grouping2:0.0171051025390625
SA4 MLP2:0.006983041763305664
SA End:0.07121109962463379
Voting and Proposal time:0.07518529891967773
Total inference time: 0.805002 
Start: 1638276985.7221136
Votenet data preprocessing time:0.032418251037597656
Deeplab inference time:0.24803686141967773
Pointpainting time:0.017386674880981445
SA Start:2.384185791015625e-06
SA1 sampling and grouping1:0.019314050674438477
SA1 MLP1:0.0007410049438476562
SA1 sampling and grouping2:0.11551499366760254
SA1 MLP2:0.0004787445068359375
SA2 sampling and grouping1:0.02175426483154297
SA2 MLP1:0.014866113662719727
SA2 sampling and grouping2:0.03091716766357422
SA2 MLP2:0.024459123611450195
SA3 sampling and grouping1:0.013962030410766602
SA3 MLP1:0.029265165328979492
SA3 sampling and grouping2:0.01701045036315918
SA3 MLP2:0.0035696029663085938
SA4 sampling and grouping1:0.008717775344848633
SA4 MLP1:0.0042340755462646484
SA4 sampling and grouping2:0.015497922897338867
SA4 MLP2:0.006098031997680664
SA End:0.07158923149108887
Voting and Proposal time:0.07237505912780762
Total inference time: 0.768209 
Start: 1638277004.976814
Votenet data preprocessing time:0.03256416320800781
Deeplab inference time:0.2582216262817383
Pointpainting time:0.0177154541015625
SA Start:2.384185791015625e-06
SA1 sampling and grouping1:0.01956009864807129
SA1 MLP1:0.0007441043853759766
SA1 sampling and grouping2:0.0968008041381836
SA1 MLP2:0.0003666877746582031
SA2 sampling and grouping1:0.01784348487854004
SA2 MLP1:0.01440572738647461
SA2 sampling and grouping2:0.030843734741210938
SA2 MLP2:0.024714231491088867
SA3 sampling and grouping1:0.013722658157348633
SA3 MLP1:0.029624223709106445
SA3 sampling and grouping2:0.020650386810302734
SA3 MLP2:0.003831148147583008
SA4 sampling and grouping1:0.00892329216003418
SA4 MLP1:0.0035321712493896484
SA4 sampling and grouping2:0.015548229217529297
SA4 MLP2:0.005992412567138672
SA End:0.07050681114196777
Voting and Proposal time:0.0741736888885498
Total inference time: 0.760288 
Start: 1638277024.2859848
Votenet data preprocessing time:0.03205704689025879
Deeplab inference time:0.24706792831420898
Pointpainting time:0.02411055564880371
SA Start:2.6226043701171875e-06
SA1 sampling and grouping1:0.01922011375427246
SA1 MLP1:0.0007531642913818359
SA1 sampling and grouping2:0.14564180374145508
SA1 MLP2:0.0017595291137695312
SA2 sampling and grouping1:0.02012014389038086
SA2 MLP1:0.016535282135009766
SA2 sampling and grouping2:0.03189373016357422
SA2 MLP2:0.023074626922607422
SA3 sampling and grouping1:0.01845073699951172
SA3 MLP1:0.028189420700073242
SA3 sampling and grouping2:0.01829695701599121
SA3 MLP2:0.004842519760131836
SA4 sampling and grouping1:0.009187936782836914
SA4 MLP1:0.004487037658691406
SA4 sampling and grouping2:0.016442298889160156
SA4 MLP2:0.006979465484619141
SA End:0.07169580459594727
Voting and Proposal time:0.07422566413879395
Total inference time: 0.815034 
Start: 1638277043.709623
Votenet data preprocessing time:0.03279614448547363
Deeplab inference time:0.24298930168151855
Pointpainting time:0.01826930046081543
SA Start:2.6226043701171875e-06
SA1 sampling and grouping1:0.020177364349365234
SA1 MLP1:0.0007078647613525391
SA1 sampling and grouping2:0.10806465148925781
SA1 MLP2:0.0003693103790283203
SA2 sampling and grouping1:0.018210411071777344
SA2 MLP1:0.012801170349121094
SA2 sampling and grouping2:0.03061842918395996
SA2 MLP2:0.0240478515625
SA3 sampling and grouping1:0.013818979263305664
SA3 MLP1:0.028952360153198242
SA3 sampling and grouping2:0.017138242721557617
SA3 MLP2:0.003693819046020508
SA4 sampling and grouping1:0.008343219757080078
SA4 MLP1:0.004578590393066406
SA4 sampling and grouping2:0.015389204025268555
SA4 MLP2:0.006681680679321289
SA End:0.07418203353881836
Voting and Proposal time:0.07122302055358887
Total inference time: 0.753056 
Start: 1638277062.9838827
Votenet data preprocessing time:0.03214430809020996
Deeplab inference time:0.24806952476501465
Pointpainting time:0.0459742546081543
SA Start:2.384185791015625e-06
SA1 sampling and grouping1:0.020240068435668945
SA1 MLP1:0.0012233257293701172
SA1 sampling and grouping2:0.14730429649353027
SA1 MLP2:0.0007660388946533203
SA2 sampling and grouping1:0.024073362350463867
SA2 MLP1:0.015885591506958008
SA2 sampling and grouping2:0.03372955322265625
SA2 MLP2:0.022922277450561523
SA3 sampling and grouping1:0.016356706619262695
SA3 MLP1:0.028430938720703125
SA3 sampling and grouping2:0.01698756217956543
SA3 MLP2:0.00484013557434082
SA4 sampling and grouping1:0.009474039077758789
SA4 MLP1:0.0038671493530273438
SA4 sampling and grouping2:0.015223503112792969
SA4 MLP2:0.00685572624206543
SA End:0.07241582870483398
Voting and Proposal time:0.07381248474121094
Total inference time: 0.840599 
Start: 1638277082.3788044
Votenet data preprocessing time:0.03210163116455078
Deeplab inference time:0.23890137672424316
Pointpainting time:0.01732468605041504
SA Start:2.384185791015625e-06
SA1 sampling and grouping1:0.01887202262878418
SA1 MLP1:0.001146554946899414
SA1 sampling and grouping2:0.13141679763793945
SA1 MLP2:0.0006306171417236328
SA2 sampling and grouping1:0.02004098892211914
SA2 MLP1:0.014832496643066406
SA2 sampling and grouping2:0.03174757957458496
SA2 MLP2:0.023469924926757812
SA3 sampling and grouping1:0.015148639678955078
SA3 MLP1:0.029714107513427734
SA3 sampling and grouping2:0.021531105041503906
SA3 MLP2:0.003452777862548828
SA4 sampling and grouping1:0.00874638557434082
SA4 MLP1:0.0048542022705078125
SA4 sampling and grouping2:0.01607227325439453
SA4 MLP2:0.006298542022705078
SA End:0.07101321220397949
Voting and Proposal time:0.07414770126342773
Total inference time: 0.781466 
Start: 1638277101.635308
Votenet data preprocessing time:0.032387733459472656
Deeplab inference time:0.2392280101776123
Pointpainting time:0.017518997192382812
SA Start:2.384185791015625e-06
SA1 sampling and grouping1:0.019974708557128906
SA1 MLP1:0.000751495361328125
SA1 sampling and grouping2:0.09904122352600098
SA1 MLP2:0.00031185150146484375
SA2 sampling and grouping1:0.018149375915527344
SA2 MLP1:0.01319122314453125
SA2 sampling and grouping2:0.030278444290161133
SA2 MLP2:0.0240936279296875
SA3 sampling and grouping1:0.013944149017333984
SA3 MLP1:0.02848196029663086
SA3 sampling and grouping2:0.016202211380004883
SA3 MLP2:0.0028181076049804688
SA4 sampling and grouping1:0.008455514907836914
SA4 MLP1:0.003790140151977539
SA4 sampling and grouping2:0.015742063522338867
SA4 MLP2:0.005712747573852539
SA End:0.06980347633361816
Voting and Proposal time:0.07094931602478027
Total inference time: 0.730829 
Start: 1638277120.923887
Votenet data preprocessing time:0.03336358070373535
Deeplab inference time:0.24439120292663574
Pointpainting time:0.017481088638305664
SA Start:2.6226043701171875e-06
SA1 sampling and grouping1:0.018983125686645508
SA1 MLP1:0.0011439323425292969
SA1 sampling and grouping2:0.12894082069396973
SA1 MLP2:0.0004019737243652344
SA2 sampling and grouping1:0.020771026611328125
SA2 MLP1:0.01510310173034668
SA2 sampling and grouping2:0.03203606605529785
SA2 MLP2:0.025047779083251953
SA3 sampling and grouping1:0.015871286392211914
SA3 MLP1:0.02998971939086914
SA3 sampling and grouping2:0.018851518630981445
SA3 MLP2:0.00370025634765625
SA4 sampling and grouping1:0.008309364318847656
SA4 MLP1:0.004526376724243164
SA4 sampling and grouping2:0.015549182891845703
SA4 MLP2:0.006020784378051758
SA End:0.07100582122802734
Voting and Proposal time:0.07260608673095703
Total inference time: 0.784097 
Start: 1638277140.2612371
Votenet data preprocessing time:0.03252100944519043
Deeplab inference time:0.24214458465576172
Pointpainting time:0.01740288734436035
SA Start:2.384185791015625e-06
SA1 sampling and grouping1:0.021266937255859375
SA1 MLP1:0.0008525848388671875
SA1 sampling and grouping2:0.11067438125610352
SA1 MLP2:0.000507354736328125
SA2 sampling and grouping1:0.019486665725708008
SA2 MLP1:0.013524055480957031
SA2 sampling and grouping2:0.030246734619140625
SA2 MLP2:0.02550792694091797
SA3 sampling and grouping1:0.01494598388671875
SA3 MLP1:0.029137372970581055
SA3 sampling and grouping2:0.015703678131103516
SA3 MLP2:0.003296375274658203
SA4 sampling and grouping1:0.008643388748168945
SA4 MLP1:0.004305124282836914
SA4 sampling and grouping2:0.01625967025756836
SA4 MLP2:0.005686521530151367
SA End:0.07284879684448242
Voting and Proposal time:0.07168197631835938
Total inference time: 0.756646 
Start: 1638277159.52336
Votenet data preprocessing time:0.03225588798522949
Deeplab inference time:0.24581289291381836
Pointpainting time:0.05506491661071777
SA Start:2.1457672119140625e-06
SA1 sampling and grouping1:0.020061016082763672
SA1 MLP1:0.0012011528015136719
SA1 sampling and grouping2:0.11040949821472168
SA1 MLP2:0.0004661083221435547
SA2 sampling and grouping1:0.020387649536132812
SA2 MLP1:0.015278100967407227
SA2 sampling and grouping2:0.031366825103759766
SA2 MLP2:0.026234865188598633
SA3 sampling and grouping1:0.01798224449157715
SA3 MLP1:0.029139995574951172
SA3 sampling and grouping2:0.017469406127929688
SA3 MLP2:0.0043718814849853516
SA4 sampling and grouping1:0.008809566497802734
SA4 MLP1:0.0040171146392822266
SA4 sampling and grouping2:0.018534421920776367
SA4 MLP2:0.0065233707427978516
SA End:0.06972312927246094
Voting and Proposal time:0.07080841064453125
Total inference time: 0.805921 
Start: 1638277178.853553
Votenet data preprocessing time:0.03294634819030762
Deeplab inference time:0.24277925491333008
Pointpainting time:0.017434358596801758
SA Start:2.1457672119140625e-06
SA1 sampling and grouping1:0.02036571502685547
SA1 MLP1:0.0008099079132080078
SA1 sampling and grouping2:0.1070401668548584
SA1 MLP2:0.0003948211669921875
SA2 sampling and grouping1:0.018480300903320312
SA2 MLP1:0.015239715576171875
SA2 sampling and grouping2:0.031475067138671875
SA2 MLP2:0.02423262596130371
SA3 sampling and grouping1:0.015021085739135742
SA3 MLP1:0.029224872589111328
SA3 sampling and grouping2:0.016864299774169922
SA3 MLP2:0.00293731689453125
SA4 sampling and grouping1:0.008276939392089844
SA4 MLP1:0.004227638244628906
SA4 sampling and grouping2:0.01541757583618164
SA4 MLP2:0.00597834587097168
SA End:0.07038140296936035
Voting and Proposal time:0.0750114917755127
Total inference time: 0.754541 
Start: 1638277198.1456833
Votenet data preprocessing time:0.032115936279296875
Deeplab inference time:0.2530081272125244
Pointpainting time:0.0171661376953125
SA Start:2.6226043701171875e-06
SA1 sampling and grouping1:0.02056431770324707
SA1 MLP1:0.0010123252868652344
SA1 sampling and grouping2:0.11329960823059082
SA1 MLP2:0.00040268898010253906
SA2 sampling and grouping1:0.016111373901367188
SA2 MLP1:0.01628422737121582
SA2 sampling and grouping2:0.030299663543701172
SA2 MLP2:0.024611234664916992
SA3 sampling and grouping1:0.014612436294555664
SA3 MLP1:0.02908778190612793
SA3 sampling and grouping2:0.0169370174407959
SA3 MLP2:0.004533529281616211
SA4 sampling and grouping1:0.008828163146972656
SA4 MLP1:0.004874706268310547
SA4 sampling and grouping2:0.015834808349609375
SA4 MLP2:0.0070230960845947266
SA End:0.0716395378112793
Voting and Proposal time:0.07299613952636719
Total inference time: 0.771245 
Start: 1638277217.3846347
Votenet data preprocessing time:0.034198760986328125
Deeplab inference time:0.24327492713928223
Pointpainting time:0.03426766395568848
SA Start:2.1457672119140625e-06
SA1 sampling and grouping1:0.019155025482177734
SA1 MLP1:0.0007567405700683594
SA1 sampling and grouping2:0.11494731903076172
SA1 MLP2:0.00036597251892089844
SA2 sampling and grouping1:0.01801776885986328
SA2 MLP1:0.015515327453613281
SA2 sampling and grouping2:0.03118300437927246
SA2 MLP2:0.024997711181640625
SA3 sampling and grouping1:0.013876914978027344
SA3 MLP1:0.029272079467773438
SA3 sampling and grouping2:0.01673150062561035
SA3 MLP2:0.003352642059326172
SA4 sampling and grouping1:0.008699893951416016
SA4 MLP1:0.0043468475341796875
SA4 sampling and grouping2:0.015246391296386719
SA4 MLP2:0.0061147212982177734
SA End:0.07384634017944336
Voting and Proposal time:0.07574129104614258
Total inference time: 0.783911 
Start: 1638277236.8279355
Votenet data preprocessing time:0.03270530700683594
Deeplab inference time:0.23924899101257324
Pointpainting time:0.018062829971313477
SA Start:2.1457672119140625e-06
SA1 sampling and grouping1:0.02117466926574707
SA1 MLP1:0.0009920597076416016
SA1 sampling and grouping2:0.12116503715515137
SA1 MLP2:0.0006654262542724609
SA2 sampling and grouping1:0.01948070526123047
SA2 MLP1:0.013020038604736328
SA2 sampling and grouping2:0.03149914741516113
SA2 MLP2:0.022951841354370117
SA3 sampling and grouping1:0.01674938201904297
SA3 MLP1:0.028542280197143555
SA3 sampling and grouping2:0.01753544807434082
SA3 MLP2:0.004746437072753906
SA4 sampling and grouping1:0.009101152420043945
SA4 MLP1:0.0043163299560546875
SA4 sampling and grouping2:0.01520991325378418
SA4 MLP2:0.006259918212890625
SA End:0.06958174705505371
Voting and Proposal time:0.07610511779785156
Total inference time: 0.769116 
Start: 1638277256.0301557
Votenet data preprocessing time:0.03272891044616699
Deeplab inference time:0.24232053756713867
Pointpainting time:0.017569780349731445
SA Start:2.1457672119140625e-06
SA1 sampling and grouping1:0.018972396850585938
SA1 MLP1:0.0010368824005126953
SA1 sampling and grouping2:0.1271803379058838
SA1 MLP2:0.0003654956817626953
SA2 sampling and grouping1:0.019463777542114258
SA2 MLP1:0.013821125030517578
SA2 sampling and grouping2:0.02983570098876953
SA2 MLP2:0.02377462387084961
SA3 sampling and grouping1:0.014251947402954102
SA3 MLP1:0.028564929962158203
SA3 sampling and grouping2:0.017394065856933594
SA3 MLP2:0.0037457942962646484
SA4 sampling and grouping1:0.008316993713378906
SA4 MLP1:0.00442051887512207
SA4 sampling and grouping2:0.01537322998046875
SA4 MLP2:0.006347179412841797
SA End:0.07212138175964355
Voting and Proposal time:0.07070541381835938
Total inference time: 0.768313 
