Start: 1638985443.995452
Votenet data preprocessing time:0.03289532661437988
Deeplab inference time:0.22132039070129395
Pointpainting time:0.013188362121582031
Pointpainted Votenet start:0.02322840690612793
SA1 sampling and grouping:0.28928184509277344
SA1 MLP:0.02505946159362793
SA1 sampling and grouping:0.004078388214111328
SA1 MLP:0.14838552474975586
SA2 sampling and grouping:0.0162503719329834
SA2 MLP:0.06551647186279297
SA2 sampling and grouping:0.019722700119018555
SA2 MLP:0.06781506538391113
SA3 sampling and grouping:0.0067675113677978516
SA3 MLP:0.03021407127380371
SA3 sampling and grouping:0.015501022338867188
SA3 MLP:0.030965328216552734
SA4 sampling and grouping:0.007256746292114258
SA4 MLP:0.013475656509399414
SA4 sampling and grouping:0.013939857482910156
SA4 MLP:0.014325380325317383
SA End:0.08335208892822266
Voting and Proposal time:0.10961055755615234
Total inference time: 1.252151 
Start: 1638985464.024895
Votenet data preprocessing time:0.03315877914428711
Deeplab inference time:0.2189500331878662
Pointpainting time:0.013407230377197266
Pointpainted Votenet start:0.02287006378173828
SA1 sampling and grouping:0.2480623722076416
SA1 MLP:0.022564172744750977
SA1 sampling and grouping:0.00510096549987793
SA1 MLP:0.1477518081665039
SA2 sampling and grouping:0.017154455184936523
SA2 MLP:0.06527400016784668
SA2 sampling and grouping:0.019620418548583984
SA2 MLP:0.05518984794616699
SA3 sampling and grouping:0.00580906867980957
SA3 MLP:0.02851724624633789
SA3 sampling and grouping:0.014431476593017578
SA3 MLP:0.0297849178314209
SA4 sampling and grouping:0.0065708160400390625
SA4 MLP:0.014533519744873047
SA4 sampling and grouping:0.014818668365478516
SA4 MLP:0.012882232666015625
SA End:0.08852601051330566
Voting and Proposal time:0.10517430305480957
Total inference time: 1.190152 
Start: 1638985483.9290316
Votenet data preprocessing time:0.03183412551879883
Deeplab inference time:0.22411632537841797
Pointpainting time:0.013371944427490234
Pointpainted Votenet start:0.022162199020385742
SA1 sampling and grouping:0.36060214042663574
SA1 MLP:0.026674985885620117
SA1 sampling and grouping:0.004578828811645508
SA1 MLP:0.12955021858215332
SA2 sampling and grouping:0.019896268844604492
SA2 MLP:0.06458187103271484
SA2 sampling and grouping:0.01898980140686035
SA2 MLP:0.054479360580444336
SA3 sampling and grouping:0.006159782409667969
SA3 MLP:0.0284271240234375
SA3 sampling and grouping:0.017597675323486328
SA3 MLP:0.0284116268157959
SA4 sampling and grouping:0.005571126937866211
SA4 MLP:0.011516332626342773
SA4 sampling and grouping:0.013541698455810547
SA4 MLP:0.010956525802612305
SA End:0.08038210868835449
Voting and Proposal time:0.10000872611999512
Total inference time: 1.273411 
Start: 1638985503.9077199
Votenet data preprocessing time:0.03161191940307617
Deeplab inference time:0.21293210983276367
Pointpainting time:0.013023853302001953
Pointpainted Votenet start:0.023455142974853516
SA1 sampling and grouping:0.2536489963531494
SA1 MLP:0.02209162712097168
SA1 sampling and grouping:0.0038683414459228516
SA1 MLP:0.13964056968688965
SA2 sampling and grouping:0.01446533203125
SA2 MLP:0.06093025207519531
SA2 sampling and grouping:0.019054651260375977
SA2 MLP:0.05811667442321777
SA3 sampling and grouping:0.0063631534576416016
SA3 MLP:0.027115345001220703
SA3 sampling and grouping:0.014814615249633789
SA3 MLP:0.02973794937133789
SA4 sampling and grouping:0.00632023811340332
SA4 MLP:0.016090869903564453
SA4 sampling and grouping:0.017088890075683594
SA4 MLP:0.013382673263549805
SA End:0.08115220069885254
Voting and Proposal time:0.10126495361328125
Total inference time: 1.166170 
Start: 1638985523.8227568
Votenet data preprocessing time:0.03215813636779785
Deeplab inference time:0.21344423294067383
Pointpainting time:0.013235092163085938
Pointpainted Votenet start:0.0248105525970459
SA1 sampling and grouping:0.26937317848205566
SA1 MLP:0.02509284019470215
SA1 sampling and grouping:0.004070758819580078
SA1 MLP:0.13751530647277832
SA2 sampling and grouping:0.01599407196044922
SA2 MLP:0.058888912200927734
SA2 sampling and grouping:0.02059650421142578
SA2 MLP:0.05509543418884277
SA3 sampling and grouping:0.006635189056396484
SA3 MLP:0.02700209617614746
SA3 sampling and grouping:0.01485300064086914
SA3 MLP:0.025910615921020508
SA4 sampling and grouping:0.005188941955566406
SA4 MLP:0.013646364212036133
SA4 sampling and grouping:0.013354778289794922
SA4 MLP:0.013161659240722656
SA End:0.07953429222106934
Voting and Proposal time:0.10213732719421387
Total inference time: 1.171699 
Start: 1638985543.7253582
Votenet data preprocessing time:0.033391475677490234
Deeplab inference time:0.21105194091796875
Pointpainting time:0.013118982315063477
Pointpainted Votenet start:0.022310972213745117
SA1 sampling and grouping:0.22847914695739746
SA1 MLP:0.03132319450378418
SA1 sampling and grouping:0.004664182662963867
SA1 MLP:0.12356972694396973
SA2 sampling and grouping:0.013103008270263672
SA2 MLP:0.0665736198425293
SA2 sampling and grouping:0.018458843231201172
SA2 MLP:0.06030845642089844
SA3 sampling and grouping:0.005652666091918945
SA3 MLP:0.02739691734313965
SA3 sampling and grouping:0.014531850814819336
SA3 MLP:0.025754690170288086
SA4 sampling and grouping:0.005490303039550781
SA4 MLP:0.01170659065246582
SA4 sampling and grouping:0.014689922332763672
SA4 MLP:0.011509418487548828
SA End:0.08219146728515625
Voting and Proposal time:0.09825015068054199
Total inference time: 1.123528 
Start: 1638985563.5648
Votenet data preprocessing time:0.031478166580200195
Deeplab inference time:0.21365046501159668
Pointpainting time:0.013206243515014648
Pointpainted Votenet start:0.024233579635620117
SA1 sampling and grouping:0.27226829528808594
SA1 MLP:0.030864953994750977
SA1 sampling and grouping:0.005970954895019531
SA1 MLP:0.16607880592346191
SA2 sampling and grouping:0.016114473342895508
SA2 MLP:0.06342601776123047
SA2 sampling and grouping:0.020776987075805664
SA2 MLP:0.06382107734680176
SA3 sampling and grouping:0.007102012634277344
SA3 MLP:0.030445337295532227
SA3 sampling and grouping:0.01582050323486328
SA3 MLP:0.03239727020263672
SA4 sampling and grouping:0.006121635437011719
SA4 MLP:0.014633655548095703
SA4 sampling and grouping:0.017190933227539062
SA4 MLP:0.014798641204833984
SA End:0.08584070205688477
Voting and Proposal time:0.10443258285522461
Total inference time: 1.250673 
Start: 1638985583.5408823
Votenet data preprocessing time:0.03197479248046875
Deeplab inference time:0.2081434726715088
Pointpainting time:0.013152599334716797
Pointpainted Votenet start:0.02209162712097168
SA1 sampling and grouping:0.33749938011169434
SA1 MLP:0.025434255599975586
SA1 sampling and grouping:0.00436711311340332
SA1 MLP:0.11675143241882324
SA2 sampling and grouping:0.01150965690612793
SA2 MLP:0.055789947509765625
SA2 sampling and grouping:0.0184173583984375
SA2 MLP:0.050307273864746094
SA3 sampling and grouping:0.006016731262207031
SA3 MLP:0.027654409408569336
SA3 sampling and grouping:0.014476299285888672
SA3 MLP:0.024968624114990234
SA4 sampling and grouping:0.0052869319915771484
SA4 MLP:0.012875080108642578
SA4 sampling and grouping:0.014892339706420898
SA4 MLP:0.012629985809326172
SA End:0.0875091552734375
Voting and Proposal time:0.09937524795532227
Total inference time: 1.201124 
Start: 1638985603.5709891
Votenet data preprocessing time:0.031566619873046875
Deeplab inference time:0.22054314613342285
Pointpainting time:0.01326751708984375
Pointpainted Votenet start:0.023108482360839844
SA1 sampling and grouping:0.24434375762939453
SA1 MLP:0.028102636337280273
SA1 sampling and grouping:0.005060434341430664
SA1 MLP:0.13977503776550293
SA2 sampling and grouping:0.013819694519042969
SA2 MLP:0.060041189193725586
SA2 sampling and grouping:0.019786357879638672
SA2 MLP:0.054932594299316406
SA3 sampling and grouping:0.0068361759185791016
SA3 MLP:0.02812504768371582
SA3 sampling and grouping:0.014763593673706055
SA3 MLP:0.027231693267822266
SA4 sampling and grouping:0.006021022796630859
SA4 MLP:0.012284040451049805
SA4 sampling and grouping:0.01406407356262207
SA4 MLP:0.01310276985168457
SA End:0.08020853996276855
Voting and Proposal time:0.09875273704528809
Total inference time: 1.155737 
Start: 1638985623.5031755
Votenet data preprocessing time:0.03182578086853027
Deeplab inference time:0.22524785995483398
Pointpainting time:0.013095617294311523
Pointpainted Votenet start:0.022729158401489258
SA1 sampling and grouping:0.2550933361053467
SA1 MLP:0.027024269104003906
SA1 sampling and grouping:0.0034117698669433594
SA1 MLP:0.13564682006835938
SA2 sampling and grouping:0.014544010162353516
SA2 MLP:0.060779571533203125
SA2 sampling and grouping:0.020556211471557617
SA2 MLP:0.0567629337310791
SA3 sampling and grouping:0.005803823471069336
SA3 MLP:0.02856588363647461
SA3 sampling and grouping:0.014316558837890625
SA3 MLP:0.02845287322998047
SA4 sampling and grouping:0.005591154098510742
SA4 MLP:0.014349222183227539
SA4 sampling and grouping:0.013466596603393555
SA4 MLP:0.014710187911987305
SA End:0.08181428909301758
Voting and Proposal time:0.10036039352416992
Total inference time: 1.174148 
Start: 1638985643.4429977
Votenet data preprocessing time:0.0316622257232666
Deeplab inference time:0.22071599960327148
Pointpainting time:0.013254404067993164
Pointpainted Votenet start:0.02219223976135254
SA1 sampling and grouping:0.4041407108306885
SA1 MLP:0.024529695510864258
SA1 sampling and grouping:0.0041773319244384766
SA1 MLP:0.14399266242980957
SA2 sampling and grouping:0.012291193008422852
SA2 MLP:0.059946298599243164
SA2 sampling and grouping:0.018243074417114258
SA2 MLP:0.05821824073791504
SA3 sampling and grouping:0.0058443546295166016
SA3 MLP:0.034566402435302734
SA3 sampling and grouping:0.01723456382751465
SA3 MLP:0.03126716613769531
SA4 sampling and grouping:0.007511138916015625
SA4 MLP:0.014302253723144531
SA4 sampling and grouping:0.013781547546386719
SA4 MLP:0.017740726470947266
SA End:0.07941102981567383
Voting and Proposal time:0.09712958335876465
Total inference time: 1.332153 
Start: 1638985663.5002513
Votenet data preprocessing time:0.03143739700317383
Deeplab inference time:0.2274627685546875
Pointpainting time:0.013200044631958008
Pointpainted Votenet start:0.022931337356567383
SA1 sampling and grouping:0.224745512008667
SA1 MLP:0.02552652359008789
SA1 sampling and grouping:0.004130363464355469
SA1 MLP:0.14911532402038574
SA2 sampling and grouping:0.012786626815795898
SA2 MLP:0.05864119529724121
SA2 sampling and grouping:0.020099163055419922
SA2 MLP:0.05887866020202637
SA3 sampling and grouping:0.00584101676940918
SA3 MLP:0.027171850204467773
SA3 sampling and grouping:0.014848709106445312
SA3 MLP:0.029217958450317383
SA4 sampling and grouping:0.005509138107299805
SA4 MLP:0.012688398361206055
SA4 sampling and grouping:0.014123916625976562
SA4 MLP:0.013393878936767578
SA End:0.08097052574157715
Voting and Proposal time:0.0963907241821289
Total inference time: 1.149111 
Start: 1638985683.3466115
Votenet data preprocessing time:0.03199458122253418
Deeplab inference time:0.21159601211547852
Pointpainting time:0.013128519058227539
Pointpainted Votenet start:0.023333072662353516
SA1 sampling and grouping:0.29686713218688965
SA1 MLP:0.0278470516204834
SA1 sampling and grouping:0.0053365230560302734
SA1 MLP:0.1401968002319336
SA2 sampling and grouping:0.016941547393798828
SA2 MLP:0.06135106086730957
SA2 sampling and grouping:0.02036595344543457
SA2 MLP:0.05770540237426758
SA3 sampling and grouping:0.006571531295776367
SA3 MLP:0.02686619758605957
SA3 sampling and grouping:0.014480829238891602
SA3 MLP:0.027423858642578125
SA4 sampling and grouping:0.0059545040130615234
SA4 MLP:0.013112068176269531
SA4 sampling and grouping:0.01338648796081543
SA4 MLP:0.012119770050048828
SA End:0.08033275604248047
Voting and Proposal time:0.09862828254699707
Total inference time: 1.205540 
Start: 1638985703.2130163
Votenet data preprocessing time:0.032271385192871094
Deeplab inference time:0.20511078834533691
Pointpainting time:0.013462543487548828
Pointpainted Votenet start:0.023138761520385742
SA1 sampling and grouping:0.2667064666748047
SA1 MLP:0.038538455963134766
SA1 sampling and grouping:0.005141258239746094
SA1 MLP:0.1488208770751953
SA2 sampling and grouping:0.013545036315917969
SA2 MLP:0.06634187698364258
SA2 sampling and grouping:0.01947808265686035
SA2 MLP:0.06065034866333008
SA3 sampling and grouping:0.007220745086669922
SA3 MLP:0.03195500373840332
SA3 sampling and grouping:0.017517566680908203
SA3 MLP:0.028185129165649414
SA4 sampling and grouping:0.005798816680908203
SA4 MLP:0.013814687728881836
SA4 sampling and grouping:0.014765024185180664
SA4 MLP:0.01544952392578125
SA End:0.07986831665039062
Voting and Proposal time:0.10249137878417969
Total inference time: 1.210272 
Start: 1638985723.1981297
Votenet data preprocessing time:0.0319821834564209
Deeplab inference time:0.2082982063293457
Pointpainting time:0.013407468795776367
Pointpainted Votenet start:0.02236652374267578
SA1 sampling and grouping:0.20050740242004395
SA1 MLP:0.027738094329833984
SA1 sampling and grouping:0.005602836608886719
SA1 MLP:0.15543746948242188
SA2 sampling and grouping:0.013725996017456055
SA2 MLP:0.0631859302520752
SA2 sampling and grouping:0.018396854400634766
SA2 MLP:0.06337976455688477
SA3 sampling and grouping:0.00756382942199707
SA3 MLP:0.03143668174743652
SA3 sampling and grouping:0.016164541244506836
SA3 MLP:0.029493331909179688
SA4 sampling and grouping:0.006919384002685547
SA4 MLP:0.014274358749389648
SA4 sampling and grouping:0.013960599899291992
SA4 MLP:0.017315387725830078
SA End:0.0871429443359375
Voting and Proposal time:0.09638261795043945
Total inference time: 1.144682 
Start: 1638985743.010986
Votenet data preprocessing time:0.03149247169494629
Deeplab inference time:0.22584891319274902
Pointpainting time:0.013264894485473633
Pointpainted Votenet start:0.02601933479309082
SA1 sampling and grouping:0.27352333068847656
SA1 MLP:0.030354022979736328
SA1 sampling and grouping:0.004990100860595703
SA1 MLP:0.20587730407714844
SA2 sampling and grouping:0.02039170265197754
SA2 MLP:0.06943964958190918
SA2 sampling and grouping:0.018732070922851562
SA2 MLP:0.07504701614379883
SA3 sampling and grouping:0.008265972137451172
SA3 MLP:0.03633904457092285
SA3 sampling and grouping:0.01986551284790039
SA3 MLP:0.04252028465270996
SA4 sampling and grouping:0.0068705081939697266
SA4 MLP:0.024704933166503906
SA4 sampling and grouping:0.01396799087524414
SA4 MLP:0.01629948616027832
SA End:0.0806419849395752
Voting and Proposal time:0.10287690162658691
Total inference time: 1.347333 
Start: 1638985763.147112
Votenet data preprocessing time:0.03159761428833008
Deeplab inference time:0.23404431343078613
Pointpainting time:0.01315450668334961
Pointpainted Votenet start:0.024153947830200195
SA1 sampling and grouping:0.23848342895507812
SA1 MLP:0.027389049530029297
SA1 sampling and grouping:0.003864288330078125
SA1 MLP:0.1259136199951172
SA2 sampling and grouping:0.012871980667114258
SA2 MLP:0.06380152702331543
SA2 sampling and grouping:0.019423723220825195
SA2 MLP:0.06014084815979004
SA3 sampling and grouping:0.008150339126586914
SA3 MLP:0.031897783279418945
SA3 sampling and grouping:0.017939329147338867
SA3 MLP:0.0295717716217041
SA4 sampling and grouping:0.005158901214599609
SA4 MLP:0.012995719909667969
SA4 sampling and grouping:0.013997316360473633
SA4 MLP:0.011300086975097656
SA End:0.08835482597351074
Voting and Proposal time:0.10521316528320312
Total inference time: 1.179418 
Start: 1638985782.907504
Votenet data preprocessing time:0.03211712837219238
Deeplab inference time:0.2258014678955078
Pointpainting time:0.013248682022094727
Pointpainted Votenet start:0.02220010757446289
SA1 sampling and grouping:0.20021843910217285
SA1 MLP:0.02417469024658203
SA1 sampling and grouping:0.00500941276550293
SA1 MLP:0.13853144645690918
SA2 sampling and grouping:0.014854907989501953
SA2 MLP:0.06402373313903809
SA2 sampling and grouping:0.018930912017822266
SA2 MLP:0.05684971809387207
SA3 sampling and grouping:0.0062181949615478516
SA3 MLP:0.02738046646118164
SA3 sampling and grouping:0.014373779296875
SA3 MLP:0.02833104133605957
SA4 sampling and grouping:0.0052335262298583984
SA4 MLP:0.012887954711914062
SA4 sampling and grouping:0.013582229614257812
SA4 MLP:0.013355731964111328
SA End:0.08028721809387207
Voting and Proposal time:0.09820723533630371
Total inference time: 1.115818 
Start: 1638985802.761027
Votenet data preprocessing time:0.03161811828613281
Deeplab inference time:0.23168277740478516
Pointpainting time:0.013031482696533203
Pointpainted Votenet start:0.02311539649963379
SA1 sampling and grouping:0.2367241382598877
SA1 MLP:0.025577306747436523
SA1 sampling and grouping:0.005656719207763672
SA1 MLP:0.20644426345825195
SA2 sampling and grouping:0.020696640014648438
SA2 MLP:0.0709385871887207
SA2 sampling and grouping:0.019625425338745117
SA2 MLP:0.07200908660888672
SA3 sampling and grouping:0.007649898529052734
SA3 MLP:0.033516883850097656
SA3 sampling and grouping:0.018990755081176758
SA3 MLP:0.04368090629577637
SA4 sampling and grouping:0.008786916732788086
SA4 MLP:0.017426729202270508
SA4 sampling and grouping:0.01916646957397461
SA4 MLP:0.017084121704101562
SA End:0.0919191837310791
Voting and Proposal time:0.10292720794677734
Total inference time: 1.318269 
Start: 1638985822.8117363
Votenet data preprocessing time:0.03133797645568848
Deeplab inference time:0.21442508697509766
Pointpainting time:0.013344287872314453
Pointpainted Votenet start:0.0222322940826416
SA1 sampling and grouping:0.2231898307800293
SA1 MLP:0.023319005966186523
SA1 sampling and grouping:0.00415492057800293
SA1 MLP:0.1420447826385498
SA2 sampling and grouping:0.01464223861694336
SA2 MLP:0.060587167739868164
SA2 sampling and grouping:0.018614768981933594
SA2 MLP:0.058458805084228516
SA3 sampling and grouping:0.006584882736206055
SA3 MLP:0.028923511505126953
SA3 sampling and grouping:0.014379262924194336
SA3 MLP:0.030129432678222656
SA4 sampling and grouping:0.0072782039642333984
SA4 MLP:0.02028179168701172
SA4 sampling and grouping:0.01615762710571289
SA4 MLP:0.01365804672241211
SA End:0.08455085754394531
Voting and Proposal time:0.10058784484863281
Total inference time: 1.148883 
