Start: 1638982290.5549397
Votenet data preprocessing time:0.03192853927612305
Deeplab inference time:0.22427582740783691
Pointpainting time:0.013133049011230469
Pointpainted Votenet start:0.022848129272460938
SA Start:0.004018545150756836
SA1 MLP:0.30059385299682617
SA1 MLP:0.14365196228027344
SA2 sampling and grouping:0.012222051620483398
SA2 MLP:0.07070136070251465
SA2 sampling and grouping:0.02036881446838379
SA2 MLP:0.05368781089782715
SA3 sampling and grouping:0.005918264389038086
SA3 MLP:0.02875971794128418
SA3 sampling and grouping:0.014462471008300781
SA3 MLP:0.025783061981201172
SA4 sampling and grouping:0.00528717041015625
SA4 MLP:0.01310276985168457
SA4 sampling and grouping:0.01427316665649414
SA4 MLP:0.014047622680664062
SA End:0.08001279830932617
Voting and Proposal time:0.10643482208251953
Total inference time: 1.205512 
Start: 1638982310.4423003
Votenet data preprocessing time:0.03187394142150879
Deeplab inference time:0.22075414657592773
Pointpainting time:0.01330709457397461
Pointpainted Votenet start:0.022884130477905273
SA Start:0.003813505172729492
SA1 MLP:0.21574664115905762
SA1 MLP:0.15072846412658691
SA2 sampling and grouping:0.01941680908203125
SA2 MLP:0.06468439102172852
SA2 sampling and grouping:0.01887822151184082
SA2 MLP:0.06271171569824219
SA3 sampling and grouping:0.006316184997558594
SA3 MLP:0.02986741065979004
SA3 sampling and grouping:0.017157554626464844
SA3 MLP:0.030061721801757812
SA4 sampling and grouping:0.0052754878997802734
SA4 MLP:0.014493942260742188
SA4 sampling and grouping:0.013647794723510742
SA4 MLP:0.012603759765625
SA End:0.07954668998718262
Voting and Proposal time:0.10509324073791504
Total inference time: 1.138863 
Start: 1638982330.1874263
Votenet data preprocessing time:0.03147411346435547
Deeplab inference time:0.2077009677886963
Pointpainting time:0.01319265365600586
Pointpainted Votenet start:0.022869110107421875
SA Start:0.0037970542907714844
SA1 MLP:0.26374101638793945
SA1 MLP:0.1409621238708496
SA2 sampling and grouping:0.015253305435180664
SA2 MLP:0.06453847885131836
SA2 sampling and grouping:0.019181251525878906
SA2 MLP:0.05688166618347168
SA3 sampling and grouping:0.006375789642333984
SA3 MLP:0.027781963348388672
SA3 sampling and grouping:0.016550302505493164
SA3 MLP:0.025578022003173828
SA4 sampling and grouping:0.0051572322845458984
SA4 MLP:0.012828588485717773
SA4 sampling and grouping:0.013509035110473633
SA4 MLP:0.013765335083007812
SA End:0.07925128936767578
Voting and Proposal time:0.10518145561218262
Total inference time: 1.145571 
Start: 1638982350.0237076
Votenet data preprocessing time:0.031620025634765625
Deeplab inference time:0.24247431755065918
Pointpainting time:0.013155937194824219
Pointpainted Votenet start:0.024231672286987305
SA Start:0.004433631896972656
SA1 MLP:0.2884089946746826
SA1 MLP:0.15019965171813965
SA2 sampling and grouping:0.015006065368652344
SA2 MLP:0.06500864028930664
SA2 sampling and grouping:0.020240068435668945
SA2 MLP:0.0600283145904541
SA3 sampling and grouping:0.00664830207824707
SA3 MLP:0.03299522399902344
SA3 sampling and grouping:0.0169374942779541
SA3 MLP:0.03067803382873535
SA4 sampling and grouping:0.007464170455932617
SA4 MLP:0.011791229248046875
SA4 sampling and grouping:0.013538599014282227
SA4 MLP:0.013167142868041992
SA End:0.0832207202911377
Voting and Proposal time:0.11003804206848145
Total inference time: 1.241286 
Start: 1638982370.0702903
Votenet data preprocessing time:0.03200888633728027
Deeplab inference time:0.2177729606628418
Pointpainting time:0.013139724731445312
Pointpainted Votenet start:0.0219879150390625
SA Start:0.0037593841552734375
SA1 MLP:0.2652740478515625
SA1 MLP:0.15881061553955078
SA2 sampling and grouping:0.01672196388244629
SA2 MLP:0.06298255920410156
SA2 sampling and grouping:0.019051790237426758
SA2 MLP:0.056432485580444336
SA3 sampling and grouping:0.00678253173828125
SA3 MLP:0.0301358699798584
SA3 sampling and grouping:0.014685630798339844
SA3 MLP:0.027149200439453125
SA4 sampling and grouping:0.00512385368347168
SA4 MLP:0.012245893478393555
SA4 sampling and grouping:0.013321876525878906
SA4 MLP:0.012363195419311523
SA End:0.08034205436706543
Voting and Proposal time:0.10707569122314453
Total inference time: 1.177168 
Start: 1638982390.0026271
Votenet data preprocessing time:0.03169727325439453
Deeplab inference time:0.21756243705749512
Pointpainting time:0.01307988166809082
Pointpainted Votenet start:0.02291250228881836
SA Start:0.00398707389831543
SA1 MLP:0.27365708351135254
SA1 MLP:0.16136384010314941
SA2 sampling and grouping:0.011599063873291016
SA2 MLP:0.06517505645751953
SA2 sampling and grouping:0.01909327507019043
SA2 MLP:0.062064409255981445
SA3 sampling and grouping:0.0067157745361328125
SA3 MLP:0.031591176986694336
SA3 sampling and grouping:0.017131328582763672
SA3 MLP:0.030403852462768555
SA4 sampling and grouping:0.006781101226806641
SA4 MLP:0.015135765075683594
SA4 sampling and grouping:0.015265703201293945
SA4 MLP:0.014508724212646484
SA End:0.08486795425415039
Voting and Proposal time:0.10453939437866211
Total inference time: 1.209133 
Start: 1638982410.0071182
Votenet data preprocessing time:0.031357526779174805
Deeplab inference time:0.2166595458984375
Pointpainting time:0.013051509857177734
Pointpainted Votenet start:0.0234222412109375
SA Start:0.0037636756896972656
SA1 MLP:0.516204833984375
SA1 MLP:0.14091277122497559
SA2 sampling and grouping:0.01116037368774414
SA2 MLP:0.05930900573730469
SA2 sampling and grouping:0.019151687622070312
SA2 MLP:0.060457468032836914
SA3 sampling and grouping:0.0063648223876953125
SA3 MLP:0.030529260635375977
SA3 sampling and grouping:0.014990806579589844
SA3 MLP:0.030577421188354492
SA4 sampling and grouping:0.007575035095214844
SA4 MLP:0.014728307723999023
SA4 sampling and grouping:0.015209197998046875
SA4 MLP:0.01827859878540039
SA End:0.08774161338806152
Voting and Proposal time:0.11200737953186035
Total inference time: 1.433453 
Start: 1638982430.1186604
Votenet data preprocessing time:0.031568050384521484
Deeplab inference time:0.21085429191589355
Pointpainting time:0.013290643692016602
Pointpainted Votenet start:0.023250818252563477
SA Start:0.0042018890380859375
SA1 MLP:0.24545812606811523
SA1 MLP:0.13249516487121582
SA2 sampling and grouping:0.013731002807617188
SA2 MLP:0.06165719032287598
SA2 sampling and grouping:0.020354747772216797
SA2 MLP:0.061571359634399414
SA3 sampling and grouping:0.0071010589599609375
SA3 MLP:0.03182554244995117
SA3 sampling and grouping:0.014324426651000977
SA3 MLP:0.025393009185791016
SA4 sampling and grouping:0.005987882614135742
SA4 MLP:0.012105703353881836
SA4 sampling and grouping:0.014749288558959961
SA4 MLP:0.013586044311523438
SA End:0.0828857421875
Voting and Proposal time:0.10386228561401367
Total inference time: 1.130254 
Start: 1638982449.9139695
Votenet data preprocessing time:0.03164982795715332
Deeplab inference time:0.22542071342468262
Pointpainting time:0.012961387634277344
Pointpainted Votenet start:0.023029804229736328
SA Start:0.0037207603454589844
SA1 MLP:0.23723530769348145
SA1 MLP:0.13981199264526367
SA2 sampling and grouping:0.011237859725952148
SA2 MLP:0.060533761978149414
SA2 sampling and grouping:0.018729209899902344
SA2 MLP:0.0527493953704834
SA3 sampling and grouping:0.006407499313354492
SA3 MLP:0.025046348571777344
SA3 sampling and grouping:0.014739513397216797
SA3 MLP:0.028235912322998047
SA4 sampling and grouping:0.005974292755126953
SA4 MLP:0.013367652893066406
SA4 sampling and grouping:0.013237714767456055
SA4 MLP:0.01336526870727539
SA End:0.08309459686279297
Voting and Proposal time:0.10487103462219238
Total inference time: 1.125420 
Start: 1638982469.6883388
Votenet data preprocessing time:0.0315401554107666
Deeplab inference time:0.21262478828430176
Pointpainting time:0.013103008270263672
Pointpainted Votenet start:0.021820783615112305
SA Start:0.0037679672241210938
SA1 MLP:0.2669053077697754
SA1 MLP:0.13742733001708984
SA2 sampling and grouping:0.011076211929321289
SA2 MLP:0.06434273719787598
SA2 sampling and grouping:0.01962876319885254
SA2 MLP:0.05487370491027832
SA3 sampling and grouping:0.005446195602416992
SA3 MLP:0.027169227600097656
SA3 sampling and grouping:0.014532089233398438
SA3 MLP:0.026723384857177734
SA4 sampling and grouping:0.005897045135498047
SA4 MLP:0.015083551406860352
SA4 sampling and grouping:0.013977766036987305
SA4 MLP:0.011516809463500977
SA End:0.08127570152282715
Voting and Proposal time:0.10783553123474121
Total inference time: 1.146568 
Start: 1638982489.6299038
Votenet data preprocessing time:0.03159785270690918
Deeplab inference time:0.21729087829589844
Pointpainting time:0.013028860092163086
Pointpainted Votenet start:0.023848772048950195
SA Start:0.005739688873291016
SA1 MLP:0.3291056156158447
SA1 MLP:0.14876174926757812
SA2 sampling and grouping:0.01172184944152832
SA2 MLP:0.058315277099609375
SA2 sampling and grouping:0.01842641830444336
SA2 MLP:0.058103322982788086
SA3 sampling and grouping:0.006489992141723633
SA3 MLP:0.027182579040527344
SA3 sampling and grouping:0.014369726181030273
SA3 MLP:0.029251575469970703
SA4 sampling and grouping:0.0060460567474365234
SA4 MLP:0.014747381210327148
SA4 sampling and grouping:0.01384592056274414
SA4 MLP:0.011922597885131836
SA End:0.08219146728515625
Voting and Proposal time:0.11024904251098633
Total inference time: 1.232237 
Start: 1638982509.5592477
Votenet data preprocessing time:0.031539201736450195
Deeplab inference time:0.22022628784179688
Pointpainting time:0.013215303421020508
Pointpainted Votenet start:0.023046016693115234
SA Start:0.0037758350372314453
SA1 MLP:0.26259493827819824
SA1 MLP:0.13825154304504395
SA2 sampling and grouping:0.01436471939086914
SA2 MLP:0.06002378463745117
SA2 sampling and grouping:0.019878625869750977
SA2 MLP:0.05333089828491211
SA3 sampling and grouping:0.005543708801269531
SA3 MLP:0.027034282684326172
SA3 sampling and grouping:0.017577648162841797
SA3 MLP:0.02581310272216797
SA4 sampling and grouping:0.0051364898681640625
SA4 MLP:0.012177705764770508
SA4 sampling and grouping:0.013824939727783203
SA4 MLP:0.012999296188354492
SA End:0.08026576042175293
Voting and Proposal time:0.1087489128112793
Total inference time: 1.149369 
Start: 1638982529.399258
Votenet data preprocessing time:0.03153204917907715
Deeplab inference time:0.2151203155517578
Pointpainting time:0.01311945915222168
Pointpainted Votenet start:0.022179126739501953
SA Start:0.003948688507080078
SA1 MLP:0.3627767562866211
SA1 MLP:0.14780807495117188
SA2 sampling and grouping:0.01202535629272461
SA2 MLP:0.05922579765319824
SA2 sampling and grouping:0.0187380313873291
SA2 MLP:0.05731487274169922
SA3 sampling and grouping:0.00671839714050293
SA3 MLP:0.02875661849975586
SA3 sampling and grouping:0.015086650848388672
SA3 MLP:0.02839517593383789
SA4 sampling and grouping:0.006930112838745117
SA4 MLP:0.014308452606201172
SA4 sampling and grouping:0.014890670776367188
SA4 MLP:0.011808156967163086
SA End:0.08360695838928223
Voting and Proposal time:0.11789131164550781
Total inference time: 1.272181 
Start: 1638982549.4468455
Votenet data preprocessing time:0.032140254974365234
Deeplab inference time:0.22797036170959473
Pointpainting time:0.013252735137939453
Pointpainted Votenet start:0.02330756187438965
SA Start:0.0038497447967529297
SA1 MLP:0.24236607551574707
SA1 MLP:0.16890668869018555
SA2 sampling and grouping:0.019245147705078125
SA2 MLP:0.0654752254486084
SA2 sampling and grouping:0.019690513610839844
SA2 MLP:0.06373882293701172
SA3 sampling and grouping:0.0061604976654052734
SA3 MLP:0.03120589256286621
SA3 sampling and grouping:0.015907764434814453
SA3 MLP:0.03208208084106445
SA4 sampling and grouping:0.006980180740356445
SA4 MLP:0.017539262771606445
SA4 sampling and grouping:0.015001773834228516
SA4 MLP:0.015056610107421875
SA End:0.08175444602966309
Voting and Proposal time:0.10634565353393555
Total inference time: 1.207977 
Start: 1638982569.3408456
Votenet data preprocessing time:0.031819820404052734
Deeplab inference time:0.2127547264099121
Pointpainting time:0.01332235336303711
Pointpainted Votenet start:0.023207426071166992
SA Start:0.0039479732513427734
SA1 MLP:0.39504337310791016
SA1 MLP:0.17225909233093262
SA2 sampling and grouping:0.012567996978759766
SA2 MLP:0.0575718879699707
SA2 sampling and grouping:0.018795490264892578
SA2 MLP:0.05944252014160156
SA3 sampling and grouping:0.006337881088256836
SA3 MLP:0.028122901916503906
SA3 sampling and grouping:0.014645814895629883
SA3 MLP:0.03063178062438965
SA4 sampling and grouping:0.005391836166381836
SA4 MLP:0.014194965362548828
SA4 sampling and grouping:0.013871192932128906
SA4 MLP:0.012466669082641602
SA End:0.07977724075317383
Voting and Proposal time:0.10587882995605469
Total inference time: 1.312052 
Start: 1638982589.3229716
Votenet data preprocessing time:0.03162741661071777
Deeplab inference time:0.21066880226135254
Pointpainting time:0.013161897659301758
Pointpainted Votenet start:0.022505521774291992
SA Start:0.003910541534423828
SA1 MLP:0.33197021484375
SA1 MLP:0.14973855018615723
SA2 sampling and grouping:0.012016057968139648
SA2 MLP:0.05849814414978027
SA2 sampling and grouping:0.01932978630065918
SA2 MLP:0.058992624282836914
SA3 sampling and grouping:0.006146669387817383
SA3 MLP:0.02852010726928711
SA3 sampling and grouping:0.01583576202392578
SA3 MLP:0.02639174461364746
SA4 sampling and grouping:0.005560159683227539
SA4 MLP:0.015075922012329102
SA4 sampling and grouping:0.014530658721923828
SA4 MLP:0.01430058479309082
SA End:0.0804893970489502
Voting and Proposal time:0.10540390014648438
Total inference time: 1.224674 
Start: 1638982609.2150347
Votenet data preprocessing time:0.031968116760253906
Deeplab inference time:0.22403454780578613
Pointpainting time:0.013293266296386719
Pointpainted Votenet start:0.023941755294799805
SA Start:0.0039522647857666016
SA1 MLP:0.2643415927886963
SA1 MLP:0.1425013542175293
SA2 sampling and grouping:0.011389493942260742
SA2 MLP:0.06016278266906738
SA2 sampling and grouping:0.019627094268798828
SA2 MLP:0.055661678314208984
SA3 sampling and grouping:0.005368947982788086
SA3 MLP:0.027238130569458008
SA3 sampling and grouping:0.014747858047485352
SA3 MLP:0.02605748176574707
SA4 sampling and grouping:0.005703449249267578
SA4 MLP:0.01502084732055664
SA4 sampling and grouping:0.013793706893920898
SA4 MLP:0.013025283813476562
SA End:0.08225893974304199
Voting and Proposal time:0.1023857593536377
Total inference time: 1.156474 
Start: 1638982629.113787
Votenet data preprocessing time:0.03238630294799805
Deeplab inference time:0.22166800498962402
Pointpainting time:0.013085365295410156
Pointpainted Votenet start:0.02190113067626953
SA Start:0.003956794738769531
SA1 MLP:0.2629063129425049
SA1 MLP:0.13669514656066895
SA2 sampling and grouping:0.013147592544555664
SA2 MLP:0.06673645973205566
SA2 sampling and grouping:0.020091772079467773
SA2 MLP:0.05509376525878906
SA3 sampling and grouping:0.005923271179199219
SA3 MLP:0.028770923614501953
SA3 sampling and grouping:0.019801855087280273
SA3 MLP:0.027487754821777344
SA4 sampling and grouping:0.006083965301513672
SA4 MLP:0.01465153694152832
SA4 sampling and grouping:0.013951778411865234
SA4 MLP:0.011305093765258789
SA End:0.08405065536499023
Voting and Proposal time:0.11162447929382324
Total inference time: 1.171320 
Start: 1638982648.938499
Votenet data preprocessing time:0.03228569030761719
Deeplab inference time:0.2165660858154297
Pointpainting time:0.013092279434204102
Pointpainted Votenet start:0.021799087524414062
SA Start:0.003975391387939453
SA1 MLP:0.8319685459136963
SA1 MLP:0.21411418914794922
SA2 sampling and grouping:0.01343393325805664
SA2 MLP:0.06204557418823242
SA2 sampling and grouping:0.019489049911499023
SA2 MLP:0.0753171443939209
SA3 sampling and grouping:0.007895231246948242
SA3 MLP:0.0300447940826416
SA3 sampling and grouping:0.015365839004516602
SA3 MLP:0.030974864959716797
SA4 sampling and grouping:0.005182027816772461
SA4 MLP:0.014348983764648438
SA4 sampling and grouping:0.01390385627746582
SA4 MLP:0.012459039688110352
SA End:0.0800173282623291
Voting and Proposal time:0.11044669151306152
Total inference time: 1.824726 
Start: 1638982669.355955
Votenet data preprocessing time:0.03200793266296387
Deeplab inference time:0.2158513069152832
Pointpainting time:0.013375997543334961
Pointpainted Votenet start:0.023237228393554688
SA Start:0.003913164138793945
SA1 MLP:0.2730062007904053
SA1 MLP:0.12286829948425293
SA2 sampling and grouping:0.011573314666748047
SA2 MLP:0.05624127388000488
SA2 sampling and grouping:0.018329858779907227
SA2 MLP:0.05269455909729004
SA3 sampling and grouping:0.007101297378540039
SA3 MLP:0.025029420852661133
SA3 sampling and grouping:0.014934062957763672
SA3 MLP:0.024591922760009766
SA4 sampling and grouping:0.005341768264770508
SA4 MLP:0.01384878158569336
SA4 sampling and grouping:0.014272451400756836
SA4 MLP:0.011460304260253906
SA End:0.08232259750366211
Voting and Proposal time:0.1016683578491211
Total inference time: 1.123670 
Start: 1638983231.569821
Votenet data preprocessing time:0.03200793266296387
Deeplab inference time:0.21089720726013184
Pointpainting time:0.01305246353149414
Pointpainted Votenet start:0.02286696434020996
SA Start:0.003744840621948242
SA1 sampling and grouping:0.23415184020996094
SA1 MLP:0.03215312957763672
SA1 sampling and grouping:0.005805015563964844
SA1 MLP:0.14224743843078613
SA2 sampling and grouping:0.015054464340209961
SA2 MLP:0.05873274803161621
SA2 sampling and grouping:0.01840686798095703
SA2 MLP:0.059433937072753906
SA3 sampling and grouping:0.006690263748168945
SA3 MLP:0.029026031494140625
SA3 sampling and grouping:0.015533208847045898
SA3 MLP:0.02809453010559082
SA4 sampling and grouping:0.007866621017456055
SA4 MLP:0.013810157775878906
SA4 sampling and grouping:0.014588594436645508
SA4 MLP:0.01309657096862793
SA End:0.08608865737915039
Voting and Proposal time:0.10616636276245117
Total inference time: 1.169516 
Start: 1638983251.4069273
Votenet data preprocessing time:0.031889915466308594
Deeplab inference time:0.21405315399169922
Pointpainting time:0.013344764709472656
Pointpainted Votenet start:0.023252248764038086
SA Start:0.0047910213470458984
SA1 sampling and grouping:0.3014688491821289
SA1 MLP:0.023588895797729492
SA1 sampling and grouping:0.00462651252746582
SA1 MLP:0.14093804359436035
SA2 sampling and grouping:0.015124082565307617
SA2 MLP:0.06216597557067871
SA2 sampling and grouping:0.018177270889282227
SA2 MLP:0.059686899185180664
SA3 sampling and grouping:0.0071010589599609375
SA3 MLP:0.03006768226623535
SA3 sampling and grouping:0.0169677734375
SA3 MLP:0.02988576889038086
SA4 sampling and grouping:0.00667119026184082
SA4 MLP:0.01740288734436035
SA4 sampling and grouping:0.01376032829284668
SA4 MLP:0.013694286346435547
SA End:0.0823061466217041
Voting and Proposal time:0.10766315460205078
Total inference time: 1.238628 
Start: 1638983271.3222778
Votenet data preprocessing time:0.03150200843811035
Deeplab inference time:0.22200655937194824
Pointpainting time:0.013322830200195312
Pointpainted Votenet start:0.023324012756347656
SA Start:0.0038907527923583984
SA1 sampling and grouping:0.20163822174072266
SA1 MLP:0.024340391159057617
SA1 sampling and grouping:0.004412651062011719
SA1 MLP:0.11872434616088867
SA2 sampling and grouping:0.012628555297851562
SA2 MLP:0.05656790733337402
SA2 sampling and grouping:0.019111156463623047
SA2 MLP:0.05556511878967285
SA3 sampling and grouping:0.006380558013916016
SA3 MLP:0.02588367462158203
SA3 sampling and grouping:0.014921903610229492
SA3 MLP:0.024973630905151367
SA4 sampling and grouping:0.005277872085571289
SA4 MLP:0.011515617370605469
SA4 sampling and grouping:0.013742685317993164
SA4 MLP:0.01373910903930664
SA End:0.07892727851867676
Voting and Proposal time:0.10572171211242676
Total inference time: 1.088119 
Start: 1638983290.9374912
Votenet data preprocessing time:0.03200840950012207
Deeplab inference time:0.2133958339691162
Pointpainting time:0.013419151306152344
Pointpainted Votenet start:0.022424697875976562
SA Start:0.0038535594940185547
SA1 sampling and grouping:0.26567888259887695
SA1 MLP:0.029835224151611328
SA1 sampling and grouping:0.005268573760986328
SA1 MLP:0.12843060493469238
SA2 sampling and grouping:0.014576196670532227
SA2 MLP:0.05974411964416504
SA2 sampling and grouping:0.018907785415649414
SA2 MLP:0.057540178298950195
SA3 sampling and grouping:0.0067119598388671875
SA3 MLP:0.027878522872924805
SA3 sampling and grouping:0.01960921287536621
SA3 MLP:0.027628421783447266
SA4 sampling and grouping:0.007671356201171875
SA4 MLP:0.012974262237548828
SA4 sampling and grouping:0.013480186462402344
SA4 MLP:0.013046979904174805
SA End:0.08829259872436523
Voting and Proposal time:0.10642719268798828
Total inference time: 1.188804 
Start: 1638983310.6491454
Votenet data preprocessing time:0.03181028366088867
Deeplab inference time:0.2122204303741455
Pointpainting time:0.013108253479003906
Pointpainted Votenet start:0.021982908248901367
SA Start:0.0037336349487304688
SA1 sampling and grouping:0.2708249092102051
SA1 MLP:0.023596763610839844
SA1 sampling and grouping:0.00379180908203125
SA1 MLP:0.13246703147888184
SA2 sampling and grouping:0.012981414794921875
SA2 MLP:0.05992245674133301
SA2 sampling and grouping:0.018807649612426758
SA2 MLP:0.0600430965423584
SA3 sampling and grouping:0.00700068473815918
SA3 MLP:0.02782273292541504
SA3 sampling and grouping:0.014715909957885742
SA3 MLP:0.028928756713867188
SA4 sampling and grouping:0.006297111511230469
SA4 MLP:0.014868974685668945
SA4 sampling and grouping:0.01368570327758789
SA4 MLP:0.013459444046020508
SA End:0.08614397048950195
Voting and Proposal time:0.11281800270080566
Total inference time: 1.191032 
Start: 1638983330.6417317
Votenet data preprocessing time:0.03148674964904785
Deeplab inference time:0.21714544296264648
Pointpainting time:0.013220071792602539
Pointpainted Votenet start:0.022591114044189453
SA Start:0.004015207290649414
SA1 sampling and grouping:0.3200995922088623
SA1 MLP:0.023808717727661133
SA1 sampling and grouping:0.004499673843383789
SA1 MLP:0.13214635848999023
SA2 sampling and grouping:0.011998653411865234
SA2 MLP:0.05417919158935547
SA2 sampling and grouping:0.020175457000732422
SA2 MLP:0.059970855712890625
SA3 sampling and grouping:0.00551605224609375
SA3 MLP:0.028480052947998047
SA3 sampling and grouping:0.015372276306152344
SA3 MLP:0.02619624137878418
SA4 sampling and grouping:0.005040884017944336
SA4 MLP:0.013138771057128906
SA4 sampling and grouping:0.013919830322265625
SA4 MLP:0.011507272720336914
SA End:0.08622336387634277
Voting and Proposal time:0.09987163543701172
Total inference time: 1.220603 
Start: 1638983350.570395
Votenet data preprocessing time:0.03152322769165039
Deeplab inference time:0.2254924774169922
Pointpainting time:0.013236284255981445
Pointpainted Votenet start:0.02181696891784668
SA Start:0.00400090217590332
SA1 sampling and grouping:0.21933531761169434
SA1 MLP:0.0244290828704834
SA1 sampling and grouping:0.0050504207611083984
SA1 MLP:0.13106703758239746
SA2 sampling and grouping:0.01377415657043457
SA2 MLP:0.06237292289733887
SA2 sampling and grouping:0.02064347267150879
SA2 MLP:0.06617856025695801
SA3 sampling and grouping:0.006676435470581055
SA3 MLP:0.03286337852478027
SA3 sampling and grouping:0.016089439392089844
SA3 MLP:0.030187129974365234
SA4 sampling and grouping:0.006127834320068359
SA4 MLP:0.016857385635375977
SA4 sampling and grouping:0.01462244987487793
SA4 MLP:0.012566804885864258
SA End:0.08010387420654297
Voting and Proposal time:0.11012077331542969
Total inference time: 1.165136 
Start: 1638983370.4195976
Votenet data preprocessing time:0.031592607498168945
Deeplab inference time:0.21432971954345703
Pointpainting time:0.013254165649414062
Pointpainted Votenet start:0.02271747589111328
SA Start:0.003996610641479492
SA1 sampling and grouping:0.25217199325561523
SA1 MLP:0.02582073211669922
SA1 sampling and grouping:0.004296064376831055
SA1 MLP:0.15087080001831055
SA2 sampling and grouping:0.014996528625488281
SA2 MLP:0.062067270278930664
SA2 sampling and grouping:0.018143415451049805
SA2 MLP:0.061621904373168945
SA3 sampling and grouping:0.0063323974609375
SA3 MLP:0.029161930084228516
SA3 sampling and grouping:0.015151500701904297
SA3 MLP:0.029828786849975586
SA4 sampling and grouping:0.005880117416381836
SA4 MLP:0.014042377471923828
SA4 sampling and grouping:0.014041662216186523
SA4 MLP:0.014139652252197266
SA End:0.08084654808044434
Voting and Proposal time:0.10977530479431152
Total inference time: 1.195080 
Start: 1638983390.3453655
Votenet data preprocessing time:0.0321354866027832
Deeplab inference time:0.20856261253356934
Pointpainting time:0.013102531433105469
Pointpainted Votenet start:0.022855043411254883
SA Start:0.0039789676666259766
SA1 sampling and grouping:0.2693009376525879
SA1 MLP:0.03326225280761719
SA1 sampling and grouping:0.004130840301513672
SA1 MLP:0.13078951835632324
SA2 sampling and grouping:0.012085914611816406
SA2 MLP:0.05968642234802246
SA2 sampling and grouping:0.018288135528564453
SA2 MLP:0.0569460391998291
SA3 sampling and grouping:0.005486011505126953
SA3 MLP:0.027933120727539062
SA3 sampling and grouping:0.014236211776733398
SA3 MLP:0.026976585388183594
SA4 sampling and grouping:0.006448984146118164
SA4 MLP:0.013417243957519531
SA4 sampling and grouping:0.014066219329833984
SA4 MLP:0.014283180236816406
SA End:0.08423209190368652
Voting and Proposal time:0.10533332824707031
Total inference time: 1.177538 
