Start: 1675949402.4510837
Votenet data preprocessing time:0.028002262115478516
Pointpainted Votenet start:0.040105581283569336
Deeplab inference time:1.3406250476837158
Pointpainting time:0.20999598503112793
SA1 sampling and grouping 1:0.6563596725463867
SA1 MLP 1:0.005156278610229492
SA1 sampling and grouping 2:12.796306371688843
SA1 MLP 2:0.0006673336029052734
SA2 sampling and grouping 1:0.5035951137542725
SA2 MLP 1:0.0008270740509033203
SA2 sampling and grouping 2:0.6887781620025635
SA2 MLP 2:0.0007436275482177734
SA3 sampling and grouping 1:0.21602082252502441
SA3 MLP 1:0.0006999969482421875
SA3 sampling and grouping 2:0.2965223789215088
SA3 MLP 2:0.0007219314575195312
SA4 sampling and grouping:0.3156428337097168
SA4 MLP:0.1749556064605713
SA End:0.33469367027282715
Voting and Proposal time:0.7106428146362305
Total inference time: 18.321063 
Start: 1675949487.4564364
Votenet data preprocessing time:0.016199111938476562
Pointpainted Votenet start:0.04048585891723633
Deeplab inference time:1.1990761756896973
Pointpainting time:0.3228435516357422
SA1 sampling and grouping 1:0.40317535400390625
SA1 MLP 1:0.0013012886047363281
SA1 sampling and grouping 2:12.477596282958984
SA1 MLP 2:0.0007960796356201172
SA2 sampling and grouping 1:0.4977552890777588
SA2 MLP 1:0.0007624626159667969
SA2 sampling and grouping 2:0.6880662441253662
SA2 MLP 2:0.0007994174957275391
SA3 sampling and grouping 1:0.21486806869506836
SA3 MLP 1:0.0007312297821044922
SA3 sampling and grouping 2:0.2954561710357666
SA3 MLP 2:0.0008051395416259766
SA4 sampling and grouping:0.3192276954650879
SA4 MLP:0.1909792423248291
SA End:0.3472929000854492
Voting and Proposal time:0.7069540023803711
Total inference time: 17.725172 
Start: 1675949562.2313077
Votenet data preprocessing time:0.01546168327331543
Pointpainted Votenet start:0.04006171226501465
Deeplab inference time:1.3171274662017822
Pointpainting time:0.21934175491333008
SA1 sampling and grouping 1:0.6294136047363281
SA1 MLP 1:0.08893656730651855
SA1 sampling and grouping 2:12.674588203430176
SA1 MLP 2:0.0007007122039794922
SA2 sampling and grouping 1:0.522019624710083
SA2 MLP 1:0.0007436275482177734
SA2 sampling and grouping 2:0.6810009479522705
SA2 MLP 2:0.0008232593536376953
SA3 sampling and grouping 1:0.21714496612548828
SA3 MLP 1:0.06522464752197266
SA3 sampling and grouping 2:0.3032832145690918
SA3 MLP 2:0.0009441375732421875
SA4 sampling and grouping:0.3264036178588867
SA4 MLP:0.2529158592224121
SA End:0.3540980815887451
Voting and Proposal time:0.7361710071563721
Total inference time: 18.446405 
Start: 1675949642.3258867
Votenet data preprocessing time:0.012436389923095703
Pointpainted Votenet start:0.039206743240356445
Deeplab inference time:1.344834566116333
Pointpainting time:0.19399166107177734
SA1 sampling and grouping 1:1.6315886974334717
SA1 MLP 1:0.0014028549194335938
SA1 sampling and grouping 2:12.722574710845947
SA1 MLP 2:0.0006887912750244141
SA2 sampling and grouping 1:0.49890732765197754
SA2 MLP 1:0.0009405612945556641
SA2 sampling and grouping 2:0.6803879737854004
SA2 MLP 2:0.0007538795471191406
SA3 sampling and grouping 1:0.21553659439086914
SA3 MLP 1:0.0007042884826660156
SA3 sampling and grouping 2:0.29477739334106445
SA3 MLP 2:0.0007925033569335938
SA4 sampling and grouping:0.32843708992004395
SA4 MLP:0.21845674514770508
SA End:0.3514368534088135
Voting and Proposal time:0.6990840435028076
Total inference time: 19.236940 
Start: 1675949719.3951085
Votenet data preprocessing time:0.0428471565246582
Pointpainted Votenet start:0.040175437927246094
Deeplab inference time:1.2572884559631348
Pointpainting time:0.1799023151397705
SA1 sampling and grouping 1:0.5225389003753662
SA1 MLP 1:0.0013248920440673828
SA1 sampling and grouping 2:12.776063203811646
SA1 MLP 2:0.0007426738739013672
SA2 sampling and grouping 1:0.4949359893798828
SA2 MLP 1:0.0012373924255371094
SA2 sampling and grouping 2:0.6964156627655029
SA2 MLP 2:0.0007569789886474609
SA3 sampling and grouping 1:0.21416544914245605
SA3 MLP 1:0.05261564254760742
SA3 sampling and grouping 2:0.2961235046386719
SA3 MLP 2:0.0008492469787597656
SA4 sampling and grouping:0.32050538063049316
SA4 MLP:0.1333022117614746
SA End:0.3509202003479004
Voting and Proposal time:0.6656880378723145
Total inference time: 18.048399 
Start: 1675949792.2620094
Votenet data preprocessing time:0.013820886611938477
Pointpainted Votenet start:0.04370832443237305
Deeplab inference time:1.2200582027435303
Pointpainting time:0.21075034141540527
SA1 sampling and grouping 1:0.5848808288574219
SA1 MLP 1:0.0015223026275634766
SA1 sampling and grouping 2:12.696904420852661
SA1 MLP 2:0.0006706714630126953
SA2 sampling and grouping 1:0.48990583419799805
SA2 MLP 1:0.0007295608520507812
SA2 sampling and grouping 2:0.675722599029541
SA2 MLP 2:0.000743865966796875
SA3 sampling and grouping 1:0.21637940406799316
SA3 MLP 1:0.03603482246398926
SA3 sampling and grouping 2:0.2958946228027344
SA3 MLP 2:0.0007851123809814453
SA4 sampling and grouping:0.3245391845703125
SA4 MLP:0.1291980743408203
SA End:0.3755838871002197
Voting and Proposal time:0.7189145088195801
Total inference time: 18.036747 
Start: 1675949863.371461
Votenet data preprocessing time:0.013570547103881836
Pointpainted Votenet start:0.04008197784423828
Deeplab inference time:1.075927495956421
Pointpainting time:0.2632732391357422
SA1 sampling and grouping 1:0.6892046928405762
SA1 MLP 1:0.030323266983032227
SA1 sampling and grouping 2:12.507091760635376
SA1 MLP 2:0.000682830810546875
SA2 sampling and grouping 1:0.5004379749298096
SA2 MLP 1:0.0007307529449462891
SA2 sampling and grouping 2:0.6835265159606934
SA2 MLP 2:0.0007507801055908203
SA3 sampling and grouping 1:0.21589136123657227
SA3 MLP 1:0.0007007122039794922
SA3 sampling and grouping 2:0.3011784553527832
SA3 MLP 2:0.0008180141448974609
SA4 sampling and grouping:0.31070613861083984
SA4 MLP:0.12020277976989746
SA End:0.36224794387817383
Voting and Proposal time:0.6527833938598633
Total inference time: 17.770131 
Start: 1675949939.4789948
Votenet data preprocessing time:0.02950143814086914
Pointpainted Votenet start:0.03944134712219238
Deeplab inference time:1.1414399147033691
Pointpainting time:0.2461564540863037
SA1 sampling and grouping 1:0.7864542007446289
SA1 MLP 1:0.001425027847290039
SA1 sampling and grouping 2:12.646305084228516
SA1 MLP 2:0.0006732940673828125
SA2 sampling and grouping 1:0.5107355117797852
SA2 MLP 1:0.0008199214935302734
SA2 sampling and grouping 2:0.6704773902893066
SA2 MLP 2:0.000762939453125
SA3 sampling and grouping 1:0.21542668342590332
SA3 MLP 1:0.0006601810455322266
SA3 sampling and grouping 2:0.30317234992980957
SA3 MLP 2:0.0007748603820800781
SA4 sampling and grouping:0.32572197914123535
SA4 MLP:0.24936389923095703
SA End:0.3453240394592285
Voting and Proposal time:0.6735076904296875
Total inference time: 18.188144 
Start: 1675950009.0693684
Votenet data preprocessing time:0.013408184051513672
Pointpainted Votenet start:0.04208707809448242
Deeplab inference time:1.044510841369629
Pointpainting time:0.3069274425506592
SA1 sampling and grouping 1:0.4848191738128662
SA1 MLP 1:0.04195761680603027
SA1 sampling and grouping 2:12.554999828338623
SA1 MLP 2:0.0006835460662841797
SA2 sampling and grouping 1:0.5002655982971191
SA2 MLP 1:0.0006840229034423828
SA2 sampling and grouping 2:0.6668965816497803
SA2 MLP 2:0.0007369518280029297
SA3 sampling and grouping 1:0.2142014503479004
SA3 MLP 1:0.05955100059509277
SA3 sampling and grouping 2:0.298677921295166
SA3 MLP 2:0.0007064342498779297
SA4 sampling and grouping:0.310868501663208
SA4 MLP:0.12098479270935059
SA End:0.35082149505615234
Voting and Proposal time:0.6923351287841797
Total inference time: 17.706124 
Start: 1675950075.751495
Votenet data preprocessing time:0.024939298629760742
Pointpainted Votenet start:0.04047799110412598
Deeplab inference time:1.1594634056091309
Pointpainting time:0.2121264934539795
SA1 sampling and grouping 1:0.5396616458892822
SA1 MLP 1:0.03554248809814453
SA1 sampling and grouping 2:12.56847882270813
SA1 MLP 2:0.0006272792816162109
SA2 sampling and grouping 1:0.5663454532623291
SA2 MLP 1:0.0006654262542724609
SA2 sampling and grouping 2:0.6745572090148926
SA2 MLP 2:0.0007338523864746094
SA3 sampling and grouping 1:0.21481680870056152
SA3 MLP 1:0.021939992904663086
SA3 sampling and grouping 2:0.29835057258605957
SA3 MLP 2:0.0007588863372802734
SA4 sampling and grouping:0.30460476875305176
SA4 MLP:0.11727595329284668
SA End:0.35169172286987305
Voting and Proposal time:0.6999645233154297
Total inference time: 17.833023 
Start: 1675950147.924556
Votenet data preprocessing time:0.014792442321777344
Pointpainted Votenet start:0.04329395294189453
Deeplab inference time:1.0884265899658203
Pointpainting time:0.2568187713623047
SA1 sampling and grouping 1:0.36916542053222656
SA1 MLP 1:0.0014452934265136719
SA1 sampling and grouping 2:12.515941381454468
SA1 MLP 2:0.0006422996520996094
SA2 sampling and grouping 1:0.4956479072570801
SA2 MLP 1:0.000759124755859375
SA2 sampling and grouping 2:0.6720371246337891
SA2 MLP 2:0.0007340908050537109
SA3 sampling and grouping 1:0.21613788604736328
SA3 MLP 1:0.0007555484771728516
SA3 sampling and grouping 2:0.2996945381164551
SA3 MLP 2:0.0007889270782470703
SA4 sampling and grouping:0.32465314865112305
SA4 MLP:0.12689900398254395
SA End:0.34319067001342773
Voting and Proposal time:0.6920690536499023
Total inference time: 17.463893 
Start: 1675950212.639075
Votenet data preprocessing time:0.016971111297607422
Pointpainted Votenet start:0.03989982604980469
Deeplab inference time:1.0575661659240723
Pointpainting time:0.22701764106750488
SA1 sampling and grouping 1:0.44854736328125
SA1 MLP 1:0.11950945854187012
SA1 sampling and grouping 2:12.426069736480713
SA1 MLP 2:0.0007007122039794922
SA2 sampling and grouping 1:0.5242087841033936
SA2 MLP 1:0.0008227825164794922
SA2 sampling and grouping 2:0.6707429885864258
SA2 MLP 2:0.0007712841033935547
SA3 sampling and grouping 1:0.21654677391052246
SA3 MLP 1:0.03895688056945801
SA3 sampling and grouping 2:0.3035871982574463
SA3 MLP 2:0.0008232593536376953
SA4 sampling and grouping:0.3136124610900879
SA4 MLP:0.19719624519348145
SA End:0.35575270652770996
Voting and Proposal time:0.613368034362793
Total inference time: 17.572671 
Start: 1675950270.5385368
Votenet data preprocessing time:0.01695084571838379
Pointpainted Votenet start:0.041332244873046875
Deeplab inference time:1.0644841194152832
Pointpainting time:0.30436229705810547
SA1 sampling and grouping 1:0.6688780784606934
SA1 MLP 1:0.08802580833435059
SA1 sampling and grouping 2:12.553522825241089
SA1 MLP 2:0.0006499290466308594
SA2 sampling and grouping 1:0.49144959449768066
SA2 MLP 1:0.10389041900634766
SA2 sampling and grouping 2:0.6776883602142334
SA2 MLP 2:0.0012917518615722656
SA3 sampling and grouping 1:0.21663117408752441
SA3 MLP 1:0.0006930828094482422
SA3 sampling and grouping 2:0.2989048957824707
SA3 MLP 2:0.0008771419525146484
SA4 sampling and grouping:0.3286714553833008
SA4 MLP:0.13431787490844727
SA End:0.3623056411743164
Voting and Proposal time:0.6890933513641357
Total inference time: 18.044021 
Start: 1675950328.34458
Votenet data preprocessing time:0.016881227493286133
Pointpainted Votenet start:0.0402224063873291
Deeplab inference time:1.1079213619232178
Pointpainting time:0.2825498580932617
SA1 sampling and grouping 1:0.49100637435913086
SA1 MLP 1:0.011981725692749023
SA1 sampling and grouping 2:12.444332361221313
SA1 MLP 2:0.0007333755493164062
SA2 sampling and grouping 1:0.4940340518951416
SA2 MLP 1:0.0006985664367675781
SA2 sampling and grouping 2:0.6757266521453857
SA2 MLP 2:0.0007205009460449219
SA3 sampling and grouping 1:0.21672725677490234
SA3 MLP 1:0.0007343292236328125
SA3 sampling and grouping 2:0.30623483657836914
SA3 MLP 2:0.0007164478302001953
SA4 sampling and grouping:0.3465297222137451
SA4 MLP:0.1443781852722168
SA End:0.3515322208404541
Voting and Proposal time:0.6555066108703613
Total inference time: 17.589168 
Start: 1675950386.329615
Votenet data preprocessing time:0.02114248275756836
Pointpainted Votenet start:0.04092860221862793
Deeplab inference time:1.1810367107391357
Pointpainting time:0.1601848602294922
SA1 sampling and grouping 1:0.6265449523925781
SA1 MLP 1:0.0026404857635498047
SA1 sampling and grouping 2:12.466151475906372
SA1 MLP 2:0.0006659030914306641
SA2 sampling and grouping 1:0.4865150451660156
SA2 MLP 1:0.0007767677307128906
SA2 sampling and grouping 2:0.6748719215393066
SA2 MLP 2:0.0008118152618408203
SA3 sampling and grouping 1:0.2143394947052002
SA3 MLP 1:0.000774383544921875
SA3 sampling and grouping 2:0.3041970729827881
SA3 MLP 2:0.0010368824005126953
SA4 sampling and grouping:0.3244163990020752
SA4 MLP:0.4040961265563965
SA End:0.4081695079803467
Voting and Proposal time:0.7170226573944092
Total inference time: 18.036324 
Start: 1675950445.153903
Votenet data preprocessing time:0.016646385192871094
Pointpainted Votenet start:0.04300975799560547
Deeplab inference time:1.1104114055633545
Pointpainting time:0.27121734619140625
SA1 sampling and grouping 1:0.5387470722198486
SA1 MLP 1:0.02493119239807129
SA1 sampling and grouping 2:12.476977348327637
SA1 MLP 2:0.0007376670837402344
SA2 sampling and grouping 1:0.500124454498291
SA2 MLP 1:0.0009677410125732422
SA2 sampling and grouping 2:0.6803314685821533
SA2 MLP 2:0.0008234977722167969
SA3 sampling and grouping 1:0.21491050720214844
SA3 MLP 1:0.0007500648498535156
SA3 sampling and grouping 2:0.29764342308044434
SA3 MLP 2:0.0008916854858398438
SA4 sampling and grouping:0.3174862861633301
SA4 MLP:0.13217830657958984
SA End:0.3582336902618408
Voting and Proposal time:0.6850118637084961
Total inference time: 17.672031 
Start: 1675950505.487893
Votenet data preprocessing time:0.01236271858215332
Pointpainted Votenet start:0.03938865661621094
Deeplab inference time:1.0509023666381836
Pointpainting time:0.4409945011138916
SA1 sampling and grouping 1:0.5598318576812744
SA1 MLP 1:0.0012388229370117188
SA1 sampling and grouping 2:12.447192430496216
SA1 MLP 2:0.0006363391876220703
SA2 sampling and grouping 1:0.4860506057739258
SA2 MLP 1:0.0007009506225585938
SA2 sampling and grouping 2:0.6973297595977783
SA2 MLP 2:0.000720977783203125
SA3 sampling and grouping 1:0.21225953102111816
SA3 MLP 1:0.014519453048706055
SA3 sampling and grouping 2:0.29660606384277344
SA3 MLP 2:0.0008831024169921875
SA4 sampling and grouping:0.3253293037414551
SA4 MLP:0.20081877708435059
SA End:0.34845852851867676
Voting and Proposal time:0.6574110984802246
Total inference time: 17.793636 
Start: 1675950562.9510365
Votenet data preprocessing time:0.013433456420898438
Pointpainted Votenet start:0.04077911376953125
Deeplab inference time:1.042067050933838
Pointpainting time:0.25171446800231934
SA1 sampling and grouping 1:0.4434478282928467
SA1 MLP 1:0.023635149002075195
SA1 sampling and grouping 2:12.507654666900635
SA1 MLP 2:0.0007128715515136719
SA2 sampling and grouping 1:0.48633861541748047
SA2 MLP 1:0.0007009506225585938
SA2 sampling and grouping 2:0.6593496799468994
SA2 MLP 2:0.0008366107940673828
SA3 sampling and grouping 1:0.21429038047790527
SA3 MLP 1:0.0007159709930419922
SA3 sampling and grouping 2:0.3001880645751953
SA3 MLP 2:0.0007429122924804688
SA4 sampling and grouping:0.3199589252471924
SA4 MLP:0.14509797096252441
SA End:0.35967183113098145
Voting and Proposal time:0.6994500160217285
Total inference time: 17.510787 
Start: 1675950618.4166136
Votenet data preprocessing time:0.01650261878967285
Pointpainted Votenet start:0.03984665870666504
Deeplab inference time:1.0944206714630127
Pointpainting time:0.2682681083679199
SA1 sampling and grouping 1:0.32222533226013184
SA1 MLP 1:0.09929203987121582
SA1 sampling and grouping 2:12.387222290039062
SA1 MLP 2:0.000736236572265625
SA2 sampling and grouping 1:0.497650146484375
SA2 MLP 1:0.0009708404541015625
SA2 sampling and grouping 2:0.6953623294830322
SA2 MLP 2:0.0007491111755371094
SA3 sampling and grouping 1:0.21701979637145996
SA3 MLP 1:0.0006473064422607422
SA3 sampling and grouping 2:0.29167628288269043
SA3 MLP 2:0.0008597373962402344
SA4 sampling and grouping:0.31201696395874023
SA4 MLP:0.12256431579589844
SA End:0.34950923919677734
Voting and Proposal time:0.6713488101959229
Total inference time: 17.388889 
Start: 1675950673.8084195
Votenet data preprocessing time:0.02815985679626465
Pointpainted Votenet start:0.0409393310546875
Deeplab inference time:1.1988763809204102
Pointpainting time:0.2947871685028076
SA1 sampling and grouping 1:0.5409774780273438
SA1 MLP 1:0.0016334056854248047
SA1 sampling and grouping 2:12.68957233428955
SA1 MLP 2:0.0006811618804931641
SA2 sampling and grouping 1:0.4894137382507324
SA2 MLP 1:0.0007641315460205078
SA2 sampling and grouping 2:0.6675314903259277
SA2 MLP 2:0.0007905960083007812
SA3 sampling and grouping 1:0.21352362632751465
SA3 MLP 1:0.0006968975067138672
SA3 sampling and grouping 2:0.3019740581512451
SA3 MLP 2:0.0007059574127197266
SA4 sampling and grouping:0.3239750862121582
SA4 MLP:0.1306905746459961
SA End:0.33880138397216797
Voting and Proposal time:0.6669561862945557
Total inference time: 17.931451 
