Start: 1652539034.3587215
Votenet data preprocessing time:0.029699087142944336
Deeplab inference time:0.9769284725189209
Pointpainting time:0.06273221969604492
Pointpainted Votenet start:0.04996633529663086
SA1 sampling and grouping:0.33783841133117676
SA1 MLP:0.8843214511871338
SA2 sampling and grouping:0.11433815956115723
SA2 MLP:0.45343756675720215
SA3 sampling and grouping:0.08849453926086426
SA3 MLP:0.20967817306518555
SA4 sampling and grouping:0.07569313049316406
SA4 MLP:0.10074281692504883
SA End:0.3142690658569336
Voting and Proposal time:0.3230752944946289
Total inference time: 4.021215 
Start: 1652539064.7967355
Votenet data preprocessing time:0.03186321258544922
Deeplab inference time:0.9862191677093506
Pointpainting time:0.06258964538574219
Pointpainted Votenet start:0.04716062545776367
SA1 sampling and grouping:0.2294752597808838
SA1 MLP:0.8528242111206055
SA2 sampling and grouping:0.10780858993530273
SA2 MLP:0.43471670150756836
SA3 sampling and grouping:0.08309364318847656
SA3 MLP:0.20979547500610352
SA4 sampling and grouping:0.0775611400604248
SA4 MLP:0.09886455535888672
SA End:0.3214540481567383
Voting and Proposal time:0.3274531364440918
Total inference time: 3.870879 
Start: 1652539094.9299026
Votenet data preprocessing time:0.03123188018798828
Deeplab inference time:0.9649534225463867
Pointpainting time:0.06304740905761719
Pointpainted Votenet start:0.04703545570373535
SA1 sampling and grouping:0.2833268642425537
SA1 MLP:0.8566033840179443
SA2 sampling and grouping:0.09790778160095215
SA2 MLP:0.43695545196533203
SA3 sampling and grouping:0.0833439826965332
SA3 MLP:0.21146607398986816
SA4 sampling and grouping:0.08237099647521973
SA4 MLP:0.10033464431762695
SA End:0.3116898536682129
Voting and Proposal time:0.33431005477905273
Total inference time: 3.904577 
Start: 1652539125.2305503
Votenet data preprocessing time:0.031232595443725586
Deeplab inference time:0.980095624923706
Pointpainting time:0.06293034553527832
Pointpainted Votenet start:0.047109365463256836
SA1 sampling and grouping:0.27202653884887695
SA1 MLP:0.8696069717407227
SA2 sampling and grouping:0.10072875022888184
SA2 MLP:0.4146995544433594
SA3 sampling and grouping:0.08136343955993652
SA3 MLP:0.20006275177001953
SA4 sampling and grouping:0.07749009132385254
SA4 MLP:0.10269832611083984
SA End:0.3222625255584717
Voting and Proposal time:0.33353662490844727
Total inference time: 3.895844 
Start: 1652539155.3332036
Votenet data preprocessing time:0.031267642974853516
Deeplab inference time:0.9713125228881836
Pointpainting time:0.06214451789855957
Pointpainted Votenet start:0.0462188720703125
SA1 sampling and grouping:0.264204740524292
SA1 MLP:0.8865652084350586
SA2 sampling and grouping:0.09744381904602051
SA2 MLP:0.4109995365142822
SA3 sampling and grouping:0.08043766021728516
SA3 MLP:0.19956707954406738
SA4 sampling and grouping:0.07543420791625977
SA4 MLP:0.1006166934967041
SA End:0.31307268142700195
Voting and Proposal time:0.3341550827026367
Total inference time: 3.873440 
Start: 1652539185.3377628
Votenet data preprocessing time:0.03092479705810547
Deeplab inference time:0.9812061786651611
Pointpainting time:0.06288957595825195
Pointpainted Votenet start:0.04550600051879883
SA1 sampling and grouping:0.2805325984954834
SA1 MLP:0.8563063144683838
SA2 sampling and grouping:0.10600996017456055
SA2 MLP:0.4221668243408203
SA3 sampling and grouping:0.07742524147033691
SA3 MLP:0.19582176208496094
SA4 sampling and grouping:0.07520437240600586
SA4 MLP:0.10154604911804199
SA End:0.334608793258667
Voting and Proposal time:0.3364548683166504
Total inference time: 3.906603 
Start: 1652539215.466907
Votenet data preprocessing time:0.029231548309326172
Deeplab inference time:0.9760918617248535
Pointpainting time:0.06300520896911621
Pointpainted Votenet start:0.047240257263183594
SA1 sampling and grouping:0.258988618850708
SA1 MLP:0.8977460861206055
SA2 sampling and grouping:0.09876084327697754
SA2 MLP:0.4680345058441162
SA3 sampling and grouping:0.08850383758544922
SA3 MLP:0.2250983715057373
SA4 sampling and grouping:0.07948541641235352
SA4 MLP:0.09978127479553223
SA End:0.32153892517089844
Voting and Proposal time:0.34480786323547363
Total inference time: 3.998315 
Start: 1652539245.7565386
Votenet data preprocessing time:0.03126955032348633
Deeplab inference time:0.9764347076416016
Pointpainting time:0.062445640563964844
Pointpainted Votenet start:0.04632163047790527
SA1 sampling and grouping:0.2702770233154297
SA1 MLP:0.8264186382293701
SA2 sampling and grouping:0.09672093391418457
SA2 MLP:0.4080619812011719
SA3 sampling and grouping:0.08614087104797363
SA3 MLP:0.20232582092285156
SA4 sampling and grouping:0.07655739784240723
SA4 MLP:0.09511423110961914
SA End:0.313152551651001
Voting and Proposal time:0.32665014266967773
Total inference time: 3.817891 
Start: 1652539275.8113039
Votenet data preprocessing time:0.02980327606201172
Deeplab inference time:0.9749934673309326
Pointpainting time:0.06229805946350098
Pointpainted Votenet start:0.04604148864746094
SA1 sampling and grouping:0.27495527267456055
SA1 MLP:0.8600997924804688
SA2 sampling and grouping:0.10027074813842773
SA2 MLP:0.40398693084716797
SA3 sampling and grouping:0.0800175666809082
SA3 MLP:0.19912147521972656
SA4 sampling and grouping:0.07146883010864258
SA4 MLP:0.09888792037963867
SA End:0.32089829444885254
Voting and Proposal time:0.3281266689300537
Total inference time: 3.850970 
Start: 1652539305.9231408
Votenet data preprocessing time:0.031210660934448242
Deeplab inference time:0.9799933433532715
Pointpainting time:0.06303930282592773
Pointpainted Votenet start:0.04716753959655762
SA1 sampling and grouping:0.2562980651855469
SA1 MLP:0.8461554050445557
SA2 sampling and grouping:0.10292482376098633
SA2 MLP:0.41320228576660156
SA3 sampling and grouping:0.08274459838867188
SA3 MLP:0.2183213233947754
SA4 sampling and grouping:0.07818818092346191
SA4 MLP:0.10723161697387695
SA End:0.33303236961364746
Voting and Proposal time:0.32894325256347656
Total inference time: 3.888453 
Start: 1652539336.1242814
Votenet data preprocessing time:0.03123307228088379
Deeplab inference time:0.9663136005401611
Pointpainting time:0.06228804588317871
Pointpainted Votenet start:0.04792165756225586
SA1 sampling and grouping:0.2715747356414795
SA1 MLP:0.9890494346618652
SA2 sampling and grouping:0.11092734336853027
SA2 MLP:0.44231319427490234
SA3 sampling and grouping:0.08239173889160156
SA3 MLP:0.20401716232299805
SA4 sampling and grouping:0.07684803009033203
SA4 MLP:0.10760307312011719
SA End:0.31206297874450684
Voting and Proposal time:0.32395482063293457
Total inference time: 4.028499 
Start: 1652539366.2683377
Votenet data preprocessing time:0.03094935417175293
Deeplab inference time:0.9736652374267578
Pointpainting time:0.06246805191040039
Pointpainted Votenet start:0.045835256576538086
SA1 sampling and grouping:0.2197887897491455
SA1 MLP:0.8747458457946777
SA2 sampling and grouping:0.10206246376037598
SA2 MLP:0.4149491786956787
SA3 sampling and grouping:0.09017395973205566
SA3 MLP:0.21337890625
SA4 sampling and grouping:0.07588338851928711
SA4 MLP:0.10840988159179688
SA End:0.3172616958618164
Voting and Proposal time:0.3246634006500244
Total inference time: 3.854235 
Start: 1652539396.382134
Votenet data preprocessing time:0.030987262725830078
Deeplab inference time:0.9898471832275391
Pointpainting time:0.06359505653381348
Pointpainted Votenet start:0.04575991630554199
SA1 sampling and grouping:0.27642202377319336
SA1 MLP:0.8712356090545654
SA2 sampling and grouping:0.1153261661529541
SA2 MLP:0.4283792972564697
SA3 sampling and grouping:0.08107566833496094
SA3 MLP:0.20900321006774902
SA4 sampling and grouping:0.07172250747680664
SA4 MLP:0.09473991394042969
SA End:0.3166055679321289
Voting and Proposal time:0.321185827255249
Total inference time: 3.915885 
Start: 1652539426.4875429
Votenet data preprocessing time:0.030769824981689453
Deeplab inference time:0.9746830463409424
Pointpainting time:0.06338143348693848
Pointpainted Votenet start:0.04684901237487793
SA1 sampling and grouping:0.2678568363189697
SA1 MLP:0.8772537708282471
SA2 sampling and grouping:0.11000895500183105
SA2 MLP:0.43485069274902344
SA3 sampling and grouping:0.08687925338745117
SA3 MLP:0.21885919570922852
SA4 sampling and grouping:0.08504247665405273
SA4 MLP:0.09692859649658203
SA End:0.33913540840148926
Voting and Proposal time:0.3309934139251709
Total inference time: 3.963492 
Start: 1652539456.8779805
Votenet data preprocessing time:0.030219316482543945
Deeplab inference time:0.9674479961395264
Pointpainting time:0.06297183036804199
Pointpainted Votenet start:0.04709339141845703
SA1 sampling and grouping:0.26334238052368164
SA1 MLP:0.8965659141540527
SA2 sampling and grouping:0.1004939079284668
SA2 MLP:0.4283313751220703
SA3 sampling and grouping:0.08964109420776367
SA3 MLP:0.22343778610229492
SA4 sampling and grouping:0.07541656494140625
SA4 MLP:0.10317540168762207
SA End:0.3157336711883545
Voting and Proposal time:0.3235924243927002
Total inference time: 3.927463 
Start: 1652539487.0757604
Votenet data preprocessing time:0.029417037963867188
Deeplab inference time:0.9807054996490479
Pointpainting time:0.06294536590576172
Pointpainted Votenet start:0.046942710876464844
SA1 sampling and grouping:0.30539989471435547
SA1 MLP:0.900745153427124
SA2 sampling and grouping:0.10685467720031738
SA2 MLP:0.43984508514404297
SA3 sampling and grouping:0.08516335487365723
SA3 MLP:0.21122217178344727
SA4 sampling and grouping:0.07625198364257812
SA4 MLP:0.09780693054199219
SA End:0.3166193962097168
Voting and Proposal time:0.3365445137023926
Total inference time: 3.996464 
Start: 1652539517.1868067
Votenet data preprocessing time:0.02931046485900879
Deeplab inference time:0.9788901805877686
Pointpainting time:0.06263566017150879
Pointpainted Votenet start:0.050803184509277344
SA1 sampling and grouping:0.2413315773010254
SA1 MLP:0.8401749134063721
SA2 sampling and grouping:0.09828042984008789
SA2 MLP:0.4138505458831787
SA3 sampling and grouping:0.08828330039978027
SA3 MLP:0.21252155303955078
SA4 sampling and grouping:0.08142471313476562
SA4 MLP:0.10181474685668945
SA End:0.3139963150024414
Voting and Proposal time:0.33354973793029785
Total inference time: 3.846867 
Start: 1652539547.3024197
Votenet data preprocessing time:0.031363725662231445
Deeplab inference time:0.9783725738525391
Pointpainting time:0.06281900405883789
Pointpainted Votenet start:0.04674530029296875
SA1 sampling and grouping:0.22999882698059082
SA1 MLP:0.905318021774292
SA2 sampling and grouping:0.10522198677062988
SA2 MLP:0.424114465713501
SA3 sampling and grouping:0.08807182312011719
SA3 MLP:0.22064781188964844
SA4 sampling and grouping:0.0782768726348877
SA4 MLP:0.10219454765319824
SA End:0.3220841884613037
Voting and Proposal time:0.32964110374450684
Total inference time: 3.924870 
Start: 1652539577.301344
Votenet data preprocessing time:0.03154253959655762
Deeplab inference time:0.9909520149230957
Pointpainting time:0.06299686431884766
Pointpainted Votenet start:0.04552721977233887
SA1 sampling and grouping:0.26770710945129395
SA1 MLP:0.9264087677001953
SA2 sampling and grouping:0.11451888084411621
SA2 MLP:0.42862415313720703
SA3 sampling and grouping:0.08271193504333496
SA3 MLP:0.21422791481018066
SA4 sampling and grouping:0.07998132705688477
SA4 MLP:0.10828495025634766
SA End:0.3141505718231201
Voting and Proposal time:0.3307976722717285
Total inference time: 3.998432 
Start: 1652539607.59005
Votenet data preprocessing time:0.029405593872070312
Deeplab inference time:0.9604363441467285
Pointpainting time:0.06347370147705078
Pointpainted Votenet start:0.048961639404296875
SA1 sampling and grouping:0.2899341583251953
SA1 MLP:0.9255011081695557
SA2 sampling and grouping:0.10012483596801758
SA2 MLP:0.41545724868774414
SA3 sampling and grouping:0.08159995079040527
SA3 MLP:0.20535039901733398
SA4 sampling and grouping:0.07773375511169434
SA4 MLP:0.09620022773742676
SA End:0.33954501152038574
Voting and Proposal time:0.3279545307159424
Total inference time: 3.961679 
Start: 1652540668.1714408
Votenet data preprocessing time:0.03100752830505371
Deeplab inference time:0.9748790264129639
Pointpainting time:0.06277179718017578
Pointpainted Votenet start:0.04774761199951172
SA1 sampling and grouping 1:0.2208566665649414
SA1 MLP 1:0.38048624992370605
SA1 sampling and grouping: 20.019399166107177734
SA1 MLP 2:0.5047998428344727
SA2 sampling and grouping 1:0.029575347900390625
SA2 MLP 1:0.21052193641662598
SA2 sampling and grouping 2:0.06381773948669434
SA2 MLP 2:0.21523070335388184
SA3 sampling and grouping 1:0.022916555404663086
SA3 MLP 1:0.10127615928649902
SA3 sampling and grouping 2:0.0593874454498291
SA3 MLP 2:0.10383105278015137
SA4 sampling and grouping 1:0.01989459991455078
SA4 MLP 1:0.05189251899719238
SA4 sampling and grouping 2:0.05730247497558594
SA4 MLP 2:0.0471348762512207
SA End:0.31212425231933594
Voting and Proposal time:0.34033894538879395
Total inference time: 3.877192 
Start: 1652540698.3052227
Votenet data preprocessing time:0.031357765197753906
Deeplab inference time:0.9911317825317383
Pointpainting time:0.06310462951660156
Pointpainted Votenet start:0.04665255546569824
SA1 sampling and grouping 1:0.24997925758361816
SA1 MLP 1:0.3946652412414551
SA1 sampling and grouping: 20.01858663558959961
SA1 MLP 2:0.5181465148925781
SA2 sampling and grouping 1:0.03806352615356445
SA2 MLP 1:0.22400164604187012
SA2 sampling and grouping 2:0.07011055946350098
SA2 MLP 2:0.20642614364624023
SA3 sampling and grouping 1:0.021476268768310547
SA3 MLP 1:0.10172486305236816
SA3 sampling and grouping 2:0.06783390045166016
SA3 MLP 2:0.10465049743652344
SA4 sampling and grouping 1:0.01916646957397461
SA4 MLP 1:0.05421185493469238
SA4 sampling and grouping 2:0.06058335304260254
SA4 MLP 2:0.0479581356048584
SA End:0.31943392753601074
Voting and Proposal time:0.33355283737182617
Total inference time: 3.982818 
Start: 1652540728.6318953
Votenet data preprocessing time:0.03136038780212402
Deeplab inference time:0.9711081981658936
Pointpainting time:0.06276535987854004
Pointpainted Votenet start:0.049248695373535156
SA1 sampling and grouping 1:0.26261472702026367
SA1 MLP 1:0.3777625560760498
SA1 sampling and grouping: 20.019250869750976562
SA1 MLP 2:0.49338364601135254
SA2 sampling and grouping 1:0.03323650360107422
SA2 MLP 1:0.2283322811126709
SA2 sampling and grouping 2:0.07863450050354004
SA2 MLP 2:0.22560381889343262
SA3 sampling and grouping 1:0.02244424819946289
SA3 MLP 1:0.11152124404907227
SA3 sampling and grouping 2:0.06729316711425781
SA3 MLP 2:0.10754108428955078
SA4 sampling and grouping 1:0.02199530601501465
SA4 MLP 1:0.052095890045166016
SA4 sampling and grouping 2:0.0626683235168457
SA4 MLP 2:0.04926705360412598
SA End:0.3184640407562256
Voting and Proposal time:0.3257896900177002
Total inference time: 3.972382 
Start: 1652540758.8821635
Votenet data preprocessing time:0.0317997932434082
Deeplab inference time:0.9747574329376221
Pointpainting time:0.06301355361938477
Pointpainted Votenet start:0.04666638374328613
SA1 sampling and grouping 1:0.27484941482543945
SA1 MLP 1:0.37311220169067383
SA1 sampling and grouping: 20.017237186431884766
SA1 MLP 2:0.48505449295043945
SA2 sampling and grouping 1:0.03563809394836426
SA2 MLP 1:0.22063803672790527
SA2 sampling and grouping 2:0.06493520736694336
SA2 MLP 2:0.210066556930542
SA3 sampling and grouping 1:0.020711421966552734
SA3 MLP 1:0.10585403442382812
SA3 sampling and grouping 2:0.061589956283569336
SA3 MLP 2:0.11078500747680664
SA4 sampling and grouping 1:0.0192716121673584
SA4 MLP 1:0.051168203353881836
SA4 sampling and grouping 2:0.06054997444152832
SA4 MLP 2:0.056822776794433594
SA End:0.3217964172363281
Voting and Proposal time:0.3396754264831543
Total inference time: 3.945993 
Start: 1652540789.1435382
Votenet data preprocessing time:0.03164362907409668
Deeplab inference time:0.9766030311584473
Pointpainting time:0.06274032592773438
Pointpainted Votenet start:0.04690718650817871
SA1 sampling and grouping 1:0.3237318992614746
SA1 MLP 1:0.37430238723754883
SA1 sampling and grouping: 20.01916980743408203
SA1 MLP 2:0.47600340843200684
SA2 sampling and grouping 1:0.03056812286376953
SA2 MLP 1:0.20359277725219727
SA2 sampling and grouping 2:0.06447458267211914
SA2 MLP 2:0.20085668563842773
SA3 sampling and grouping 1:0.018093347549438477
SA3 MLP 1:0.10138988494873047
SA3 sampling and grouping 2:0.062470197677612305
SA3 MLP 2:0.10741353034973145
SA4 sampling and grouping 1:0.019834041595458984
SA4 MLP 1:0.052141427993774414
SA4 sampling and grouping 2:0.05630040168762207
SA4 MLP 2:0.049863576889038086
SA End:0.3189585208892822
Voting and Proposal time:0.3373870849609375
Total inference time: 3.934446 
Start: 1652540819.4008656
Votenet data preprocessing time:0.029464006423950195
Deeplab inference time:0.97409987449646
Pointpainting time:0.06273460388183594
Pointpainted Votenet start:0.04786396026611328
SA1 sampling and grouping 1:0.2881028652191162
SA1 MLP 1:0.41237545013427734
SA1 sampling and grouping: 20.021944046020507812
SA1 MLP 2:0.50148606300354
SA2 sampling and grouping 1:0.03390955924987793
SA2 MLP 1:0.20774602890014648
SA2 sampling and grouping 2:0.06329631805419922
SA2 MLP 2:0.2162482738494873
SA3 sampling and grouping 1:0.023075580596923828
SA3 MLP 1:0.10899543762207031
SA3 sampling and grouping 2:0.06175589561462402
SA3 MLP 2:0.11292576789855957
SA4 sampling and grouping 1:0.02221846580505371
SA4 MLP 1:0.05356121063232422
SA4 sampling and grouping 2:0.05660557746887207
SA4 MLP 2:0.05107235908508301
SA End:0.3270857334136963
Voting and Proposal time:0.3478577136993408
Total inference time: 4.024425 
Start: 1652540849.8802106
Votenet data preprocessing time:0.03108835220336914
Deeplab inference time:0.9832546710968018
Pointpainting time:0.062427520751953125
Pointpainted Votenet start:0.04681110382080078
SA1 sampling and grouping 1:0.1990511417388916
SA1 MLP 1:0.35188937187194824
SA1 sampling and grouping: 20.020865678787231445
SA1 MLP 2:0.5142474174499512
SA2 sampling and grouping 1:0.03586530685424805
SA2 MLP 1:0.21790051460266113
SA2 sampling and grouping 2:0.07087016105651855
SA2 MLP 2:0.2235579490661621
SA3 sampling and grouping 1:0.023936033248901367
SA3 MLP 1:0.10397863388061523
SA3 sampling and grouping 2:0.06482982635498047
SA3 MLP 2:0.11168026924133301
SA4 sampling and grouping 1:0.023450613021850586
SA4 MLP 1:0.05790853500366211
SA4 sampling and grouping 2:0.05932950973510742
SA4 MLP 2:0.05964994430541992
SA End:0.3272867202758789
Voting and Proposal time:0.34563350677490234
Total inference time: 3.935513 
Start: 1652540880.1211035
Votenet data preprocessing time:0.03094792366027832
Deeplab inference time:0.9794650077819824
Pointpainting time:0.06681466102600098
Pointpainted Votenet start:0.0481562614440918
SA1 sampling and grouping 1:0.21197199821472168
SA1 MLP 1:0.35550498962402344
SA1 sampling and grouping: 20.018207073211669922
SA1 MLP 2:0.49236011505126953
SA2 sampling and grouping 1:0.038243770599365234
SA2 MLP 1:0.22731232643127441
SA2 sampling and grouping 2:0.07077646255493164
SA2 MLP 2:0.23088693618774414
SA3 sampling and grouping 1:0.02330303192138672
SA3 MLP 1:0.11388850212097168
SA3 sampling and grouping 2:0.061293840408325195
SA3 MLP 2:0.1102442741394043
SA4 sampling and grouping 1:0.020242691040039062
SA4 MLP 1:0.054929256439208984
SA4 sampling and grouping 2:0.059363603591918945
SA4 MLP 2:0.05611395835876465
SA End:0.33914685249328613
Voting and Proposal time:0.3520631790161133
Total inference time: 3.961237 
Start: 1652540910.2980747
Votenet data preprocessing time:0.029428482055664062
Deeplab inference time:0.9986815452575684
Pointpainting time:0.06251239776611328
Pointpainted Votenet start:0.04704117774963379
SA1 sampling and grouping 1:0.28905558586120605
SA1 MLP 1:0.3924577236175537
SA1 sampling and grouping: 20.02292919158935547
SA1 MLP 2:0.49347782135009766
SA2 sampling and grouping 1:0.035791635513305664
SA2 MLP 1:0.23012328147888184
SA2 sampling and grouping 2:0.07100582122802734
SA2 MLP 2:0.23176884651184082
SA3 sampling and grouping 1:0.025829315185546875
SA3 MLP 1:0.1182091236114502
SA3 sampling and grouping 2:0.06593966484069824
SA3 MLP 2:0.1079716682434082
SA4 sampling and grouping 1:0.020819902420043945
SA4 MLP 1:0.05941414833068848
SA4 sampling and grouping 2:0.06154608726501465
SA4 MLP 2:0.054236412048339844
SA End:0.32178664207458496
Voting and Proposal time:0.34482812881469727
Total inference time: 4.084855 
Start: 1652540940.7509775
Votenet data preprocessing time:0.031252384185791016
Deeplab inference time:0.9802131652832031
Pointpainting time:0.06273603439331055
Pointpainted Votenet start:0.04695463180541992
SA1 sampling and grouping 1:0.2488114833831787
SA1 MLP 1:0.3805122375488281
SA1 sampling and grouping: 20.021823406219482422
SA1 MLP 2:0.4819350242614746
SA2 sampling and grouping 1:0.033620595932006836
SA2 MLP 1:0.23268580436706543
SA2 sampling and grouping 2:0.07582283020019531
SA2 MLP 2:0.23457646369934082
SA3 sampling and grouping 1:0.02703714370727539
SA3 MLP 1:0.11414599418640137
SA3 sampling and grouping 2:0.06363391876220703
SA3 MLP 2:0.10117959976196289
SA4 sampling and grouping 1:0.019629240036010742
SA4 MLP 1:0.05303025245666504
SA4 sampling and grouping 2:0.06108736991882324
SA4 MLP 2:0.05676984786987305
SA End:0.3253645896911621
Voting and Proposal time:0.3303091526031494
Total inference time: 3.983131 
Start: 1652540971.1001337
Votenet data preprocessing time:0.031259775161743164
Deeplab inference time:0.9755382537841797
Pointpainting time:0.06286215782165527
Pointpainted Votenet start:0.04751324653625488
SA1 sampling and grouping 1:0.24222064018249512
SA1 MLP 1:0.3877265453338623
SA1 sampling and grouping: 20.021920442581176758
SA1 MLP 2:0.4887971878051758
SA2 sampling and grouping 1:0.03563284873962402
SA2 MLP 1:0.21758580207824707
SA2 sampling and grouping 2:0.06560206413269043
SA2 MLP 2:0.1976470947265625
SA3 sampling and grouping 1:0.01977252960205078
SA3 MLP 1:0.09489917755126953
SA3 sampling and grouping 2:0.06103944778442383
SA3 MLP 2:0.10276198387145996
SA4 sampling and grouping 1:0.02011847496032715
SA4 MLP 1:0.04965829849243164
SA4 sampling and grouping 2:0.058898210525512695
SA4 MLP 2:0.04961872100830078
SA End:0.3237884044647217
Voting and Proposal time:0.33422374725341797
Total inference time: 3.889085 
Start: 1652541001.4100828
Votenet data preprocessing time:0.031210660934448242
Deeplab inference time:0.9756455421447754
Pointpainting time:0.0636906623840332
Pointpainted Votenet start:0.047545433044433594
SA1 sampling and grouping 1:0.2512626647949219
SA1 MLP 1:0.38814711570739746
SA1 sampling and grouping: 20.018608570098876953
SA1 MLP 2:0.5074167251586914
SA2 sampling and grouping 1:0.037732601165771484
SA2 MLP 1:0.22220587730407715
SA2 sampling and grouping 2:0.06323599815368652
SA2 MLP 2:0.21727538108825684
SA3 sampling and grouping 1:0.020198345184326172
SA3 MLP 1:0.1074836254119873
SA3 sampling and grouping 2:0.06327962875366211
SA3 MLP 2:0.10672760009765625
SA4 sampling and grouping 1:0.019672155380249023
SA4 MLP 1:0.05525708198547363
SA4 sampling and grouping 2:0.05777692794799805
SA4 MLP 2:0.04951333999633789
SA End:0.32204341888427734
Voting and Proposal time:0.3372926712036133
Total inference time: 3.963222 
Start: 1652541031.8478124
Votenet data preprocessing time:0.03123927116394043
Deeplab inference time:0.9744222164154053
Pointpainting time:0.06251192092895508
Pointpainted Votenet start:0.04598498344421387
SA1 sampling and grouping 1:0.21703004837036133
SA1 MLP 1:0.3702700138092041
SA1 sampling and grouping: 20.01905202865600586
SA1 MLP 2:0.4643673896789551
SA2 sampling and grouping 1:0.03142285346984863
SA2 MLP 1:0.20966887474060059
SA2 sampling and grouping 2:0.06517887115478516
SA2 MLP 2:0.2100086212158203
SA3 sampling and grouping 1:0.022548198699951172
SA3 MLP 1:0.10027718544006348
SA3 sampling and grouping 2:0.057453155517578125
SA3 MLP 2:0.10850977897644043
SA4 sampling and grouping 1:0.02104496955871582
SA4 MLP 1:0.05202007293701172
SA4 sampling and grouping 2:0.05898022651672363
SA4 MLP 2:0.05080890655517578
SA End:0.32320713996887207
Voting and Proposal time:0.33893394470214844
Total inference time: 3.834941 
Start: 1652541061.919088
Votenet data preprocessing time:0.031481266021728516
Deeplab inference time:0.9809243679046631
Pointpainting time:0.06286001205444336
Pointpainted Votenet start:0.04578089714050293
SA1 sampling and grouping 1:0.27387452125549316
SA1 MLP 1:0.4587862491607666
SA1 sampling and grouping: 20.021969079971313477
SA1 MLP 2:0.5662312507629395
SA2 sampling and grouping 1:0.03819751739501953
SA2 MLP 1:0.23470497131347656
SA2 sampling and grouping 2:0.06703615188598633
SA2 MLP 2:0.23380446434020996
SA3 sampling and grouping 1:0.021505355834960938
SA3 MLP 1:0.11963105201721191
SA3 sampling and grouping 2:0.05971527099609375
SA3 MLP 2:0.12134385108947754
SA4 sampling and grouping 1:0.02296280860900879
SA4 MLP 1:0.059556007385253906
SA4 sampling and grouping 2:0.06069517135620117
SA4 MLP 2:0.0565645694732666
SA End:0.31291913986206055
Voting and Proposal time:0.3719911575317383
Total inference time: 4.222535 
Start: 1652541092.3191555
Votenet data preprocessing time:0.03136634826660156
Deeplab inference time:0.9957375526428223
Pointpainting time:0.06280350685119629
Pointpainted Votenet start:0.047454118728637695
SA1 sampling and grouping 1:0.19807720184326172
SA1 MLP 1:0.38801097869873047
SA1 sampling and grouping: 20.022448301315307617
SA1 MLP 2:0.4764540195465088
SA2 sampling and grouping 1:0.033899784088134766
SA2 MLP 1:0.2235264778137207
SA2 sampling and grouping 2:0.07870197296142578
SA2 MLP 2:0.22931790351867676
SA3 sampling and grouping 1:0.024104833602905273
SA3 MLP 1:0.12094807624816895
SA3 sampling and grouping 2:0.06314992904663086
SA3 MLP 2:0.1124122142791748
SA4 sampling and grouping 1:0.02389979362487793
SA4 MLP 1:0.05807209014892578
SA4 sampling and grouping 2:0.06570887565612793
SA4 MLP 2:0.050820350646972656
SA End:0.32176733016967773
Voting and Proposal time:0.33307456970214844
Total inference time: 3.961756 
Start: 1652541122.7941544
Votenet data preprocessing time:0.031159400939941406
Deeplab inference time:0.9819600582122803
Pointpainting time:0.06337904930114746
Pointpainted Votenet start:0.04621148109436035
SA1 sampling and grouping 1:0.24234676361083984
SA1 MLP 1:0.3597733974456787
SA1 sampling and grouping: 20.017684221267700195
SA1 MLP 2:0.4684901237487793
SA2 sampling and grouping 1:0.032819271087646484
SA2 MLP 1:0.20587944984436035
SA2 sampling and grouping 2:0.0676877498626709
SA2 MLP 2:0.2006242275238037
SA3 sampling and grouping 1:0.018021345138549805
SA3 MLP 1:0.10198426246643066
SA3 sampling and grouping 2:0.06063270568847656
SA3 MLP 2:0.09862494468688965
SA4 sampling and grouping 1:0.01864027976989746
SA4 MLP 1:0.05178189277648926
SA4 sampling and grouping 2:0.05733847618103027
SA4 MLP 2:0.04866790771484375
SA End:0.3238961696624756
Voting and Proposal time:0.34165334701538086
Total inference time: 3.839257 
Start: 1652541152.9365873
Votenet data preprocessing time:0.031249523162841797
Deeplab inference time:0.972313404083252
Pointpainting time:0.06291007995605469
Pointpainted Votenet start:0.04697108268737793
SA1 sampling and grouping 1:0.2879183292388916
SA1 MLP 1:0.3590116500854492
SA1 sampling and grouping: 20.018100976943969727
SA1 MLP 2:0.4940214157104492
SA2 sampling and grouping 1:0.03409075736999512
SA2 MLP 1:0.20247554779052734
SA2 sampling and grouping 2:0.06039595603942871
SA2 MLP 2:0.20286178588867188
SA3 sampling and grouping 1:0.020228147506713867
SA3 MLP 1:0.09643793106079102
SA3 sampling and grouping 2:0.05955672264099121
SA3 MLP 2:0.10271358489990234
SA4 sampling and grouping 1:0.02014636993408203
SA4 MLP 1:0.0547022819519043
SA4 sampling and grouping 2:0.055803775787353516
SA4 MLP 2:0.04995560646057129
SA End:0.312014102935791
Voting and Proposal time:0.33669567108154297
Total inference time: 3.880575 
Start: 1652541183.1155636
Votenet data preprocessing time:0.029621601104736328
Deeplab inference time:0.9692418575286865
Pointpainting time:0.06300806999206543
Pointpainted Votenet start:0.04796195030212402
SA1 sampling and grouping 1:0.2212848663330078
SA1 MLP 1:0.38454389572143555
SA1 sampling and grouping: 20.01666736602783203
SA1 MLP 2:0.4998476505279541
SA2 sampling and grouping 1:0.036055803298950195
SA2 MLP 1:0.21153020858764648
SA2 sampling and grouping 2:0.0634920597076416
SA2 MLP 2:0.21561694145202637
SA3 sampling and grouping 1:0.018887758255004883
SA3 MLP 1:0.10388374328613281
SA3 sampling and grouping 2:0.0631418228149414
SA3 MLP 2:0.10865449905395508
SA4 sampling and grouping 1:0.020946741104125977
SA4 MLP 1:0.0514986515045166
SA4 sampling and grouping 2:0.05521965026855469
SA4 MLP 2:0.052358388900756836
SA End:0.3109581470489502
Voting and Proposal time:0.3386671543121338
Total inference time: 3.883089 
Start: 1652541213.3567104
Votenet data preprocessing time:0.031186580657958984
Deeplab inference time:0.979419469833374
Pointpainting time:0.06301426887512207
Pointpainted Votenet start:0.04817080497741699
SA1 sampling and grouping 1:0.27643322944641113
SA1 MLP 1:0.38714075088500977
SA1 sampling and grouping: 20.017862796783447266
SA1 MLP 2:0.5079941749572754
SA2 sampling and grouping 1:0.0313262939453125
SA2 MLP 1:0.21148324012756348
SA2 sampling and grouping 2:0.07040596008300781
SA2 MLP 2:0.20388388633728027
SA3 sampling and grouping 1:0.020331382751464844
SA3 MLP 1:0.10495734214782715
SA3 sampling and grouping 2:0.06537890434265137
SA3 MLP 2:0.10808467864990234
SA4 sampling and grouping 1:0.019926071166992188
SA4 MLP 1:0.053562164306640625
SA4 sampling and grouping 2:0.05864095687866211
SA4 MLP 2:0.049695730209350586
SA End:0.3203411102294922
Voting and Proposal time:0.3335146903991699
Total inference time: 3.962754 
Start: 1652541243.5642476
Votenet data preprocessing time:0.029237031936645508
Deeplab inference time:0.9706230163574219
Pointpainting time:0.06278729438781738
Pointpainted Votenet start:0.04795408248901367
SA1 sampling and grouping 1:0.30994415283203125
SA1 MLP 1:0.42116689682006836
SA1 sampling and grouping: 20.019240856170654297
SA1 MLP 2:0.5423750877380371
SA2 sampling and grouping 1:0.04012012481689453
SA2 MLP 1:0.2268073558807373
SA2 sampling and grouping 2:0.06836986541748047
SA2 MLP 2:0.22119712829589844
SA3 sampling and grouping 1:0.01952648162841797
SA3 MLP 1:0.10594677925109863
SA3 sampling and grouping 2:0.06102800369262695
SA3 MLP 2:0.10972332954406738
SA4 sampling and grouping 1:0.021485567092895508
SA4 MLP 1:0.05586862564086914
SA4 sampling and grouping 2:0.05884742736816406
SA4 MLP 2:0.05559706687927246
SA End:0.32042860984802246
Voting and Proposal time:0.3422882556915283
Total inference time: 4.110563 
