Start: 1676450615.0315328
Votenet data preprocessing time:0.03118157386779785
Pointpainted Votenet start:0.027466535568237305
Deeplab inference time:0.8851299285888672
Pointpainting time:0.011707067489624023
SA1 sampling and grouping 1:0.08447885513305664
SA1 MLP 1:0.0015978813171386719
SA1 sampling and grouping 2:0.2370312213897705
SA1 MLP 2:0.014872074127197266
SA2 sampling and grouping 1:0.029459714889526367
SA2 MLP 1:0.20860004425048828
SA2 sampling and grouping 2:0.04959297180175781
SA2 MLP 2:0.21954798698425293
SA3 sampling and grouping 1:0.01642632484436035
SA3 MLP 1:0.24283814430236816
SA3 sampling and grouping 2:0.027204513549804688
SA3 MLP 2:0.06614279747009277
SA4 sampling and grouping:0.09859824180603027
SA4 MLP:0.08849000930786133
SA End:0.031644344329833984
Voting and Proposal time:0.22582101821899414
Total inference time: 2.597831 
Start: 1676450643.815135
Votenet data preprocessing time:0.029901742935180664
Pointpainted Votenet start:0.027690649032592773
Deeplab inference time:0.8864526748657227
Pointpainting time:0.011495828628540039
SA1 sampling and grouping 1:0.08592343330383301
SA1 MLP 1:0.0011334419250488281
SA1 sampling and grouping 2:0.4284708499908447
SA1 MLP 2:0.00025010108947753906
SA2 sampling and grouping 1:0.03238940238952637
SA2 MLP 1:0.20446062088012695
SA2 sampling and grouping 2:0.060427188873291016
SA2 MLP 2:0.2144908905029297
SA3 sampling and grouping 1:0.0216672420501709
SA3 MLP 1:0.2338874340057373
SA3 sampling and grouping 2:0.03339385986328125
SA3 MLP 2:0.061568498611450195
SA4 sampling and grouping:0.09948968887329102
SA4 MLP:0.09299373626708984
SA End:0.03307509422302246
Voting and Proposal time:0.22949981689453125
Total inference time: 2.788662 
Start: 1676450672.9774003
Votenet data preprocessing time:0.031409263610839844
Pointpainted Votenet start:0.027388334274291992
Deeplab inference time:0.8815605640411377
Pointpainting time:0.011646270751953125
SA1 sampling and grouping 1:0.08343219757080078
SA1 MLP 1:0.0010044574737548828
SA1 sampling and grouping 2:0.27376365661621094
SA1 MLP 2:0.00016689300537109375
SA2 sampling and grouping 1:0.028828144073486328
SA2 MLP 1:0.20796942710876465
SA2 sampling and grouping 2:0.05187058448791504
SA2 MLP 2:0.2193765640258789
SA3 sampling and grouping 1:0.020247220993041992
SA3 MLP 1:0.23874902725219727
SA3 sampling and grouping 2:0.030559062957763672
SA3 MLP 2:0.0649881362915039
SA4 sampling and grouping:0.10130071640014648
SA4 MLP:0.09355497360229492
SA End:0.032444000244140625
Voting and Proposal time:0.22609663009643555
Total inference time: 2.626356 
Start: 1676450701.985012
Votenet data preprocessing time:0.032262325286865234
Pointpainted Votenet start:0.027359724044799805
Deeplab inference time:0.8786225318908691
Pointpainting time:0.01154947280883789
SA1 sampling and grouping 1:0.08389616012573242
SA1 MLP 1:0.0015635490417480469
SA1 sampling and grouping 2:0.2664177417755127
SA1 MLP 2:0.00016069412231445312
SA2 sampling and grouping 1:0.0298616886138916
SA2 MLP 1:0.20605134963989258
SA2 sampling and grouping 2:0.059432029724121094
SA2 MLP 2:0.2122664451599121
SA3 sampling and grouping 1:0.01950693130493164
SA3 MLP 1:0.24044013023376465
SA3 sampling and grouping 2:0.038381338119506836
SA3 MLP 2:0.05147600173950195
SA4 sampling and grouping:0.10210347175598145
SA4 MLP:0.09171295166015625
SA End:0.03765559196472168
Voting and Proposal time:0.23188328742980957
Total inference time: 2.622603 
Start: 1676450730.985965
Votenet data preprocessing time:0.031214237213134766
Pointpainted Votenet start:0.02768111228942871
Deeplab inference time:0.8867976665496826
Pointpainting time:0.011626482009887695
SA1 sampling and grouping 1:0.08842730522155762
SA1 MLP 1:0.0021162033081054688
SA1 sampling and grouping 2:0.26218509674072266
SA1 MLP 2:0.00015473365783691406
SA2 sampling and grouping 1:0.029492855072021484
SA2 MLP 1:0.20685338973999023
SA2 sampling and grouping 2:0.05791640281677246
SA2 MLP 2:0.21363306045532227
SA3 sampling and grouping 1:0.019857168197631836
SA3 MLP 1:0.23980069160461426
SA3 sampling and grouping 2:0.02941441535949707
SA3 MLP 2:0.06415820121765137
SA4 sampling and grouping:0.09905505180358887
SA4 MLP:0.09120011329650879
SA End:0.035036563873291016
Voting and Proposal time:0.22434449195861816
Total inference time: 2.620965 
Start: 1676450759.9622424
Votenet data preprocessing time:0.03209853172302246
Pointpainted Votenet start:0.02726459503173828
Deeplab inference time:0.8832559585571289
Pointpainting time:0.011722803115844727
SA1 sampling and grouping 1:0.08272814750671387
SA1 MLP 1:0.0011320114135742188
SA1 sampling and grouping 2:0.31334543228149414
SA1 MLP 2:0.0001747608184814453
SA2 sampling and grouping 1:0.02986764907836914
SA2 MLP 1:0.20636272430419922
SA2 sampling and grouping 2:0.057386159896850586
SA2 MLP 2:0.21508121490478516
SA3 sampling and grouping 1:0.02098226547241211
SA3 MLP 1:0.23956012725830078
SA3 sampling and grouping 2:0.03180956840515137
SA3 MLP 2:0.06231808662414551
SA4 sampling and grouping:0.09997177124023438
SA4 MLP:0.09081578254699707
SA End:0.032572269439697266
Voting and Proposal time:0.22659063339233398
Total inference time: 2.665040 
Start: 1676450789.1117976
Votenet data preprocessing time:0.03120875358581543
Pointpainted Votenet start:0.027255773544311523
Deeplab inference time:0.8814551830291748
Pointpainting time:0.011644124984741211
SA1 sampling and grouping 1:0.08292102813720703
SA1 MLP 1:0.0010685920715332031
SA1 sampling and grouping 2:0.2752699851989746
SA1 MLP 2:0.00017452239990234375
SA2 sampling and grouping 1:0.029863357543945312
SA2 MLP 1:0.20520949363708496
SA2 sampling and grouping 2:0.045981645584106445
SA2 MLP 2:0.2327735424041748
SA3 sampling and grouping 1:0.016910314559936523
SA3 MLP 1:0.24360871315002441
SA3 sampling and grouping 2:0.027149200439453125
SA3 MLP 2:0.0672605037689209
SA4 sampling and grouping:0.09900522232055664
SA4 MLP:0.08780789375305176
SA End:0.033797502517700195
Voting and Proposal time:0.22460269927978516
Total inference time: 2.624968 
Start: 1676450817.947802
Votenet data preprocessing time:0.02962636947631836
Pointpainted Votenet start:0.027509450912475586
Deeplab inference time:0.8831827640533447
Pointpainting time:0.011574268341064453
SA1 sampling and grouping 1:0.0809168815612793
SA1 MLP 1:0.001178741455078125
SA1 sampling and grouping 2:0.213287353515625
SA1 MLP 2:0.04056882858276367
SA2 sampling and grouping 1:0.03086113929748535
SA2 MLP 1:0.2046642303466797
SA2 sampling and grouping 2:0.05277419090270996
SA2 MLP 2:0.22145700454711914
SA3 sampling and grouping 1:0.016230344772338867
SA3 MLP 1:0.2402033805847168
SA3 sampling and grouping 2:0.028110742568969727
SA3 MLP 2:0.06561470031738281
SA4 sampling and grouping:0.09825849533081055
SA4 MLP:0.09110713005065918
SA End:0.03390216827392578
Voting and Proposal time:0.2288062572479248
Total inference time: 2.599834 
Start: 1676450846.864276
Votenet data preprocessing time:0.029639482498168945
Pointpainted Votenet start:0.027923107147216797
Deeplab inference time:0.8817164897918701
Pointpainting time:0.011415958404541016
SA1 sampling and grouping 1:0.0848393440246582
SA1 MLP 1:0.001135110855102539
SA1 sampling and grouping 2:0.2576761245727539
SA1 MLP 2:0.00018143653869628906
SA2 sampling and grouping 1:0.028511524200439453
SA2 MLP 1:0.2083587646484375
SA2 sampling and grouping 2:0.05836296081542969
SA2 MLP 2:0.22023367881774902
SA3 sampling and grouping 1:0.01635456085205078
SA3 MLP 1:0.24342036247253418
SA3 sampling and grouping 2:0.02816009521484375
SA3 MLP 2:0.0659327507019043
SA4 sampling and grouping:0.10121774673461914
SA4 MLP:0.09194827079772949
SA End:0.032712459564208984
Voting and Proposal time:0.22263646125793457
Total inference time: 2.612377 
Start: 1676450875.7541769
Votenet data preprocessing time:0.03126072883605957
Pointpainted Votenet start:0.028436660766601562
Deeplab inference time:0.8852710723876953
Pointpainting time:0.011591196060180664
SA1 sampling and grouping 1:0.08260631561279297
SA1 MLP 1:0.0015406608581542969
SA1 sampling and grouping 2:0.3335537910461426
SA1 MLP 2:0.00016164779663085938
SA2 sampling and grouping 1:0.031627655029296875
SA2 MLP 1:0.20498418807983398
SA2 sampling and grouping 2:0.059237003326416016
SA2 MLP 2:0.21551871299743652
SA3 sampling and grouping 1:0.022864341735839844
SA3 MLP 1:0.2347259521484375
SA3 sampling and grouping 2:0.03388214111328125
SA3 MLP 2:0.05615997314453125
SA4 sampling and grouping:0.10115671157836914
SA4 MLP:0.09114789962768555
SA End:0.03349661827087402
Voting and Proposal time:0.22414064407348633
Total inference time: 2.683364 
Start: 1676450904.7640793
Votenet data preprocessing time:0.029515504837036133
Pointpainted Votenet start:0.02774524688720703
Deeplab inference time:0.8820855617523193
Pointpainting time:0.011432886123657227
SA1 sampling and grouping 1:0.08400321006774902
SA1 MLP 1:0.0012292861938476562
SA1 sampling and grouping 2:0.3940398693084717
SA1 MLP 2:0.0001971721649169922
SA2 sampling and grouping 1:0.030414342880249023
SA2 MLP 1:0.2055673599243164
SA2 sampling and grouping 2:0.058153390884399414
SA2 MLP 2:0.21387028694152832
SA3 sampling and grouping 1:0.02084040641784668
SA3 MLP 1:0.2360241413116455
SA3 sampling and grouping 2:0.03121638298034668
SA3 MLP 2:0.06309866905212402
SA4 sampling and grouping:0.09863138198852539
SA4 MLP:0.09191203117370605
SA End:0.032652854919433594
Voting and Proposal time:0.22400474548339844
Total inference time: 2.736635 
Start: 1676450933.7985623
Votenet data preprocessing time:0.03133201599121094
Pointpainted Votenet start:0.0283205509185791
Deeplab inference time:0.8835186958312988
Pointpainting time:0.011666536331176758
SA1 sampling and grouping 1:0.08500504493713379
SA1 MLP 1:0.0017695426940917969
SA1 sampling and grouping 2:0.28587937355041504
SA1 MLP 2:0.00016498565673828125
SA2 sampling and grouping 1:0.029997587203979492
SA2 MLP 1:0.20296025276184082
SA2 sampling and grouping 2:0.05807137489318848
SA2 MLP 2:0.2221086025238037
SA3 sampling and grouping 1:0.023869991302490234
SA3 MLP 1:0.2341921329498291
SA3 sampling and grouping 2:0.029000282287597656
SA3 MLP 2:0.06665182113647461
SA4 sampling and grouping:0.10064291954040527
SA4 MLP:0.09123611450195312
SA End:0.03278660774230957
Voting and Proposal time:0.22367405891418457
Total inference time: 2.642848 
Start: 1676450962.8849404
Votenet data preprocessing time:0.02951526641845703
Pointpainted Votenet start:0.027640104293823242
Deeplab inference time:0.886671781539917
Pointpainting time:0.011476993560791016
SA1 sampling and grouping 1:0.08331847190856934
SA1 MLP 1:0.0011851787567138672
SA1 sampling and grouping 2:0.23392748832702637
SA1 MLP 2:0.016458749771118164
SA2 sampling and grouping 1:0.02969837188720703
SA2 MLP 1:0.20546197891235352
SA2 sampling and grouping 2:0.04924297332763672
SA2 MLP 2:0.2261810302734375
SA3 sampling and grouping 1:0.016305923461914062
SA3 MLP 1:0.24177122116088867
SA3 sampling and grouping 2:0.027305126190185547
SA3 MLP 2:0.06725335121154785
SA4 sampling and grouping:0.09789848327636719
SA4 MLP:0.09049725532531738
SA End:0.03210949897766113
Voting and Proposal time:0.22812962532043457
Total inference time: 2.602049 
Start: 1676450991.991734
Votenet data preprocessing time:0.03170156478881836
Pointpainted Votenet start:0.02756190299987793
Deeplab inference time:0.8854103088378906
Pointpainting time:0.011647224426269531
SA1 sampling and grouping 1:0.08735823631286621
SA1 MLP 1:0.0011086463928222656
SA1 sampling and grouping 2:0.3376033306121826
SA1 MLP 2:0.00018858909606933594
SA2 sampling and grouping 1:0.030232906341552734
SA2 MLP 1:0.20614051818847656
SA2 sampling and grouping 2:0.05710005760192871
SA2 MLP 2:0.21605491638183594
SA3 sampling and grouping 1:0.021481990814208984
SA3 MLP 1:0.23673224449157715
SA3 sampling and grouping 2:0.03230714797973633
SA3 MLP 2:0.06313443183898926
SA4 sampling and grouping:0.10045909881591797
SA4 MLP:0.09332919120788574
SA End:0.03222537040710449
Voting and Proposal time:0.22427582740783691
Total inference time: 2.696054 
Start: 1676451021.0059447
Votenet data preprocessing time:0.03164482116699219
Pointpainted Votenet start:0.027678966522216797
Deeplab inference time:0.8843889236450195
Pointpainting time:0.011519432067871094
SA1 sampling and grouping 1:0.08364200592041016
SA1 MLP 1:0.0010936260223388672
SA1 sampling and grouping 2:0.2649111747741699
SA1 MLP 2:0.0003199577331542969
SA2 sampling and grouping 1:0.030513525009155273
SA2 MLP 1:0.20784640312194824
SA2 sampling and grouping 2:0.05740189552307129
SA2 MLP 2:0.21525955200195312
SA3 sampling and grouping 1:0.01770925521850586
SA3 MLP 1:0.24132204055786133
SA3 sampling and grouping 2:0.029669761657714844
SA3 MLP 2:0.06377816200256348
SA4 sampling and grouping:0.09914851188659668
SA4 MLP:0.09181022644042969
SA End:0.03338193893432617
Voting and Proposal time:0.22479534149169922
Total inference time: 2.617836 
Start: 1676451049.9890378
Votenet data preprocessing time:0.029809236526489258
Pointpainted Votenet start:0.027866601943969727
Deeplab inference time:0.8835306167602539
Pointpainting time:0.011434793472290039
SA1 sampling and grouping 1:0.08500313758850098
SA1 MLP 1:0.00189971923828125
SA1 sampling and grouping 2:0.2420039176940918
SA1 MLP 2:0.011020898818969727
SA2 sampling and grouping 1:0.03176140785217285
SA2 MLP 1:0.20606279373168945
SA2 sampling and grouping 2:0.05444145202636719
SA2 MLP 2:0.218292236328125
SA3 sampling and grouping 1:0.019678592681884766
SA3 MLP 1:0.23905014991760254
SA3 sampling and grouping 2:0.03043198585510254
SA3 MLP 2:0.06554365158081055
SA4 sampling and grouping:0.10158944129943848
SA4 MLP:0.09293580055236816
SA End:0.03293156623840332
Voting and Proposal time:0.22290635108947754
Total inference time: 2.608194 
Start: 1676451078.952757
Votenet data preprocessing time:0.031203031539916992
Pointpainted Votenet start:0.027504444122314453
Deeplab inference time:0.8850476741790771
Pointpainting time:0.011616230010986328
SA1 sampling and grouping 1:0.08304715156555176
SA1 MLP 1:0.0010700225830078125
SA1 sampling and grouping 2:0.26140356063842773
SA1 MLP 2:0.00016808509826660156
SA2 sampling and grouping 1:0.029685258865356445
SA2 MLP 1:0.20316362380981445
SA2 sampling and grouping 2:0.04915595054626465
SA2 MLP 2:0.2313220500946045
SA3 sampling and grouping 1:0.018984317779541016
SA3 MLP 1:0.23907971382141113
SA3 sampling and grouping 2:0.027005672454833984
SA3 MLP 2:0.0690467357635498
SA4 sampling and grouping:0.10052299499511719
SA4 MLP:0.09166169166564941
SA End:0.031740665435791016
Voting and Proposal time:0.22157835960388184
Total inference time: 2.614007 
Start: 1676451107.820297
Votenet data preprocessing time:0.03173232078552246
Pointpainted Votenet start:0.027176380157470703
Deeplab inference time:0.885582685470581
Pointpainting time:0.011375665664672852
SA1 sampling and grouping 1:0.0825490951538086
SA1 MLP 1:0.0009233951568603516
SA1 sampling and grouping 2:0.2851865291595459
SA1 MLP 2:0.00015163421630859375
SA2 sampling and grouping 1:0.029917478561401367
SA2 MLP 1:0.2006542682647705
SA2 sampling and grouping 2:0.05826878547668457
SA2 MLP 2:0.22234559059143066
SA3 sampling and grouping 1:0.02259993553161621
SA3 MLP 1:0.23340845108032227
SA3 sampling and grouping 2:0.030779600143432617
SA3 MLP 2:0.06583571434020996
SA4 sampling and grouping:0.10005879402160645
SA4 MLP:0.09128975868225098
SA End:0.03264808654785156
Voting and Proposal time:0.22398638725280762
Total inference time: 2.636471 
Start: 1676451136.911552
Votenet data preprocessing time:0.03135943412780762
Pointpainted Votenet start:0.02760481834411621
Deeplab inference time:0.8860533237457275
Pointpainting time:0.011502504348754883
SA1 sampling and grouping 1:0.08359956741333008
SA1 MLP 1:0.0011899471282958984
SA1 sampling and grouping 2:0.31575846672058105
SA1 MLP 2:0.00017023086547851562
SA2 sampling and grouping 1:0.0330052375793457
SA2 MLP 1:0.20251727104187012
SA2 sampling and grouping 2:0.05797123908996582
SA2 MLP 2:0.21593689918518066
SA3 sampling and grouping 1:0.019097566604614258
SA3 MLP 1:0.2413334846496582
SA3 sampling and grouping 2:0.0360715389251709
SA3 MLP 2:0.05995512008666992
SA4 sampling and grouping:0.0998220443725586
SA4 MLP:0.10178232192993164
SA End:0.03329610824584961
Voting and Proposal time:0.22588515281677246
Total inference time: 2.683912 
Start: 1676451165.9802196
Votenet data preprocessing time:0.031386613845825195
Pointpainted Votenet start:0.02751779556274414
Deeplab inference time:0.8903861045837402
Pointpainting time:0.011564016342163086
SA1 sampling and grouping 1:0.08443832397460938
SA1 MLP 1:0.0011360645294189453
SA1 sampling and grouping 2:0.25570058822631836
SA1 MLP 2:0.00015497207641601562
SA2 sampling and grouping 1:0.02842998504638672
SA2 MLP 1:0.20689845085144043
SA2 sampling and grouping 2:0.052794694900512695
SA2 MLP 2:0.22029590606689453
SA3 sampling and grouping 1:0.01943063735961914
SA3 MLP 1:0.23922514915466309
SA3 sampling and grouping 2:0.028148174285888672
SA3 MLP 2:0.06545662879943848
SA4 sampling and grouping:0.09853768348693848
SA4 MLP:0.0926659107208252
SA End:0.0346829891204834
Voting and Proposal time:0.22540044784545898
Total inference time: 2.614251 
