Start: 1676449440.1746242
Votenet data preprocessing time:0.031427621841430664
Pointpainted Votenet start:0.027337074279785156
Deeplab inference time:0.8801078796386719
Pointpainting time:0.011617898941040039
SA1 sampling and grouping 1:0.0857381820678711
SA1 MLP 1:0.0011029243469238281
SA1 sampling and grouping 2:0.249436616897583
SA1 MLP 2:0.0033020973205566406
SA2 sampling and grouping 1:0.03178977966308594
SA2 MLP 1:0.2030782699584961
SA2 sampling and grouping 2:0.05181407928466797
SA2 MLP 2:0.2287907600402832
SA3 sampling and grouping 1:0.018273115158081055
SA3 MLP 1:0.24191617965698242
SA3 sampling and grouping 2:0.029520750045776367
SA3 MLP 2:0.06979823112487793
SA4 sampling and grouping:0.10021686553955078
SA4 MLP:0.09598517417907715
SA End:0.03554177284240723
Voting and Proposal time:0.2290787696838379
Total inference time: 2.625874 
Start: 1676449469.1130989
Votenet data preprocessing time:0.031131982803344727
Pointpainted Votenet start:0.027135610580444336
Deeplab inference time:0.882981538772583
Pointpainting time:0.011504888534545898
SA1 sampling and grouping 1:0.08334970474243164
SA1 MLP 1:0.0017039775848388672
SA1 sampling and grouping 2:0.2605245113372803
SA1 MLP 2:0.0004639625549316406
SA2 sampling and grouping 1:0.030199766159057617
SA2 MLP 1:0.20528364181518555
SA2 sampling and grouping 2:0.04995846748352051
SA2 MLP 2:0.23707199096679688
SA3 sampling and grouping 1:0.018761634826660156
SA3 MLP 1:0.24073123931884766
SA3 sampling and grouping 2:0.028566598892211914
SA3 MLP 2:0.07138562202453613
SA4 sampling and grouping:0.10257506370544434
SA4 MLP:0.09470152854919434
SA End:0.0326685905456543
Voting and Proposal time:0.23018908500671387
Total inference time: 2.640889 
Start: 1676449498.032052
Votenet data preprocessing time:0.03146171569824219
Pointpainted Votenet start:0.02735304832458496
Deeplab inference time:0.8820195198059082
Pointpainting time:0.01147007942199707
SA1 sampling and grouping 1:0.08484363555908203
SA1 MLP 1:0.0011203289031982422
SA1 sampling and grouping 2:0.27097606658935547
SA1 MLP 2:0.000213623046875
SA2 sampling and grouping 1:0.0303342342376709
SA2 MLP 1:0.2043924331665039
SA2 sampling and grouping 2:0.05474448204040527
SA2 MLP 2:0.22451233863830566
SA3 sampling and grouping 1:0.01773357391357422
SA3 MLP 1:0.24030852317810059
SA3 sampling and grouping 2:0.03124713897705078
SA3 MLP 2:0.06667375564575195
SA4 sampling and grouping:0.09911227226257324
SA4 MLP:0.09534263610839844
SA End:0.03504347801208496
Voting and Proposal time:0.2303459644317627
Total inference time: 2.639249 
Start: 1676449526.8911393
Votenet data preprocessing time:0.02995467185974121
Pointpainted Votenet start:0.02775716781616211
Deeplab inference time:0.8783304691314697
Pointpainting time:0.01148533821105957
SA1 sampling and grouping 1:0.08433866500854492
SA1 MLP 1:0.0012547969818115234
SA1 sampling and grouping 2:0.397289514541626
SA1 MLP 2:0.000194549560546875
SA2 sampling and grouping 1:0.030423641204833984
SA2 MLP 1:0.2071995735168457
SA2 sampling and grouping 2:0.05821633338928223
SA2 MLP 2:0.21989154815673828
SA3 sampling and grouping 1:0.020971059799194336
SA3 MLP 1:0.2413330078125
SA3 sampling and grouping 2:0.03380012512207031
SA3 MLP 2:0.06728100776672363
SA4 sampling and grouping:0.1024923324584961
SA4 MLP:0.09985470771789551
SA End:0.032334089279174805
Voting and Proposal time:0.2286677360534668
Total inference time: 2.773070 
Start: 1676449556.12974
Votenet data preprocessing time:0.02999591827392578
Pointpainted Votenet start:0.027557373046875
Deeplab inference time:0.8784711360931396
Pointpainting time:0.011464595794677734
SA1 sampling and grouping 1:0.08231830596923828
SA1 MLP 1:0.0010917186737060547
SA1 sampling and grouping 2:0.2635824680328369
SA1 MLP 2:0.0002086162567138672
SA2 sampling and grouping 1:0.029888153076171875
SA2 MLP 1:0.20486164093017578
SA2 sampling and grouping 2:0.052498817443847656
SA2 MLP 2:0.22374987602233887
SA3 sampling and grouping 1:0.018336772918701172
SA3 MLP 1:0.24326038360595703
SA3 sampling and grouping 2:0.029404878616333008
SA3 MLP 2:0.07094550132751465
SA4 sampling and grouping:0.10140037536621094
SA4 MLP:0.09543371200561523
SA End:0.03190016746520996
Voting and Proposal time:0.23200106620788574
Total inference time: 2.628371 
Start: 1676449585.1035063
Votenet data preprocessing time:0.031217575073242188
Pointpainted Votenet start:0.026834487915039062
Deeplab inference time:0.8828587532043457
Pointpainting time:0.011443138122558594
SA1 sampling and grouping 1:0.0825350284576416
SA1 MLP 1:0.0010542869567871094
SA1 sampling and grouping 2:0.32161760330200195
SA1 MLP 2:0.00016355514526367188
SA2 sampling and grouping 1:0.029529094696044922
SA2 MLP 1:0.2074141502380371
SA2 sampling and grouping 2:0.04776787757873535
SA2 MLP 2:0.2262587547302246
SA3 sampling and grouping 1:0.018190860748291016
SA3 MLP 1:0.24102187156677246
SA3 sampling and grouping 2:0.02772068977355957
SA3 MLP 2:0.0710759162902832
SA4 sampling and grouping:0.10195255279541016
SA4 MLP:0.09499573707580566
SA End:0.032640695571899414
Voting and Proposal time:0.22783303260803223
Total inference time: 2.684126 
Start: 1676449614.1500185
Votenet data preprocessing time:0.03127288818359375
Pointpainted Votenet start:0.027319669723510742
Deeplab inference time:0.8794658184051514
Pointpainting time:0.011616945266723633
SA1 sampling and grouping 1:0.08610248565673828
SA1 MLP 1:0.0018398761749267578
SA1 sampling and grouping 2:0.3037745952606201
SA1 MLP 2:0.00015974044799804688
SA2 sampling and grouping 1:0.029360294342041016
SA2 MLP 1:0.20804214477539062
SA2 sampling and grouping 2:0.049588680267333984
SA2 MLP 2:0.22620058059692383
SA3 sampling and grouping 1:0.01595473289489746
SA3 MLP 1:0.2462172508239746
SA3 sampling and grouping 2:0.027919769287109375
SA3 MLP 2:0.07024693489074707
SA4 sampling and grouping:0.09897637367248535
SA4 MLP:0.09376835823059082
SA End:0.031502723693847656
Voting and Proposal time:0.2275712490081787
Total inference time: 2.666901 
Start: 1676449643.0640848
Votenet data preprocessing time:0.029723167419433594
Pointpainted Votenet start:0.027336597442626953
Deeplab inference time:0.8825294971466064
Pointpainting time:0.01152181625366211
SA1 sampling and grouping 1:0.08372926712036133
SA1 MLP 1:0.0016396045684814453
SA1 sampling and grouping 2:0.31740713119506836
SA1 MLP 2:0.00016808509826660156
SA2 sampling and grouping 1:0.02977895736694336
SA2 MLP 1:0.20750045776367188
SA2 sampling and grouping 2:0.0518496036529541
SA2 MLP 2:0.2205357551574707
SA3 sampling and grouping 1:0.017199039459228516
SA3 MLP 1:0.24484944343566895
SA3 sampling and grouping 2:0.02834630012512207
SA3 MLP 2:0.07079958915710449
SA4 sampling and grouping:0.10193777084350586
SA4 MLP:0.09735274314880371
SA End:0.036954402923583984
Voting and Proposal time:0.23769283294677734
Total inference time: 2.698852 
Start: 1676449672.0461047
Votenet data preprocessing time:0.03168129920959473
Pointpainted Votenet start:0.0278933048248291
Deeplab inference time:0.8790602684020996
Pointpainting time:0.011629819869995117
SA1 sampling and grouping 1:0.08327603340148926
SA1 MLP 1:0.001180887222290039
SA1 sampling and grouping 2:0.2565953731536865
SA1 MLP 2:0.000164031982421875
SA2 sampling and grouping 1:0.030455827713012695
SA2 MLP 1:0.20527338981628418
SA2 sampling and grouping 2:0.05093264579772949
SA2 MLP 2:0.22495222091674805
SA3 sampling and grouping 1:0.02001476287841797
SA3 MLP 1:0.2384507656097412
SA3 sampling and grouping 2:0.030965089797973633
SA3 MLP 2:0.06612133979797363
SA4 sampling and grouping:0.0992269515991211
SA4 MLP:0.09708285331726074
SA End:0.03251338005065918
Voting and Proposal time:0.23134851455688477
Total inference time: 2.618819 
Start: 1676449700.8752792
Votenet data preprocessing time:0.031500816345214844
Pointpainted Votenet start:0.027106285095214844
Deeplab inference time:0.8872923851013184
Pointpainting time:0.011542558670043945
SA1 sampling and grouping 1:0.08420729637145996
SA1 MLP 1:0.0010693073272705078
SA1 sampling and grouping 2:0.2341444492340088
SA1 MLP 2:0.0168612003326416
SA2 sampling and grouping 1:0.033849239349365234
SA2 MLP 1:0.2014143466949463
SA2 sampling and grouping 2:0.05742454528808594
SA2 MLP 2:0.22199201583862305
SA3 sampling and grouping 1:0.021870136260986328
SA3 MLP 1:0.2367997169494629
SA3 sampling and grouping 2:0.030284404754638672
SA3 MLP 2:0.06557989120483398
SA4 sampling and grouping:0.09937286376953125
SA4 MLP:0.1029057502746582
SA End:0.03350830078125
Voting and Proposal time:0.23873353004455566
Total inference time: 2.637459 
Start: 1676449729.9908133
Votenet data preprocessing time:0.031060218811035156
Pointpainted Votenet start:0.027681827545166016
Deeplab inference time:0.885565996170044
Pointpainting time:0.011589765548706055
SA1 sampling and grouping 1:0.08425188064575195
SA1 MLP 1:0.0011470317840576172
SA1 sampling and grouping 2:0.283064603805542
SA1 MLP 2:0.0001983642578125
SA2 sampling and grouping 1:0.029875755310058594
SA2 MLP 1:0.20286297798156738
SA2 sampling and grouping 2:0.057152748107910156
SA2 MLP 2:0.2233870029449463
SA3 sampling and grouping 1:0.021481752395629883
SA3 MLP 1:0.23342418670654297
SA3 sampling and grouping 2:0.030324935913085938
SA3 MLP 2:0.06629300117492676
SA4 sampling and grouping:0.1015927791595459
SA4 MLP:0.09748697280883789
SA End:0.03354668617248535
Voting and Proposal time:0.23221778869628906
Total inference time: 2.654206 
Start: 1676449758.9442418
Votenet data preprocessing time:0.0312962532043457
Pointpainted Votenet start:0.027513980865478516
Deeplab inference time:0.8784291744232178
Pointpainting time:0.011617898941040039
SA1 sampling and grouping 1:0.08542490005493164
SA1 MLP 1:0.0016131401062011719
SA1 sampling and grouping 2:0.2934091091156006
SA1 MLP 2:0.0001633167266845703
SA2 sampling and grouping 1:0.029681921005249023
SA2 MLP 1:0.2041792869567871
SA2 sampling and grouping 2:0.05366706848144531
SA2 MLP 2:0.22094130516052246
SA3 sampling and grouping 1:0.01818704605102539
SA3 MLP 1:0.24025344848632812
SA3 sampling and grouping 2:0.028675556182861328
SA3 MLP 2:0.06600213050842285
SA4 sampling and grouping:0.10060334205627441
SA4 MLP:0.0949561595916748
SA End:0.033380985260009766
Voting and Proposal time:0.23548626899719238
Total inference time: 2.655482 
Start: 1676449787.9434743
Votenet data preprocessing time:0.0294344425201416
Pointpainted Votenet start:0.027310848236083984
Deeplab inference time:0.884227991104126
Pointpainting time:0.011782646179199219
SA1 sampling and grouping 1:0.08402085304260254
SA1 MLP 1:0.001233816146850586
SA1 sampling and grouping 2:0.2919652462005615
SA1 MLP 2:0.00016188621520996094
SA2 sampling and grouping 1:0.0279388427734375
SA2 MLP 1:0.21003484725952148
SA2 sampling and grouping 2:0.053354740142822266
SA2 MLP 2:0.22586560249328613
SA3 sampling and grouping 1:0.02969980239868164
SA3 MLP 1:0.23006892204284668
SA3 sampling and grouping 2:0.03038954734802246
SA3 MLP 2:0.0682685375213623
SA4 sampling and grouping:0.10042476654052734
SA4 MLP:0.09632158279418945
SA End:0.03239274024963379
Voting and Proposal time:0.2277994155883789
Total inference time: 2.662697 
Start: 1676449816.9120514
Votenet data preprocessing time:0.029831886291503906
Pointpainted Votenet start:0.027556419372558594
Deeplab inference time:0.8792634010314941
Pointpainting time:0.011614799499511719
SA1 sampling and grouping 1:0.08236837387084961
SA1 MLP 1:0.0012662410736083984
SA1 sampling and grouping 2:0.4024536609649658
SA1 MLP 2:0.00019097328186035156
SA2 sampling and grouping 1:0.029443740844726562
SA2 MLP 1:0.20700955390930176
SA2 sampling and grouping 2:0.057599782943725586
SA2 MLP 2:0.2164144515991211
SA3 sampling and grouping 1:0.02187657356262207
SA3 MLP 1:0.2373659610748291
SA3 sampling and grouping 2:0.03212881088256836
SA3 MLP 2:0.0677189826965332
SA4 sampling and grouping:0.1077430248260498
SA4 MLP:0.09782958030700684
SA End:0.03439903259277344
Voting and Proposal time:0.23107624053955078
Total inference time: 2.775151 
Start: 1676449846.0233185
Votenet data preprocessing time:0.03185462951660156
Pointpainted Votenet start:0.02737736701965332
Deeplab inference time:0.8836679458618164
Pointpainting time:0.011606931686401367
SA1 sampling and grouping 1:0.08825349807739258
SA1 MLP 1:0.0011594295501708984
SA1 sampling and grouping 2:0.239060640335083
SA1 MLP 2:0.014375686645507812
SA2 sampling and grouping 1:0.029985666275024414
SA2 MLP 1:0.20661163330078125
SA2 sampling and grouping 2:0.04819679260253906
SA2 MLP 2:0.22419381141662598
SA3 sampling and grouping 1:0.01956033706665039
SA3 MLP 1:0.23961257934570312
SA3 sampling and grouping 2:0.027768611907958984
SA3 MLP 2:0.06592178344726562
SA4 sampling and grouping:0.09863400459289551
SA4 MLP:0.09415817260742188
SA End:0.03371095657348633
Voting and Proposal time:0.23073148727416992
Total inference time: 2.616442 
Start: 1676449874.9519677
Votenet data preprocessing time:0.029255390167236328
Pointpainted Votenet start:0.027302265167236328
Deeplab inference time:0.8791930675506592
Pointpainting time:0.011411190032958984
SA1 sampling and grouping 1:0.0813760757446289
SA1 MLP 1:0.0009660720825195312
SA1 sampling and grouping 2:0.24193549156188965
SA1 MLP 2:0.009674072265625
SA2 sampling and grouping 1:0.02848982810974121
SA2 MLP 1:0.2035970687866211
SA2 sampling and grouping 2:0.04957127571105957
SA2 MLP 2:0.2230062484741211
SA3 sampling and grouping 1:0.01743006706237793
SA3 MLP 1:0.24004364013671875
SA3 sampling and grouping 2:0.02802276611328125
SA3 MLP 2:0.07019901275634766
SA4 sampling and grouping:0.09840941429138184
SA4 MLP:0.0936734676361084
SA End:0.0388789176940918
Voting and Proposal time:0.2261652946472168
Total inference time: 2.598601 
Start: 1676449903.9354203
Votenet data preprocessing time:0.03144359588623047
Pointpainted Votenet start:0.028075218200683594
Deeplab inference time:0.8811182975769043
Pointpainting time:0.011675357818603516
SA1 sampling and grouping 1:0.0861501693725586
SA1 MLP 1:0.0016353130340576172
SA1 sampling and grouping 2:0.2749905586242676
SA1 MLP 2:0.00016546249389648438
SA2 sampling and grouping 1:0.02941155433654785
SA2 MLP 1:0.20424342155456543
SA2 sampling and grouping 2:0.05799531936645508
SA2 MLP 2:0.21554803848266602
SA3 sampling and grouping 1:0.018146038055419922
SA3 MLP 1:0.23859882354736328
SA3 sampling and grouping 2:0.03029465675354004
SA3 MLP 2:0.06441521644592285
SA4 sampling and grouping:0.10075855255126953
SA4 MLP:0.09403443336486816
SA End:0.03504300117492676
Voting and Proposal time:0.23185348510742188
Total inference time: 2.635597 
Start: 1676449933.3872795
Votenet data preprocessing time:0.029278039932250977
Pointpainted Votenet start:0.0279691219329834
Deeplab inference time:0.8840863704681396
Pointpainting time:0.011536598205566406
SA1 sampling and grouping 1:0.08195877075195312
SA1 MLP 1:0.001009225845336914
SA1 sampling and grouping 2:0.2484757900238037
SA1 MLP 2:0.005983114242553711
SA2 sampling and grouping 1:0.02885293960571289
SA2 MLP 1:0.2063884735107422
SA2 sampling and grouping 2:0.054500579833984375
SA2 MLP 2:0.2177128791809082
SA3 sampling and grouping 1:0.018181324005126953
SA3 MLP 1:0.23913216590881348
SA3 sampling and grouping 2:0.0290679931640625
SA3 MLP 2:0.06460690498352051
SA4 sampling and grouping:0.09878778457641602
SA4 MLP:0.09491705894470215
SA End:0.03227639198303223
Voting and Proposal time:0.22931814193725586
Total inference time: 2.604040 
Start: 1676449962.3465698
Votenet data preprocessing time:0.03247666358947754
Pointpainted Votenet start:0.027310848236083984
Deeplab inference time:0.8841416835784912
Pointpainting time:0.011542558670043945
SA1 sampling and grouping 1:0.08552217483520508
SA1 MLP 1:0.0015845298767089844
SA1 sampling and grouping 2:0.3694143295288086
SA1 MLP 2:0.00021505355834960938
SA2 sampling and grouping 1:0.030209779739379883
SA2 MLP 1:0.207444429397583
SA2 sampling and grouping 2:0.049979209899902344
SA2 MLP 2:0.222259521484375
SA3 sampling and grouping 1:0.015776872634887695
SA3 MLP 1:0.24303007125854492
SA3 sampling and grouping 2:0.03108692169189453
SA3 MLP 2:0.06087851524353027
SA4 sampling and grouping:0.09849429130554199
SA4 MLP:0.09480857849121094
SA End:0.0326693058013916
Voting and Proposal time:0.23168087005615234
Total inference time: 2.730526 
Start: 1676449991.362776
Votenet data preprocessing time:0.030215740203857422
Pointpainted Votenet start:0.027433156967163086
Deeplab inference time:0.8841826915740967
Pointpainting time:0.011596202850341797
SA1 sampling and grouping 1:0.08172965049743652
SA1 MLP 1:0.0011584758758544922
SA1 sampling and grouping 2:0.2556760311126709
SA1 MLP 2:0.00015974044799804688
SA2 sampling and grouping 1:0.024590015411376953
SA2 MLP 1:0.21137046813964844
SA2 sampling and grouping 2:0.047417402267456055
SA2 MLP 2:0.23348116874694824
SA3 sampling and grouping 1:0.0194246768951416
SA3 MLP 1:0.24384355545043945
SA3 sampling and grouping 2:0.028565645217895508
SA3 MLP 2:0.07189059257507324
SA4 sampling and grouping:0.10133671760559082
SA4 MLP:0.09396100044250488
SA End:0.032033681869506836
Voting and Proposal time:0.22830581665039062
Total inference time: 2.628372 
