Start: 1659461539.63161
Votenet data preprocessing time:0.029806137084960938
Pointpainted Votenet start:0.039801836013793945
Deeplab inference time:0.9922275543212891
Pointpainting time:0.04763603210449219
SA1 sampling and grouping 1:0.029641151428222656
SA1 MLP 1:0.0015175342559814453
SA1 sampling and grouping 2:0.548781156539917
SA1 MLP 2:0.00153350830078125
SA2 sampling and grouping:0.24579739570617676
SA2 MLP:0.4293208122253418
SA3 sampling and grouping:0.029375791549682617
SA3 MLP:0.38310909271240234
SA4 sampling and grouping:0.02987074851989746
SA4 MLP:0.12152886390686035
SA End:0.3085026741027832
Voting and Proposal time:0.3349144458770752
Total inference time: 3.573365 
Start: 1659461569.2951508
Votenet data preprocessing time:0.031214475631713867
Pointpainted Votenet start:0.03853154182434082
Deeplab inference time:1.0012383460998535
Pointpainting time:0.04640817642211914
SA1 sampling and grouping 1:0.03496146202087402
SA1 MLP 1:0.0013740062713623047
SA1 sampling and grouping 2:0.48469114303588867
SA1 MLP 2:0.0014462471008300781
SA2 sampling and grouping:0.2596292495727539
SA2 MLP:0.43004322052001953
SA3 sampling and grouping:0.024776458740234375
SA3 MLP:0.369769811630249
SA4 sampling and grouping:0.02641129493713379
SA4 MLP:0.12070393562316895
SA End:0.307422399520874
Voting and Proposal time:0.3300666809082031
Total inference time: 3.508688 
Start: 1659461599.0281622
Votenet data preprocessing time:0.03330874443054199
Pointpainted Votenet start:0.03836631774902344
Deeplab inference time:1.0254673957824707
Pointpainting time:0.047490835189819336
SA1 sampling and grouping 1:0.031186342239379883
SA1 MLP 1:0.001146554946899414
SA1 sampling and grouping 2:0.5167334079742432
SA1 MLP 2:0.0017936229705810547
SA2 sampling and grouping:0.25296759605407715
SA2 MLP:0.4302186965942383
SA3 sampling and grouping:0.02665567398071289
SA3 MLP:0.39110898971557617
SA4 sampling and grouping:0.027979612350463867
SA4 MLP:0.13435626029968262
SA End:0.3235797882080078
Voting and Proposal time:0.33593177795410156
Total inference time: 3.618292 
Start: 1659461628.8060226
Votenet data preprocessing time:0.029562711715698242
Pointpainted Votenet start:0.03778529167175293
Deeplab inference time:0.9973423480987549
Pointpainting time:0.04571104049682617
SA1 sampling and grouping 1:0.030495405197143555
SA1 MLP 1:0.0011839866638183594
SA1 sampling and grouping 2:0.5853981971740723
SA1 MLP 2:0.0016620159149169922
SA2 sampling and grouping:0.27286267280578613
SA2 MLP:0.46959948539733887
SA3 sampling and grouping:0.03360295295715332
SA3 MLP:0.416278600692749
SA4 sampling and grouping:0.032026052474975586
SA4 MLP:0.1424555778503418
SA End:0.33147692680358887
Voting and Proposal time:0.35329508781433105
Total inference time: 3.780738 
Start: 1659461658.7383313
Votenet data preprocessing time:0.031072139739990234
Pointpainted Votenet start:0.037284135818481445
Deeplab inference time:1.0069665908813477
Pointpainting time:0.046518802642822266
SA1 sampling and grouping 1:0.030434846878051758
SA1 MLP 1:0.0015704631805419922
SA1 sampling and grouping 2:0.5432732105255127
SA1 MLP 2:0.0020182132720947266
SA2 sampling and grouping:0.2496039867401123
SA2 MLP:0.4497525691986084
SA3 sampling and grouping:0.035463809967041016
SA3 MLP:0.4003870487213135
SA4 sampling and grouping:0.028878450393676758
SA4 MLP:0.12116837501525879
SA End:0.3146698474884033
Voting and Proposal time:0.33293867111206055
Total inference time: 3.632001 
Start: 1659461688.4931264
Votenet data preprocessing time:0.030958175659179688
Pointpainted Votenet start:0.038539886474609375
Deeplab inference time:1.00581693649292
Pointpainting time:0.04563546180725098
SA1 sampling and grouping 1:0.03133535385131836
SA1 MLP 1:0.0013964176177978516
SA1 sampling and grouping 2:0.5485446453094482
SA1 MLP 2:0.0014216899871826172
SA2 sampling and grouping:0.26669740676879883
SA2 MLP:0.4573812484741211
SA3 sampling and grouping:0.031606197357177734
SA3 MLP:0.398590087890625
SA4 sampling and grouping:0.031928300857543945
SA4 MLP:0.13572430610656738
SA End:0.3155653476715088
Voting and Proposal time:0.3354063034057617
Total inference time: 3.676548 
Start: 1659461718.3689594
Votenet data preprocessing time:0.02968120574951172
Pointpainted Votenet start:0.03789114952087402
Deeplab inference time:1.0415678024291992
Pointpainting time:0.05371212959289551
SA1 sampling and grouping 1:0.0294492244720459
SA1 MLP 1:0.0014362335205078125
SA1 sampling and grouping 2:0.548311710357666
SA1 MLP 2:0.0016140937805175781
SA2 sampling and grouping:0.2643270492553711
SA2 MLP:0.4517943859100342
SA3 sampling and grouping:0.029666662216186523
SA3 MLP:0.40526795387268066
SA4 sampling and grouping:0.03175759315490723
SA4 MLP:0.13664531707763672
SA End:0.31839561462402344
Voting and Proposal time:0.3617544174194336
Total inference time: 3.743273 
Start: 1659461748.2484791
Votenet data preprocessing time:0.03126072883605957
Pointpainted Votenet start:0.0372011661529541
Deeplab inference time:1.0074164867401123
Pointpainting time:0.04636693000793457
SA1 sampling and grouping 1:0.030738353729248047
SA1 MLP 1:0.0014526844024658203
SA1 sampling and grouping 2:0.5289573669433594
SA1 MLP 2:0.0014271736145019531
SA2 sampling and grouping:0.26646852493286133
SA2 MLP:0.4500906467437744
SA3 sampling and grouping:0.027116775512695312
SA3 MLP:0.40599703788757324
SA4 sampling and grouping:0.030506610870361328
SA4 MLP:0.13048648834228516
SA End:0.3251924514770508
Voting and Proposal time:0.33568906784057617
Total inference time: 3.656368 
Start: 1659461778.026728
Votenet data preprocessing time:0.0311431884765625
Pointpainted Votenet start:0.037462472915649414
Deeplab inference time:1.0044331550598145
Pointpainting time:0.048181772232055664
SA1 sampling and grouping 1:0.029674530029296875
SA1 MLP 1:0.0013191699981689453
SA1 sampling and grouping 2:0.5414791107177734
SA1 MLP 2:0.001413583755493164
SA2 sampling and grouping:0.2364635467529297
SA2 MLP:0.437485933303833
SA3 sampling and grouping:0.029517412185668945
SA3 MLP:0.3985908031463623
SA4 sampling and grouping:0.029838085174560547
SA4 MLP:0.1307370662689209
SA End:0.32547688484191895
Voting and Proposal time:0.35193896293640137
Total inference time: 3.635156 
Start: 1659461807.88801
Votenet data preprocessing time:0.03087902069091797
Pointpainted Votenet start:0.03804898262023926
Deeplab inference time:1.0169153213500977
Pointpainting time:0.046576499938964844
SA1 sampling and grouping 1:0.030805110931396484
SA1 MLP 1:0.0011806488037109375
SA1 sampling and grouping 2:0.5140960216522217
SA1 MLP 2:0.001352548599243164
SA2 sampling and grouping:0.23561573028564453
SA2 MLP:0.42729949951171875
SA3 sampling and grouping:0.02578139305114746
SA3 MLP:0.39552736282348633
SA4 sampling and grouping:0.03196597099304199
SA4 MLP:0.126617431640625
SA End:0.3253185749053955
Voting and Proposal time:0.3444027900695801
Total inference time: 3.592383 
Start: 1659461837.6880007
Votenet data preprocessing time:0.03180575370788574
Pointpainted Votenet start:0.03802609443664551
Deeplab inference time:1.0030505657196045
Pointpainting time:0.04872894287109375
SA1 sampling and grouping 1:0.03142237663269043
SA1 MLP 1:0.0018093585968017578
SA1 sampling and grouping 2:0.5012896060943604
SA1 MLP 2:0.001837015151977539
SA2 sampling and grouping:0.25777578353881836
SA2 MLP:0.4347555637359619
SA3 sampling and grouping:0.028206348419189453
SA3 MLP:0.38799405097961426
SA4 sampling and grouping:0.030678749084472656
SA4 MLP:0.12704992294311523
SA End:0.33616018295288086
Voting and Proposal time:0.33009958267211914
Total inference time: 3.590690 
Start: 1659461867.383425
Votenet data preprocessing time:0.03113579750061035
Pointpainted Votenet start:0.036962270736694336
Deeplab inference time:1.0026285648345947
Pointpainting time:0.04612898826599121
SA1 sampling and grouping 1:0.03260684013366699
SA1 MLP 1:0.0022139549255371094
SA1 sampling and grouping 2:0.543372392654419
SA1 MLP 2:0.0016880035400390625
SA2 sampling and grouping:0.2638680934906006
SA2 MLP:0.44918012619018555
SA3 sampling and grouping:0.031104564666748047
SA3 MLP:0.40137457847595215
SA4 sampling and grouping:0.030402421951293945
SA4 MLP:0.12805771827697754
SA End:0.32205820083618164
Voting and Proposal time:0.3354020118713379
Total inference time: 3.658185 
Start: 1659461897.1830382
Votenet data preprocessing time:0.03155016899108887
Pointpainted Votenet start:0.0376284122467041
Deeplab inference time:1.0042665004730225
Pointpainting time:0.05012869834899902
SA1 sampling and grouping 1:0.033048391342163086
SA1 MLP 1:0.0012917518615722656
SA1 sampling and grouping 2:0.5366165637969971
SA1 MLP 2:0.0027899742126464844
SA2 sampling and grouping:0.2636382579803467
SA2 MLP:0.46013474464416504
SA3 sampling and grouping:0.030933856964111328
SA3 MLP:0.4003183841705322
SA4 sampling and grouping:0.030182600021362305
SA4 MLP:0.12465715408325195
SA End:0.3055434226989746
Voting and Proposal time:0.3531615734100342
Total inference time: 3.665890 
Start: 1659461926.8030257
Votenet data preprocessing time:0.029296398162841797
Pointpainted Votenet start:0.03768324851989746
Deeplab inference time:0.9982635974884033
Pointpainting time:0.04603385925292969
SA1 sampling and grouping 1:0.030727863311767578
SA1 MLP 1:0.0014073848724365234
SA1 sampling and grouping 2:0.5394847393035889
SA1 MLP 2:0.0014410018920898438
SA2 sampling and grouping:0.25675177574157715
SA2 MLP:0.43472862243652344
SA3 sampling and grouping:0.025094270706176758
SA3 MLP:0.4034097194671631
SA4 sampling and grouping:0.031026363372802734
SA4 MLP:0.1267697811126709
SA End:0.3203694820404053
Voting and Proposal time:0.3268904685974121
Total inference time: 3.609379 
Start: 1659461956.5135603
Votenet data preprocessing time:0.03129243850708008
Pointpainted Votenet start:0.038857460021972656
Deeplab inference time:1.0190010070800781
Pointpainting time:0.04612445831298828
SA1 sampling and grouping 1:0.0317842960357666
SA1 MLP 1:0.0011780261993408203
SA1 sampling and grouping 2:0.49602723121643066
SA1 MLP 2:0.0018777847290039062
SA2 sampling and grouping:0.26641130447387695
SA2 MLP:0.4056711196899414
SA3 sampling and grouping:0.023313522338867188
SA3 MLP:0.3782336711883545
SA4 sampling and grouping:0.02854132652282715
SA4 MLP:0.12263822555541992
SA End:0.31609487533569336
Voting and Proposal time:0.3387305736541748
Total inference time: 3.545777 
Start: 1659461986.17303
Votenet data preprocessing time:0.030939579010009766
Pointpainted Votenet start:0.03785967826843262
Deeplab inference time:1.0023014545440674
Pointpainting time:0.04603981971740723
SA1 sampling and grouping 1:0.0315251350402832
SA1 MLP 1:0.0013701915740966797
SA1 sampling and grouping 2:0.5150470733642578
SA1 MLP 2:0.0015573501586914062
SA2 sampling and grouping:0.2579357624053955
SA2 MLP:0.4382481575012207
SA3 sampling and grouping:0.027482986450195312
SA3 MLP:0.40389442443847656
SA4 sampling and grouping:0.031183481216430664
SA4 MLP:0.12890291213989258
SA End:0.312328577041626
Voting and Proposal time:0.3368723392486572
Total inference time: 3.603489 
Start: 1659462015.9338818
Votenet data preprocessing time:0.029407978057861328
Pointpainted Votenet start:0.037398338317871094
Deeplab inference time:1.0080828666687012
Pointpainting time:0.045931339263916016
SA1 sampling and grouping 1:0.03033137321472168
SA1 MLP 1:0.001222372055053711
SA1 sampling and grouping 2:0.47870945930480957
SA1 MLP 2:0.0014438629150390625
SA2 sampling and grouping:0.22762441635131836
SA2 MLP:0.41761040687561035
SA3 sampling and grouping:0.023730039596557617
SA3 MLP:0.38920116424560547
SA4 sampling and grouping:0.030251026153564453
SA4 MLP:0.12003779411315918
SA End:0.3298149108886719
Voting and Proposal time:0.3256034851074219
Total inference time: 3.496401 
Start: 1659462045.5104325
Votenet data preprocessing time:0.03235435485839844
Pointpainted Votenet start:0.03748583793640137
Deeplab inference time:0.9995765686035156
Pointpainting time:0.048436880111694336
SA1 sampling and grouping 1:0.0305173397064209
SA1 MLP 1:0.0014119148254394531
SA1 sampling and grouping 2:0.5273702144622803
SA1 MLP 2:0.001356363296508789
SA2 sampling and grouping:0.2467942237854004
SA2 MLP:0.4375903606414795
SA3 sampling and grouping:0.029711008071899414
SA3 MLP:0.4041256904602051
SA4 sampling and grouping:0.030538320541381836
SA4 MLP:0.12457609176635742
SA End:0.3058948516845703
Voting and Proposal time:0.3291893005371094
Total inference time: 3.586929 
Start: 1659462075.27538
Votenet data preprocessing time:0.031150341033935547
Pointpainted Votenet start:0.037525177001953125
Deeplab inference time:0.9917564392089844
Pointpainting time:0.04622197151184082
SA1 sampling and grouping 1:0.030308961868286133
SA1 MLP 1:0.0013720989227294922
SA1 sampling and grouping 2:0.5114765167236328
SA1 MLP 2:0.0018367767333984375
SA2 sampling and grouping:0.24059605598449707
SA2 MLP:0.4139885902404785
SA3 sampling and grouping:0.026357650756835938
SA3 MLP:0.3916196823120117
SA4 sampling and grouping:0.030523061752319336
SA4 MLP:0.1182091236114502
SA End:0.29279327392578125
Voting and Proposal time:0.3170299530029297
Total inference time: 3.482766 
Start: 1659462104.9345753
Votenet data preprocessing time:0.031691551208496094
Pointpainted Votenet start:0.03926229476928711
Deeplab inference time:1.0679469108581543
Pointpainting time:0.046935081481933594
SA1 sampling and grouping 1:0.03041815757751465
SA1 MLP 1:0.0015702247619628906
SA1 sampling and grouping 2:0.5013730525970459
SA1 MLP 2:0.0015494823455810547
SA2 sampling and grouping:0.23892521858215332
SA2 MLP:0.42421960830688477
SA3 sampling and grouping:0.02601337432861328
SA3 MLP:0.39460206031799316
SA4 sampling and grouping:0.02741551399230957
SA4 MLP:0.1254575252532959
SA End:0.3105902671813965
Voting and Proposal time:0.32829952239990234
Total inference time: 3.596270 
