Start: 1652167176.925294
Votenet data preprocessing time:0.013334274291992188
Deeplab inference time:1.6330478191375732
Pointpainting time:0.1785576343536377
Pointpainted Votenet start:0.10312342643737793
SA1 sampling and grouping:0.6418535709381104
SA1 MLP:0.03603053092956543
SA1 sampling and grouping:0.005113124847412109
SA1 MLP:0.3171272277832031
SA2 sampling and grouping:0.011339426040649414
SA2 MLP:0.24141836166381836
SA2 sampling and grouping:0.01769423484802246
SA2 MLP:0.19356489181518555
SA3 sampling and grouping:0.005424976348876953
SA3 MLP:0.027001619338989258
SA3 sampling and grouping:0.013901710510253906
SA3 MLP:0.07666897773742676
SA4 sampling and grouping:0.007193088531494141
SA4 MLP:0.01325368881225586
SA4 sampling and grouping:0.01537942886352539
SA4 MLP:0.011639118194580078
SA End:0.22702860832214355
Voting and Proposal time:0.20487189292907715
Total inference time: 3.994568 
Start: 1652167234.484663
Votenet data preprocessing time:0.013545751571655273
Deeplab inference time:1.1619749069213867
Pointpainting time:0.06928277015686035
Pointpainted Votenet start:0.03263711929321289
SA1 sampling and grouping:0.30711841583251953
SA1 MLP:0.03612542152404785
SA1 sampling and grouping:0.00599217414855957
SA1 MLP:0.3179440498352051
SA2 sampling and grouping:0.014135360717773438
SA2 MLP:0.24538016319274902
SA2 sampling and grouping:0.01977372169494629
SA2 MLP:0.19785332679748535
SA3 sampling and grouping:0.0063934326171875
SA3 MLP:0.02717113494873047
SA3 sampling and grouping:0.015585899353027344
SA3 MLP:0.07605576515197754
SA4 sampling and grouping:0.004641532897949219
SA4 MLP:0.011727333068847656
SA4 sampling and grouping:0.013071060180664062
SA4 MLP:0.011111974716186523
SA End:0.08045172691345215
Voting and Proposal time:0.10343670845031738
Total inference time: 2.771410 
Start: 1652167279.1167526
Votenet data preprocessing time:0.014294862747192383
Deeplab inference time:1.2078220844268799
Pointpainting time:0.18177151679992676
Pointpainted Votenet start:0.0976419448852539
SA1 sampling and grouping:0.6184861660003662
SA1 MLP:0.04387259483337402
SA1 sampling and grouping:0.004422903060913086
SA1 MLP:0.22853302955627441
SA2 sampling and grouping:0.011418819427490234
SA2 MLP:0.12475323677062988
SA2 sampling and grouping:0.01803898811340332
SA2 MLP:0.06890702247619629
SA3 sampling and grouping:0.004901885986328125
SA3 MLP:0.030490398406982422
SA3 sampling and grouping:0.015169143676757812
SA3 MLP:0.02552962303161621
SA4 sampling and grouping:0.006872892379760742
SA4 MLP:0.014785289764404297
SA4 sampling and grouping:0.016916751861572266
SA4 MLP:0.013150453567504883
SA End:0.1802222728729248
Voting and Proposal time:0.24003195762634277
Total inference time: 3.168034 
Start: 1652167327.7341805
Votenet data preprocessing time:0.01688551902770996
Deeplab inference time:0.5005843639373779
Pointpainting time:0.1017768383026123
Pointpainted Votenet start:0.03559994697570801
SA1 sampling and grouping:0.3309941291809082
SA1 MLP:0.044179677963256836
SA1 sampling and grouping:0.005349874496459961
SA1 MLP:0.23236894607543945
SA2 sampling and grouping:0.011805295944213867
SA2 MLP:0.1480858325958252
SA2 sampling and grouping:0.01889801025390625
SA2 MLP:0.06711578369140625
SA3 sampling and grouping:0.005377769470214844
SA3 MLP:0.029998302459716797
SA3 sampling and grouping:0.016201019287109375
SA3 MLP:0.0282285213470459
SA4 sampling and grouping:0.005717277526855469
SA4 MLP:0.013104915618896484
SA4 sampling and grouping:0.014282703399658203
SA4 MLP:0.011666297912597656
SA End:0.20972180366516113
Voting and Proposal time:0.2098093032836914
Total inference time: 2.057752 
Start: 1652167379.6080801
Votenet data preprocessing time:0.013989448547363281
Deeplab inference time:0.512244701385498
Pointpainting time:0.08142995834350586
Pointpainted Votenet start:0.03220963478088379
SA1 sampling and grouping:0.30419445037841797
SA1 MLP:0.17570853233337402
SA1 sampling and grouping:0.004756927490234375
SA1 MLP:0.35657477378845215
SA2 sampling and grouping:0.012380361557006836
SA2 MLP:0.2554054260253906
SA2 sampling and grouping:0.019429922103881836
SA2 MLP:0.22659945487976074
SA3 sampling and grouping:0.0055272579193115234
SA3 MLP:0.02716350555419922
SA3 sampling and grouping:0.01378941535949707
SA3 MLP:0.02453470230102539
SA4 sampling and grouping:0.005414009094238281
SA4 MLP:0.014306068420410156
SA4 sampling and grouping:0.013139724731445312
SA4 MLP:0.011159181594848633
SA End:0.1855936050415039
Voting and Proposal time:0.11863040924072266
Total inference time: 2.414181 
Start: 1652167424.8633833
Votenet data preprocessing time:0.013399839401245117
Deeplab inference time:1.9448881149291992
Pointpainting time:0.07456755638122559
Pointpainted Votenet start:0.03237318992614746
SA1 sampling and grouping:0.3174898624420166
SA1 MLP:0.14705705642700195
SA1 sampling and grouping:0.0045855045318603516
SA1 MLP:0.3197355270385742
SA2 sampling and grouping:0.011902809143066406
SA2 MLP:0.2488574981689453
SA2 sampling and grouping:0.018559932708740234
SA2 MLP:0.2723829746246338
SA3 sampling and grouping:0.007109403610229492
SA3 MLP:0.033944129943847656
SA3 sampling and grouping:0.015149354934692383
SA3 MLP:0.0234222412109375
SA4 sampling and grouping:0.005124807357788086
SA4 MLP:0.013245344161987305
SA4 sampling and grouping:0.013065099716186523
SA4 MLP:0.011871814727783203
SA End:0.18155598640441895
Voting and Proposal time:0.1681201457977295
Total inference time: 3.878408 
Start: 1652167471.299551
Votenet data preprocessing time:0.013625621795654297
Deeplab inference time:1.2912635803222656
Pointpainting time:0.07915091514587402
Pointpainted Votenet start:0.032683372497558594
SA1 sampling and grouping:0.33788466453552246
SA1 MLP:0.04156351089477539
SA1 sampling and grouping:0.0049877166748046875
SA1 MLP:0.21953439712524414
SA2 sampling and grouping:0.010043621063232422
SA2 MLP:0.0730595588684082
SA2 sampling and grouping:0.017729520797729492
SA2 MLP:0.07282876968383789
SA3 sampling and grouping:0.008770465850830078
SA3 MLP:0.03013443946838379
SA3 sampling and grouping:0.013741493225097656
SA3 MLP:0.036336660385131836
SA4 sampling and grouping:0.006592988967895508
SA4 MLP:0.014296770095825195
SA4 sampling and grouping:0.01637101173400879
SA4 MLP:0.012205839157104492
SA End:0.09148192405700684
Voting and Proposal time:0.11057734489440918
Total inference time: 2.534864 
Start: 1652167513.2265995
Votenet data preprocessing time:0.013587236404418945
Deeplab inference time:0.4443192481994629
Pointpainting time:0.09492659568786621
Pointpainted Votenet start:0.05714535713195801
SA1 sampling and grouping:0.3805654048919678
SA1 MLP:0.03652167320251465
SA1 sampling and grouping:0.006206989288330078
SA1 MLP:0.23780465126037598
SA2 sampling and grouping:0.012235164642333984
SA2 MLP:0.0617067813873291
SA2 sampling and grouping:0.024880170822143555
SA2 MLP:0.17724132537841797
SA3 sampling and grouping:0.005584716796875
SA3 MLP:0.025136947631835938
SA3 sampling and grouping:0.017060518264770508
SA3 MLP:0.03003382682800293
SA4 sampling and grouping:0.005211353302001953
SA4 MLP:0.015087127685546875
SA4 sampling and grouping:0.013313531875610352
SA4 MLP:0.011197090148925781
SA End:0.07865333557128906
Voting and Proposal time:0.11201858520507812
Total inference time: 1.860438 
Start: 1652167551.9447193
Votenet data preprocessing time:0.012912988662719727
Deeplab inference time:0.6184239387512207
Pointpainting time:0.06837606430053711
Pointpainted Votenet start:0.03310656547546387
SA1 sampling and grouping:0.29436802864074707
SA1 MLP:0.03574085235595703
SA1 sampling and grouping:0.0046787261962890625
SA1 MLP:0.21271085739135742
SA2 sampling and grouping:0.011441946029663086
SA2 MLP:0.0695183277130127
SA2 sampling and grouping:0.01816844940185547
SA2 MLP:0.05962562561035156
SA3 sampling and grouping:0.005203962326049805
SA3 MLP:0.02638077735900879
SA3 sampling and grouping:0.013266324996948242
SA3 MLP:0.02785515785217285
SA4 sampling and grouping:0.005753278732299805
SA4 MLP:0.014763355255126953
SA4 sampling and grouping:0.012954950332641602
SA4 MLP:0.010997772216796875
SA End:0.07867980003356934
Voting and Proposal time:0.10058808326721191
Total inference time: 1.735516 
Start: 1652167590.9805558
Votenet data preprocessing time:0.013130426406860352
Deeplab inference time:0.44699931144714355
Pointpainting time:0.09916973114013672
Pointpainted Votenet start:0.06589245796203613
SA1 sampling and grouping:0.28419971466064453
SA1 MLP:0.03346133232116699
SA1 sampling and grouping:0.005082607269287109
SA1 MLP:0.2254340648651123
SA2 sampling and grouping:0.013124227523803711
SA2 MLP:0.18242669105529785
SA2 sampling and grouping:0.0191652774810791
SA2 MLP:0.2463362216949463
SA3 sampling and grouping:0.005472660064697266
SA3 MLP:0.030541419982910156
SA3 sampling and grouping:0.01470494270324707
SA3 MLP:0.0730125904083252
SA4 sampling and grouping:0.00521397590637207
SA4 MLP:0.013458013534545898
SA4 sampling and grouping:0.014644861221313477
SA4 MLP:0.011367082595825195
SA End:0.08382368087768555
Voting and Proposal time:0.10018301010131836
Total inference time: 1.986844 
Start: 1652167630.0902295
Votenet data preprocessing time:0.014372825622558594
Deeplab inference time:0.4607698917388916
Pointpainting time:0.08855819702148438
Pointpainted Votenet start:0.03228592872619629
SA1 sampling and grouping:0.2923769950866699
SA1 MLP:0.04436469078063965
SA1 sampling and grouping:0.005048036575317383
SA1 MLP:0.21527743339538574
SA2 sampling and grouping:0.01038980484008789
SA2 MLP:0.0721902847290039
SA2 sampling and grouping:0.018581390380859375
SA2 MLP:0.060639381408691406
SA3 sampling and grouping:0.00593876838684082
SA3 MLP:0.026829004287719727
SA3 sampling and grouping:0.01382756233215332
SA3 MLP:0.024324417114257812
SA4 sampling and grouping:0.005039691925048828
SA4 MLP:0.012510299682617188
SA4 sampling and grouping:0.014046669006347656
SA4 MLP:0.011312007904052734
SA End:0.0784919261932373
Voting and Proposal time:0.10232663154602051
Total inference time: 1.609502 
Start: 1652167668.5970273
Votenet data preprocessing time:0.013308048248291016
Deeplab inference time:0.37843918800354004
Pointpainting time:0.1814577579498291
Pointpainted Votenet start:0.08224821090698242
SA1 sampling and grouping:0.30390119552612305
SA1 MLP:0.03157973289489746
SA1 sampling and grouping:0.0059092044830322266
SA1 MLP:0.22896409034729004
SA2 sampling and grouping:0.01405191421508789
SA2 MLP:0.06326889991760254
SA2 sampling and grouping:0.019596099853515625
SA2 MLP:0.11276888847351074
SA3 sampling and grouping:0.005336761474609375
SA3 MLP:0.029668331146240234
SA3 sampling and grouping:0.01406097412109375
SA3 MLP:0.025501012802124023
SA4 sampling and grouping:0.005084991455078125
SA4 MLP:0.013004779815673828
SA4 sampling and grouping:0.014097929000854492
SA4 MLP:0.011536836624145508
SA End:0.08173489570617676
Voting and Proposal time:0.09887480735778809
Total inference time: 1.734395 
Start: 1652167707.3420172
Votenet data preprocessing time:0.013499259948730469
Deeplab inference time:0.6323583126068115
Pointpainting time:0.09479069709777832
Pointpainted Votenet start:0.04390120506286621
SA1 sampling and grouping:0.33847522735595703
SA1 MLP:0.03612208366394043
SA1 sampling and grouping:0.005613088607788086
SA1 MLP:0.23468255996704102
SA2 sampling and grouping:0.010529041290283203
SA2 MLP:0.09366917610168457
SA2 sampling and grouping:0.018740177154541016
SA2 MLP:0.07001852989196777
SA3 sampling and grouping:0.005373239517211914
SA3 MLP:0.028618812561035156
SA3 sampling and grouping:0.013396739959716797
SA3 MLP:0.02876114845275879
SA4 sampling and grouping:0.0052127838134765625
SA4 MLP:0.017173290252685547
SA4 sampling and grouping:0.013114452362060547
SA4 MLP:0.013737678527832031
SA End:0.10181736946105957
Voting and Proposal time:0.12634754180908203
Total inference time: 1.945952 
Start: 1652167749.3233898
Votenet data preprocessing time:0.013358831405639648
Deeplab inference time:0.49129390716552734
Pointpainting time:0.16394948959350586
Pointpainted Votenet start:0.07219743728637695
SA1 sampling and grouping:0.3099477291107178
SA1 MLP:0.03520989418029785
SA1 sampling and grouping:0.004853725433349609
SA1 MLP:0.21562981605529785
SA2 sampling and grouping:0.015514373779296875
SA2 MLP:0.0725703239440918
SA2 sampling and grouping:0.019960403442382812
SA2 MLP:0.054631948471069336
SA3 sampling and grouping:0.005156755447387695
SA3 MLP:0.026578187942504883
SA3 sampling and grouping:0.014319419860839844
SA3 MLP:0.023577451705932617
SA4 sampling and grouping:0.005264759063720703
SA4 MLP:0.012912511825561523
SA4 sampling and grouping:0.013999700546264648
SA4 MLP:0.011312723159790039
SA End:0.07900810241699219
Voting and Proposal time:0.10009527206420898
Total inference time: 1.761343 
Start: 1652167788.280262
Votenet data preprocessing time:0.01354670524597168
Deeplab inference time:0.45845723152160645
Pointpainting time:0.17586445808410645
Pointpainted Votenet start:0.03620028495788574
SA1 sampling and grouping:0.28801727294921875
SA1 MLP:0.03346562385559082
SA1 sampling and grouping:0.005494117736816406
SA1 MLP:0.20937013626098633
SA2 sampling and grouping:0.012083053588867188
SA2 MLP:0.06995439529418945
SA2 sampling and grouping:0.018694162368774414
SA2 MLP:0.059076547622680664
SA3 sampling and grouping:0.005442142486572266
SA3 MLP:0.029418230056762695
SA3 sampling and grouping:0.014903068542480469
SA3 MLP:0.025747299194335938
SA4 sampling and grouping:0.005135059356689453
SA4 MLP:0.01309823989868164
SA4 sampling and grouping:0.01403665542602539
SA4 MLP:0.015414237976074219
SA End:0.08158111572265625
Voting and Proposal time:0.12439489364624023
Total inference time: 1.709395 
Start: 1652167828.2502453
Votenet data preprocessing time:0.012799978256225586
Deeplab inference time:0.39789676666259766
Pointpainting time:0.2343277931213379
Pointpainted Votenet start:0.06061053276062012
SA1 sampling and grouping:0.2730734348297119
SA1 MLP:0.0321660041809082
SA1 sampling and grouping:0.005791902542114258
SA1 MLP:0.21067452430725098
SA2 sampling and grouping:0.012316226959228516
SA2 MLP:0.059243202209472656
SA2 sampling and grouping:0.018749713897705078
SA2 MLP:0.05465817451477051
SA3 sampling and grouping:0.005707502365112305
SA3 MLP:0.027863502502441406
SA3 sampling and grouping:0.01463937759399414
SA3 MLP:0.025231122970581055
SA4 sampling and grouping:0.0051000118255615234
SA4 MLP:0.017029523849487305
SA4 sampling and grouping:0.014033794403076172
SA4 MLP:0.011445999145507812
SA End:0.0817263126373291
Voting and Proposal time:0.1024789810180664
Total inference time: 1.677564 
Start: 1652167867.3679533
Votenet data preprocessing time:0.013340950012207031
Deeplab inference time:0.5108785629272461
Pointpainting time:0.30068182945251465
Pointpainted Votenet start:0.05896592140197754
SA1 sampling and grouping:0.298236608505249
SA1 MLP:0.03400254249572754
SA1 sampling and grouping:0.004006147384643555
SA1 MLP:0.21760058403015137
SA2 sampling and grouping:0.012156009674072266
SA2 MLP:0.05246472358703613
SA2 sampling and grouping:0.018501758575439453
SA2 MLP:0.05879855155944824
SA3 sampling and grouping:0.005971431732177734
SA3 MLP:0.02839827537536621
SA3 sampling and grouping:0.013706684112548828
SA3 MLP:0.025607585906982422
SA4 sampling and grouping:0.005397319793701172
SA4 MLP:0.011822700500488281
SA4 sampling and grouping:0.013761281967163086
SA4 MLP:0.01594066619873047
SA End:0.08638834953308105
Voting and Proposal time:0.1079716682434082
Total inference time: 1.894600 
Start: 1652167906.4711385
Votenet data preprocessing time:0.013628959655761719
Deeplab inference time:0.4655313491821289
Pointpainting time:0.22104716300964355
Pointpainted Votenet start:0.03317618370056152
SA1 sampling and grouping:0.2797970771789551
SA1 MLP:0.03185606002807617
SA1 sampling and grouping:0.004588603973388672
SA1 MLP:0.20511341094970703
SA2 sampling and grouping:0.00984811782836914
SA2 MLP:0.06004524230957031
SA2 sampling and grouping:0.018690109252929688
SA2 MLP:0.051981449127197266
SA3 sampling and grouping:0.005666494369506836
SA3 MLP:0.02633500099182129
SA3 sampling and grouping:0.014161825180053711
SA3 MLP:0.02553081512451172
SA4 sampling and grouping:0.005072832107543945
SA4 MLP:0.013220548629760742
SA4 sampling and grouping:0.013753652572631836
SA4 MLP:0.012989044189453125
SA End:0.08012890815734863
Voting and Proposal time:0.09841752052307129
Total inference time: 1.690580 
Start: 1652167945.6703155
Votenet data preprocessing time:0.012307167053222656
Deeplab inference time:0.44994592666625977
Pointpainting time:0.2713584899902344
Pointpainted Votenet start:0.11479043960571289
SA1 sampling and grouping:0.5613055229187012
SA1 MLP:0.03728985786437988
SA1 sampling and grouping:0.01036691665649414
SA1 MLP:0.20552515983581543
SA2 sampling and grouping:0.010719537734985352
SA2 MLP:0.05568337440490723
SA2 sampling and grouping:0.01856517791748047
SA2 MLP:0.05158376693725586
SA3 sampling and grouping:0.005881071090698242
SA3 MLP:0.024657487869262695
SA3 sampling and grouping:0.014560699462890625
SA3 MLP:0.025533437728881836
SA4 sampling and grouping:0.004948854446411133
SA4 MLP:0.013129472732543945
SA4 sampling and grouping:0.014033794403076172
SA4 MLP:0.01125192642211914
SA End:0.08030366897583008
Voting and Proposal time:0.09574413299560547
Total inference time: 2.089486 
Start: 1652167984.9319777
Votenet data preprocessing time:0.013466596603393555
Deeplab inference time:0.4618988037109375
Pointpainting time:0.24848461151123047
Pointpainted Votenet start:0.03718447685241699
SA1 sampling and grouping:0.2755899429321289
SA1 MLP:0.037871360778808594
SA1 sampling and grouping:0.005753278732299805
SA1 MLP:0.20227909088134766
SA2 sampling and grouping:0.011453866958618164
SA2 MLP:0.05632972717285156
SA2 sampling and grouping:0.01910877227783203
SA2 MLP:0.051906585693359375
SA3 sampling and grouping:0.005567312240600586
SA3 MLP:0.027088165283203125
SA3 sampling and grouping:0.014061689376831055
SA3 MLP:0.025607824325561523
SA4 sampling and grouping:0.005216836929321289
SA4 MLP:0.01563096046447754
SA4 sampling and grouping:0.013786792755126953
SA4 MLP:0.011300086975097656
SA End:0.08156418800354004
Voting and Proposal time:0.10950756072998047
Total inference time: 1.730659 
Start: 1652169242.5313642
Votenet data preprocessing time:0.013251543045043945
Pointpainted Votenet start:0.029802322387695312
Deeplab inference time:1.1267461776733398
Pointpainting time:0.023579120635986328
SA1 sampling and grouping:0.030478715896606445
SA1 MLP:0.001500844955444336
SA1 sampling and grouping:0.40378737449645996
SA1 MLP:0.00028204917907714844
SA2 sampling and grouping:0.03786897659301758
SA2 MLP:0.0870811939239502
SA2 sampling and grouping:0.05531716346740723
SA2 MLP:0.1875019073486328
SA3 sampling and grouping:0.01638340950012207
SA3 MLP:0.08847856521606445
SA3 sampling and grouping:0.020331859588623047
SA3 MLP:0.012646913528442383
SA4 sampling and grouping:0.010138750076293945
SA4 MLP:0.012868881225585938
SA4 sampling and grouping:0.01772141456604004
SA4 MLP:0.013425827026367188
SA End:0.08040165901184082
Voting and Proposal time:0.0936577320098877
Total inference time: 2.363252 
Start: 1652169281.7316315
Votenet data preprocessing time:0.013757944107055664
Pointpainted Votenet start:0.029726505279541016
Deeplab inference time:1.4679405689239502
Pointpainting time:0.0256805419921875
SA1 sampling and grouping:0.030669450759887695
SA1 MLP:0.0007855892181396484
SA1 sampling and grouping:0.5539286136627197
SA1 MLP:0.00017786026000976562
SA2 sampling and grouping:0.024544239044189453
SA2 MLP:0.23500823974609375
SA2 sampling and grouping:0.025484800338745117
SA2 MLP:0.34339213371276855
SA3 sampling and grouping:0.012773513793945312
SA3 MLP:0.1153254508972168
SA3 sampling and grouping:0.015760421752929688
SA3 MLP:0.06864094734191895
SA4 sampling and grouping:0.011466026306152344
SA4 MLP:0.013895273208618164
SA4 sampling and grouping:0.01737380027770996
SA4 MLP:0.013648271560668945
SA End:0.08166027069091797
Voting and Proposal time:0.09490060806274414
Total inference time: 3.196541 
Start: 1652169325.7513845
Votenet data preprocessing time:0.013220071792602539
Pointpainted Votenet start:0.028894662857055664
Deeplab inference time:0.8054759502410889
Pointpainting time:0.01766657829284668
SA1 sampling and grouping:0.02499079704284668
SA1 MLP:0.0028581619262695312
SA1 sampling and grouping:0.2330331802368164
SA1 MLP:0.0003268718719482422
SA2 sampling and grouping:0.020663738250732422
SA2 MLP:0.027727842330932617
SA2 sampling and grouping:0.03186488151550293
SA2 MLP:0.06462407112121582
SA3 sampling and grouping:0.013249397277832031
SA3 MLP:0.030758142471313477
SA3 sampling and grouping:0.016875267028808594
SA3 MLP:0.02168416976928711
SA4 sampling and grouping:0.010462522506713867
SA4 MLP:0.013100624084472656
SA4 sampling and grouping:0.017610549926757812
SA4 MLP:0.013581514358520508
SA End:0.07807636260986328
Voting and Proposal time:0.10526490211486816
Total inference time: 1.592010 
Start: 1652169364.2178404
Votenet data preprocessing time:0.013472318649291992
Pointpainted Votenet start:0.029654264450073242
Deeplab inference time:1.2945740222930908
Pointpainting time:0.027892589569091797
SA1 sampling and grouping:0.0299985408782959
SA1 MLP:0.0014810562133789062
SA1 sampling and grouping:0.3180227279663086
SA1 MLP:0.00017952919006347656
SA2 sampling and grouping:0.02291417121887207
SA2 MLP:0.031198978424072266
SA2 sampling and grouping:0.028934955596923828
SA2 MLP:0.13658714294433594
SA3 sampling and grouping:0.013248205184936523
SA3 MLP:0.09547162055969238
SA3 sampling and grouping:0.024268388748168945
SA3 MLP:0.01532745361328125
SA4 sampling and grouping:0.011537551879882812
SA4 MLP:0.013441324234008789
SA4 sampling and grouping:0.018065690994262695
SA4 MLP:0.013998270034790039
SA End:0.08171296119689941
Voting and Proposal time:0.09261012077331543
Total inference time: 2.314592 
Start: 1652169404.8022068
Votenet data preprocessing time:0.012297630310058594
Pointpainted Votenet start:0.0296478271484375
Deeplab inference time:1.2679166793823242
Pointpainting time:0.017091035842895508
SA1 sampling and grouping:0.02599477767944336
SA1 MLP:0.0019686222076416016
SA1 sampling and grouping:0.5614087581634521
SA1 MLP:0.0002810955047607422
SA2 sampling and grouping:0.04174494743347168
SA2 MLP:0.03494620323181152
SA2 sampling and grouping:0.0501704216003418
SA2 MLP:0.1695539951324463
SA3 sampling and grouping:0.017097949981689453
SA3 MLP:0.10227704048156738
SA3 sampling and grouping:0.020737171173095703
SA3 MLP:0.012190103530883789
SA4 sampling and grouping:0.010450601577758789
SA4 MLP:0.012850761413574219
SA4 sampling and grouping:0.017992734909057617
SA4 MLP:0.013566017150878906
SA End:0.07954287528991699
Voting and Proposal time:0.09463000297546387
Total inference time: 2.594357 
Start: 1652169444.8094037
Votenet data preprocessing time:0.013713359832763672
Pointpainted Votenet start:0.029680967330932617
Deeplab inference time:0.47685742378234863
Pointpainting time:0.03034663200378418
SA1 sampling and grouping:0.0276486873626709
SA1 MLP:0.004763126373291016
SA1 sampling and grouping:0.26374077796936035
SA1 MLP:0.000171661376953125
SA2 sampling and grouping:0.01927042007446289
SA2 MLP:0.02843165397644043
SA2 sampling and grouping:0.026210546493530273
SA2 MLP:0.04676079750061035
SA3 sampling and grouping:0.012957334518432617
SA3 MLP:0.03562426567077637
SA3 sampling and grouping:0.016419649124145508
SA3 MLP:0.023009777069091797
SA4 sampling and grouping:0.010200977325439453
SA4 MLP:0.013952970504760742
SA4 sampling and grouping:0.015607595443725586
SA4 MLP:0.012732505798339844
SA End:0.07891988754272461
Voting and Proposal time:0.09073519706726074
Total inference time: 1.277756 
Start: 1652169482.6314507
Votenet data preprocessing time:0.012919425964355469
Pointpainted Votenet start:0.029702425003051758
Deeplab inference time:0.6869997978210449
Pointpainting time:0.014969587326049805
SA1 sampling and grouping:0.02268838882446289
SA1 MLP:0.01942276954650879
SA1 sampling and grouping:0.2496633529663086
SA1 MLP:0.00018143653869628906
SA2 sampling and grouping:0.018945693969726562
SA2 MLP:0.027011394500732422
SA2 sampling and grouping:0.02666783332824707
SA2 MLP:0.4936957359313965
SA3 sampling and grouping:0.017006397247314453
SA3 MLP:0.6191287040710449
SA3 sampling and grouping:0.029857158660888672
SA3 MLP:0.01275014877319336
SA4 sampling and grouping:0.04348325729370117
SA4 MLP:0.020917654037475586
SA4 sampling and grouping:0.021533489227294922
SA4 MLP:0.0149078369140625
SA End:0.0903925895690918
Voting and Proposal time:0.1396925449371338
Total inference time: 2.612538 
Start: 1652169522.4300494
Votenet data preprocessing time:0.012951135635375977
Pointpainted Votenet start:0.029326915740966797
Deeplab inference time:0.4586207866668701
Pointpainting time:0.027904510498046875
SA1 sampling and grouping:0.03279519081115723
SA1 MLP:0.0031099319458007812
SA1 sampling and grouping:0.28862786293029785
SA1 MLP:0.0003554821014404297
SA2 sampling and grouping:0.0192868709564209
SA2 MLP:0.4212942123413086
SA2 sampling and grouping:0.2202010154724121
SA2 MLP:0.2817671298980713
SA3 sampling and grouping:0.014241933822631836
SA3 MLP:0.31383800506591797
SA3 sampling and grouping:0.016966819763183594
SA3 MLP:0.025476694107055664
SA4 sampling and grouping:0.011226177215576172
SA4 MLP:0.012952566146850586
SA4 sampling and grouping:0.019510746002197266
SA4 MLP:0.012314796447753906
SA End:0.081756591796875
Voting and Proposal time:0.10529756546020508
Total inference time: 2.409823 
Start: 1652169561.7377162
Votenet data preprocessing time:0.013307332992553711
Pointpainted Votenet start:0.030040264129638672
Deeplab inference time:1.3442280292510986
Pointpainting time:0.017389297485351562
SA1 sampling and grouping:0.03162193298339844
SA1 MLP:0.0012903213500976562
SA1 sampling and grouping:0.27254605293273926
SA1 MLP:0.0003800392150878906
SA2 sampling and grouping:0.022061586380004883
SA2 MLP:0.02959609031677246
SA2 sampling and grouping:0.02813124656677246
SA2 MLP:0.04110121726989746
SA3 sampling and grouping:0.013806581497192383
SA3 MLP:0.039437294006347656
SA3 sampling and grouping:0.019832611083984375
SA3 MLP:0.012214899063110352
SA4 sampling and grouping:0.010143756866455078
SA4 MLP:0.018369436264038086
SA4 sampling and grouping:0.018539905548095703
SA4 MLP:0.012611150741577148
SA End:0.08328819274902344
Voting and Proposal time:0.09514141082763672
Total inference time: 2.155079 
Start: 1652169601.4163964
Votenet data preprocessing time:0.013867855072021484
Pointpainted Votenet start:0.02998065948486328
Deeplab inference time:0.4556424617767334
Pointpainting time:0.026823759078979492
SA1 sampling and grouping:0.03943967819213867
SA1 MLP:0.002188444137573242
SA1 sampling and grouping:0.27240991592407227
SA1 MLP:0.00018405914306640625
SA2 sampling and grouping:0.019572973251342773
SA2 MLP:0.025196313858032227
SA2 sampling and grouping:0.034360408782958984
SA2 MLP:0.025473833084106445
SA3 sampling and grouping:0.027570247650146484
SA3 MLP:0.017391204833984375
SA3 sampling and grouping:0.018918275833129883
SA3 MLP:0.07561779022216797
SA4 sampling and grouping:0.011931419372558594
SA4 MLP:0.013037919998168945
SA4 sampling and grouping:0.018308401107788086
SA4 MLP:0.014009475708007812
SA End:0.0841834545135498
Voting and Proposal time:0.09347820281982422
Total inference time: 1.319587 
Start: 1652169639.718472
Votenet data preprocessing time:0.013040304183959961
Pointpainted Votenet start:0.02898859977722168
Deeplab inference time:0.658728837966919
Pointpainting time:0.01371908187866211
SA1 sampling and grouping:0.024468183517456055
SA1 MLP:0.01867389678955078
SA1 sampling and grouping:0.246077299118042
SA1 MLP:0.00017309188842773438
SA2 sampling and grouping:0.019179582595825195
SA2 MLP:0.02514362335205078
SA2 sampling and grouping:0.03578948974609375
SA2 MLP:0.031786441802978516
SA3 sampling and grouping:0.021932125091552734
SA3 MLP:0.15540552139282227
SA3 sampling and grouping:0.022020339965820312
SA3 MLP:0.01578497886657715
SA4 sampling and grouping:0.010948419570922852
SA4 MLP:0.013321876525878906
SA4 sampling and grouping:0.016978025436401367
SA4 MLP:0.015141010284423828
SA End:0.08040761947631836
Voting and Proposal time:0.09098553657531738
Total inference time: 1.558694 
Start: 1652169678.3776383
Votenet data preprocessing time:0.012916326522827148
Pointpainted Votenet start:0.02977919578552246
Deeplab inference time:0.4922597408294678
Pointpainting time:0.021190881729125977
SA1 sampling and grouping:0.03342175483703613
SA1 MLP:0.005444526672363281
SA1 sampling and grouping:0.253251314163208
SA1 MLP:0.0001773834228515625
SA2 sampling and grouping:0.020017385482788086
SA2 MLP:0.02489495277404785
SA2 sampling and grouping:0.0338900089263916
SA2 MLP:0.028217554092407227
SA3 sampling and grouping:0.014035701751708984
SA3 MLP:0.029797077178955078
SA3 sampling and grouping:0.020294904708862305
SA3 MLP:0.014085054397583008
SA4 sampling and grouping:0.01014256477355957
SA4 MLP:0.012835025787353516
SA4 sampling and grouping:0.019376277923583984
SA4 MLP:0.014239788055419922
SA End:0.07923460006713867
Voting and Proposal time:0.09585237503051758
Total inference time: 1.265354 
Start: 1652169716.0998847
Votenet data preprocessing time:0.0131378173828125
Pointpainted Votenet start:0.02956557273864746
Deeplab inference time:0.4739198684692383
Pointpainting time:0.0196683406829834
SA1 sampling and grouping:0.03361392021179199
SA1 MLP:0.0011544227600097656
SA1 sampling and grouping:0.27738499641418457
SA1 MLP:0.028589248657226562
SA2 sampling and grouping:0.01732778549194336
SA2 MLP:0.0198667049407959
SA2 sampling and grouping:0.0329740047454834
SA2 MLP:0.027101993560791016
SA3 sampling and grouping:0.012861251831054688
SA3 MLP:0.03048539161682129
SA3 sampling and grouping:0.017543792724609375
SA3 MLP:0.2846364974975586
SA4 sampling and grouping:0.011348485946655273
SA4 MLP:0.012990236282348633
SA4 sampling and grouping:0.017783164978027344
SA4 MLP:0.013246774673461914
SA End:0.0801839828491211
Voting and Proposal time:0.09540009498596191
Total inference time: 1.550784 
Start: 1652169754.21665
Votenet data preprocessing time:0.012933492660522461
Pointpainted Votenet start:0.030007123947143555
Deeplab inference time:0.4582672119140625
Pointpainting time:0.020673274993896484
SA1 sampling and grouping:0.03485894203186035
SA1 MLP:0.015488624572753906
SA1 sampling and grouping:0.2637176513671875
SA1 MLP:0.00017881393432617188
SA2 sampling and grouping:0.019173622131347656
SA2 MLP:0.025098085403442383
SA2 sampling and grouping:0.026339292526245117
SA2 MLP:0.5472350120544434
SA3 sampling and grouping:0.039092302322387695
SA3 MLP:0.3663456439971924
SA3 sampling and grouping:0.02193140983581543
SA3 MLP:0.012643098831176758
SA4 sampling and grouping:0.026316404342651367
SA4 MLP:0.017203092575073242
SA4 sampling and grouping:0.015766382217407227
SA4 MLP:0.026500463485717773
SA End:0.08544278144836426
Voting and Proposal time:0.13324999809265137
Total inference time: 2.198463 
Start: 1652169793.4720368
Votenet data preprocessing time:0.013243913650512695
Pointpainted Votenet start:0.029178380966186523
Deeplab inference time:0.44494104385375977
Pointpainting time:0.012023210525512695
SA1 sampling and grouping:0.027904272079467773
SA1 MLP:0.0018651485443115234
SA1 sampling and grouping:0.28272151947021484
SA1 MLP:0.0001709461212158203
SA2 sampling and grouping:0.0186612606048584
SA2 MLP:0.02498650550842285
SA2 sampling and grouping:0.03347277641296387
SA2 MLP:0.027248859405517578
SA3 sampling and grouping:0.013704538345336914
SA3 MLP:0.03026103973388672
SA3 sampling and grouping:0.019932031631469727
SA3 MLP:0.01398015022277832
SA4 sampling and grouping:0.01055002212524414
SA4 MLP:0.012743473052978516
SA4 sampling and grouping:0.017291784286499023
SA4 MLP:0.01368403434753418
SA End:0.07896590232849121
Voting and Proposal time:0.08771562576293945
Total inference time: 1.215246 
Start: 1652169831.1206129
Votenet data preprocessing time:0.01341867446899414
Pointpainted Votenet start:0.030010700225830078
Deeplab inference time:0.43453073501586914
Pointpainting time:0.014276742935180664
SA1 sampling and grouping:0.02748560905456543
SA1 MLP:0.019017457962036133
SA1 sampling and grouping:0.27219247817993164
SA1 MLP:0.00018095970153808594
SA2 sampling and grouping:0.018425941467285156
SA2 MLP:0.02498793601989746
SA2 sampling and grouping:0.03384971618652344
SA2 MLP:0.028992414474487305
SA3 sampling and grouping:0.013157367706298828
SA3 MLP:0.8071792125701904
SA3 sampling and grouping:0.035396575927734375
SA3 MLP:0.011307239532470703
SA4 sampling and grouping:0.06735539436340332
SA4 MLP:0.01964855194091797
SA4 sampling and grouping:0.022016048431396484
SA4 MLP:0.01424407958984375
SA End:0.09114718437194824
Voting and Proposal time:0.12392377853393555
Total inference time: 2.122745 
Start: 1652169869.6855898
Votenet data preprocessing time:0.01349329948425293
Pointpainted Votenet start:0.029967546463012695
Deeplab inference time:0.5953259468078613
Pointpainting time:0.014864206314086914
SA1 sampling and grouping:0.02722311019897461
SA1 MLP:0.0020935535430908203
SA1 sampling and grouping:0.2648441791534424
SA1 MLP:0.00017452239990234375
SA2 sampling and grouping:0.019093751907348633
SA2 MLP:0.025068283081054688
SA2 sampling and grouping:0.2672598361968994
SA2 MLP:0.03941798210144043
SA3 sampling and grouping:0.022871971130371094
SA3 MLP:0.2766697406768799
SA3 sampling and grouping:0.024280071258544922
SA3 MLP:0.017274856567382812
SA4 sampling and grouping:0.010612249374389648
SA4 MLP:0.013067245483398438
SA4 sampling and grouping:0.016910552978515625
SA4 MLP:0.012942314147949219
SA End:0.08310794830322266
Voting and Proposal time:0.09593915939331055
Total inference time: 1.872502 
Start: 1652169908.216395
Votenet data preprocessing time:0.01333165168762207
Pointpainted Votenet start:0.0290985107421875
Deeplab inference time:0.6759908199310303
Pointpainting time:0.011751174926757812
SA1 sampling and grouping:0.021749496459960938
SA1 MLP:0.019535064697265625
SA1 sampling and grouping:0.24836254119873047
SA1 MLP:0.00017786026000976562
SA2 sampling and grouping:0.018715620040893555
SA2 MLP:0.02570343017578125
SA2 sampling and grouping:0.03361988067626953
SA2 MLP:0.030142545700073242
SA3 sampling and grouping:0.01295018196105957
SA3 MLP:0.28171634674072266
SA3 sampling and grouping:0.024682044982910156
SA3 MLP:0.012895822525024414
SA4 sampling and grouping:0.011174678802490234
SA4 MLP:0.013073921203613281
SA4 sampling and grouping:0.022481679916381836
SA4 MLP:0.015386343002319336
SA End:0.0846104621887207
Voting and Proposal time:0.09950709342956543
Total inference time: 1.706657 
Start: 1652169946.2928276
Votenet data preprocessing time:0.01294398307800293
Pointpainted Votenet start:0.02939319610595703
Deeplab inference time:0.6738796234130859
Pointpainting time:0.018346309661865234
SA1 sampling and grouping:0.026235580444335938
SA1 MLP:0.0018835067749023438
SA1 sampling and grouping:0.26154136657714844
SA1 MLP:0.00018262863159179688
SA2 sampling and grouping:0.01902461051940918
SA2 MLP:0.024928569793701172
SA2 sampling and grouping:0.0338742733001709
SA2 MLP:0.024990558624267578
SA3 sampling and grouping:0.013693571090698242
SA3 MLP:0.3015880584716797
SA3 sampling and grouping:0.26033735275268555
SA3 MLP:0.017948389053344727
SA4 sampling and grouping:0.010992765426635742
SA4 MLP:0.014166831970214844
SA4 sampling and grouping:0.01818060874938965
SA4 MLP:0.013991832733154297
SA End:0.08594298362731934
Voting and Proposal time:0.2946007251739502
Total inference time: 2.158667 
Start: 1652169984.8081045
Votenet data preprocessing time:0.013048171997070312
Pointpainted Votenet start:0.02986884117126465
Deeplab inference time:1.719656229019165
Pointpainting time:0.021702289581298828
SA1 sampling and grouping:0.03400683403015137
SA1 MLP:0.0009975433349609375
SA1 sampling and grouping:0.4436054229736328
SA1 MLP:0.00019097328186035156
SA2 sampling and grouping:0.02098989486694336
SA2 MLP:0.13523530960083008
SA2 sampling and grouping:0.12429451942443848
SA2 MLP:0.2788050174713135
SA3 sampling and grouping:0.01385188102722168
SA3 MLP:0.33172035217285156
SA3 sampling and grouping:0.017638444900512695
SA3 MLP:0.11010074615478516
SA4 sampling and grouping:0.011016368865966797
SA4 MLP:0.013428211212158203
SA4 sampling and grouping:0.017348051071166992
SA4 MLP:0.013907194137573242
SA End:0.08122754096984863
Voting and Proposal time:0.09969830513000488
Total inference time: 3.532338 
