Start: 1675763343.925332
Votenet data preprocessing time:0.03250002861022949
Deeplab inference time:0.8201737403869629
Pointpainting time:0.06699967384338379
Start:0.060758113861083984
sa1 Runtime for Sampling and Grouping:1.068532943725586
sa1 Runtime for shared MLP:0.18649530410766602
sa2 Runtime for Sampling and Grouping:0.23675894737243652
sa2 Runtime for shared MLP:0.30365467071533203
sa3 Runtime for Sampling and Grouping:0.10666847229003906
sa3 Runtime for shared MLP:0.3310096263885498
sa4 Runtime for Sampling and Grouping:0.09115147590637207
sa4 Runtime for shared MLP:0.08620691299438477
SA End:0.2501566410064697
Voting and Proposal time:0.30422377586364746
Total inference time: 3.945290 
Start: 1675763374.7944336
Votenet data preprocessing time:0.030733108520507812
Deeplab inference time:0.8179104328155518
Pointpainting time:0.06647014617919922
Start:0.05838179588317871
sa1 Runtime for Sampling and Grouping:0.9786076545715332
sa1 Runtime for shared MLP:0.20212817192077637
sa2 Runtime for Sampling and Grouping:0.23484253883361816
sa2 Runtime for shared MLP:0.2744026184082031
sa3 Runtime for Sampling and Grouping:0.10148119926452637
sa3 Runtime for shared MLP:0.3395559787750244
sa4 Runtime for Sampling and Grouping:0.08289790153503418
sa4 Runtime for shared MLP:0.08895134925842285
SA End:0.2528848648071289
Voting and Proposal time:0.29412841796875
Total inference time: 3.823376 
Start: 1675763405.5606344
Votenet data preprocessing time:0.0325779914855957
Deeplab inference time:0.8114266395568848
Pointpainting time:0.06683659553527832
Start:0.05927610397338867
sa1 Runtime for Sampling and Grouping:0.7929587364196777
sa1 Runtime for shared MLP:0.20743060111999512
sa2 Runtime for Sampling and Grouping:0.20520901679992676
sa2 Runtime for shared MLP:0.2996795177459717
sa3 Runtime for Sampling and Grouping:0.10032868385314941
sa3 Runtime for shared MLP:0.34229493141174316
sa4 Runtime for Sampling and Grouping:0.07675766944885254
sa4 Runtime for shared MLP:0.08707857131958008
SA End:0.25606799125671387
Voting and Proposal time:0.2830052375793457
Total inference time: 3.620928 
Start: 1675763436.0287268
Votenet data preprocessing time:0.030336380004882812
Deeplab inference time:0.8199224472045898
Pointpainting time:0.06617140769958496
Start:0.056819915771484375
sa1 Runtime for Sampling and Grouping:0.8221595287322998
sa1 Runtime for shared MLP:0.17918038368225098
sa2 Runtime for Sampling and Grouping:0.1947484016418457
sa2 Runtime for shared MLP:0.284649133682251
sa3 Runtime for Sampling and Grouping:0.10069060325622559
sa3 Runtime for shared MLP:0.34180331230163574
sa4 Runtime for Sampling and Grouping:0.07829785346984863
sa4 Runtime for shared MLP:0.08017516136169434
SA End:0.2478182315826416
Voting and Proposal time:0.2790236473083496
Total inference time: 3.581796 
Start: 1675763466.5141575
Votenet data preprocessing time:0.03231668472290039
Deeplab inference time:0.8101279735565186
Pointpainting time:0.06770825386047363
Start:0.061322927474975586
sa1 Runtime for Sampling and Grouping:0.9639284610748291
sa1 Runtime for shared MLP:0.17929363250732422
sa2 Runtime for Sampling and Grouping:0.21947216987609863
sa2 Runtime for shared MLP:0.2726612091064453
sa3 Runtime for Sampling and Grouping:0.09900546073913574
sa3 Runtime for shared MLP:0.3299417495727539
sa4 Runtime for Sampling and Grouping:0.07879877090454102
sa4 Runtime for shared MLP:0.07832932472229004
SA End:0.23854875564575195
Voting and Proposal time:0.28975915908813477
Total inference time: 3.721215 
Start: 1675763497.1078174
Votenet data preprocessing time:0.032903432846069336
Deeplab inference time:0.822540283203125
Pointpainting time:0.06669735908508301
Start:0.05730581283569336
sa1 Runtime for Sampling and Grouping:0.9473729133605957
sa1 Runtime for shared MLP:0.18691325187683105
sa2 Runtime for Sampling and Grouping:0.20574641227722168
sa2 Runtime for shared MLP:0.2686314582824707
sa3 Runtime for Sampling and Grouping:0.09440827369689941
sa3 Runtime for shared MLP:0.32884955406188965
sa4 Runtime for Sampling and Grouping:0.07545971870422363
sa4 Runtime for shared MLP:0.08050680160522461
SA End:0.24855327606201172
Voting and Proposal time:0.29023027420043945
Total inference time: 3.706119 
Start: 1675763527.7705293
Votenet data preprocessing time:0.03206992149353027
Deeplab inference time:0.8063743114471436
Pointpainting time:0.06745648384094238
Start:0.05828428268432617
sa1 Runtime for Sampling and Grouping:0.8430590629577637
sa1 Runtime for shared MLP:0.1779928207397461
sa2 Runtime for Sampling and Grouping:0.2084810733795166
sa2 Runtime for shared MLP:0.27898645401000977
sa3 Runtime for Sampling and Grouping:0.09747433662414551
sa3 Runtime for shared MLP:0.3307154178619385
sa4 Runtime for Sampling and Grouping:0.07822751998901367
sa4 Runtime for shared MLP:0.08362317085266113
SA End:0.24557924270629883
Voting and Proposal time:0.29292726516723633
Total inference time: 3.601251 
Start: 1675763558.2965493
Votenet data preprocessing time:0.03261446952819824
Deeplab inference time:0.8123505115509033
Pointpainting time:0.06679964065551758
Start:0.05793309211730957
sa1 Runtime for Sampling and Grouping:0.8413448333740234
sa1 Runtime for shared MLP:0.17398738861083984
sa2 Runtime for Sampling and Grouping:0.19719481468200684
sa2 Runtime for shared MLP:0.2743570804595947
sa3 Runtime for Sampling and Grouping:0.09258031845092773
sa3 Runtime for shared MLP:0.3252146244049072
sa4 Runtime for Sampling and Grouping:0.07875895500183105
sa4 Runtime for shared MLP:0.07739496231079102
SA End:0.23789262771606445
Voting and Proposal time:0.28336596488952637
Total inference time: 3.551789 
Start: 1675763588.7657776
Votenet data preprocessing time:0.03225445747375488
Deeplab inference time:0.8252058029174805
Pointpainting time:0.06705451011657715
Start:0.061659812927246094
sa1 Runtime for Sampling and Grouping:0.8419594764709473
sa1 Runtime for shared MLP:0.17405104637145996
sa2 Runtime for Sampling and Grouping:0.20044326782226562
sa2 Runtime for shared MLP:0.27469921112060547
sa3 Runtime for Sampling and Grouping:0.10077738761901855
sa3 Runtime for shared MLP:0.32921314239501953
sa4 Runtime for Sampling and Grouping:0.08042597770690918
sa4 Runtime for shared MLP:0.08183956146240234
SA End:0.2495722770690918
Voting and Proposal time:0.29155516624450684
Total inference time: 3.610711 
Start: 1675763619.3767023
Votenet data preprocessing time:0.03277897834777832
Deeplab inference time:0.8246240615844727
Pointpainting time:0.06760025024414062
Start:0.06029844284057617
sa1 Runtime for Sampling and Grouping:0.8763442039489746
sa1 Runtime for shared MLP:0.1859438419342041
sa2 Runtime for Sampling and Grouping:0.2111985683441162
sa2 Runtime for shared MLP:0.28404712677001953
sa3 Runtime for Sampling and Grouping:0.10363268852233887
sa3 Runtime for shared MLP:0.3365507125854492
sa4 Runtime for Sampling and Grouping:0.07164549827575684
sa4 Runtime for shared MLP:0.0808103084564209
SA End:0.24907660484313965
Voting and Proposal time:0.2876098155975342
Total inference time: 3.672161 
Start: 1675763649.850475
Votenet data preprocessing time:0.03083038330078125
Deeplab inference time:0.8220553398132324
Pointpainting time:0.06785345077514648
Start:0.059335947036743164
sa1 Runtime for Sampling and Grouping:0.8373904228210449
sa1 Runtime for shared MLP:0.18163776397705078
sa2 Runtime for Sampling and Grouping:0.2024857997894287
sa2 Runtime for shared MLP:0.2906014919281006
sa3 Runtime for Sampling and Grouping:0.09411740303039551
sa3 Runtime for shared MLP:0.3469507694244385
sa4 Runtime for Sampling and Grouping:0.08507800102233887
sa4 Runtime for shared MLP:0.08768868446350098
SA End:0.25017881393432617
Voting and Proposal time:0.2856137752532959
Total inference time: 3.641818 
Start: 1675763680.398137
Votenet data preprocessing time:0.030905485153198242
Deeplab inference time:0.8125550746917725
Pointpainting time:0.06607699394226074
Start:0.05824160575866699
sa1 Runtime for Sampling and Grouping:0.9278287887573242
sa1 Runtime for shared MLP:0.21838927268981934
sa2 Runtime for Sampling and Grouping:0.21658539772033691
sa2 Runtime for shared MLP:0.30162882804870605
sa3 Runtime for Sampling and Grouping:0.09623146057128906
sa3 Runtime for shared MLP:0.3499269485473633
sa4 Runtime for Sampling and Grouping:0.0796060562133789
sa4 Runtime for shared MLP:0.09326767921447754
SA End:0.26996445655822754
Voting and Proposal time:0.30867552757263184
Total inference time: 3.829884 
Start: 1675763711.0836992
Votenet data preprocessing time:0.03234744071960449
Deeplab inference time:0.8217368125915527
Pointpainting time:0.0669407844543457
Start:0.057755231857299805
sa1 Runtime for Sampling and Grouping:0.7944669723510742
sa1 Runtime for shared MLP:0.20420098304748535
sa2 Runtime for Sampling and Grouping:0.20208954811096191
sa2 Runtime for shared MLP:0.2971005439758301
sa3 Runtime for Sampling and Grouping:0.10206413269042969
sa3 Runtime for shared MLP:0.348785400390625
sa4 Runtime for Sampling and Grouping:0.08440113067626953
sa4 Runtime for shared MLP:0.0901803970336914
SA End:0.25745701789855957
Voting and Proposal time:0.2859179973602295
Total inference time: 3.645444 
Start: 1675763741.618243
Votenet data preprocessing time:0.032224178314208984
Deeplab inference time:0.8180279731750488
Pointpainting time:0.06694197654724121
Start:0.05671811103820801
sa1 Runtime for Sampling and Grouping:0.9721462726593018
sa1 Runtime for shared MLP:0.17092657089233398
sa2 Runtime for Sampling and Grouping:0.20900940895080566
sa2 Runtime for shared MLP:0.27523064613342285
sa3 Runtime for Sampling and Grouping:0.10196733474731445
sa3 Runtime for shared MLP:0.33596110343933105
sa4 Runtime for Sampling and Grouping:0.07680416107177734
sa4 Runtime for shared MLP:0.08727860450744629
SA End:0.26415014266967773
Voting and Proposal time:0.2998342514038086
Total inference time: 3.767221 
Start: 1675763772.4324424
Votenet data preprocessing time:0.03567314147949219
Deeplab inference time:0.824209451675415
Pointpainting time:0.06615805625915527
Start:0.05930805206298828
sa1 Runtime for Sampling and Grouping:0.8783628940582275
sa1 Runtime for shared MLP:0.18099379539489746
sa2 Runtime for Sampling and Grouping:0.21355462074279785
sa2 Runtime for shared MLP:0.30680131912231445
sa3 Runtime for Sampling and Grouping:0.1042015552520752
sa3 Runtime for shared MLP:0.34314608573913574
sa4 Runtime for Sampling and Grouping:0.0766754150390625
sa4 Runtime for shared MLP:0.08974623680114746
SA End:0.25542473793029785
Voting and Proposal time:0.3016071319580078
Total inference time: 3.735862 
Start: 1675763803.4531488
Votenet data preprocessing time:0.030510902404785156
Deeplab inference time:0.8230075836181641
Pointpainting time:0.06765174865722656
Start:0.05973625183105469
sa1 Runtime for Sampling and Grouping:0.8571100234985352
sa1 Runtime for shared MLP:0.1960155963897705
sa2 Runtime for Sampling and Grouping:0.2078721523284912
sa2 Runtime for shared MLP:0.28123950958251953
sa3 Runtime for Sampling and Grouping:0.10016489028930664
sa3 Runtime for shared MLP:0.336867094039917
sa4 Runtime for Sampling and Grouping:0.08909940719604492
sa4 Runtime for shared MLP:0.0879061222076416
SA End:0.2722177505493164
Voting and Proposal time:0.30034780502319336
Total inference time: 3.709747 
Start: 1675763834.0664537
Votenet data preprocessing time:0.032588958740234375
Deeplab inference time:0.8239061832427979
Pointpainting time:0.06724262237548828
Start:0.06105470657348633
sa1 Runtime for Sampling and Grouping:1.0400078296661377
sa1 Runtime for shared MLP:0.17896747589111328
sa2 Runtime for Sampling and Grouping:0.200545072555542
sa2 Runtime for shared MLP:0.2805039882659912
sa3 Runtime for Sampling and Grouping:0.09986019134521484
sa3 Runtime for shared MLP:0.3345980644226074
sa4 Runtime for Sampling and Grouping:0.0886538028717041
sa4 Runtime for shared MLP:0.08842062950134277
SA End:0.2461555004119873
Voting and Proposal time:0.28699636459350586
Total inference time: 3.829501 
Start: 1675763864.7617254
Votenet data preprocessing time:0.032457828521728516
Deeplab inference time:0.8226053714752197
Pointpainting time:0.06650972366333008
Start:0.05812716484069824
sa1 Runtime for Sampling and Grouping:0.8636527061462402
sa1 Runtime for shared MLP:0.20891666412353516
sa2 Runtime for Sampling and Grouping:0.20494842529296875
sa2 Runtime for shared MLP:0.2892169952392578
sa3 Runtime for Sampling and Grouping:0.09755921363830566
sa3 Runtime for shared MLP:0.33791589736938477
sa4 Runtime for Sampling and Grouping:0.07898831367492676
sa4 Runtime for shared MLP:0.08695101737976074
SA End:0.24634933471679688
Voting and Proposal time:0.2907400131225586
Total inference time: 3.684939 
Start: 1675763895.2960892
Votenet data preprocessing time:0.032457590103149414
Deeplab inference time:0.8286998271942139
Pointpainting time:0.06659173965454102
Start:0.0569615364074707
sa1 Runtime for Sampling and Grouping:0.9168226718902588
sa1 Runtime for shared MLP:0.20919442176818848
sa2 Runtime for Sampling and Grouping:0.21504664421081543
sa2 Runtime for shared MLP:0.28067898750305176
sa3 Runtime for Sampling and Grouping:0.09496521949768066
sa3 Runtime for shared MLP:0.34453463554382324
sa4 Runtime for Sampling and Grouping:0.07845950126647949
sa4 Runtime for shared MLP:0.07680368423461914
SA End:0.2374105453491211
Voting and Proposal time:0.27948856353759766
Total inference time: 3.718116 
Start: 1675763925.8115325
Votenet data preprocessing time:0.03246307373046875
Deeplab inference time:0.8312811851501465
Pointpainting time:0.06626415252685547
Start:0.06044125556945801
sa1 Runtime for Sampling and Grouping:0.829343318939209
sa1 Runtime for shared MLP:0.18670177459716797
sa2 Runtime for Sampling and Grouping:0.20133209228515625
sa2 Runtime for shared MLP:0.2857387065887451
sa3 Runtime for Sampling and Grouping:0.10202622413635254
sa3 Runtime for shared MLP:0.33525896072387695
sa4 Runtime for Sampling and Grouping:0.07185602188110352
sa4 Runtime for shared MLP:0.07654547691345215
SA End:0.2442021369934082
Voting and Proposal time:0.2935824394226074
Total inference time: 3.617037 
