Start: 1675786203.1224766
Votenet data preprocessing time:0.030946969985961914
Pointpainted Votenet start:0.0366973876953125
Deeplab inference time:3.0707147121429443
Pointpainting time:0.05591583251953125
SA1 sampling and grouping 1:0.18796157836914062
SA1 MLP 1:0.0014331340789794922
SA1 sampling and grouping 2:5.740814208984375
SA1 MLP 2:0.0010132789611816406
SA2 sampling and grouping 1:0.4837067127227783
SA2 MLP 1:0.33434152603149414
SA2 sampling and grouping 2:0.6126818656921387
SA2 MLP 2:0.1630256175994873
SA3 sampling and grouping 1:0.2042074203491211
SA3 MLP 1:0.5380520820617676
SA3 sampling and grouping 2:0.28403377532958984
SA3 MLP 2:0.0007488727569580078
SA4 sampling and grouping:0.4577169418334961
SA4 MLP:0.27743005752563477
SA End:0.34343481063842773
Voting and Proposal time:0.8780622482299805
Total inference time: 13.702939 
Start: 1675786243.081168
Votenet data preprocessing time:0.030963659286499023
Pointpainted Votenet start:0.037200212478637695
Deeplab inference time:3.081472635269165
Pointpainting time:0.06915879249572754
SA1 sampling and grouping 1:0.2211611270904541
SA1 MLP 1:0.0014438629150390625
SA1 sampling and grouping 2:5.676988840103149
SA1 MLP 2:0.0007326602935791016
SA2 sampling and grouping 1:0.4880983829498291
SA2 MLP 1:0.3338901996612549
SA2 sampling and grouping 2:0.6088180541992188
SA2 MLP 2:0.17654156684875488
SA3 sampling and grouping 1:0.2064671516418457
SA3 MLP 1:0.5348966121673584
SA3 sampling and grouping 2:0.2897481918334961
SA3 MLP 2:0.0007030963897705078
SA4 sampling and grouping:0.45870327949523926
SA4 MLP:0.2790029048919678
SA End:0.3397080898284912
Voting and Proposal time:0.8790862560272217
Total inference time: 13.714786 
Start: 1675786283.1137314
Votenet data preprocessing time:0.03072190284729004
Pointpainted Votenet start:0.03724479675292969
Deeplab inference time:3.0620553493499756
Pointpainting time:0.061691999435424805
SA1 sampling and grouping 1:0.19875383377075195
SA1 MLP 1:0.0015556812286376953
SA1 sampling and grouping 2:5.687957048416138
SA1 MLP 2:0.0007703304290771484
SA2 sampling and grouping 1:0.48705291748046875
SA2 MLP 1:0.33777689933776855
SA2 sampling and grouping 2:0.6199190616607666
SA2 MLP 2:0.16161370277404785
SA3 sampling and grouping 1:0.20821261405944824
SA3 MLP 1:0.5376574993133545
SA3 sampling and grouping 2:0.28670334815979004
SA3 MLP 2:0.0010654926300048828
SA4 sampling and grouping:0.45683932304382324
SA4 MLP:0.2791471481323242
SA End:0.33196568489074707
Voting and Proposal time:0.8983373641967773
Total inference time: 13.687042 
Start: 1675786322.9908898
Votenet data preprocessing time:0.03143477439880371
Pointpainted Votenet start:0.036675453186035156
Deeplab inference time:3.051456928253174
Pointpainting time:0.05887031555175781
SA1 sampling and grouping 1:0.1910383701324463
SA1 MLP 1:0.0017781257629394531
SA1 sampling and grouping 2:5.682479619979858
SA1 MLP 2:0.0006759166717529297
SA2 sampling and grouping 1:0.4855318069458008
SA2 MLP 1:0.3326268196105957
SA2 sampling and grouping 2:0.6110687255859375
SA2 MLP 2:0.17148995399475098
SA3 sampling and grouping 1:0.20530319213867188
SA3 MLP 1:0.535499095916748
SA3 sampling and grouping 2:0.27588415145874023
SA3 MLP 2:0.0021791458129882812
SA4 sampling and grouping:0.4538094997406006
SA4 MLP:0.27534961700439453
SA End:0.3339967727661133
Voting and Proposal time:0.8916587829589844
Total inference time: 13.628807 
Start: 1675786362.9158387
Votenet data preprocessing time:0.03146982192993164
Pointpainted Votenet start:0.036147356033325195
Deeplab inference time:3.049964666366577
Pointpainting time:0.056990861892700195
SA1 sampling and grouping 1:0.1888878345489502
SA1 MLP 1:0.0014531612396240234
SA1 sampling and grouping 2:5.6760101318359375
SA1 MLP 2:0.0008945465087890625
SA2 sampling and grouping 1:0.49219846725463867
SA2 MLP 1:0.33809399604797363
SA2 sampling and grouping 2:0.6195340156555176
SA2 MLP 2:0.163177490234375
SA3 sampling and grouping 1:0.20282363891601562
SA3 MLP 1:0.5417840480804443
SA3 sampling and grouping 2:0.28732943534851074
SA3 MLP 2:0.000713348388671875
SA4 sampling and grouping:0.45529818534851074
SA4 MLP:0.27603626251220703
SA End:0.350536584854126
Voting and Proposal time:0.8948063850402832
Total inference time: 13.664150 
Start: 1675786402.861407
Votenet data preprocessing time:0.03134632110595703
Pointpainted Votenet start:0.03740334510803223
Deeplab inference time:3.050377130508423
Pointpainting time:0.06278729438781738
SA1 sampling and grouping 1:0.19785523414611816
SA1 MLP 1:0.001398324966430664
SA1 sampling and grouping 2:5.668116092681885
SA1 MLP 2:0.0008332729339599609
SA2 sampling and grouping 1:0.4853200912475586
SA2 MLP 1:0.33497023582458496
SA2 sampling and grouping 2:0.6092891693115234
SA2 MLP 2:0.17328286170959473
SA3 sampling and grouping 1:0.2041947841644287
SA3 MLP 1:0.5355911254882812
SA3 sampling and grouping 2:0.2783651351928711
SA3 MLP 2:0.0007448196411132812
SA4 sampling and grouping:0.46044325828552246
SA4 MLP:0.2792525291442871
SA End:0.3352389335632324
Voting and Proposal time:0.888124942779541
Total inference time: 13.634935 
Start: 1675786442.949435
Votenet data preprocessing time:0.030933618545532227
Pointpainted Votenet start:0.03696560859680176
Deeplab inference time:3.0710530281066895
Pointpainting time:0.05469822883605957
SA1 sampling and grouping 1:0.19582104682922363
SA1 MLP 1:0.0015141963958740234
SA1 sampling and grouping 2:5.68708610534668
SA1 MLP 2:0.0006620883941650391
SA2 sampling and grouping 1:0.4849715232849121
SA2 MLP 1:0.33454155921936035
SA2 sampling and grouping 2:0.6130719184875488
SA2 MLP 2:0.16600251197814941
SA3 sampling and grouping 1:0.20391392707824707
SA3 MLP 1:0.5360217094421387
SA3 sampling and grouping 2:0.30155324935913086
SA3 MLP 2:0.0007259845733642578
SA4 sampling and grouping:0.4571394920349121
SA4 MLP:0.2760028839111328
SA End:0.3384532928466797
Voting and Proposal time:0.8967218399047852
Total inference time: 13.687854 
Start: 1675786482.951093
Votenet data preprocessing time:0.031229019165039062
Pointpainted Votenet start:0.041051626205444336
Deeplab inference time:3.0724987983703613
Pointpainting time:0.06848454475402832
SA1 sampling and grouping 1:0.22274279594421387
SA1 MLP 1:0.0015037059783935547
SA1 sampling and grouping 2:5.692447185516357
SA1 MLP 2:0.0007460117340087891
SA2 sampling and grouping 1:0.4871988296508789
SA2 MLP 1:0.3317749500274658
SA2 sampling and grouping 2:0.6158168315887451
SA2 MLP 2:0.16475200653076172
SA3 sampling and grouping 1:0.20192670822143555
SA3 MLP 1:0.540794849395752
SA3 sampling and grouping 2:0.276827335357666
SA3 MLP 2:0.0007166862487792969
SA4 sampling and grouping:0.456500768661499
SA4 MLP:0.27999305725097656
SA End:0.34922194480895996
Voting and Proposal time:0.8920471668243408
Total inference time: 13.728275 
Start: 1675786522.955831
Votenet data preprocessing time:0.029093265533447266
Pointpainted Votenet start:0.03654217720031738
Deeplab inference time:3.0548839569091797
Pointpainting time:0.06246042251586914
SA1 sampling and grouping 1:0.2075331211090088
SA1 MLP 1:0.0014507770538330078
SA1 sampling and grouping 2:5.715819597244263
SA1 MLP 2:0.0007183551788330078
SA2 sampling and grouping 1:0.48356103897094727
SA2 MLP 1:0.3438091278076172
SA2 sampling and grouping 2:0.6515212059020996
SA2 MLP 2:0.14849185943603516
SA3 sampling and grouping 1:0.20922207832336426
SA3 MLP 1:0.5379161834716797
SA3 sampling and grouping 2:0.2810981273651123
SA3 MLP 2:0.001798868179321289
SA4 sampling and grouping:0.46773529052734375
SA4 MLP:0.2798142433166504
SA End:0.34647440910339355
Voting and Proposal time:0.9014720916748047
Total inference time: 13.761416 
Start: 1675786563.0392249
Votenet data preprocessing time:0.030917882919311523
Pointpainted Votenet start:0.03703045845031738
Deeplab inference time:3.072056293487549
Pointpainting time:0.0637505054473877
SA1 sampling and grouping 1:0.20097708702087402
SA1 MLP 1:0.0014925003051757812
SA1 sampling and grouping 2:5.70374608039856
SA1 MLP 2:0.0007889270782470703
SA2 sampling and grouping 1:0.48673081398010254
SA2 MLP 1:0.3318753242492676
SA2 sampling and grouping 2:0.6160876750946045
SA2 MLP 2:0.1692202091217041
SA3 sampling and grouping 1:0.20444178581237793
SA3 MLP 1:0.539902925491333
SA3 sampling and grouping 2:0.28534555435180664
SA3 MLP 2:0.0007884502410888672
SA4 sampling and grouping:0.4567532539367676
SA4 MLP:0.27747035026550293
SA End:0.33594799041748047
Voting and Proposal time:0.9139196872711182
Total inference time: 13.729244 
Start: 1675786602.9951267
Votenet data preprocessing time:0.03274035453796387
Pointpainted Votenet start:0.03786754608154297
Deeplab inference time:3.0708792209625244
Pointpainting time:0.06908559799194336
SA1 sampling and grouping 1:0.20937776565551758
SA1 MLP 1:0.001619100570678711
SA1 sampling and grouping 2:5.728603839874268
SA1 MLP 2:0.0006866455078125
SA2 sampling and grouping 1:0.4833977222442627
SA2 MLP 1:0.33720993995666504
SA2 sampling and grouping 2:0.6073219776153564
SA2 MLP 2:0.1774599552154541
SA3 sampling and grouping 1:0.20642375946044922
SA3 MLP 1:0.5357649326324463
SA3 sampling and grouping 2:0.29184722900390625
SA3 MLP 2:0.0010809898376464844
SA4 sampling and grouping:0.4561457633972168
SA4 MLP:0.27585887908935547
SA End:0.33620595932006836
Voting and Proposal time:0.8850219249725342
Total inference time: 13.744599 
Start: 1675786642.9825866
Votenet data preprocessing time:0.031124591827392578
Pointpainted Votenet start:0.037310123443603516
Deeplab inference time:3.06616473197937
Pointpainting time:0.06996512413024902
SA1 sampling and grouping 1:0.21666693687438965
SA1 MLP 1:0.0015645027160644531
SA1 sampling and grouping 2:5.683880805969238
SA1 MLP 2:0.0007832050323486328
SA2 sampling and grouping 1:0.49192118644714355
SA2 MLP 1:0.3301246166229248
SA2 sampling and grouping 2:0.6321649551391602
SA2 MLP 2:0.1432952880859375
SA3 sampling and grouping 1:0.20476007461547852
SA3 MLP 1:0.537062406539917
SA3 sampling and grouping 2:0.27507615089416504
SA3 MLP 2:0.0023338794708251953
SA4 sampling and grouping:0.4534602165222168
SA4 MLP:0.2753012180328369
SA End:0.3413116931915283
Voting and Proposal time:0.8699915409088135
Total inference time: 13.664263 
Start: 1675786682.8059938
Votenet data preprocessing time:0.03292059898376465
Pointpainted Votenet start:0.037087202072143555
Deeplab inference time:3.06123423576355
Pointpainting time:0.06290102005004883
SA1 sampling and grouping 1:0.20476865768432617
SA1 MLP 1:0.001975536346435547
SA1 sampling and grouping 2:5.679140567779541
SA1 MLP 2:0.0010221004486083984
SA2 sampling and grouping 1:0.4863603115081787
SA2 MLP 1:0.33278846740722656
SA2 sampling and grouping 2:0.6184124946594238
SA2 MLP 2:0.165449857711792
SA3 sampling and grouping 1:0.20389389991760254
SA3 MLP 1:0.536729097366333
SA3 sampling and grouping 2:0.276047945022583
SA3 MLP 2:0.0008206367492675781
SA4 sampling and grouping:0.4660639762878418
SA4 MLP:0.2762598991394043
SA End:0.3360276222229004
Voting and Proposal time:0.8944942951202393
Total inference time: 13.674398 
Start: 1675786722.8828533
Votenet data preprocessing time:0.030057668685913086
Pointpainted Votenet start:0.03649187088012695
Deeplab inference time:3.0812058448791504
Pointpainting time:0.06301689147949219
SA1 sampling and grouping 1:0.2040414810180664
SA1 MLP 1:0.0014739036560058594
SA1 sampling and grouping 2:5.696402311325073
SA1 MLP 2:0.0010128021240234375
SA2 sampling and grouping 1:0.48716282844543457
SA2 MLP 1:0.33841657638549805
SA2 sampling and grouping 2:0.620884895324707
SA2 MLP 2:0.15042352676391602
SA3 sampling and grouping 1:0.20432448387145996
SA3 MLP 1:0.5386111736297607
SA3 sampling and grouping 2:0.2753136157989502
SA3 MLP 2:0.0006949901580810547
SA4 sampling and grouping:0.4563446044921875
SA4 MLP:0.27672266960144043
SA End:0.34551382064819336
Voting and Proposal time:0.8936200141906738
Total inference time: 13.701736 
Start: 1675786762.7992995
Votenet data preprocessing time:0.03142380714416504
Pointpainted Votenet start:0.036795854568481445
Deeplab inference time:3.06788969039917
Pointpainting time:0.0623774528503418
SA1 sampling and grouping 1:0.20223307609558105
SA1 MLP 1:0.0015933513641357422
SA1 sampling and grouping 2:5.733988046646118
SA1 MLP 2:0.0008563995361328125
SA2 sampling and grouping 1:0.489901065826416
SA2 MLP 1:0.33136773109436035
SA2 sampling and grouping 2:0.6116108894348145
SA2 MLP 2:0.16589689254760742
SA3 sampling and grouping 1:0.2022533416748047
SA3 MLP 1:0.539456844329834
SA3 sampling and grouping 2:0.28104615211486816
SA3 MLP 2:0.0007154941558837891
SA4 sampling and grouping:0.45664000511169434
SA4 MLP:0.2754640579223633
SA End:0.3301060199737549
Voting and Proposal time:0.8842501640319824
Total inference time: 13.705866 
Start: 1675786802.8176177
Votenet data preprocessing time:0.029285669326782227
Pointpainted Votenet start:0.036234140396118164
Deeplab inference time:3.0664448738098145
Pointpainting time:0.05634880065917969
SA1 sampling and grouping 1:0.1934647560119629
SA1 MLP 1:0.0015218257904052734
SA1 sampling and grouping 2:5.7082602977752686
SA1 MLP 2:0.0007891654968261719
SA2 sampling and grouping 1:0.4864318370819092
SA2 MLP 1:0.3487567901611328
SA2 sampling and grouping 2:0.6080291271209717
SA2 MLP 2:0.17156577110290527
SA3 sampling and grouping 1:0.20634198188781738
SA3 MLP 1:0.5366487503051758
SA3 sampling and grouping 2:0.28135085105895996
SA3 MLP 2:0.0007207393646240234
SA4 sampling and grouping:0.45551347732543945
SA4 MLP:0.2806739807128906
SA End:0.3405885696411133
Voting and Proposal time:0.9028146266937256
Total inference time: 13.711786 
Start: 1675786842.9539466
Votenet data preprocessing time:0.030936717987060547
Pointpainted Votenet start:0.03720664978027344
Deeplab inference time:3.064387321472168
Pointpainting time:0.06944704055786133
SA1 sampling and grouping 1:0.2210991382598877
SA1 MLP 1:0.0014634132385253906
SA1 sampling and grouping 2:5.681459426879883
SA1 MLP 2:0.0007224082946777344
SA2 sampling and grouping 1:0.4875357151031494
SA2 MLP 1:0.335268497467041
SA2 sampling and grouping 2:0.6124734878540039
SA2 MLP 2:0.17014598846435547
SA3 sampling and grouping 1:0.20543789863586426
SA3 MLP 1:0.5406482219696045
SA3 sampling and grouping 2:0.2903902530670166
SA3 MLP 2:0.0007295608520507812
SA4 sampling and grouping:0.4599618911743164
SA4 MLP:0.28009843826293945
SA End:0.3466308116912842
Voting and Proposal time:0.8891615867614746
Total inference time: 13.725204 
Start: 1675786882.8805246
Votenet data preprocessing time:0.0310821533203125
Pointpainted Votenet start:0.03722524642944336
Deeplab inference time:3.0682530403137207
Pointpainting time:0.06185436248779297
SA1 sampling and grouping 1:0.19768095016479492
SA1 MLP 1:0.0015015602111816406
SA1 sampling and grouping 2:5.691282510757446
SA1 MLP 2:0.0006914138793945312
SA2 sampling and grouping 1:0.4857604503631592
SA2 MLP 1:0.3356597423553467
SA2 sampling and grouping 2:0.6179239749908447
SA2 MLP 2:0.1732473373413086
SA3 sampling and grouping 1:0.22020673751831055
SA3 MLP 1:0.5321416854858398
SA3 sampling and grouping 2:0.28313708305358887
SA3 MLP 2:0.0007052421569824219
SA4 sampling and grouping:0.45832347869873047
SA4 MLP:0.2760956287384033
SA End:0.3514115810394287
Voting and Proposal time:0.9149320125579834
Total inference time: 13.739116 
Start: 1675786922.8890474
Votenet data preprocessing time:0.028859376907348633
Pointpainted Votenet start:0.03650712966918945
Deeplab inference time:3.0524542331695557
Pointpainting time:0.06284260749816895
SA1 sampling and grouping 1:0.20332002639770508
SA1 MLP 1:0.0014171600341796875
SA1 sampling and grouping 2:5.6907031536102295
SA1 MLP 2:0.0006883144378662109
SA2 sampling and grouping 1:0.4854264259338379
SA2 MLP 1:0.3318803310394287
SA2 sampling and grouping 2:0.6079292297363281
SA2 MLP 2:0.1717383861541748
SA3 sampling and grouping 1:0.2057502269744873
SA3 MLP 1:0.5339303016662598
SA3 sampling and grouping 2:0.29647397994995117
SA3 MLP 2:0.0007646083831787109
SA4 sampling and grouping:0.45476341247558594
SA4 MLP:0.2792530059814453
SA End:0.3323972225189209
Voting and Proposal time:0.9105219841003418
Total inference time: 13.687621 
Start: 1675786962.7229395
Votenet data preprocessing time:0.029132366180419922
Pointpainted Votenet start:0.03699183464050293
Deeplab inference time:3.064393997192383
Pointpainting time:0.06303048133850098
SA1 sampling and grouping 1:0.20961928367614746
SA1 MLP 1:0.0014522075653076172
SA1 sampling and grouping 2:5.709572792053223
SA1 MLP 2:0.0006573200225830078
SA2 sampling and grouping 1:0.4845116138458252
SA2 MLP 1:0.3350679874420166
SA2 sampling and grouping 2:0.6154921054840088
SA2 MLP 2:0.1650545597076416
SA3 sampling and grouping 1:0.20658445358276367
SA3 MLP 1:0.535790205001831
SA3 sampling and grouping 2:0.2891263961791992
SA3 MLP 2:0.0007059574127197266
SA4 sampling and grouping:0.4606621265411377
SA4 MLP:0.2780930995941162
SA End:0.3365912437438965
Voting and Proposal time:0.9027359485626221
Total inference time: 13.725266 
