Start: 1659468581.3384252
Votenet data preprocessing time:0.029138803482055664
Pointpainted Votenet start:0.03784918785095215
Deeplab inference time:0.9893372058868408
Pointpainting time:0.045812368392944336
SA1 sampling and grouping 1:0.03062891960144043
SA1 MLP 1:0.0012090206146240234
SA1 sampling and grouping 2:0.5107488632202148
SA1 MLP 2:0.0015425682067871094
SA2 sampling and grouping 1:0.06937742233276367
SA2 MLP 1:0.05990457534790039
SA2 sampling and grouping 2:0.10454034805297852
SA2 MLP 2:0.0960991382598877
SA3 sampling and grouping 1:0.04619908332824707
SA3 MLP 1:0.12231040000915527
SA3 sampling and grouping 2:0.07489275932312012
SA3 MLP 2:0.043779611587524414
SA4 sampling and grouping:0.1778254508972168
SA4 MLP:0.10233759880065918
SA End:0.32743048667907715
Voting and Proposal time:0.31546998023986816
Total inference time: 3.186434 
Start: 1659468610.5921159
Votenet data preprocessing time:0.029664278030395508
Pointpainted Votenet start:0.03928017616271973
Deeplab inference time:0.9853365421295166
Pointpainting time:0.04800128936767578
SA1 sampling and grouping 1:0.030887603759765625
SA1 MLP 1:0.0019915103912353516
SA1 sampling and grouping 2:0.5026407241821289
SA1 MLP 2:0.001667022705078125
SA2 sampling and grouping 1:0.06381916999816895
SA2 MLP 1:0.06665563583374023
SA2 sampling and grouping 2:0.10415315628051758
SA2 MLP 2:0.09910869598388672
SA3 sampling and grouping 1:0.044561147689819336
SA3 MLP 1:0.12178897857666016
SA3 sampling and grouping 2:0.0773930549621582
SA3 MLP 2:0.04243874549865723
SA4 sampling and grouping:0.17543888092041016
SA4 MLP:0.10661959648132324
SA End:0.32921791076660156
Voting and Proposal time:0.32886433601379395
Total inference time: 3.199528 
Start: 1659468639.972926
Votenet data preprocessing time:0.03110027313232422
Pointpainted Votenet start:0.037577152252197266
Deeplab inference time:1.000262975692749
Pointpainting time:0.04831099510192871
SA1 sampling and grouping 1:0.029958248138427734
SA1 MLP 1:0.0014028549194335938
SA1 sampling and grouping 2:0.5018551349639893
SA1 MLP 2:0.0016207695007324219
SA2 sampling and grouping 1:0.06917619705200195
SA2 MLP 1:0.0726780891418457
SA2 sampling and grouping 2:0.10487651824951172
SA2 MLP 2:0.09897065162658691
SA3 sampling and grouping 1:0.04462718963623047
SA3 MLP 1:0.12185883522033691
SA3 sampling and grouping 2:0.07846426963806152
SA3 MLP 2:0.0417788028717041
SA4 sampling and grouping:0.17405366897583008
SA4 MLP:0.10832953453063965
SA End:0.33585071563720703
Voting and Proposal time:0.3263998031616211
Total inference time: 3.229153 
Start: 1659468669.4148295
Votenet data preprocessing time:0.03159689903259277
Pointpainted Votenet start:0.03749370574951172
Deeplab inference time:0.9781816005706787
Pointpainting time:0.04909634590148926
SA1 sampling and grouping 1:0.030048608779907227
SA1 MLP 1:0.0011284351348876953
SA1 sampling and grouping 2:0.5563931465148926
SA1 MLP 2:0.001722097396850586
SA2 sampling and grouping 1:0.06475591659545898
SA2 MLP 1:0.07416105270385742
SA2 sampling and grouping 2:0.10887932777404785
SA2 MLP 2:0.0946047306060791
SA3 sampling and grouping 1:0.04705977439880371
SA3 MLP 1:0.12728261947631836
SA3 sampling and grouping 2:0.07524323463439941
SA3 MLP 2:0.044188499450683594
SA4 sampling and grouping:0.17246580123901367
SA4 MLP:0.11310982704162598
SA End:0.33759570121765137
Voting and Proposal time:0.3320462703704834
Total inference time: 3.277054 
Start: 1659468698.949988
Votenet data preprocessing time:0.03185009956359863
Pointpainted Votenet start:0.03708791732788086
Deeplab inference time:0.9807837009429932
Pointpainting time:0.04527688026428223
SA1 sampling and grouping 1:0.030389785766601562
SA1 MLP 1:0.0012166500091552734
SA1 sampling and grouping 2:0.5620937347412109
SA1 MLP 2:0.0018906593322753906
SA2 sampling and grouping 1:0.06426501274108887
SA2 MLP 1:0.06846022605895996
SA2 sampling and grouping 2:0.10813522338867188
SA2 MLP 2:0.09622836112976074
SA3 sampling and grouping 1:0.04070329666137695
SA3 MLP 1:0.12320446968078613
SA3 sampling and grouping 2:0.07370638847351074
SA3 MLP 2:0.04392647743225098
SA4 sampling and grouping:0.17351508140563965
SA4 MLP:0.10936570167541504
SA End:0.34109044075012207
Voting and Proposal time:0.3331422805786133
Total inference time: 3.266332 
Start: 1659468728.3909018
Votenet data preprocessing time:0.03162550926208496
Pointpainted Votenet start:0.03733253479003906
Deeplab inference time:0.9920942783355713
Pointpainting time:0.0473179817199707
SA1 sampling and grouping 1:0.030626296997070312
SA1 MLP 1:0.0012464523315429688
SA1 sampling and grouping 2:0.4763960838317871
SA1 MLP 2:0.0014519691467285156
SA2 sampling and grouping 1:0.05938363075256348
SA2 MLP 1:0.06667852401733398
SA2 sampling and grouping 2:0.1081857681274414
SA2 MLP 2:0.0918891429901123
SA3 sampling and grouping 1:0.04132342338562012
SA3 MLP 1:0.12044692039489746
SA3 sampling and grouping 2:0.07284879684448242
SA3 MLP 2:0.04302024841308594
SA4 sampling and grouping:0.16674327850341797
SA4 MLP:0.1023399829864502
SA End:0.31461453437805176
Voting and Proposal time:0.33829236030578613
Total inference time: 3.143858 
Start: 1659468757.7859306
Votenet data preprocessing time:0.031555891036987305
Pointpainted Votenet start:0.03744316101074219
Deeplab inference time:0.9765317440032959
Pointpainting time:0.04577779769897461
SA1 sampling and grouping 1:0.029726505279541016
SA1 MLP 1:0.0011794567108154297
SA1 sampling and grouping 2:0.502516508102417
SA1 MLP 2:0.0016624927520751953
SA2 sampling and grouping 1:0.06214332580566406
SA2 MLP 1:0.05787158012390137
SA2 sampling and grouping 2:0.10094308853149414
SA2 MLP 2:0.10324621200561523
SA3 sampling and grouping 1:0.04481840133666992
SA3 MLP 1:0.12384533882141113
SA3 sampling and grouping 2:0.0730905532836914
SA3 MLP 2:0.04540514945983887
SA4 sampling and grouping:0.1771376132965088
SA4 MLP:0.10686111450195312
SA End:0.34945058822631836
Voting and Proposal time:0.3260672092437744
Total inference time: 3.197274 
Start: 1659468787.3005934
Votenet data preprocessing time:0.03162217140197754
Pointpainted Votenet start:0.037586212158203125
Deeplab inference time:0.9983494281768799
Pointpainting time:0.04692959785461426
SA1 sampling and grouping 1:0.03059530258178711
SA1 MLP 1:0.0011432170867919922
SA1 sampling and grouping 2:0.49689531326293945
SA1 MLP 2:0.0018954277038574219
SA2 sampling and grouping 1:0.061806440353393555
SA2 MLP 1:0.06841874122619629
SA2 sampling and grouping 2:0.10570740699768066
SA2 MLP 2:0.10984182357788086
SA3 sampling and grouping 1:0.047730445861816406
SA3 MLP 1:0.13661623001098633
SA3 sampling and grouping 2:0.07730865478515625
SA3 MLP 2:0.04828691482543945
SA4 sampling and grouping:0.17934918403625488
SA4 MLP:0.1122751235961914
SA End:0.336456298828125
Voting and Proposal time:0.319782018661499
Total inference time: 3.248596 
Start: 1659468816.705311
Votenet data preprocessing time:0.031262874603271484
Pointpainted Votenet start:0.0370335578918457
Deeplab inference time:0.9928946495056152
Pointpainting time:0.046610116958618164
SA1 sampling and grouping 1:0.029837608337402344
SA1 MLP 1:0.0011098384857177734
SA1 sampling and grouping 2:0.4851367473602295
SA1 MLP 2:0.0016238689422607422
SA2 sampling and grouping 1:0.06384634971618652
SA2 MLP 1:0.08242940902709961
SA2 sampling and grouping 2:0.10298776626586914
SA2 MLP 2:0.10526275634765625
SA3 sampling and grouping 1:0.046349525451660156
SA3 MLP 1:0.12607169151306152
SA3 sampling and grouping 2:0.07753252983093262
SA3 MLP 2:0.043886661529541016
SA4 sampling and grouping:0.17147493362426758
SA4 MLP:0.11091852188110352
SA End:0.3300645351409912
Voting and Proposal time:0.3224904537200928
Total inference time: 3.208824 
Start: 1659468846.0819366
Votenet data preprocessing time:0.0295259952545166
Pointpainted Votenet start:0.03730893135070801
Deeplab inference time:0.9804575443267822
Pointpainting time:0.04859757423400879
SA1 sampling and grouping 1:0.031479835510253906
SA1 MLP 1:0.0014882087707519531
SA1 sampling and grouping 2:0.5121200084686279
SA1 MLP 2:0.0016086101531982422
SA2 sampling and grouping 1:0.06238126754760742
SA2 MLP 1:0.07548356056213379
SA2 sampling and grouping 2:0.10451459884643555
SA2 MLP 2:0.09984493255615234
SA3 sampling and grouping 1:0.044548749923706055
SA3 MLP 1:0.13180112838745117
SA3 sampling and grouping 2:0.07583999633789062
SA3 MLP 2:0.04675149917602539
SA4 sampling and grouping:0.18488478660583496
SA4 MLP:0.10795068740844727
SA End:0.3200066089630127
Voting and Proposal time:0.33077049255371094
Total inference time: 3.227365 
Start: 1659468875.5663476
Votenet data preprocessing time:0.031409502029418945
Pointpainted Votenet start:0.03759455680847168
Deeplab inference time:0.9800608158111572
Pointpainting time:0.0458226203918457
SA1 sampling and grouping 1:0.03084111213684082
SA1 MLP 1:0.001178741455078125
SA1 sampling and grouping 2:0.536597728729248
SA1 MLP 2:0.0014553070068359375
SA2 sampling and grouping 1:0.0702371597290039
SA2 MLP 1:0.07300257682800293
SA2 sampling and grouping 2:0.10665082931518555
SA2 MLP 2:0.09825539588928223
SA3 sampling and grouping 1:0.04301118850708008
SA3 MLP 1:0.12138652801513672
SA3 sampling and grouping 2:0.07753133773803711
SA3 MLP 2:0.043442726135253906
SA4 sampling and grouping:0.17266225814819336
SA4 MLP:0.10490775108337402
SA End:0.3457608222961426
Voting and Proposal time:0.3300623893737793
Total inference time: 3.251871 
Start: 1659468905.143493
Votenet data preprocessing time:0.03153228759765625
Pointpainted Votenet start:0.037278175354003906
Deeplab inference time:0.966881513595581
Pointpainting time:0.04815244674682617
SA1 sampling and grouping 1:0.030865907669067383
SA1 MLP 1:0.001195669174194336
SA1 sampling and grouping 2:0.5369231700897217
SA1 MLP 2:0.0016868114471435547
SA2 sampling and grouping 1:0.0625
SA2 MLP 1:0.07022833824157715
SA2 sampling and grouping 2:0.10513067245483398
SA2 MLP 2:0.09465694427490234
SA3 sampling and grouping 1:0.041733741760253906
SA3 MLP 1:0.12012839317321777
SA3 sampling and grouping 2:0.07739067077636719
SA3 MLP 2:0.04302382469177246
SA4 sampling and grouping:0.17091107368469238
SA4 MLP:0.10704779624938965
SA End:0.34456396102905273
Voting and Proposal time:0.32974720001220703
Total inference time: 3.221579 
Start: 1659468934.5774338
Votenet data preprocessing time:0.031604766845703125
Pointpainted Votenet start:0.03701663017272949
Deeplab inference time:0.9853837490081787
Pointpainting time:0.045870065689086914
SA1 sampling and grouping 1:0.030355453491210938
SA1 MLP 1:0.0013883113861083984
SA1 sampling and grouping 2:0.5631093978881836
SA1 MLP 2:0.0013895034790039062
SA2 sampling and grouping 1:0.06805944442749023
SA2 MLP 1:0.07724571228027344
SA2 sampling and grouping 2:0.10501432418823242
SA2 MLP 2:0.09813356399536133
SA3 sampling and grouping 1:0.046283721923828125
SA3 MLP 1:0.1220402717590332
SA3 sampling and grouping 2:0.07373952865600586
SA3 MLP 2:0.043573617935180664
SA4 sampling and grouping:0.17525839805603027
SA4 MLP:0.1067819595336914
SA End:0.34125256538391113
Voting and Proposal time:0.33330535888671875
Total inference time: 3.286806 
Start: 1659468963.9856887
Votenet data preprocessing time:0.03172111511230469
Pointpainted Votenet start:0.03798985481262207
Deeplab inference time:0.9789245128631592
Pointpainting time:0.04630851745605469
SA1 sampling and grouping 1:0.03317070007324219
SA1 MLP 1:0.0011386871337890625
SA1 sampling and grouping 2:0.6123507022857666
SA1 MLP 2:0.0015058517456054688
SA2 sampling and grouping 1:0.06168198585510254
SA2 MLP 1:0.07062530517578125
SA2 sampling and grouping 2:0.10848069190979004
SA2 MLP 2:0.09200048446655273
SA3 sampling and grouping 1:0.045293569564819336
SA3 MLP 1:0.12068963050842285
SA3 sampling and grouping 2:0.07924914360046387
SA3 MLP 2:0.04452776908874512
SA4 sampling and grouping:0.17196321487426758
SA4 MLP:0.11217880249023438
SA End:0.337127685546875
Voting and Proposal time:0.3266432285308838
Total inference time: 3.313571 
Start: 1659468993.4816027
Votenet data preprocessing time:0.02930474281311035
Pointpainted Votenet start:0.03747439384460449
Deeplab inference time:0.9761092662811279
Pointpainting time:0.04841041564941406
SA1 sampling and grouping 1:0.02929067611694336
SA1 MLP 1:0.00122833251953125
SA1 sampling and grouping 2:0.545691967010498
SA1 MLP 2:0.0013637542724609375
SA2 sampling and grouping 1:0.07259535789489746
SA2 MLP 1:0.0642540454864502
SA2 sampling and grouping 2:0.10753798484802246
SA2 MLP 2:0.09603357315063477
SA3 sampling and grouping 1:0.04176688194274902
SA3 MLP 1:0.12345027923583984
SA3 sampling and grouping 2:0.07923340797424316
SA3 MLP 2:0.0444638729095459
SA4 sampling and grouping:0.16578292846679688
SA4 MLP:0.10678720474243164
SA End:0.33179283142089844
Voting and Proposal time:0.3348388671875
Total inference time: 3.237411 
