Start: 1676450020.2484548
Votenet data preprocessing time:0.013875722885131836
Pointpainted Votenet start:0.02837061882019043
Deeplab inference time:1.0589807033538818
Pointpainting time:0.008608341217041016
SA1 sampling and grouping 1:0.1207437515258789
SA1 MLP 1:0.001119852066040039
SA1 sampling and grouping 2:0.4157743453979492
SA1 MLP 2:0.00016307830810546875
SA2 sampling and grouping 1:0.026552915573120117
SA2 MLP 1:0.2213759422302246
SA2 sampling and grouping 2:0.052184104919433594
SA2 MLP 2:0.22734379768371582
SA3 sampling and grouping 1:0.017991304397583008
SA3 MLP 1:0.24137353897094727
SA3 sampling and grouping 2:0.02897477149963379
SA3 MLP 2:0.06646871566772461
SA4 sampling and grouping:0.10451078414916992
SA4 MLP:0.09455347061157227
SA End:0.03404355049133301
Voting and Proposal time:0.22184443473815918
Total inference time: 2.984854 
Start: 1676450050.0285635
Votenet data preprocessing time:0.013061761856079102
Pointpainted Votenet start:0.028296232223510742
Deeplab inference time:1.033233404159546
Pointpainting time:0.0054721832275390625
SA1 sampling and grouping 1:0.11952090263366699
SA1 MLP 1:0.0009493827819824219
SA1 sampling and grouping 2:0.35921812057495117
SA1 MLP 2:0.00044345855712890625
SA2 sampling and grouping 1:0.026160478591918945
SA2 MLP 1:0.21753954887390137
SA2 sampling and grouping 2:0.04995870590209961
SA2 MLP 2:0.22644639015197754
SA3 sampling and grouping 1:0.01880049705505371
SA3 MLP 1:0.23986172676086426
SA3 sampling and grouping 2:0.025939226150512695
SA3 MLP 2:0.06825447082519531
SA4 sampling and grouping:0.09949803352355957
SA4 MLP:0.0908803939819336
SA End:0.0329585075378418
Voting and Proposal time:0.22495102882385254
Total inference time: 2.881444 
Start: 1676450079.6210215
Votenet data preprocessing time:0.012911558151245117
Pointpainted Votenet start:0.027141809463500977
Deeplab inference time:1.0763230323791504
Pointpainting time:0.007520437240600586
SA1 sampling and grouping 1:0.09704446792602539
SA1 MLP 1:0.0010380744934082031
SA1 sampling and grouping 2:0.38594579696655273
SA1 MLP 2:0.00017714500427246094
SA2 sampling and grouping 1:0.03006911277770996
SA2 MLP 1:0.21820735931396484
SA2 sampling and grouping 2:0.05475783348083496
SA2 MLP 2:0.22452497482299805
SA3 sampling and grouping 1:0.01870894432067871
SA3 MLP 1:0.2408008575439453
SA3 sampling and grouping 2:0.03705286979675293
SA3 MLP 2:0.06120896339416504
SA4 sampling and grouping:0.10034966468811035
SA4 MLP:0.09615254402160645
SA End:0.03369736671447754
Voting and Proposal time:0.23000216484069824
Total inference time: 2.953635 
Start: 1676450109.3082924
Votenet data preprocessing time:0.013047456741333008
Pointpainted Votenet start:0.02756953239440918
Deeplab inference time:1.0553264617919922
Pointpainting time:0.007666587829589844
SA1 sampling and grouping 1:0.121856689453125
SA1 MLP 1:0.0011992454528808594
SA1 sampling and grouping 2:0.6361203193664551
SA1 MLP 2:0.00018310546875
SA2 sampling and grouping 1:0.03185606002807617
SA2 MLP 1:0.21344327926635742
SA2 sampling and grouping 2:0.06272268295288086
SA2 MLP 2:0.2135159969329834
SA3 sampling and grouping 1:0.02147531509399414
SA3 MLP 1:0.2380695343017578
SA3 sampling and grouping 2:0.02975320816040039
SA3 MLP 2:0.06757736206054688
SA4 sampling and grouping:0.10164308547973633
SA4 MLP:0.09546732902526855
SA End:0.03370213508605957
Voting and Proposal time:0.23288559913635254
Total inference time: 3.205081 
Start: 1676450139.345856
Votenet data preprocessing time:0.012750387191772461
Pointpainted Votenet start:0.028324604034423828
Deeplab inference time:1.0524325370788574
Pointpainting time:0.0062067508697509766
SA1 sampling and grouping 1:0.0970296859741211
SA1 MLP 1:0.0010418891906738281
SA1 sampling and grouping 2:0.3594014644622803
SA1 MLP 2:0.00015974044799804688
SA2 sampling and grouping 1:0.027135848999023438
SA2 MLP 1:0.2203981876373291
SA2 sampling and grouping 2:0.05321669578552246
SA2 MLP 2:0.2231755256652832
SA3 sampling and grouping 1:0.017974853515625
SA3 MLP 1:0.24161314964294434
SA3 sampling and grouping 2:0.026653528213500977
SA3 MLP 2:0.0682373046875
SA4 sampling and grouping:0.10064983367919922
SA4 MLP:0.08944463729858398
SA End:0.0324091911315918
Voting and Proposal time:0.21981430053710938
Total inference time: 2.878070 
Start: 1676450168.940799
Votenet data preprocessing time:0.013202667236328125
Pointpainted Votenet start:0.028207778930664062
Deeplab inference time:1.0238475799560547
Pointpainting time:0.005147457122802734
SA1 sampling and grouping 1:0.11650323867797852
SA1 MLP 1:0.0010802745819091797
SA1 sampling and grouping 2:0.3634772300720215
SA1 MLP 2:0.00023865699768066406
SA2 sampling and grouping 1:0.027825593948364258
SA2 MLP 1:0.21541690826416016
SA2 sampling and grouping 2:0.05010557174682617
SA2 MLP 2:0.2276172637939453
SA3 sampling and grouping 1:0.01711297035217285
SA3 MLP 1:0.2405550479888916
SA3 sampling and grouping 2:0.026032209396362305
SA3 MLP 2:0.06786251068115234
SA4 sampling and grouping:0.09895968437194824
SA4 MLP:0.09259510040283203
SA End:0.03187823295593262
Voting and Proposal time:0.21988368034362793
Total inference time: 2.867550 
Start: 1676450198.4049578
Votenet data preprocessing time:0.012926578521728516
Pointpainted Votenet start:0.028058528900146484
Deeplab inference time:1.0481717586517334
Pointpainting time:0.006071329116821289
SA1 sampling and grouping 1:0.12177515029907227
SA1 MLP 1:0.0011229515075683594
SA1 sampling and grouping 2:1.0860981941223145
SA1 MLP 2:0.0001957416534423828
SA2 sampling and grouping 1:0.03123307228088379
SA2 MLP 1:0.2159113883972168
SA2 sampling and grouping 2:0.0557398796081543
SA2 MLP 2:0.22324204444885254
SA3 sampling and grouping 1:0.02016448974609375
SA3 MLP 1:0.2371528148651123
SA3 sampling and grouping 2:0.028868913650512695
SA3 MLP 2:0.06646847724914551
SA4 sampling and grouping:0.10006356239318848
SA4 MLP:0.09383463859558105
SA End:0.032195329666137695
Voting and Proposal time:0.23653554916381836
Total inference time: 3.645830 
Start: 1676450228.6872134
Votenet data preprocessing time:0.012998342514038086
Pointpainted Votenet start:0.02866220474243164
Deeplab inference time:1.0560393333435059
Pointpainting time:0.0073053836822509766
SA1 sampling and grouping 1:0.1169734001159668
SA1 MLP 1:0.0010657310485839844
SA1 sampling and grouping 2:0.38503170013427734
SA1 MLP 2:0.00022149085998535156
SA2 sampling and grouping 1:0.02854013442993164
SA2 MLP 1:0.2185993194580078
SA2 sampling and grouping 2:0.051827430725097656
SA2 MLP 2:0.2266387939453125
SA3 sampling and grouping 1:0.01921391487121582
SA3 MLP 1:0.23845243453979492
SA3 sampling and grouping 2:0.02649211883544922
SA3 MLP 2:0.06847977638244629
SA4 sampling and grouping:0.09955596923828125
SA4 MLP:0.09061479568481445
SA End:0.04011988639831543
Voting and Proposal time:0.2209475040435791
Total inference time: 2.937780 
Start: 1676450258.3345218
Votenet data preprocessing time:0.012562274932861328
Pointpainted Votenet start:0.02896904945373535
Deeplab inference time:1.0496044158935547
Pointpainting time:0.006296634674072266
SA1 sampling and grouping 1:0.10997247695922852
SA1 MLP 1:0.0010094642639160156
SA1 sampling and grouping 2:0.35323524475097656
SA1 MLP 2:0.00015616416931152344
SA2 sampling and grouping 1:0.028155088424682617
SA2 MLP 1:0.21602773666381836
SA2 sampling and grouping 2:0.05040788650512695
SA2 MLP 2:0.22746038436889648
SA3 sampling and grouping 1:0.015262365341186523
SA3 MLP 1:0.24040675163269043
SA3 sampling and grouping 2:0.026274681091308594
SA3 MLP 2:0.06840038299560547
SA4 sampling and grouping:0.09864997863769531
SA4 MLP:0.0932767391204834
SA End:0.03915715217590332
Voting and Proposal time:0.22522664070129395
Total inference time: 2.890512 
Start: 1676450287.949881
Votenet data preprocessing time:0.012832164764404297
Pointpainted Votenet start:0.02840256690979004
Deeplab inference time:1.0468523502349854
Pointpainting time:0.006351470947265625
SA1 sampling and grouping 1:0.11842656135559082
SA1 MLP 1:0.001176595687866211
SA1 sampling and grouping 2:0.4062917232513428
SA1 MLP 2:0.00015878677368164062
SA2 sampling and grouping 1:0.02792072296142578
SA2 MLP 1:0.21319055557250977
SA2 sampling and grouping 2:0.05126452445983887
SA2 MLP 2:0.22651290893554688
SA3 sampling and grouping 1:0.015404939651489258
SA3 MLP 1:0.24063491821289062
SA3 sampling and grouping 2:0.026938438415527344
SA3 MLP 2:0.07007241249084473
SA4 sampling and grouping:0.0995938777923584
SA4 MLP:0.09456658363342285
SA End:0.03352642059326172
Voting and Proposal time:0.22143793106079102
Total inference time: 2.941556 
Start: 1676450317.6469438
Votenet data preprocessing time:0.012755155563354492
Pointpainted Votenet start:0.027766942977905273
Deeplab inference time:1.0628833770751953
Pointpainting time:0.006116390228271484
SA1 sampling and grouping 1:0.12257075309753418
SA1 MLP 1:0.0011286735534667969
SA1 sampling and grouping 2:0.3354911804199219
SA1 MLP 2:0.00017142295837402344
SA2 sampling and grouping 1:0.02578878402709961
SA2 MLP 1:0.21849322319030762
SA2 sampling and grouping 2:0.051635026931762695
SA2 MLP 2:0.22709941864013672
SA3 sampling and grouping 1:0.018634796142578125
SA3 MLP 1:0.24065637588500977
SA3 sampling and grouping 2:0.026656389236450195
SA3 MLP 2:0.06811356544494629
SA4 sampling and grouping:0.10109853744506836
SA4 MLP:0.08765316009521484
SA End:0.034870147705078125
Voting and Proposal time:0.22559094429016113
Total inference time: 2.895174 
Start: 1676450347.2323456
Votenet data preprocessing time:0.013057708740234375
Pointpainted Votenet start:0.028487205505371094
Deeplab inference time:1.0538568496704102
Pointpainting time:0.007028102874755859
SA1 sampling and grouping 1:0.11502599716186523
SA1 MLP 1:0.001009225845336914
SA1 sampling and grouping 2:0.45847129821777344
SA1 MLP 2:0.000186920166015625
SA2 sampling and grouping 1:0.030176877975463867
SA2 MLP 1:0.21537184715270996
SA2 sampling and grouping 2:0.04921984672546387
SA2 MLP 2:0.23327064514160156
SA3 sampling and grouping 1:0.0153350830078125
SA3 MLP 1:0.24292564392089844
SA3 sampling and grouping 2:0.026055574417114258
SA3 MLP 2:0.06788897514343262
SA4 sampling and grouping:0.10036420822143555
SA4 MLP:0.09174418449401855
SA End:0.032494306564331055
Voting and Proposal time:0.22591733932495117
Total inference time: 3.007888 
Start: 1676450376.8162959
Votenet data preprocessing time:0.013238191604614258
Pointpainted Votenet start:0.028069496154785156
Deeplab inference time:1.0299036502838135
Pointpainting time:0.007823705673217773
SA1 sampling and grouping 1:0.12324810028076172
SA1 MLP 1:0.0010635852813720703
SA1 sampling and grouping 2:0.3459794521331787
SA1 MLP 2:0.00019359588623046875
SA2 sampling and grouping 1:0.026628732681274414
SA2 MLP 1:0.22116827964782715
SA2 sampling and grouping 2:0.0534517765045166
SA2 MLP 2:0.22582650184631348
SA3 sampling and grouping 1:0.019688129425048828
SA3 MLP 1:0.24144721031188965
SA3 sampling and grouping 2:0.0265958309173584
SA3 MLP 2:0.06800436973571777
SA4 sampling and grouping:0.1008307933807373
SA4 MLP:0.09032177925109863
SA End:0.033960819244384766
Voting and Proposal time:0.22904467582702637
Total inference time: 2.886489 
Start: 1676450406.4333725
Votenet data preprocessing time:0.012965917587280273
Pointpainted Votenet start:0.02827739715576172
Deeplab inference time:1.0517511367797852
Pointpainting time:0.006450176239013672
SA1 sampling and grouping 1:0.10904121398925781
SA1 MLP 1:0.0010919570922851562
SA1 sampling and grouping 2:0.3817596435546875
SA1 MLP 2:0.00018715858459472656
SA2 sampling and grouping 1:0.03091907501220703
SA2 MLP 1:0.21097850799560547
SA2 sampling and grouping 2:0.053689002990722656
SA2 MLP 2:0.22423219680786133
SA3 sampling and grouping 1:0.019696950912475586
SA3 MLP 1:0.23740911483764648
SA3 sampling and grouping 2:0.026378393173217773
SA3 MLP 2:0.0683126449584961
SA4 sampling and grouping:0.09917140007019043
SA4 MLP:0.08959841728210449
SA End:0.03292703628540039
Voting and Proposal time:0.22682881355285645
Total inference time: 2.911666 
Start: 1676450436.3234353
Votenet data preprocessing time:0.012979507446289062
Pointpainted Votenet start:0.028609037399291992
Deeplab inference time:1.053598165512085
Pointpainting time:0.005956172943115234
SA1 sampling and grouping 1:0.12338733673095703
SA1 MLP 1:0.0011296272277832031
SA1 sampling and grouping 2:0.45633482933044434
SA1 MLP 2:0.00036716461181640625
SA2 sampling and grouping 1:0.03356194496154785
SA2 MLP 1:0.21715879440307617
SA2 sampling and grouping 2:0.056287527084350586
SA2 MLP 2:0.2221665382385254
SA3 sampling and grouping 1:0.019140005111694336
SA3 MLP 1:0.2409961223602295
SA3 sampling and grouping 2:0.02904224395751953
SA3 MLP 2:0.06628680229187012
SA4 sampling and grouping:0.09993886947631836
SA4 MLP:0.09309196472167969
SA End:0.035272836685180664
Voting and Proposal time:0.227247953414917
Total inference time: 3.022553 
Start: 1676450466.334515
Votenet data preprocessing time:0.012705564498901367
Pointpainted Votenet start:0.028414487838745117
Deeplab inference time:1.0335536003112793
Pointpainting time:0.0057637691497802734
SA1 sampling and grouping 1:0.11503338813781738
SA1 MLP 1:0.0016553401947021484
SA1 sampling and grouping 2:0.31420421600341797
SA1 MLP 2:0.00015997886657714844
SA2 sampling and grouping 1:0.025575637817382812
SA2 MLP 1:0.21911001205444336
SA2 sampling and grouping 2:0.049605369567871094
SA2 MLP 2:0.23620367050170898
SA3 sampling and grouping 1:0.017955303192138672
SA3 MLP 1:0.2417142391204834
SA3 sampling and grouping 2:0.026751279830932617
SA3 MLP 2:0.06884574890136719
SA4 sampling and grouping:0.10148048400878906
SA4 MLP:0.0897989273071289
SA End:0.034062862396240234
Voting and Proposal time:0.2255535125732422
Total inference time: 2.848147 
Start: 1676450495.976676
Votenet data preprocessing time:0.012931346893310547
Pointpainted Votenet start:0.02824854850769043
Deeplab inference time:1.043278694152832
Pointpainting time:0.006594657897949219
SA1 sampling and grouping 1:0.12204813957214355
SA1 MLP 1:0.0013294219970703125
SA1 sampling and grouping 2:0.4125173091888428
SA1 MLP 2:0.0001952648162841797
SA2 sampling and grouping 1:0.026403188705444336
SA2 MLP 1:0.22101092338562012
SA2 sampling and grouping 2:0.052948951721191406
SA2 MLP 2:0.2236471176147461
SA3 sampling and grouping 1:0.019025087356567383
SA3 MLP 1:0.24101567268371582
SA3 sampling and grouping 2:0.027814388275146484
SA3 MLP 2:0.0666341781616211
SA4 sampling and grouping:0.10037112236022949
SA4 MLP:0.09248709678649902
SA End:0.03197908401489258
Voting and Proposal time:0.22008967399597168
Total inference time: 2.950570 
Start: 1676450525.6474495
Votenet data preprocessing time:0.013002157211303711
Pointpainted Votenet start:0.028596878051757812
Deeplab inference time:1.0512592792510986
Pointpainting time:0.006850242614746094
SA1 sampling and grouping 1:0.11547255516052246
SA1 MLP 1:0.0011136531829833984
SA1 sampling and grouping 2:0.39809322357177734
SA1 MLP 2:0.00021457672119140625
SA2 sampling and grouping 1:0.028295516967773438
SA2 MLP 1:0.21930718421936035
SA2 sampling and grouping 2:0.05634307861328125
SA2 MLP 2:0.2286052703857422
SA3 sampling and grouping 1:0.02029252052307129
SA3 MLP 1:0.2398509979248047
SA3 sampling and grouping 2:0.028657197952270508
SA3 MLP 2:0.0663294792175293
SA4 sampling and grouping:0.10040879249572754
SA4 MLP:0.09028029441833496
SA End:0.03709006309509277
Voting and Proposal time:0.2324519157409668
Total inference time: 2.962515 
Start: 1676450555.3721447
Votenet data preprocessing time:0.012756824493408203
Pointpainted Votenet start:0.027283668518066406
Deeplab inference time:1.0531883239746094
Pointpainting time:0.006575822830200195
SA1 sampling and grouping 1:0.1291508674621582
SA1 MLP 1:0.0010917186737060547
SA1 sampling and grouping 2:0.4002847671508789
SA1 MLP 2:0.00019693374633789062
SA2 sampling and grouping 1:0.0264589786529541
SA2 MLP 1:0.21706390380859375
SA2 sampling and grouping 2:0.05178976058959961
SA2 MLP 2:0.22722268104553223
SA3 sampling and grouping 1:0.01808929443359375
SA3 MLP 1:0.23823070526123047
SA3 sampling and grouping 2:0.026247739791870117
SA3 MLP 2:0.06880593299865723
SA4 sampling and grouping:0.10141324996948242
SA4 MLP:0.08842825889587402
SA End:0.03480839729309082
Voting and Proposal time:0.22616004943847656
Total inference time: 2.955248 
Start: 1676450585.0454164
Votenet data preprocessing time:0.013158082962036133
Pointpainted Votenet start:0.02831888198852539
Deeplab inference time:1.048640489578247
Pointpainting time:0.006339073181152344
SA1 sampling and grouping 1:0.12177133560180664
SA1 MLP 1:0.0015811920166015625
SA1 sampling and grouping 2:0.3901960849761963
SA1 MLP 2:0.00019168853759765625
SA2 sampling and grouping 1:0.028697490692138672
SA2 MLP 1:0.2176213264465332
SA2 sampling and grouping 2:0.0537722110748291
SA2 MLP 2:0.22247099876403809
SA3 sampling and grouping 1:0.018694162368774414
SA3 MLP 1:0.24161815643310547
SA3 sampling and grouping 2:0.026637792587280273
SA3 MLP 2:0.06879591941833496
SA4 sampling and grouping:0.0998985767364502
SA4 MLP:0.08684802055358887
SA End:0.03299140930175781
Voting and Proposal time:0.22415733337402344
Total inference time: 2.932400 
