Start: 1675948665.0999143
Votenet data preprocessing time:0.0313723087310791
Pointpainted Votenet start:0.03807377815246582
Deeplab inference time:0.8400304317474365
Pointpainting time:0.05434989929199219
SA1 sampling and grouping 1:0.2553694248199463
SA1 MLP 1:0.0012772083282470703
SA1 sampling and grouping 2:5.63638973236084
SA1 MLP 2:0.0007038116455078125
SA2 sampling and grouping 1:0.49124813079833984
SA2 MLP 1:0.0008716583251953125
SA2 sampling and grouping 2:0.6187052726745605
SA2 MLP 2:0.0007188320159912109
SA3 sampling and grouping 1:0.20514583587646484
SA3 MLP 1:0.0006737709045410156
SA3 sampling and grouping 2:0.2753901481628418
SA3 MLP 2:0.0008695125579833984
SA4 sampling and grouping:0.3069305419921875
SA4 MLP:0.12408137321472168
SA End:0.3491504192352295
Voting and Proposal time:0.6079366207122803
Total inference time: 9.839289 
Start: 1675948701.2393188
Votenet data preprocessing time:0.02939581871032715
Pointpainted Votenet start:0.03732180595397949
Deeplab inference time:0.8295555114746094
Pointpainting time:0.08352327346801758
SA1 sampling and grouping 1:0.6101198196411133
SA1 MLP 1:0.0013751983642578125
SA1 sampling and grouping 2:5.638547420501709
SA1 MLP 2:0.0006990432739257812
SA2 sampling and grouping 1:0.4798312187194824
SA2 MLP 1:0.0007398128509521484
SA2 sampling and grouping 2:0.6206035614013672
SA2 MLP 2:0.0007429122924804688
SA3 sampling and grouping 1:0.20580220222473145
SA3 MLP 1:0.0007054805755615234
SA3 sampling and grouping 2:0.28037452697753906
SA3 MLP 2:0.0007355213165283203
SA4 sampling and grouping:0.3121170997619629
SA4 MLP:0.12211394309997559
SA End:0.33716249465942383
Voting and Proposal time:0.6229171752929688
Total inference time: 10.214384 
Start: 1675948737.79154
Votenet data preprocessing time:0.03173518180847168
Pointpainted Votenet start:0.03748893737792969
Deeplab inference time:0.8332488536834717
Pointpainting time:0.0477447509765625
SA1 sampling and grouping 1:0.23623299598693848
SA1 MLP 1:0.0012009143829345703
SA1 sampling and grouping 2:5.641620635986328
SA1 MLP 2:0.0006589889526367188
SA2 sampling and grouping 1:0.48864054679870605
SA2 MLP 1:0.0006983280181884766
SA2 sampling and grouping 2:0.6107597351074219
SA2 MLP 2:0.0007369518280029297
SA3 sampling and grouping 1:0.20641756057739258
SA3 MLP 1:0.0007503032684326172
SA3 sampling and grouping 2:0.2755703926086426
SA3 MLP 2:0.0007579326629638672
SA4 sampling and grouping:0.3050112724304199
SA4 MLP:0.11935615539550781
SA End:0.34150242805480957
Voting and Proposal time:0.6041841506958008
Total inference time: 9.784317 
Start: 1675948773.897569
Votenet data preprocessing time:0.0316312313079834
Pointpainted Votenet start:0.03836774826049805
Deeplab inference time:0.8298633098602295
Pointpainting time:0.06823420524597168
SA1 sampling and grouping 1:0.41619181632995605
SA1 MLP 1:0.0011479854583740234
SA1 sampling and grouping 2:5.646676778793335
SA1 MLP 2:0.0007131099700927734
SA2 sampling and grouping 1:0.4874715805053711
SA2 MLP 1:0.0007631778717041016
SA2 sampling and grouping 2:0.6125025749206543
SA2 MLP 2:0.0007700920104980469
SA3 sampling and grouping 1:0.20659708976745605
SA3 MLP 1:0.0007343292236328125
SA3 sampling and grouping 2:0.2752673625946045
SA3 MLP 2:0.0007309913635253906
SA4 sampling and grouping:0.3086280822753906
SA4 MLP:0.12008404731750488
SA End:0.34084439277648926
Voting and Proposal time:0.6237859725952148
Total inference time: 10.011006 
Start: 1675948810.2895947
Votenet data preprocessing time:0.03145313262939453
Pointpainted Votenet start:0.03769421577453613
Deeplab inference time:0.8448104858398438
Pointpainting time:0.038428306579589844
SA1 sampling and grouping 1:0.18820691108703613
SA1 MLP 1:0.0013306140899658203
SA1 sampling and grouping 2:5.651530981063843
SA1 MLP 2:0.0006165504455566406
SA2 sampling and grouping 1:0.49089860916137695
SA2 MLP 1:0.0006582736968994141
SA2 sampling and grouping 2:0.632906436920166
SA2 MLP 2:0.0007371902465820312
SA3 sampling and grouping 1:0.20418000221252441
SA3 MLP 1:0.0008342266082763672
SA3 sampling and grouping 2:0.28093576431274414
SA3 MLP 2:0.0007028579711914062
SA4 sampling and grouping:0.31855320930480957
SA4 MLP:0.12595033645629883
SA End:0.3568406105041504
Voting and Proposal time:0.6135427951812744
Total inference time: 9.820812 
Start: 1675948846.4302828
Votenet data preprocessing time:0.03163647651672363
Pointpainted Votenet start:0.03766608238220215
Deeplab inference time:0.8358967304229736
Pointpainting time:0.048017263412475586
SA1 sampling and grouping 1:0.26261115074157715
SA1 MLP 1:0.0012898445129394531
SA1 sampling and grouping 2:5.627465724945068
SA1 MLP 2:0.0006682872772216797
SA2 sampling and grouping 1:0.4874241352081299
SA2 MLP 1:0.0007660388946533203
SA2 sampling and grouping 2:0.6209168434143066
SA2 MLP 2:0.0007748603820800781
SA3 sampling and grouping 1:0.2063288688659668
SA3 MLP 1:0.0007429122924804688
SA3 sampling and grouping 2:0.2745792865753174
SA3 MLP 2:0.0009622573852539062
SA4 sampling and grouping:0.31308794021606445
SA4 MLP:0.12813758850097656
SA End:0.353956937789917
Voting and Proposal time:0.5975987911224365
Total inference time: 9.830528 
Start: 1675948882.7795506
Votenet data preprocessing time:0.03171992301940918
Pointpainted Votenet start:0.03737282752990723
Deeplab inference time:0.8414430618286133
Pointpainting time:0.06311869621276855
SA1 sampling and grouping 1:0.41318440437316895
SA1 MLP 1:0.0013000965118408203
SA1 sampling and grouping 2:5.648860931396484
SA1 MLP 2:0.0007505416870117188
SA2 sampling and grouping 1:0.4985356330871582
SA2 MLP 1:0.0008542537689208984
SA2 sampling and grouping 2:0.6250593662261963
SA2 MLP 2:0.0007224082946777344
SA3 sampling and grouping 1:0.20516467094421387
SA3 MLP 1:0.0006744861602783203
SA3 sampling and grouping 2:0.2756009101867676
SA3 MLP 2:0.0008482933044433594
SA4 sampling and grouping:0.3188626766204834
SA4 MLP:0.12759876251220703
SA End:0.3478658199310303
Voting and Proposal time:0.6188168525695801
Total inference time: 10.058355 
Start: 1675948919.1182811
Votenet data preprocessing time:0.03166317939758301
Pointpainted Votenet start:0.03758597373962402
Deeplab inference time:0.8327934741973877
Pointpainting time:0.04509902000427246
SA1 sampling and grouping 1:0.2380836009979248
SA1 MLP 1:0.0012552738189697266
SA1 sampling and grouping 2:5.650754451751709
SA1 MLP 2:0.0007874965667724609
SA2 sampling and grouping 1:0.49101948738098145
SA2 MLP 1:0.0006983280181884766
SA2 sampling and grouping 2:0.6090481281280518
SA2 MLP 2:0.0007402896881103516
SA3 sampling and grouping 1:0.20242691040039062
SA3 MLP 1:0.0008578300476074219
SA3 sampling and grouping 2:0.27721285820007324
SA3 MLP 2:0.0007107257843017578
SA4 sampling and grouping:0.30422425270080566
SA4 MLP:0.1258254051208496
SA End:0.33487534523010254
Voting and Proposal time:0.6152398586273193
Total inference time: 9.800902 
Start: 1675948955.303857
Votenet data preprocessing time:0.03154110908508301
Pointpainted Votenet start:0.03766918182373047
Deeplab inference time:0.8281497955322266
Pointpainting time:0.0567173957824707
SA1 sampling and grouping 1:0.459075927734375
SA1 MLP 1:0.0014226436614990234
SA1 sampling and grouping 2:5.647004842758179
SA1 MLP 2:0.0006766319274902344
SA2 sampling and grouping 1:0.4837646484375
SA2 MLP 1:0.0006737709045410156
SA2 sampling and grouping 2:0.6086392402648926
SA2 MLP 2:0.0007297992706298828
SA3 sampling and grouping 1:0.20317721366882324
SA3 MLP 1:0.0006592273712158203
SA3 sampling and grouping 2:0.28261256217956543
SA3 MLP 2:0.0006794929504394531
SA4 sampling and grouping:0.30963850021362305
SA4 MLP:0.12890195846557617
SA End:0.3558237552642822
Voting and Proposal time:0.5972514152526855
Total inference time: 10.034809 
Start: 1675948991.8585186
Votenet data preprocessing time:0.031134843826293945
Pointpainted Votenet start:0.041394948959350586
Deeplab inference time:0.8564908504486084
Pointpainting time:0.05016279220581055
SA1 sampling and grouping 1:0.20998239517211914
SA1 MLP 1:0.0012807846069335938
SA1 sampling and grouping 2:5.62825083732605
SA1 MLP 2:0.0007448196411132812
SA2 sampling and grouping 1:0.491473913192749
SA2 MLP 1:0.0008172988891601562
SA2 sampling and grouping 2:0.6341626644134521
SA2 MLP 2:0.0008902549743652344
SA3 sampling and grouping 1:0.20979833602905273
SA3 MLP 1:0.0007708072662353516
SA3 sampling and grouping 2:0.2777895927429199
SA3 MLP 2:0.0007183551788330078
SA4 sampling and grouping:0.3116590976715088
SA4 MLP:0.12735867500305176
SA End:0.3496410846710205
Voting and Proposal time:0.628537654876709
Total inference time: 9.853060 
Start: 1675949028.1436136
Votenet data preprocessing time:0.03144383430480957
Pointpainted Votenet start:0.04153847694396973
Deeplab inference time:0.8447279930114746
Pointpainting time:0.06571435928344727
SA1 sampling and grouping 1:0.8335990905761719
SA1 MLP 1:0.0014224052429199219
SA1 sampling and grouping 2:5.6493682861328125
SA1 MLP 2:0.0006608963012695312
SA2 sampling and grouping 1:0.5013782978057861
SA2 MLP 1:0.0007903575897216797
SA2 sampling and grouping 2:0.6235764026641846
SA2 MLP 2:0.0007355213165283203
SA3 sampling and grouping 1:0.20920729637145996
SA3 MLP 1:0.0008151531219482422
SA3 sampling and grouping 2:0.28340625762939453
SA3 MLP 2:0.0007801055908203125
SA4 sampling and grouping:0.3210728168487549
SA4 MLP:0.1236104965209961
SA End:0.34623169898986816
Voting and Proposal time:0.632716178894043
Total inference time: 10.512796 
Start: 1675949065.1151567
Votenet data preprocessing time:0.030211687088012695
Pointpainted Votenet start:0.037779808044433594
Deeplab inference time:0.8412024974822998
Pointpainting time:0.04691457748413086
SA1 sampling and grouping 1:0.22672033309936523
SA1 MLP 1:0.0012691020965576172
SA1 sampling and grouping 2:5.634984254837036
SA1 MLP 2:0.0007472038269042969
SA2 sampling and grouping 1:0.49143004417419434
SA2 MLP 1:0.0006906986236572266
SA2 sampling and grouping 2:0.627692461013794
SA2 MLP 2:0.0007250308990478516
SA3 sampling and grouping 1:0.20947504043579102
SA3 MLP 1:0.0007300376892089844
SA3 sampling and grouping 2:0.2769653797149658
SA3 MLP 2:0.0007679462432861328
SA4 sampling and grouping:0.3061823844909668
SA4 MLP:0.1230776309967041
SA End:0.3376181125640869
Voting and Proposal time:0.6047086715698242
Total inference time: 9.799893 
Start: 1675949101.3349223
Votenet data preprocessing time:0.029717683792114258
Pointpainted Votenet start:0.03760838508605957
Deeplab inference time:0.8450634479522705
Pointpainting time:0.04321479797363281
SA1 sampling and grouping 1:0.20717144012451172
SA1 MLP 1:0.0013785362243652344
SA1 sampling and grouping 2:5.6176276206970215
SA1 MLP 2:0.0006458759307861328
SA2 sampling and grouping 1:0.4951181411743164
SA2 MLP 1:0.0007965564727783203
SA2 sampling and grouping 2:0.6275532245635986
SA2 MLP 2:0.0008120536804199219
SA3 sampling and grouping 1:0.20473504066467285
SA3 MLP 1:0.0007202625274658203
SA3 sampling and grouping 2:0.2778003215789795
SA3 MLP 2:0.0008020401000976562
SA4 sampling and grouping:0.3179330825805664
SA4 MLP:0.12944507598876953
SA End:0.33619117736816406
Voting and Proposal time:0.6159336566925049
Total inference time: 9.790268 
Start: 1675949137.5087597
Votenet data preprocessing time:0.031465768814086914
Pointpainted Votenet start:0.03721761703491211
Deeplab inference time:0.843794584274292
Pointpainting time:0.0627589225769043
SA1 sampling and grouping 1:0.490739107131958
SA1 MLP 1:0.0015506744384765625
SA1 sampling and grouping 2:5.6593945026397705
SA1 MLP 2:0.0006399154663085938
SA2 sampling and grouping 1:0.4952366352081299
SA2 MLP 1:0.0007452964782714844
SA2 sampling and grouping 2:0.6209852695465088
SA2 MLP 2:0.0011599063873291016
SA3 sampling and grouping 1:0.2097630500793457
SA3 MLP 1:0.0008151531219482422
SA3 sampling and grouping 2:0.27541518211364746
SA3 MLP 2:0.0008428096771240234
SA4 sampling and grouping:0.30215954780578613
SA4 MLP:0.12401294708251953
SA End:0.33405065536499023
Voting and Proposal time:0.6350805759429932
Total inference time: 10.127828 
Start: 1675949174.15574
Votenet data preprocessing time:0.0323030948638916
Pointpainted Votenet start:0.038028717041015625
Deeplab inference time:0.8421900272369385
Pointpainting time:0.04937386512756348
SA1 sampling and grouping 1:0.24050569534301758
SA1 MLP 1:0.001253366470336914
SA1 sampling and grouping 2:5.637171506881714
SA1 MLP 2:0.0006475448608398438
SA2 sampling and grouping 1:0.49178171157836914
SA2 MLP 1:0.0007119178771972656
SA2 sampling and grouping 2:0.6154448986053467
SA2 MLP 2:0.0007436275482177734
SA3 sampling and grouping 1:0.20442938804626465
SA3 MLP 1:0.0007531642913818359
SA3 sampling and grouping 2:0.2693512439727783
SA3 MLP 2:0.0007112026214599609
SA4 sampling and grouping:0.3077082633972168
SA4 MLP:0.12484288215637207
SA End:0.35350680351257324
Voting and Proposal time:0.6244969367980957
Total inference time: 9.835956 
Start: 1675949210.238702
Votenet data preprocessing time:0.029517412185668945
Pointpainted Votenet start:0.03973102569580078
Deeplab inference time:0.8426105976104736
Pointpainting time:0.05301403999328613
SA1 sampling and grouping 1:0.7174661159515381
SA1 MLP 1:0.0012829303741455078
SA1 sampling and grouping 2:5.669427394866943
SA1 MLP 2:0.0007276535034179688
SA2 sampling and grouping 1:0.4886445999145508
SA2 MLP 1:0.0009529590606689453
SA2 sampling and grouping 2:0.6196372509002686
SA2 MLP 2:0.0007505416870117188
SA3 sampling and grouping 1:0.20272564888000488
SA3 MLP 1:0.0008943080902099609
SA3 sampling and grouping 2:0.2814931869506836
SA3 MLP 2:0.0007374286651611328
SA4 sampling and grouping:0.30974483489990234
SA4 MLP:0.12345552444458008
SA End:0.35013318061828613
Voting and Proposal time:0.637505292892456
Total inference time: 10.370452 
Start: 1675949247.0031703
Votenet data preprocessing time:0.03146028518676758
Pointpainted Votenet start:0.03768420219421387
Deeplab inference time:0.8335075378417969
Pointpainting time:0.06159090995788574
SA1 sampling and grouping 1:0.442385196685791
SA1 MLP 1:0.0012538433074951172
SA1 sampling and grouping 2:5.617743492126465
SA1 MLP 2:0.0006825923919677734
SA2 sampling and grouping 1:0.4909067153930664
SA2 MLP 1:0.0008106231689453125
SA2 sampling and grouping 2:0.6282031536102295
SA2 MLP 2:0.0007340908050537109
SA3 sampling and grouping 1:0.20690417289733887
SA3 MLP 1:0.0010917186737060547
SA3 sampling and grouping 2:0.2854270935058594
SA3 MLP 2:0.0007486343383789062
SA4 sampling and grouping:0.2973623275756836
SA4 MLP:0.11712169647216797
SA End:0.3394796848297119
Voting and Proposal time:0.6202433109283447
Total inference time: 10.015341 
Start: 1675949283.4009225
Votenet data preprocessing time:0.032715559005737305
Pointpainted Votenet start:0.03755617141723633
Deeplab inference time:0.8409044742584229
Pointpainting time:0.0630948543548584
SA1 sampling and grouping 1:0.4366471767425537
SA1 MLP 1:0.0013399124145507812
SA1 sampling and grouping 2:5.6346049308776855
SA1 MLP 2:0.0006823539733886719
SA2 sampling and grouping 1:0.48877835273742676
SA2 MLP 1:0.0007030963897705078
SA2 sampling and grouping 2:0.6210455894470215
SA2 MLP 2:0.0007266998291015625
SA3 sampling and grouping 1:0.20288991928100586
SA3 MLP 1:0.0006861686706542969
SA3 sampling and grouping 2:0.2772402763366699
SA3 MLP 2:0.0007271766662597656
SA4 sampling and grouping:0.315889835357666
SA4 MLP:0.12793302536010742
SA End:0.3489377498626709
Voting and Proposal time:0.6309604644775391
Total inference time: 10.064064 
Start: 1675949319.908056
Votenet data preprocessing time:0.0319821834564209
Pointpainted Votenet start:0.03797721862792969
Deeplab inference time:0.8448081016540527
Pointpainting time:0.05296134948730469
SA1 sampling and grouping 1:0.3083653450012207
SA1 MLP 1:0.0013880729675292969
SA1 sampling and grouping 2:5.637676239013672
SA1 MLP 2:0.0006701946258544922
SA2 sampling and grouping 1:0.4844820499420166
SA2 MLP 1:0.0007979869842529297
SA2 sampling and grouping 2:0.6184685230255127
SA2 MLP 2:0.0007207393646240234
SA3 sampling and grouping 1:0.2073657512664795
SA3 MLP 1:0.0006685256958007812
SA3 sampling and grouping 2:0.27199268341064453
SA3 MLP 2:0.000720977783203125
SA4 sampling and grouping:0.3095862865447998
SA4 MLP:0.12139010429382324
SA End:0.3461751937866211
Voting and Proposal time:0.6321995258331299
Total inference time: 9.910397 
Start: 1675949356.1183348
Votenet data preprocessing time:0.03168606758117676
Pointpainted Votenet start:0.03806877136230469
Deeplab inference time:0.8277521133422852
Pointpainting time:0.0554049015045166
SA1 sampling and grouping 1:0.3162574768066406
SA1 MLP 1:0.0013685226440429688
SA1 sampling and grouping 2:5.632686614990234
SA1 MLP 2:0.0006818771362304688
SA2 sampling and grouping 1:0.4923555850982666
SA2 MLP 1:0.0008270740509033203
SA2 sampling and grouping 2:0.6235604286193848
SA2 MLP 2:0.00072479248046875
SA3 sampling and grouping 1:0.20228338241577148
SA3 MLP 1:0.0007245540618896484
SA3 sampling and grouping 2:0.2820448875427246
SA3 MLP 2:0.0008184909820556641
SA4 sampling and grouping:0.3262929916381836
SA4 MLP:0.1232912540435791
SA End:0.3336939811706543
Voting and Proposal time:0.6280033588409424
Total inference time: 9.918527 
