Start: 1659447495.687163
Votenet data preprocessing time:0.029729127883911133
Pointpainted Votenet start:0.037564992904663086
Deeplab inference time:1.18906831741333
Pointpainting time:0.0468902587890625
SA1 sampling and grouping 1:0.029079675674438477
SA1 MLP 1:0.0012574195861816406
SA1 sampling and grouping 2:0.505608081817627
SA1 MLP 2:0.0015439987182617188
SA2 sampling and grouping 1:0.06691336631774902
SA2 MLP 1:0.07688426971435547
SA2 sampling and grouping 2:0.11153364181518555
SA2 MLP 2:0.09837579727172852
SA3 sampling and grouping:0.26155567169189453
SA3 MLP:0.7170279026031494
SA4 sampling and grouping:0.02348780632019043
SA4 MLP:0.10681438446044922
SA End:0.3273444175720215
Voting and Proposal time:0.32738804817199707
Total inference time: 3.958067 
Start: 1659447525.9407563
Votenet data preprocessing time:0.031397104263305664
Pointpainted Votenet start:0.03801584243774414
Deeplab inference time:1.1356480121612549
Pointpainting time:0.0482635498046875
SA1 sampling and grouping 1:0.03042745590209961
SA1 MLP 1:0.0012614727020263672
SA1 sampling and grouping 2:0.48959946632385254
SA1 MLP 2:0.0014426708221435547
SA2 sampling and grouping 1:0.06606554985046387
SA2 MLP 1:0.06826305389404297
SA2 sampling and grouping 2:0.105010986328125
SA2 MLP 2:0.09836316108703613
SA3 sampling and grouping:0.2377464771270752
SA3 MLP:0.7108931541442871
SA4 sampling and grouping:0.01621723175048828
SA4 MLP:0.10926556587219238
SA End:0.3376145362854004
Voting and Proposal time:0.32755303382873535
Total inference time: 3.853048 
Start: 1659447556.1157262
Votenet data preprocessing time:0.0314786434173584
Pointpainted Votenet start:0.03780937194824219
Deeplab inference time:1.045328140258789
Pointpainting time:0.04647636413574219
SA1 sampling and grouping 1:0.029648780822753906
SA1 MLP 1:0.0011909008026123047
SA1 sampling and grouping 2:0.50307297706604
SA1 MLP 2:0.001466989517211914
SA2 sampling and grouping 1:0.06655573844909668
SA2 MLP 1:0.06473684310913086
SA2 sampling and grouping 2:0.10898303985595703
SA2 MLP 2:0.09112739562988281
SA3 sampling and grouping:0.24077630043029785
SA3 MLP:0.7097060680389404
SA4 sampling and grouping:0.017097949981689453
SA4 MLP:0.11737942695617676
SA End:0.3367798328399658
Voting and Proposal time:0.3174893856048584
Total inference time: 3.767104 
Start: 1659447585.965068
Votenet data preprocessing time:0.031145095825195312
Pointpainted Votenet start:0.03938651084899902
Deeplab inference time:0.995488166809082
Pointpainting time:0.04664897918701172
SA1 sampling and grouping 1:0.031174182891845703
SA1 MLP 1:0.0015463829040527344
SA1 sampling and grouping 2:0.4758169651031494
SA1 MLP 2:0.0014758110046386719
SA2 sampling and grouping 1:0.06252694129943848
SA2 MLP 1:0.07460761070251465
SA2 sampling and grouping 2:0.10526704788208008
SA2 MLP 2:0.09533882141113281
SA3 sampling and grouping:0.23662257194519043
SA3 MLP:0.7078897953033447
SA4 sampling and grouping:0.020156145095825195
SA4 MLP:0.09726524353027344
SA End:0.3380858898162842
Voting and Proposal time:0.32494330406188965
Total inference time: 3.685385 
Start: 1659447615.7534199
Votenet data preprocessing time:0.0318911075592041
Pointpainted Votenet start:0.037481069564819336
Deeplab inference time:1.2558870315551758
Pointpainting time:0.047661781311035156
SA1 sampling and grouping 1:0.030327558517456055
SA1 MLP 1:0.0013725757598876953
SA1 sampling and grouping 2:0.5044815540313721
SA1 MLP 2:0.0014641284942626953
SA2 sampling and grouping 1:0.06074190139770508
SA2 MLP 1:0.06975579261779785
SA2 sampling and grouping 2:0.10827183723449707
SA2 MLP 2:0.09651422500610352
SA3 sampling and grouping:0.24132752418518066
SA3 MLP:0.7162497043609619
SA4 sampling and grouping:0.016999244689941406
SA4 MLP:0.10093331336975098
SA End:0.32420969009399414
Voting and Proposal time:0.32787084579467773
Total inference time: 3.973441 
Start: 1659447645.879754
Votenet data preprocessing time:0.03137612342834473
Pointpainted Votenet start:0.039589881896972656
Deeplab inference time:0.9992425441741943
Pointpainting time:0.04748272895812988
SA1 sampling and grouping 1:0.030640840530395508
SA1 MLP 1:0.0013580322265625
SA1 sampling and grouping 2:0.5191974639892578
SA1 MLP 2:0.0018014907836914062
SA2 sampling and grouping 1:0.06673264503479004
SA2 MLP 1:0.06992888450622559
SA2 sampling and grouping 2:0.10748505592346191
SA2 MLP 2:0.10334086418151855
SA3 sampling and grouping:0.2485215663909912
SA3 MLP:0.7115678787231445
SA4 sampling and grouping:0.016967058181762695
SA4 MLP:0.10307073593139648
SA End:0.3210318088531494
Voting and Proposal time:0.3293135166168213
Total inference time: 3.748649 
Start: 1659447675.7290256
Votenet data preprocessing time:0.029454469680786133
Pointpainted Votenet start:0.03747725486755371
Deeplab inference time:1.003028392791748
Pointpainting time:0.04690098762512207
SA1 sampling and grouping 1:0.03571629524230957
SA1 MLP 1:0.0014090538024902344
SA1 sampling and grouping 2:0.5373446941375732
SA1 MLP 2:0.001581430435180664
SA2 sampling and grouping 1:0.06689667701721191
SA2 MLP 1:0.07701921463012695
SA2 sampling and grouping 2:0.11199188232421875
SA2 MLP 2:0.09419369697570801
SA3 sampling and grouping:0.2527012825012207
SA3 MLP:0.7663133144378662
SA4 sampling and grouping:0.01783895492553711
SA4 MLP:0.10304117202758789
SA End:0.32777929306030273
Voting and Proposal time:0.3313119411468506
Total inference time: 3.842000 
Start: 1659447705.7510002
Votenet data preprocessing time:0.032210350036621094
Pointpainted Votenet start:0.037238359451293945
Deeplab inference time:0.9972941875457764
Pointpainting time:0.045861244201660156
SA1 sampling and grouping 1:0.03262042999267578
SA1 MLP 1:0.0012803077697753906
SA1 sampling and grouping 2:0.5354409217834473
SA1 MLP 2:0.0013797283172607422
SA2 sampling and grouping 1:0.07325625419616699
SA2 MLP 1:0.07129716873168945
SA2 sampling and grouping 2:0.10723042488098145
SA2 MLP 2:0.0917351245880127
SA3 sampling and grouping:0.24440407752990723
SA3 MLP:0.723172664642334
SA4 sampling and grouping:0.017925024032592773
SA4 MLP:0.10386466979980469
SA End:0.3385038375854492
Voting and Proposal time:0.3384673595428467
Total inference time: 3.793182 
Start: 1659447735.652894
Votenet data preprocessing time:0.03137469291687012
Pointpainted Votenet start:0.03955984115600586
Deeplab inference time:1.008331537246704
Pointpainting time:0.046111345291137695
SA1 sampling and grouping 1:0.0297696590423584
SA1 MLP 1:0.001544952392578125
SA1 sampling and grouping 2:0.5154857635498047
SA1 MLP 2:0.0016548633575439453
SA2 sampling and grouping 1:0.06791830062866211
SA2 MLP 1:0.06739354133605957
SA2 sampling and grouping 2:0.10785794258117676
SA2 MLP 2:0.09557652473449707
SA3 sampling and grouping:0.2491145133972168
SA3 MLP:0.709754467010498
SA4 sampling and grouping:0.018290996551513672
SA4 MLP:0.10473752021789551
SA End:0.33275938034057617
Voting and Proposal time:0.3285825252532959
Total inference time: 3.755818 
Start: 1659447765.6248832
Votenet data preprocessing time:0.032094717025756836
Pointpainted Votenet start:0.03722405433654785
Deeplab inference time:1.1314074993133545
Pointpainting time:0.04610586166381836
SA1 sampling and grouping 1:0.030383825302124023
SA1 MLP 1:0.0015239715576171875
SA1 sampling and grouping 2:0.5108399391174316
SA1 MLP 2:0.001428842544555664
SA2 sampling and grouping 1:0.06838345527648926
SA2 MLP 1:0.06845784187316895
SA2 sampling and grouping 2:0.11081075668334961
SA2 MLP 2:0.10297536849975586
SA3 sampling and grouping:0.23883795738220215
SA3 MLP:0.7138407230377197
SA4 sampling and grouping:0.017534732818603516
SA4 MLP:0.1080937385559082
SA End:0.32181310653686523
Voting and Proposal time:0.3356659412384033
Total inference time: 3.877422 
Start: 1659447795.794435
Votenet data preprocessing time:0.02946639060974121
Pointpainted Votenet start:0.037218332290649414
Deeplab inference time:1.0084822177886963
Pointpainting time:0.04713106155395508
SA1 sampling and grouping 1:0.029251575469970703
SA1 MLP 1:0.0016129016876220703
SA1 sampling and grouping 2:0.5587263107299805
SA1 MLP 2:0.0013549327850341797
SA2 sampling and grouping 1:0.062246084213256836
SA2 MLP 1:0.07761526107788086
SA2 sampling and grouping 2:0.10931730270385742
SA2 MLP 2:0.10459542274475098
SA3 sampling and grouping:0.24857354164123535
SA3 MLP:0.7220664024353027
SA4 sampling and grouping:0.019440650939941406
SA4 MLP:0.10174989700317383
SA End:0.32169270515441895
Voting and Proposal time:0.33066606521606445
Total inference time: 3.811207 
Start: 1659447825.7589605
Votenet data preprocessing time:0.03146028518676758
Pointpainted Votenet start:0.04073929786682129
Deeplab inference time:0.9959213733673096
Pointpainting time:0.04690122604370117
SA1 sampling and grouping 1:0.03186798095703125
SA1 MLP 1:0.0015659332275390625
SA1 sampling and grouping 2:0.5407044887542725
SA1 MLP 2:0.0016756057739257812
SA2 sampling and grouping 1:0.07387733459472656
SA2 MLP 1:0.07177901268005371
SA2 sampling and grouping 2:0.11070775985717773
SA2 MLP 2:0.10101199150085449
SA3 sampling and grouping:0.26877593994140625
SA3 MLP:0.723374605178833
SA4 sampling and grouping:0.017915725708007812
SA4 MLP:0.11722254753112793
SA End:0.3245401382446289
Voting and Proposal time:0.3370659351348877
Total inference time: 3.837107 
Start: 1659447855.7697008
Votenet data preprocessing time:0.03159832954406738
Pointpainted Votenet start:0.038201332092285156
Deeplab inference time:1.1545724868774414
Pointpainting time:0.046694278717041016
SA1 sampling and grouping 1:0.02907085418701172
SA1 MLP 1:0.0011668205261230469
SA1 sampling and grouping 2:0.49186182022094727
SA1 MLP 2:0.0017788410186767578
SA2 sampling and grouping 1:0.06835770606994629
SA2 MLP 1:0.075927734375
SA2 sampling and grouping 2:0.10839271545410156
SA2 MLP 2:0.09665918350219727
SA3 sampling and grouping:0.2438201904296875
SA3 MLP:0.7151615619659424
SA4 sampling and grouping:0.016774654388427734
SA4 MLP:0.1108558177947998
SA End:0.33038830757141113
Voting and Proposal time:0.3280625343322754
Total inference time: 3.889345 
Start: 1659447885.808937
Votenet data preprocessing time:0.03166627883911133
Pointpainted Votenet start:0.0382235050201416
Deeplab inference time:1.4642584323883057
Pointpainting time:0.0547640323638916
SA1 sampling and grouping 1:0.04371452331542969
SA1 MLP 1:0.0017077922821044922
SA1 sampling and grouping 2:0.7673075199127197
SA1 MLP 2:0.0021462440490722656
SA2 sampling and grouping 1:0.08281946182250977
SA2 MLP 1:0.07147932052612305
SA2 sampling and grouping 2:0.10369133949279785
SA2 MLP 2:0.10176730155944824
SA3 sampling and grouping:0.24586129188537598
SA3 MLP:0.7271425724029541
SA4 sampling and grouping:0.018099546432495117
SA4 MLP:0.11019754409790039
SA End:0.32721853256225586
Voting and Proposal time:0.3386404514312744
Total inference time: 4.530706 
Start: 1659447916.6604688
Votenet data preprocessing time:0.030944108963012695
Pointpainted Votenet start:0.037535905838012695
Deeplab inference time:1.0079395771026611
Pointpainting time:0.04586648941040039
SA1 sampling and grouping 1:0.03082752227783203
SA1 MLP 1:0.0012340545654296875
SA1 sampling and grouping 2:0.5743227005004883
SA1 MLP 2:0.0016436576843261719
SA2 sampling and grouping 1:0.07198691368103027
SA2 MLP 1:0.0670466423034668
SA2 sampling and grouping 2:0.11011767387390137
SA2 MLP 2:0.09237265586853027
SA3 sampling and grouping:0.2414994239807129
SA3 MLP:0.722261905670166
SA4 sampling and grouping:0.01677989959716797
SA4 MLP:0.11987829208374023
SA End:0.3333559036254883
Voting and Proposal time:0.32285332679748535
Total inference time: 3.828467 
Start: 1659447946.712549
Votenet data preprocessing time:0.030974149703979492
Pointpainted Votenet start:0.03792572021484375
Deeplab inference time:1.0076489448547363
Pointpainting time:0.04786276817321777
SA1 sampling and grouping 1:0.030857324600219727
SA1 MLP 1:0.0015468597412109375
SA1 sampling and grouping 2:0.5674107074737549
SA1 MLP 2:0.0014653205871582031
SA2 sampling and grouping 1:0.06912660598754883
SA2 MLP 1:0.07725691795349121
SA2 sampling and grouping 2:0.11245608329772949
SA2 MLP 2:0.10415911674499512
SA3 sampling and grouping:0.2539792060852051
SA3 MLP:0.7197997570037842
SA4 sampling and grouping:0.01763153076171875
SA4 MLP:0.11820292472839355
SA End:0.34348583221435547
Voting and Proposal time:0.3223719596862793
Total inference time: 3.864162 
Start: 1659447976.7327926
Votenet data preprocessing time:0.030962705612182617
Pointpainted Votenet start:0.03747701644897461
Deeplab inference time:1.0065736770629883
Pointpainting time:0.04807019233703613
SA1 sampling and grouping 1:0.02909564971923828
SA1 MLP 1:0.0015799999237060547
SA1 sampling and grouping 2:0.49753761291503906
SA1 MLP 2:0.0018434524536132812
SA2 sampling and grouping 1:0.06698274612426758
SA2 MLP 1:0.07499217987060547
SA2 sampling and grouping 2:0.10428333282470703
SA2 MLP 2:0.10195112228393555
SA3 sampling and grouping:0.2555880546569824
SA3 MLP:0.7120375633239746
SA4 sampling and grouping:0.022425174713134766
SA4 MLP:0.1038055419921875
SA End:0.32300353050231934
Voting and Proposal time:0.3376741409301758
Total inference time: 3.755884 
Start: 1659448007.2179463
Votenet data preprocessing time:0.02980971336364746
Pointpainted Votenet start:0.03713274002075195
Deeplab inference time:1.0009057521820068
Pointpainting time:0.04631447792053223
SA1 sampling and grouping 1:0.033734798431396484
SA1 MLP 1:0.00118255615234375
SA1 sampling and grouping 2:0.5238907337188721
SA1 MLP 2:0.0015254020690917969
SA2 sampling and grouping 1:0.0648641586303711
SA2 MLP 1:0.06729364395141602
SA2 sampling and grouping 2:0.10718178749084473
SA2 MLP 2:0.09287333488464355
SA3 sampling and grouping:0.23560643196105957
SA3 MLP:0.7107541561126709
SA4 sampling and grouping:0.016330957412719727
SA4 MLP:0.1195223331451416
SA End:0.33504581451416016
Voting and Proposal time:0.32950401306152344
Total inference time: 3.753473 
Start: 1659448037.0531268
Votenet data preprocessing time:0.0314021110534668
Pointpainted Votenet start:0.03733515739440918
Deeplab inference time:1.0113270282745361
Pointpainting time:0.048406124114990234
SA1 sampling and grouping 1:0.03401374816894531
SA1 MLP 1:0.0012187957763671875
SA1 sampling and grouping 2:0.48074984550476074
SA1 MLP 2:0.0016214847564697266
SA2 sampling and grouping 1:0.05992889404296875
SA2 MLP 1:0.06780028343200684
SA2 sampling and grouping 2:0.1097249984741211
SA2 MLP 2:0.09465193748474121
SA3 sampling and grouping:0.23527956008911133
SA3 MLP:0.7122704982757568
SA4 sampling and grouping:0.016839027404785156
SA4 MLP:0.12210750579833984
SA End:0.33682966232299805
Voting and Proposal time:0.31508755683898926
Total inference time: 3.716594 
Start: 1659448067.017206
Votenet data preprocessing time:0.03096771240234375
Pointpainted Votenet start:0.03695368766784668
Deeplab inference time:0.9974474906921387
Pointpainting time:0.04794502258300781
SA1 sampling and grouping 1:0.030646324157714844
SA1 MLP 1:0.0013494491577148438
SA1 sampling and grouping 2:0.5061566829681396
SA1 MLP 2:0.0014884471893310547
SA2 sampling and grouping 1:0.0664210319519043
SA2 MLP 1:0.07376480102539062
SA2 sampling and grouping 2:0.10706949234008789
SA2 MLP 2:0.09509563446044922
SA3 sampling and grouping:0.2388448715209961
SA3 MLP:0.7148983478546143
SA4 sampling and grouping:0.01665520668029785
SA4 MLP:0.11078763008117676
SA End:0.336043119430542
Voting and Proposal time:0.3309910297393799
Total inference time: 3.743526 
Start: 1659462399.0337343
Votenet data preprocessing time:0.031222105026245117
Pointpainted Votenet start:0.04320073127746582
Deeplab inference time:0.9901556968688965
Pointpainting time:0.04748201370239258
SA1 sampling and grouping 1:0.030199766159057617
SA1 MLP 1:0.0014367103576660156
SA1 sampling and grouping 2:0.5289433002471924
SA1 MLP 2:0.002157926559448242
SA2 sampling and grouping 1:0.0657961368560791
SA2 MLP 1:0.07235002517700195
SA2 sampling and grouping 2:0.11201000213623047
SA2 MLP 2:0.10087943077087402
SA3 sampling and grouping:0.254749059677124
SA3 MLP:0.4083559513092041
SA4 sampling and grouping:0.028647899627685547
SA4 MLP:0.1176445484161377
SA End:0.3635392189025879
Voting and Proposal time:0.3276979923248291
Total inference time: 3.526469 
Start: 1659462428.7931178
Votenet data preprocessing time:0.029478788375854492
Pointpainted Votenet start:0.03734016418457031
Deeplab inference time:0.9993636608123779
Pointpainting time:0.046291351318359375
SA1 sampling and grouping 1:0.03126096725463867
SA1 MLP 1:0.0013484954833984375
SA1 sampling and grouping 2:0.5056471824645996
SA1 MLP 2:0.0015988349914550781
SA2 sampling and grouping 1:0.06583833694458008
SA2 MLP 1:0.06969833374023438
SA2 sampling and grouping 2:0.10370635986328125
SA2 MLP 2:0.10542058944702148
SA3 sampling and grouping:0.26346826553344727
SA3 MLP:0.4016537666320801
SA4 sampling and grouping:0.030039310455322266
SA4 MLP:0.1216120719909668
SA End:0.35315680503845215
Voting and Proposal time:0.33777499198913574
Total inference time: 3.504698 
Start: 1659462458.5033329
Votenet data preprocessing time:0.031417131423950195
Pointpainted Votenet start:0.037132978439331055
Deeplab inference time:0.9905796051025391
Pointpainting time:0.046620845794677734
SA1 sampling and grouping 1:0.030768871307373047
SA1 MLP 1:0.001430511474609375
SA1 sampling and grouping 2:0.5109736919403076
SA1 MLP 2:0.0016489028930664062
SA2 sampling and grouping 1:0.06119108200073242
SA2 MLP 1:0.08139538764953613
SA2 sampling and grouping 2:0.10785794258117676
SA2 MLP 2:0.09841084480285645
SA3 sampling and grouping:0.2428128719329834
SA3 MLP:0.3932156562805176
SA4 sampling and grouping:0.027591228485107422
SA4 MLP:0.11467552185058594
SA End:0.34133100509643555
Voting and Proposal time:0.34682655334472656
Total inference time: 3.465881 
Start: 1659462488.0699856
Votenet data preprocessing time:0.03175759315490723
Pointpainted Votenet start:0.0373539924621582
Deeplab inference time:0.9954962730407715
Pointpainting time:0.04886984825134277
SA1 sampling and grouping 1:0.03131270408630371
SA1 MLP 1:0.001795053482055664
SA1 sampling and grouping 2:0.502748966217041
SA1 MLP 2:0.001642465591430664
SA2 sampling and grouping 1:0.06328034400939941
SA2 MLP 1:0.06796598434448242
SA2 sampling and grouping 2:0.10942769050598145
SA2 MLP 2:0.09640073776245117
SA3 sampling and grouping:0.23841047286987305
SA3 MLP:0.40603113174438477
SA4 sampling and grouping:0.029268503189086914
SA4 MLP:0.11911368370056152
SA End:0.3474752902984619
Voting and Proposal time:0.33596277236938477
Total inference time: 3.464314 
Start: 1659462517.5744965
Votenet data preprocessing time:0.029314279556274414
Pointpainted Votenet start:0.03798222541809082
Deeplab inference time:0.9950883388519287
Pointpainting time:0.0489802360534668
SA1 sampling and grouping 1:0.030723094940185547
SA1 MLP 1:0.0014259815216064453
SA1 sampling and grouping 2:0.5363705158233643
SA1 MLP 2:0.0019464492797851562
SA2 sampling and grouping 1:0.07507967948913574
SA2 MLP 1:0.06499934196472168
SA2 sampling and grouping 2:0.10120415687561035
SA2 MLP 2:0.1035306453704834
SA3 sampling and grouping:0.2532026767730713
SA3 MLP:0.4022490978240967
SA4 sampling and grouping:0.02768707275390625
SA4 MLP:0.1316390037536621
SA End:0.3662230968475342
Voting and Proposal time:0.33979058265686035
Total inference time: 3.547436 
Start: 1659462547.3151097
Votenet data preprocessing time:0.02873826026916504
Pointpainted Votenet start:0.037251949310302734
Deeplab inference time:0.9955868721008301
Pointpainting time:0.0460507869720459
SA1 sampling and grouping 1:0.028820514678955078
SA1 MLP 1:0.0019016265869140625
SA1 sampling and grouping 2:0.507014274597168
SA1 MLP 2:0.0017650127410888672
SA2 sampling and grouping 1:0.06080031394958496
SA2 MLP 1:0.06374835968017578
SA2 sampling and grouping 2:0.10617280006408691
SA2 MLP 2:0.09381270408630371
SA3 sampling and grouping:0.23258447647094727
SA3 MLP:0.3972280025482178
SA4 sampling and grouping:0.03029465675354004
SA4 MLP:0.11860275268554688
SA End:0.38112831115722656
Voting and Proposal time:0.32695436477661133
Total inference time: 3.458456 
Start: 1659462576.9092634
Votenet data preprocessing time:0.0312809944152832
Pointpainted Votenet start:0.03763604164123535
Deeplab inference time:0.9917087554931641
Pointpainting time:0.04691362380981445
SA1 sampling and grouping 1:0.031033039093017578
SA1 MLP 1:0.0014410018920898438
SA1 sampling and grouping 2:0.5291047096252441
SA1 MLP 2:0.0015978813171386719
SA2 sampling and grouping 1:0.06706929206848145
SA2 MLP 1:0.06431436538696289
SA2 sampling and grouping 2:0.10245800018310547
SA2 MLP 2:0.09829163551330566
SA3 sampling and grouping:0.23980712890625
SA3 MLP:0.3996553421020508
SA4 sampling and grouping:0.030741214752197266
SA4 MLP:0.12150239944458008
SA End:0.35047411918640137
Voting and Proposal time:0.3274397850036621
Total inference time: 3.472469 
Start: 1659462606.512355
Votenet data preprocessing time:0.031229257583618164
Pointpainted Votenet start:0.03736686706542969
Deeplab inference time:0.9809892177581787
Pointpainting time:0.050046682357788086
SA1 sampling and grouping 1:0.03076457977294922
SA1 MLP 1:0.0011663436889648438
SA1 sampling and grouping 2:0.6173520088195801
SA1 MLP 2:0.001813650131225586
SA2 sampling and grouping 1:0.06449151039123535
SA2 MLP 1:0.05806589126586914
SA2 sampling and grouping 2:0.10280728340148926
SA2 MLP 2:0.09208893775939941
SA3 sampling and grouping:0.23900961875915527
SA3 MLP:0.41070127487182617
SA4 sampling and grouping:0.030029773712158203
SA4 MLP:0.1340045928955078
SA End:0.35645127296447754
Voting and Proposal time:0.3275325298309326
Total inference time: 3.565911 
Start: 1659462636.1706932
Votenet data preprocessing time:0.03210186958312988
Pointpainted Votenet start:0.03741145133972168
Deeplab inference time:0.9929962158203125
Pointpainting time:0.04665541648864746
SA1 sampling and grouping 1:0.0301973819732666
SA1 MLP 1:0.0011472702026367188
SA1 sampling and grouping 2:0.5505936145782471
SA1 MLP 2:0.0016415119171142578
SA2 sampling and grouping 1:0.07434725761413574
SA2 MLP 1:0.06923437118530273
SA2 sampling and grouping 2:0.10791683197021484
SA2 MLP 2:0.0943000316619873
SA3 sampling and grouping:0.24107003211975098
SA3 MLP:0.41099047660827637
SA4 sampling and grouping:0.02991771697998047
SA4 MLP:0.12371063232421875
SA End:0.36910152435302734
Voting and Proposal time:0.3303253650665283
Total inference time: 3.543659 
Start: 1659462666.03856
Votenet data preprocessing time:0.031223535537719727
Pointpainted Votenet start:0.03729104995727539
Deeplab inference time:1.2345404624938965
Pointpainting time:0.046355485916137695
SA1 sampling and grouping 1:0.030564069747924805
SA1 MLP 1:0.0012385845184326172
SA1 sampling and grouping 2:0.553781270980835
SA1 MLP 2:0.0013415813446044922
SA2 sampling and grouping 1:0.07473874092102051
SA2 MLP 1:0.06719732284545898
SA2 sampling and grouping 2:0.10820889472961426
SA2 MLP 2:0.09344244003295898
SA3 sampling and grouping:0.2508206367492676
SA3 MLP:0.40070199966430664
SA4 sampling and grouping:0.026616334915161133
SA4 MLP:0.11909317970275879
SA End:0.36284327507019043
Voting and Proposal time:0.3247640132904053
Total inference time: 3.764763 
Start: 1659462696.0609028
Votenet data preprocessing time:0.03078460693359375
Pointpainted Votenet start:0.03711414337158203
Deeplab inference time:0.9922144412994385
Pointpainting time:0.04812002182006836
SA1 sampling and grouping 1:0.029240846633911133
SA1 MLP 1:0.0011265277862548828
SA1 sampling and grouping 2:0.5047008991241455
SA1 MLP 2:0.001505136489868164
SA2 sampling and grouping 1:0.06291365623474121
SA2 MLP 1:0.06258320808410645
SA2 sampling and grouping 2:0.1036221981048584
SA2 MLP 2:0.1014871597290039
SA3 sampling and grouping:0.23618268966674805
SA3 MLP:0.386685848236084
SA4 sampling and grouping:0.026209592819213867
SA4 MLP:0.11020445823669434
SA End:0.3461191654205322
Voting and Proposal time:0.3358876705169678
Total inference time: 3.416702 
Start: 1659462725.672536
Votenet data preprocessing time:0.030553102493286133
Pointpainted Votenet start:0.03775310516357422
Deeplab inference time:0.9841535091400146
Pointpainting time:0.04618692398071289
SA1 sampling and grouping 1:0.03264164924621582
SA1 MLP 1:0.0017485618591308594
SA1 sampling and grouping 2:0.4952538013458252
SA1 MLP 2:0.0016016960144042969
SA2 sampling and grouping 1:0.06386852264404297
SA2 MLP 1:0.07159304618835449
SA2 sampling and grouping 2:0.10723114013671875
SA2 MLP 2:0.09769821166992188
SA3 sampling and grouping:0.2339305877685547
SA3 MLP:0.391491174697876
SA4 sampling and grouping:0.02957892417907715
SA4 MLP:0.1230316162109375
SA End:0.36200809478759766
Voting and Proposal time:0.33249354362487793
Total inference time: 3.442817 
Start: 1659462755.2486548
Votenet data preprocessing time:0.030913114547729492
Pointpainted Votenet start:0.03791618347167969
Deeplab inference time:0.9888951778411865
Pointpainting time:0.048018455505371094
SA1 sampling and grouping 1:0.02988409996032715
SA1 MLP 1:0.001176595687866211
SA1 sampling and grouping 2:0.48738670349121094
SA1 MLP 2:0.0017521381378173828
SA2 sampling and grouping 1:0.07018351554870605
SA2 MLP 1:0.06878089904785156
SA2 sampling and grouping 2:0.10605001449584961
SA2 MLP 2:0.09077858924865723
SA3 sampling and grouping:0.23774218559265137
SA3 MLP:0.4038808345794678
SA4 sampling and grouping:0.03310990333557129
SA4 MLP:0.11694550514221191
SA End:0.3571736812591553
Voting and Proposal time:0.32434773445129395
Total inference time: 3.434935 
Start: 1659462784.8594556
Votenet data preprocessing time:0.03163552284240723
Pointpainted Votenet start:0.03704380989074707
Deeplab inference time:0.9884476661682129
Pointpainting time:0.04700112342834473
SA1 sampling and grouping 1:0.030336380004882812
SA1 MLP 1:0.0012428760528564453
SA1 sampling and grouping 2:0.48432230949401855
SA1 MLP 2:0.0015261173248291016
SA2 sampling and grouping 1:0.06106972694396973
SA2 MLP 1:0.06431102752685547
SA2 sampling and grouping 2:0.10424256324768066
SA2 MLP 2:0.0974740982055664
SA3 sampling and grouping:0.2383120059967041
SA3 MLP:0.39863061904907227
SA4 sampling and grouping:0.029314517974853516
SA4 MLP:0.12015938758850098
SA End:0.35225415229797363
Voting and Proposal time:0.3351290225982666
Total inference time: 3.422453 
Start: 1659462814.4334872
Votenet data preprocessing time:0.02878713607788086
Pointpainted Votenet start:0.0409085750579834
Deeplab inference time:0.9849860668182373
Pointpainting time:0.04624676704406738
SA1 sampling and grouping 1:0.033177852630615234
SA1 MLP 1:0.0016703605651855469
SA1 sampling and grouping 2:0.5132274627685547
SA1 MLP 2:0.0015573501586914062
SA2 sampling and grouping 1:0.059867143630981445
SA2 MLP 1:0.06379818916320801
SA2 sampling and grouping 2:0.1037454605102539
SA2 MLP 2:0.09380984306335449
SA3 sampling and grouping:0.23438811302185059
SA3 MLP:0.3944728374481201
SA4 sampling and grouping:0.029433012008666992
SA4 MLP:0.1143944263458252
SA End:0.3476126194000244
Voting and Proposal time:0.3222005367279053
Total inference time: 3.414284 
Start: 1659462844.0692549
Votenet data preprocessing time:0.028754234313964844
Pointpainted Votenet start:0.037534236907958984
Deeplab inference time:0.9918653964996338
Pointpainting time:0.045259952545166016
SA1 sampling and grouping 1:0.030506134033203125
SA1 MLP 1:0.0012345314025878906
SA1 sampling and grouping 2:0.48206114768981934
SA1 MLP 2:0.0014348030090332031
SA2 sampling and grouping 1:0.06190943717956543
SA2 MLP 1:0.06164908409118652
SA2 sampling and grouping 2:0.09934616088867188
SA2 MLP 2:0.0930778980255127
SA3 sampling and grouping:0.23048114776611328
SA3 MLP:0.39661097526550293
SA4 sampling and grouping:0.029444217681884766
SA4 MLP:0.11409974098205566
SA End:0.35837221145629883
Voting and Proposal time:0.32270145416259766
Total inference time: 3.386343 
Start: 1659462873.7651515
Votenet data preprocessing time:0.029572486877441406
Pointpainted Votenet start:0.03772163391113281
Deeplab inference time:0.9903085231781006
Pointpainting time:0.046300649642944336
SA1 sampling and grouping 1:0.031191587448120117
SA1 MLP 1:0.0013744831085205078
SA1 sampling and grouping 2:0.499957799911499
SA1 MLP 2:0.0015418529510498047
SA2 sampling and grouping 1:0.06798243522644043
SA2 MLP 1:0.06246638298034668
SA2 sampling and grouping 2:0.10595488548278809
SA2 MLP 2:0.10048770904541016
SA3 sampling and grouping:0.23018932342529297
SA3 MLP:0.38625383377075195
SA4 sampling and grouping:0.029128074645996094
SA4 MLP:0.12187981605529785
SA End:0.3713798522949219
Voting and Proposal time:0.32021474838256836
Total inference time: 3.433906 
Start: 1659462903.3416953
Votenet data preprocessing time:0.031216144561767578
Pointpainted Votenet start:0.03731060028076172
Deeplab inference time:1.4788756370544434
Pointpainting time:0.04787874221801758
SA1 sampling and grouping 1:0.03286004066467285
SA1 MLP 1:0.0013279914855957031
SA1 sampling and grouping 2:0.5837430953979492
SA1 MLP 2:0.0021076202392578125
SA2 sampling and grouping 1:0.06799721717834473
SA2 MLP 1:0.07373356819152832
SA2 sampling and grouping 2:0.10682463645935059
SA2 MLP 2:0.08936262130737305
SA3 sampling and grouping:0.2385103702545166
SA3 MLP:0.393932580947876
SA4 sampling and grouping:0.02504253387451172
SA4 MLP:0.12241673469543457
SA End:0.36171627044677734
Voting and Proposal time:0.32536792755126953
Total inference time: 4.020224 
Start: 1659462933.4782941
Votenet data preprocessing time:0.0292665958404541
Pointpainted Votenet start:0.037419795989990234
Deeplab inference time:0.9821686744689941
Pointpainting time:0.046502113342285156
SA1 sampling and grouping 1:0.03039860725402832
SA1 MLP 1:0.0010633468627929688
SA1 sampling and grouping 2:0.4853477478027344
SA1 MLP 2:0.0017163753509521484
SA2 sampling and grouping 1:0.06777811050415039
SA2 MLP 1:0.0659034252166748
SA2 sampling and grouping 2:0.11204195022583008
SA2 MLP 2:0.09685969352722168
SA3 sampling and grouping:0.23709559440612793
SA3 MLP:0.391460657119751
SA4 sampling and grouping:0.031014680862426758
SA4 MLP:0.11249685287475586
SA End:0.3540067672729492
Voting and Proposal time:0.3364887237548828
Total inference time: 3.419030 
Start: 1659462963.0946274
Votenet data preprocessing time:0.03142595291137695
Pointpainted Votenet start:0.0374455451965332
Deeplab inference time:0.9828677177429199
Pointpainting time:0.04795646667480469
SA1 sampling and grouping 1:0.031026601791381836
SA1 MLP 1:0.0011701583862304688
SA1 sampling and grouping 2:0.4803931713104248
SA1 MLP 2:0.0013718605041503906
SA2 sampling and grouping 1:0.0585780143737793
SA2 MLP 1:0.05930972099304199
SA2 sampling and grouping 2:0.10280966758728027
SA2 MLP 2:0.0940852165222168
SA3 sampling and grouping:0.2312479019165039
SA3 MLP:0.38732051849365234
SA4 sampling and grouping:0.025893449783325195
SA4 MLP:0.1132192611694336
SA End:0.3401467800140381
Voting and Proposal time:0.3152811527252197
Total inference time: 3.341549 
