Start: 1675837518.07349
Votenet data preprocessing time:0.030706167221069336
Pointpainted Votenet start:0.036346435546875
Deeplab inference time:3.0579822063446045
Pointpainting time:0.07629251480102539
SA1 sampling and grouping 1:0.2622041702270508
SA1 MLP 1:0.002126455307006836
SA1 sampling and grouping 2:1.3815972805023193
SA1 MLP 2:0.02966618537902832
SA2 sampling and grouping 1:0.1264183521270752
SA2 MLP 1:0.7194695472717285
SA2 sampling and grouping 2:0.19295072555541992
SA2 MLP 2:0.5780792236328125
SA3 sampling and grouping 1:0.09065461158752441
SA3 MLP 1:0.6566252708435059
SA3 sampling and grouping 2:0.11686110496520996
SA3 MLP 2:0.1580641269683838
SA4 sampling and grouping:0.3126370906829834
SA4 MLP:0.27303290367126465
SA End:0.13113069534301758
Voting and Proposal time:0.644282341003418
Total inference time: 8.877127 
Start: 1675837553.043131
Votenet data preprocessing time:0.0307772159576416
Pointpainted Votenet start:0.03658318519592285
Deeplab inference time:3.0596275329589844
Pointpainting time:0.07555794715881348
SA1 sampling and grouping 1:0.24447298049926758
SA1 MLP 1:0.0018067359924316406
SA1 sampling and grouping 2:0.9144749641418457
SA1 MLP 2:0.05191540718078613
SA2 sampling and grouping 1:0.11559748649597168
SA2 MLP 1:0.7194409370422363
SA2 sampling and grouping 2:0.20806527137756348
SA2 MLP 2:0.5628104209899902
SA3 sampling and grouping 1:0.09605240821838379
SA3 MLP 1:0.6476356983184814
SA3 sampling and grouping 2:0.12518906593322754
SA3 MLP 2:0.14537382125854492
SA4 sampling and grouping:0.30893516540527344
SA4 MLP:0.2836000919342041
SA End:0.12653160095214844
Voting and Proposal time:0.6461255550384521
Total inference time: 8.400573 
Start: 1675837587.670693
Votenet data preprocessing time:0.03118157386779785
Pointpainted Votenet start:0.03692793846130371
Deeplab inference time:3.062326669692993
Pointpainting time:0.07644772529602051
SA1 sampling and grouping 1:0.2490241527557373
SA1 MLP 1:0.0022819042205810547
SA1 sampling and grouping 2:1.0384297370910645
SA1 MLP 2:0.000762939453125
SA2 sampling and grouping 1:0.12147998809814453
SA2 MLP 1:0.7013306617736816
SA2 sampling and grouping 2:0.189133882522583
SA2 MLP 2:0.5882322788238525
SA3 sampling and grouping 1:0.09977340698242188
SA3 MLP 1:0.6502184867858887
SA3 sampling and grouping 2:0.1155695915222168
SA3 MLP 2:0.15773630142211914
SA4 sampling and grouping:0.3059251308441162
SA4 MLP:0.2679717540740967
SA End:0.12443304061889648
Voting and Proposal time:0.6363301277160645
Total inference time: 8.455517 
Start: 1675837622.324016
Votenet data preprocessing time:0.03077554702758789
Pointpainted Votenet start:0.036713600158691406
Deeplab inference time:3.0606939792633057
Pointpainting time:0.0747842788696289
SA1 sampling and grouping 1:0.2571289539337158
SA1 MLP 1:0.0020189285278320312
SA1 sampling and grouping 2:1.3333406448364258
SA1 MLP 2:0.0012621879577636719
SA2 sampling and grouping 1:0.12314558029174805
SA2 MLP 1:0.712852954864502
SA2 sampling and grouping 2:0.21309208869934082
SA2 MLP 2:0.5537054538726807
SA3 sampling and grouping 1:0.10001373291015625
SA3 MLP 1:0.6498956680297852
SA3 sampling and grouping 2:0.12418842315673828
SA3 MLP 2:0.15489768981933594
SA4 sampling and grouping:0.3076517581939697
SA4 MLP:0.27347612380981445
SA End:0.12529253959655762
Voting and Proposal time:0.6205193996429443
Total inference time: 8.755450 
Start: 1675837657.268739
Votenet data preprocessing time:0.030504226684570312
Pointpainted Votenet start:0.03660392761230469
Deeplab inference time:3.0498392581939697
Pointpainting time:0.0761570930480957
SA1 sampling and grouping 1:0.2602396011352539
SA1 MLP 1:0.0024547576904296875
SA1 sampling and grouping 2:0.9901771545410156
SA1 MLP 2:0.009987115859985352
SA2 sampling and grouping 1:0.1139686107635498
SA2 MLP 1:0.7078814506530762
SA2 sampling and grouping 2:0.20422601699829102
SA2 MLP 2:0.5752334594726562
SA3 sampling and grouping 1:0.0946969985961914
SA3 MLP 1:0.6565625667572021
SA3 sampling and grouping 2:0.1187586784362793
SA3 MLP 2:0.15609002113342285
SA4 sampling and grouping:0.30528926849365234
SA4 MLP:0.2702763080596924
SA End:0.12508487701416016
Voting and Proposal time:0.618441104888916
Total inference time: 8.402472 
Start: 1675837691.8848882
Votenet data preprocessing time:0.030820608139038086
Pointpainted Votenet start:0.03685164451599121
Deeplab inference time:3.055656909942627
Pointpainting time:0.07565855979919434
SA1 sampling and grouping 1:0.24887871742248535
SA1 MLP 1:0.0022897720336914062
SA1 sampling and grouping 2:1.2408790588378906
SA1 MLP 2:0.0008513927459716797
SA2 sampling and grouping 1:0.12102675437927246
SA2 MLP 1:0.7087812423706055
SA2 sampling and grouping 2:0.21761584281921387
SA2 MLP 2:0.5599145889282227
SA3 sampling and grouping 1:0.09819626808166504
SA3 MLP 1:0.648749589920044
SA3 sampling and grouping 2:0.12345266342163086
SA3 MLP 2:0.15427613258361816
SA4 sampling and grouping:0.3072054386138916
SA4 MLP:0.2743546962738037
SA End:0.12566065788269043
Voting and Proposal time:0.6251842975616455
Total inference time: 8.656305 
Start: 1675837726.617153
Votenet data preprocessing time:0.030675888061523438
Pointpainted Votenet start:0.036966800689697266
Deeplab inference time:3.05534291267395
Pointpainting time:0.07422733306884766
SA1 sampling and grouping 1:0.2663910388946533
SA1 MLP 1:0.0029642581939697266
SA1 sampling and grouping 2:1.2174124717712402
SA1 MLP 2:0.0010528564453125
SA2 sampling and grouping 1:0.1193232536315918
SA2 MLP 1:0.7218239307403564
SA2 sampling and grouping 2:0.18437480926513672
SA2 MLP 2:0.5970187187194824
SA3 sampling and grouping 1:0.08596181869506836
SA3 MLP 1:0.6588218212127686
SA3 sampling and grouping 2:0.11355805397033691
SA3 MLP 2:0.1599574089050293
SA4 sampling and grouping:0.305325984954834
SA4 MLP:0.2702603340148926
SA End:0.12531423568725586
Voting and Proposal time:0.6161773204803467
Total inference time: 8.642951 
Start: 1675837761.4003441
Votenet data preprocessing time:0.03074169158935547
Pointpainted Votenet start:0.03673267364501953
Deeplab inference time:3.052607536315918
Pointpainting time:0.07648849487304688
SA1 sampling and grouping 1:0.2591848373413086
SA1 MLP 1:0.0018069744110107422
SA1 sampling and grouping 2:1.029484748840332
SA1 MLP 2:0.011706113815307617
SA2 sampling and grouping 1:0.1105356216430664
SA2 MLP 1:0.7165417671203613
SA2 sampling and grouping 2:0.20393085479736328
SA2 MLP 2:0.5696706771850586
SA3 sampling and grouping 1:0.09090781211853027
SA3 MLP 1:0.6557908058166504
SA3 sampling and grouping 2:0.12067413330078125
SA3 MLP 2:0.15363621711730957
SA4 sampling and grouping:0.30733394622802734
SA4 MLP:0.2730233669281006
SA End:0.12543606758117676
Voting and Proposal time:0.6504848003387451
Total inference time: 8.476719 
Start: 1675837796.0938761
Votenet data preprocessing time:0.031233549118041992
Pointpainted Votenet start:0.03679323196411133
Deeplab inference time:3.0615785121917725
Pointpainting time:0.07567262649536133
SA1 sampling and grouping 1:0.25119853019714355
SA1 MLP 1:0.0019390583038330078
SA1 sampling and grouping 2:1.0411365032196045
SA1 MLP 2:0.0009875297546386719
SA2 sampling and grouping 1:0.1348879337310791
SA2 MLP 1:0.694425106048584
SA2 sampling and grouping 2:0.2085893154144287
SA2 MLP 2:0.5637061595916748
SA3 sampling and grouping 1:0.08741140365600586
SA3 MLP 1:0.6603055000305176
SA3 sampling and grouping 2:0.12089800834655762
SA3 MLP 2:0.1522974967956543
SA4 sampling and grouping:0.3051302433013916
SA4 MLP:0.27341127395629883
SA End:0.12574243545532227
Voting and Proposal time:0.6255877017974854
Total inference time: 8.452932 
Start: 1675837831.1548057
Votenet data preprocessing time:0.03078937530517578
Pointpainted Votenet start:0.036772966384887695
Deeplab inference time:3.057105302810669
Pointpainting time:0.07742857933044434
SA1 sampling and grouping 1:0.25977659225463867
SA1 MLP 1:0.0019593238830566406
SA1 sampling and grouping 2:0.9755830764770508
SA1 MLP 2:0.0007028579711914062
SA2 sampling and grouping 1:0.10857915878295898
SA2 MLP 1:0.7100405693054199
SA2 sampling and grouping 2:0.19417881965637207
SA2 MLP 2:0.5910530090332031
SA3 sampling and grouping 1:0.09589529037475586
SA3 MLP 1:0.6537408828735352
SA3 sampling and grouping 2:0.12817645072937012
SA3 MLP 2:0.14349913597106934
SA4 sampling and grouping:0.30464816093444824
SA4 MLP:0.26676011085510254
SA End:0.1355302333831787
Voting and Proposal time:0.6412558555603027
Total inference time: 8.413476 
Start: 1675837865.7199752
Votenet data preprocessing time:0.03096747398376465
Pointpainted Votenet start:0.03709244728088379
Deeplab inference time:3.055980682373047
Pointpainting time:0.07448387145996094
SA1 sampling and grouping 1:0.2543020248413086
SA1 MLP 1:0.0024886131286621094
SA1 sampling and grouping 2:0.9122560024261475
SA1 MLP 2:0.0467219352722168
SA2 sampling and grouping 1:0.12343192100524902
SA2 MLP 1:0.6972787380218506
SA2 sampling and grouping 2:0.20648956298828125
SA2 MLP 2:0.5703117847442627
SA3 sampling and grouping 1:0.08668756484985352
SA3 MLP 1:0.6580295562744141
SA3 sampling and grouping 2:0.12010526657104492
SA3 MLP 2:0.15333223342895508
SA4 sampling and grouping:0.31168580055236816
SA4 MLP:0.27744078636169434
SA End:0.1288611888885498
Voting and Proposal time:0.6301283836364746
Total inference time: 8.378076 
Start: 1675837900.2320447
Votenet data preprocessing time:0.030955791473388672
Pointpainted Votenet start:0.036736488342285156
Deeplab inference time:3.0624938011169434
Pointpainting time:0.07607007026672363
SA1 sampling and grouping 1:0.2655611038208008
SA1 MLP 1:0.002003908157348633
SA1 sampling and grouping 2:1.3782577514648438
SA1 MLP 2:0.0010838508605957031
SA2 sampling and grouping 1:0.1412515640258789
SA2 MLP 1:0.6893174648284912
SA2 sampling and grouping 2:0.2075202465057373
SA2 MLP 2:0.5677638053894043
SA3 sampling and grouping 1:0.09398531913757324
SA3 MLP 1:0.6524660587310791
SA3 sampling and grouping 2:0.13468170166015625
SA3 MLP 2:0.14261579513549805
SA4 sampling and grouping:0.3051471710205078
SA4 MLP:0.28302669525146484
SA End:0.12831687927246094
Voting and Proposal time:0.6440973281860352
Total inference time: 8.843353 
Start: 1675837935.2287076
Votenet data preprocessing time:0.028958797454833984
Pointpainted Votenet start:0.036695241928100586
Deeplab inference time:3.0664258003234863
Pointpainting time:0.07660937309265137
SA1 sampling and grouping 1:0.2555844783782959
SA1 MLP 1:0.002062559127807617
SA1 sampling and grouping 2:1.0281989574432373
SA1 MLP 2:0.0011599063873291016
SA2 sampling and grouping 1:0.11318206787109375
SA2 MLP 1:0.7071032524108887
SA2 sampling and grouping 2:0.18716192245483398
SA2 MLP 2:0.5986847877502441
SA3 sampling and grouping 1:0.08471012115478516
SA3 MLP 1:0.6641011238098145
SA3 sampling and grouping 2:0.11738085746765137
SA3 MLP 2:0.15924978256225586
SA4 sampling and grouping:0.3046443462371826
SA4 MLP:0.27042365074157715
SA End:0.1313626766204834
Voting and Proposal time:0.6343636512756348
Total inference time: 8.468063 
Start: 1675837969.926517
Votenet data preprocessing time:0.031146526336669922
Pointpainted Votenet start:0.03645682334899902
Deeplab inference time:3.0551323890686035
Pointpainting time:0.07518243789672852
SA1 sampling and grouping 1:0.25594520568847656
SA1 MLP 1:0.0019021034240722656
SA1 sampling and grouping 2:1.25040602684021
SA1 MLP 2:0.0023572444915771484
SA2 sampling and grouping 1:0.12030529975891113
SA2 MLP 1:0.7034003734588623
SA2 sampling and grouping 2:0.2131819725036621
SA2 MLP 2:0.5615067481994629
SA3 sampling and grouping 1:0.08967423439025879
SA3 MLP 1:0.6569840908050537
SA3 sampling and grouping 2:0.1211702823638916
SA3 MLP 2:0.15341973304748535
SA4 sampling and grouping:0.3076901435852051
SA4 MLP:0.2813835144042969
SA End:0.12746405601501465
Voting and Proposal time:0.6389255523681641
Total inference time: 8.683635 
Start: 1675838004.7445722
Votenet data preprocessing time:0.030872821807861328
Pointpainted Votenet start:0.036489248275756836
Deeplab inference time:3.052062511444092
Pointpainting time:0.07478857040405273
SA1 sampling and grouping 1:0.25678229331970215
SA1 MLP 1:0.00176239013671875
SA1 sampling and grouping 2:1.0098292827606201
SA1 MLP 2:0.03866219520568848
SA2 sampling and grouping 1:0.13647747039794922
SA2 MLP 1:0.6946485042572021
SA2 sampling and grouping 2:0.2026047706604004
SA2 MLP 2:0.5794448852539062
SA3 sampling and grouping 1:0.09862661361694336
SA3 MLP 1:0.6485335826873779
SA3 sampling and grouping 2:0.12694644927978516
SA3 MLP 2:0.14844036102294922
SA4 sampling and grouping:0.309856653213501
SA4 MLP:0.2813582420349121
SA End:0.13329720497131348
Voting and Proposal time:0.6282665729522705
Total inference time: 8.489751 
Start: 1675838039.4183679
Votenet data preprocessing time:0.02914118766784668
Pointpainted Votenet start:0.03681492805480957
Deeplab inference time:3.0701215267181396
Pointpainting time:0.07599449157714844
SA1 sampling and grouping 1:0.2619144916534424
SA1 MLP 1:0.0019659996032714844
SA1 sampling and grouping 2:1.3199341297149658
SA1 MLP 2:0.0009253025054931641
SA2 sampling and grouping 1:0.1209421157836914
SA2 MLP 1:0.7064697742462158
SA2 sampling and grouping 2:0.21255135536193848
SA2 MLP 2:0.5633771419525146
SA3 sampling and grouping 1:0.09258699417114258
SA3 MLP 1:0.6518018245697021
SA3 sampling and grouping 2:0.12868905067443848
SA3 MLP 2:0.1430516242980957
SA4 sampling and grouping:0.3096017837524414
SA4 MLP:0.27901530265808105
SA End:0.12334918975830078
Voting and Proposal time:0.6360204219818115
Total inference time: 8.764269 
Start: 1675838074.272053
Votenet data preprocessing time:0.0308992862701416
Pointpainted Votenet start:0.03635430335998535
Deeplab inference time:3.0589277744293213
Pointpainting time:0.0775148868560791
SA1 sampling and grouping 1:0.2620680332183838
SA1 MLP 1:0.0019023418426513672
SA1 sampling and grouping 2:1.4890029430389404
SA1 MLP 2:0.0009813308715820312
SA2 sampling and grouping 1:0.11703228950500488
SA2 MLP 1:0.7125592231750488
SA2 sampling and grouping 2:0.19804835319519043
SA2 MLP 2:0.5814194679260254
SA3 sampling and grouping 1:0.09170770645141602
SA3 MLP 1:0.6545681953430176
SA3 sampling and grouping 2:0.11598587036132812
SA3 MLP 2:0.16298270225524902
SA4 sampling and grouping:0.3097527027130127
SA4 MLP:0.2715644836425781
SA End:0.1360793113708496
Voting and Proposal time:0.6306040287017822
Total inference time: 8.939955 
Start: 1675838109.3940296
Votenet data preprocessing time:0.03059983253479004
Pointpainted Votenet start:0.03696441650390625
Deeplab inference time:3.06219482421875
Pointpainting time:0.07655072212219238
SA1 sampling and grouping 1:0.2569761276245117
SA1 MLP 1:0.001983165740966797
SA1 sampling and grouping 2:1.2222840785980225
SA1 MLP 2:0.001146554946899414
SA2 sampling and grouping 1:0.13452410697937012
SA2 MLP 1:0.6993207931518555
SA2 sampling and grouping 2:0.19499778747558594
SA2 MLP 2:0.583247184753418
SA3 sampling and grouping 1:0.09007048606872559
SA3 MLP 1:0.6556742191314697
SA3 sampling and grouping 2:0.11990714073181152
SA3 MLP 2:0.1568303108215332
SA4 sampling and grouping:0.3062248229980469
SA4 MLP:0.2691457271575928
SA End:0.12571334838867188
Voting and Proposal time:0.6264486312866211
Total inference time: 8.650804 
Start: 1675838144.081267
Votenet data preprocessing time:0.0308382511138916
Pointpainted Votenet start:0.036821603775024414
Deeplab inference time:3.069246530532837
Pointpainting time:0.07711052894592285
SA1 sampling and grouping 1:0.26054906845092773
SA1 MLP 1:0.0017688274383544922
SA1 sampling and grouping 2:1.3065564632415771
SA1 MLP 2:0.01156306266784668
SA2 sampling and grouping 1:0.12162947654724121
SA2 MLP 1:0.708240270614624
SA2 sampling and grouping 2:0.18770456314086914
SA2 MLP 2:0.5894100666046143
SA3 sampling and grouping 1:0.09811067581176758
SA3 MLP 1:0.6469016075134277
SA3 sampling and grouping 2:0.11629867553710938
SA3 MLP 2:0.15646839141845703
SA4 sampling and grouping:0.3047056198120117
SA4 MLP:0.2757582664489746
SA End:0.12753891944885254
Voting and Proposal time:0.6210587024688721
Total inference time: 8.748280 
Start: 1675838179.0375736
Votenet data preprocessing time:0.030885696411132812
Pointpainted Votenet start:0.038939476013183594
Deeplab inference time:3.06518292427063
Pointpainting time:0.07632279396057129
SA1 sampling and grouping 1:0.26048731803894043
SA1 MLP 1:0.0019116401672363281
SA1 sampling and grouping 2:1.1783702373504639
SA1 MLP 2:0.0016226768493652344
SA2 sampling and grouping 1:0.11927103996276855
SA2 MLP 1:0.714167594909668
SA2 sampling and grouping 2:0.20632719993591309
SA2 MLP 2:0.5717666149139404
SA3 sampling and grouping 1:0.08461594581604004
SA3 MLP 1:0.658794641494751
SA3 sampling and grouping 2:0.11779546737670898
SA3 MLP 2:0.155836820602417
SA4 sampling and grouping:0.30678892135620117
SA4 MLP:0.27459263801574707
SA End:0.1275622844696045
Voting and Proposal time:0.6328792572021484
Total inference time: 8.624121 
