Start: 1652544972.037654
Votenet data preprocessing time:0.013463020324707031
Deeplab inference time:2.4741780757904053
Pointpainting time:0.2730123996734619
Pointpainted Votenet start:0.1193695068359375
SA1 sampling and grouping 1:0.5290729999542236
SA1 MLP 1:0.8165030479431152
SA1 sampling and grouping: 20.013536691665649414
SA1 MLP 2:0.9212923049926758
SA2 sampling and grouping 1:0.03129291534423828
SA2 MLP 1:0.5080065727233887
SA2 sampling and grouping 2:0.0684807300567627
SA2 MLP 2:0.3399617671966553
SA3 sampling and grouping 1:0.019214868545532227
SA3 MLP 1:0.10377287864685059
SA3 sampling and grouping 2:0.06546854972839355
SA3 MLP 2:0.19209885597229004
SA4 sampling and grouping 1:0.01824331283569336
SA4 MLP 1:0.04887270927429199
SA4 sampling and grouping 2:0.05625200271606445
SA4 MLP 2:0.050290584564208984
SA End:0.4558594226837158
Voting and Proposal time:0.42273783683776855
Total inference time: 7.540981 
Start: 1652545025.4353454
Votenet data preprocessing time:0.01354360580444336
Deeplab inference time:2.774797201156616
Pointpainting time:0.2692711353302002
Pointpainted Votenet start:0.0975790023803711
SA1 sampling and grouping 1:0.3457763195037842
SA1 MLP 1:0.7702498435974121
SA1 sampling and grouping: 20.013693571090698242
SA1 MLP 2:0.8701057434082031
SA2 sampling and grouping 1:0.032640933990478516
SA2 MLP 1:0.287243127822876
SA2 sampling and grouping 2:0.07424330711364746
SA2 MLP 2:0.2329847812652588
SA3 sampling and grouping 1:0.024417400360107422
SA3 MLP 1:0.1220848560333252
SA3 sampling and grouping 2:0.06490087509155273
SA3 MLP 2:0.11144447326660156
SA4 sampling and grouping 1:0.023026466369628906
SA4 MLP 1:0.05323076248168945
SA4 sampling and grouping 2:0.06660008430480957
SA4 MLP 2:0.04878711700439453
SA End:0.3897988796234131
Voting and Proposal time:0.3990950584411621
Total inference time: 7.085515 
Start: 1652545074.1633139
Votenet data preprocessing time:0.013670921325683594
Deeplab inference time:4.050072908401489
Pointpainting time:0.3188633918762207
Pointpainted Votenet start:0.10058283805847168
SA1 sampling and grouping 1:0.377213716506958
SA1 MLP 1:0.9403011798858643
SA1 sampling and grouping: 20.013679265975952148
SA1 MLP 2:0.9247848987579346
SA2 sampling and grouping 1:0.030736923217773438
SA2 MLP 1:0.44054627418518066
SA2 sampling and grouping 2:0.0615839958190918
SA2 MLP 2:0.3491661548614502
SA3 sampling and grouping 1:0.019730567932128906
SA3 MLP 1:0.10258626937866211
SA3 sampling and grouping 2:0.058977365493774414
SA3 MLP 2:0.09443783760070801
SA4 sampling and grouping 1:0.019052743911743164
SA4 MLP 1:0.048154354095458984
SA4 sampling and grouping 2:0.059589385986328125
SA4 MLP 2:0.04735159873962402
SA End:0.3688929080963135
Voting and Proposal time:0.4343276023864746
Total inference time: 8.874303 
Start: 1652545127.0171187
Votenet data preprocessing time:0.01694512367248535
Deeplab inference time:5.286682605743408
Pointpainting time:0.277911901473999
Pointpainted Votenet start:0.1055150032043457
SA1 sampling and grouping 1:0.3945767879486084
SA1 MLP 1:0.8210844993591309
SA1 sampling and grouping: 20.014052867889404297
SA1 MLP 2:0.9282541275024414
SA2 sampling and grouping 1:0.028159141540527344
SA2 MLP 1:0.3788149356842041
SA2 sampling and grouping 2:0.06312036514282227
SA2 MLP 2:0.27582430839538574
SA3 sampling and grouping 1:0.02134537696838379
SA3 MLP 1:0.10339164733886719
SA3 sampling and grouping 2:0.06635355949401855
SA3 MLP 2:0.12203836441040039
SA4 sampling and grouping 1:0.01975417137145996
SA4 MLP 1:0.05114889144897461
SA4 sampling and grouping 2:0.058374881744384766
SA4 MLP 2:0.048857927322387695
SA End:0.34794044494628906
Voting and Proposal time:0.41168785095214844
Total inference time: 9.841835 
Start: 1652545180.3601735
Votenet data preprocessing time:0.01553487777709961
Deeplab inference time:3.8391149044036865
Pointpainting time:0.3051629066467285
Pointpainted Votenet start:0.09000182151794434
SA1 sampling and grouping 1:0.2697114944458008
SA1 MLP 1:0.7675845623016357
SA1 sampling and grouping: 20.014470100402832031
SA1 MLP 2:0.863135814666748
SA2 sampling and grouping 1:0.03461933135986328
SA2 MLP 1:0.2827799320220947
SA2 sampling and grouping 2:0.06734251976013184
SA2 MLP 2:0.2941887378692627
SA3 sampling and grouping 1:0.01892995834350586
SA3 MLP 1:0.10006356239318848
SA3 sampling and grouping 2:0.06201338768005371
SA3 MLP 2:0.10216355323791504
SA4 sampling and grouping 1:0.01938772201538086
SA4 MLP 1:0.04971051216125488
SA4 sampling and grouping 2:0.05421733856201172
SA4 MLP 2:0.04642009735107422
SA End:0.30756473541259766
Voting and Proposal time:0.3203155994415283
Total inference time: 7.924433 
Start: 1652545230.896541
Votenet data preprocessing time:0.013183355331420898
Deeplab inference time:2.222625494003296
Pointpainting time:0.24898338317871094
Pointpainted Votenet start:0.0838165283203125
SA1 sampling and grouping 1:0.2736384868621826
SA1 MLP 1:0.8478116989135742
SA1 sampling and grouping: 20.014451742172241211
SA1 MLP 2:0.9473788738250732
SA2 sampling and grouping 1:0.030812978744506836
SA2 MLP 1:0.2911081314086914
SA2 sampling and grouping 2:0.06427216529846191
SA2 MLP 2:0.2803685665130615
SA3 sampling and grouping 1:0.018866300582885742
SA3 MLP 1:0.11106038093566895
SA3 sampling and grouping 2:0.05973696708679199
SA3 MLP 2:0.14095520973205566
SA4 sampling and grouping 1:0.01855182647705078
SA4 MLP 1:0.050050973892211914
SA4 sampling and grouping 2:0.05807971954345703
SA4 MLP 2:0.05014777183532715
SA End:0.36093592643737793
Voting and Proposal time:0.3416938781738281
Total inference time: 6.528530 
Start: 1652545277.8685503
Votenet data preprocessing time:0.013938426971435547
Deeplab inference time:4.192021131515503
Pointpainting time:0.3452572822570801
Pointpainted Votenet start:0.10170173645019531
SA1 sampling and grouping 1:0.28414487838745117
SA1 MLP 1:0.8041434288024902
SA1 sampling and grouping: 20.012659788131713867
SA1 MLP 2:0.8094918727874756
SA2 sampling and grouping 1:0.03176069259643555
SA2 MLP 1:0.335338830947876
SA2 sampling and grouping 2:0.06483602523803711
SA2 MLP 2:0.3342130184173584
SA3 sampling and grouping 1:0.020626306533813477
SA3 MLP 1:0.11268138885498047
SA3 sampling and grouping 2:0.06570243835449219
SA3 MLP 2:0.1537761688232422
SA4 sampling and grouping 1:0.01609182357788086
SA4 MLP 1:0.04924821853637695
SA4 sampling and grouping 2:0.05916309356689453
SA4 MLP 2:0.05110359191894531
SA End:0.32096171379089355
Voting and Proposal time:0.3430478572845459
Total inference time: 8.521910 
Start: 1652545325.2838738
Votenet data preprocessing time:0.013855934143066406
Deeplab inference time:4.8431384563446045
Pointpainting time:0.37839841842651367
Pointpainted Votenet start:0.09919285774230957
SA1 sampling and grouping 1:0.2623629570007324
SA1 MLP 1:0.8070333003997803
SA1 sampling and grouping: 20.014463663101196289
SA1 MLP 2:0.8441581726074219
SA2 sampling and grouping 1:0.030822277069091797
SA2 MLP 1:0.21637892723083496
SA2 sampling and grouping 2:0.07094216346740723
SA2 MLP 2:0.2600421905517578
SA3 sampling and grouping 1:0.023926258087158203
SA3 MLP 1:0.10233259201049805
SA3 sampling and grouping 2:0.0629420280456543
SA3 MLP 2:0.09699201583862305
SA4 sampling and grouping 1:0.02064657211303711
SA4 MLP 1:0.04956936836242676
SA4 sampling and grouping 2:0.0556643009185791
SA4 MLP 2:0.04535531997680664
SA End:0.31281280517578125
Voting and Proposal time:0.34333109855651855
Total inference time: 8.954362 
Start: 1652545373.9012787
Votenet data preprocessing time:0.017008543014526367
Deeplab inference time:4.7360076904296875
Pointpainting time:0.2197246551513672
Pointpainted Votenet start:0.08643388748168945
SA1 sampling and grouping 1:0.26867246627807617
SA1 MLP 1:0.7660331726074219
SA1 sampling and grouping: 20.013996362686157227
SA1 MLP 2:0.875715970993042
SA2 sampling and grouping 1:0.03264045715332031
SA2 MLP 1:0.3012385368347168
SA2 sampling and grouping 2:0.06276774406433105
SA2 MLP 2:0.3042130470275879
SA3 sampling and grouping 1:0.018168926239013672
SA3 MLP 1:0.10082411766052246
SA3 sampling and grouping 2:0.061127662658691406
SA3 MLP 2:0.14267396926879883
SA4 sampling and grouping 1:0.01957869529724121
SA4 MLP 1:0.049477577209472656
SA4 sampling and grouping 2:0.052664756774902344
SA4 MLP 2:0.04532289505004883
SA End:0.3157200813293457
Voting and Proposal time:0.36739563941955566
Total inference time: 8.857407 
Start: 1652545425.7622924
Votenet data preprocessing time:0.013285398483276367
Deeplab inference time:5.3337037563323975
Pointpainting time:0.2656581401824951
Pointpainted Votenet start:0.08989810943603516
SA1 sampling and grouping 1:0.261049747467041
SA1 MLP 1:0.7590396404266357
SA1 sampling and grouping: 20.013264656066894531
SA1 MLP 2:0.8001322746276855
SA2 sampling and grouping 1:0.03133654594421387
SA2 MLP 1:0.30824923515319824
SA2 sampling and grouping 2:0.06348371505737305
SA2 MLP 2:0.27860069274902344
SA3 sampling and grouping 1:0.01852869987487793
SA3 MLP 1:0.10079097747802734
SA3 sampling and grouping 2:0.06735658645629883
SA3 MLP 2:0.11094331741333008
SA4 sampling and grouping 1:0.01651310920715332
SA4 MLP 1:0.04913592338562012
SA4 sampling and grouping 2:0.053067684173583984
SA4 MLP 2:0.04613852500915527
SA End:0.3132171630859375
Voting and Proposal time:0.32543444633483887
Total inference time: 9.318828 
Start: 1652545477.4585001
Votenet data preprocessing time:0.013427972793579102
Deeplab inference time:6.359602451324463
Pointpainting time:0.2763996124267578
Pointpainted Votenet start:0.09019041061401367
SA1 sampling and grouping 1:0.23150920867919922
SA1 MLP 1:0.7591245174407959
SA1 sampling and grouping: 20.01331329345703125
SA1 MLP 2:0.8811695575714111
SA2 sampling and grouping 1:0.028531551361083984
SA2 MLP 1:0.336719274520874
SA2 sampling and grouping 2:0.07249808311462402
SA2 MLP 2:0.48132824897766113
SA3 sampling and grouping 1:0.02039790153503418
SA3 MLP 1:0.1015477180480957
SA3 sampling and grouping 2:0.06212186813354492
SA3 MLP 2:0.1994776725769043
SA4 sampling and grouping 1:0.018108606338500977
SA4 MLP 1:0.05408334732055664
SA4 sampling and grouping 2:0.05497264862060547
SA4 MLP 2:0.04705500602722168
SA End:0.3137369155883789
Voting and Proposal time:0.3309013843536377
Total inference time: 10.746217 
Start: 1652545532.0713274
Votenet data preprocessing time:0.013697147369384766
Deeplab inference time:3.8841240406036377
Pointpainting time:0.27805519104003906
Pointpainted Votenet start:0.09915995597839355
SA1 sampling and grouping 1:0.2825291156768799
SA1 MLP 1:0.8232476711273193
SA1 sampling and grouping: 20.013466596603393555
SA1 MLP 2:1.0207009315490723
SA2 sampling and grouping 1:0.03328347206115723
SA2 MLP 1:0.3293335437774658
SA2 sampling and grouping 2:0.0667574405670166
SA2 MLP 2:0.268413782119751
SA3 sampling and grouping 1:0.021372079849243164
SA3 MLP 1:0.10566115379333496
SA3 sampling and grouping 2:0.06234383583068848
SA3 MLP 2:0.14248037338256836
SA4 sampling and grouping 1:0.015940189361572266
SA4 MLP 1:0.0506441593170166
SA4 sampling and grouping 2:0.05731558799743652
SA4 MLP 2:0.04659271240234375
SA End:0.32077455520629883
Voting and Proposal time:0.3347649574279785
Total inference time: 8.270658 
Start: 1652545583.7555394
Votenet data preprocessing time:0.013541698455810547
Deeplab inference time:4.552491903305054
Pointpainting time:0.3114278316497803
Pointpainted Votenet start:0.10151863098144531
SA1 sampling and grouping 1:0.26267147064208984
SA1 MLP 1:0.8204803466796875
SA1 sampling and grouping: 20.012769222259521484
SA1 MLP 2:0.8222377300262451
SA2 sampling and grouping 1:0.02810502052307129
SA2 MLP 1:0.22307729721069336
SA2 sampling and grouping 2:0.06374335289001465
SA2 MLP 2:0.214341402053833
SA3 sampling and grouping 1:0.020107746124267578
SA3 MLP 1:0.10958361625671387
SA3 sampling and grouping 2:0.060503482818603516
SA3 MLP 2:0.10733675956726074
SA4 sampling and grouping 1:0.019916057586669922
SA4 MLP 1:0.0539400577545166
SA4 sampling and grouping 2:0.05373096466064453
SA4 MLP 2:0.045162200927734375
SA End:0.31722211837768555
Voting and Proposal time:0.3366847038269043
Total inference time: 8.550594 
Start: 1652545636.6509461
Votenet data preprocessing time:0.014102697372436523
Deeplab inference time:3.8931198120117188
Pointpainting time:0.275374174118042
Pointpainted Votenet start:0.10028314590454102
SA1 sampling and grouping 1:0.2605099678039551
SA1 MLP 1:0.8303332328796387
SA1 sampling and grouping: 20.012713432312011719
SA1 MLP 2:0.9939770698547363
SA2 sampling and grouping 1:0.03402853012084961
SA2 MLP 1:0.6846256256103516
SA2 sampling and grouping 2:0.07292890548706055
SA2 MLP 2:0.4317760467529297
SA3 sampling and grouping 1:0.028570175170898438
SA3 MLP 1:0.1372084617614746
SA3 sampling and grouping 2:0.059215545654296875
SA3 MLP 2:0.12650656700134277
SA4 sampling and grouping 1:0.02336430549621582
SA4 MLP 1:0.06869244575500488
SA4 sampling and grouping 2:0.05967283248901367
SA4 MLP 2:0.06389832496643066
SA End:0.32601284980773926
Voting and Proposal time:0.3674795627593994
Total inference time: 8.864394 
Start: 1652545685.0877764
Votenet data preprocessing time:0.013752937316894531
Deeplab inference time:5.915916681289673
Pointpainting time:0.2876560688018799
Pointpainted Votenet start:0.12598848342895508
SA1 sampling and grouping 1:0.4142017364501953
SA1 MLP 1:0.7670421600341797
SA1 sampling and grouping: 20.013817548751831055
SA1 MLP 2:0.9971027374267578
SA2 sampling and grouping 1:0.026723623275756836
SA2 MLP 1:0.5368063449859619
SA2 sampling and grouping 2:0.06582164764404297
SA2 MLP 2:0.5715219974517822
SA3 sampling and grouping 1:0.02129387855529785
SA3 MLP 1:0.11303067207336426
SA3 sampling and grouping 2:0.06771588325500488
SA3 MLP 2:0.18770670890808105
SA4 sampling and grouping 1:0.019165754318237305
SA4 MLP 1:0.053299903869628906
SA4 sampling and grouping 2:0.055268049240112305
SA4 MLP 2:0.05055975914001465
SA End:0.4809844493865967
Voting and Proposal time:0.5798766613006592
Total inference time: 11.365254 
Start: 1652545744.3950331
Votenet data preprocessing time:0.018309831619262695
Deeplab inference time:3.735013246536255
Pointpainting time:0.3351011276245117
Pointpainted Votenet start:0.127793550491333
SA1 sampling and grouping 1:0.4579343795776367
SA1 MLP 1:1.3279449939727783
SA1 sampling and grouping: 20.019550085067749023
SA1 MLP 2:1.1064023971557617
SA2 sampling and grouping 1:0.031019210815429688
SA2 MLP 1:0.4398770332336426
SA2 sampling and grouping 2:0.06971907615661621
SA2 MLP 2:0.35904455184936523
SA3 sampling and grouping 1:0.021009445190429688
SA3 MLP 1:0.10981178283691406
SA3 sampling and grouping 2:0.06506514549255371
SA3 MLP 2:0.10792326927185059
SA4 sampling and grouping 1:0.021533489227294922
SA4 MLP 1:0.05563974380493164
SA4 sampling and grouping 2:0.05757713317871094
SA4 MLP 2:0.04931473731994629
SA End:0.4589827060699463
Voting and Proposal time:0.5099585056304932
Total inference time: 9.484525 
Start: 1652545802.7627969
Votenet data preprocessing time:0.015638351440429688
Deeplab inference time:4.245828151702881
Pointpainting time:0.25233983993530273
Pointpainted Votenet start:0.1386737823486328
SA1 sampling and grouping 1:0.44895267486572266
SA1 MLP 1:0.8244028091430664
SA1 sampling and grouping: 20.014736652374267578
SA1 MLP 2:0.926499605178833
SA2 sampling and grouping 1:0.029590129852294922
SA2 MLP 1:0.3943898677825928
SA2 sampling and grouping 2:0.06743526458740234
SA2 MLP 2:0.35232019424438477
SA3 sampling and grouping 1:0.021370649337768555
SA3 MLP 1:0.11558055877685547
SA3 sampling and grouping 2:0.057088375091552734
SA3 MLP 2:0.14629006385803223
SA4 sampling and grouping 1:0.017976999282836914
SA4 MLP 1:0.05414009094238281
SA4 sampling and grouping 2:0.06416821479797363
SA4 MLP 2:0.04942584037780762
SA End:0.47153711318969727
Voting and Proposal time:0.5030083656311035
Total inference time: 9.211394 
Start: 1652545857.8058407
Votenet data preprocessing time:0.017670869827270508
Deeplab inference time:3.560656785964966
Pointpainting time:0.2929677963256836
Pointpainted Votenet start:0.08933591842651367
SA1 sampling and grouping 1:0.44303441047668457
SA1 MLP 1:0.7486586570739746
SA1 sampling and grouping: 20.01463174819946289
SA1 MLP 2:0.9627768993377686
SA2 sampling and grouping 1:0.029965877532958984
SA2 MLP 1:0.3677339553833008
SA2 sampling and grouping 2:0.0619502067565918
SA2 MLP 2:0.455277681350708
SA3 sampling and grouping 1:0.018849611282348633
SA3 MLP 1:0.10488533973693848
SA3 sampling and grouping 2:0.05861711502075195
SA3 MLP 2:0.18079471588134766
SA4 sampling and grouping 1:0.017355918884277344
SA4 MLP 1:0.05370807647705078
SA4 sampling and grouping 2:0.05874967575073242
SA4 MLP 2:0.05175518989562988
SA End:0.5236797332763672
Voting and Proposal time:0.544844388961792
Total inference time: 8.657901 
Start: 1652545912.167694
Votenet data preprocessing time:0.013443470001220703
Deeplab inference time:5.106551647186279
Pointpainting time:0.29686880111694336
Pointpainted Votenet start:0.1027531623840332
SA1 sampling and grouping 1:0.24317717552185059
SA1 MLP 1:0.8402807712554932
SA1 sampling and grouping: 20.013582944869995117
SA1 MLP 2:0.8389294147491455
SA2 sampling and grouping 1:0.027317285537719727
SA2 MLP 1:0.21469616889953613
SA2 sampling and grouping 2:0.06310582160949707
SA2 MLP 2:0.2373344898223877
SA3 sampling and grouping 1:0.020784378051757812
SA3 MLP 1:0.10521268844604492
SA3 sampling and grouping 2:0.059999704360961914
SA3 MLP 2:0.1048126220703125
SA4 sampling and grouping 1:0.01708388328552246
SA4 MLP 1:0.05194520950317383
SA4 sampling and grouping 2:0.05405879020690918
SA4 MLP 2:0.048313140869140625
SA End:0.3119640350341797
Voting and Proposal time:0.32840538024902344
Total inference time: 9.100621 
Start: 1652545963.3334165
Votenet data preprocessing time:0.016740798950195312
Deeplab inference time:4.843355178833008
Pointpainting time:0.3175926208496094
Pointpainted Votenet start:0.09470105171203613
SA1 sampling and grouping 1:0.29755163192749023
SA1 MLP 1:0.7523086071014404
SA1 sampling and grouping: 20.014442920684814453
SA1 MLP 2:0.8368039131164551
SA2 sampling and grouping 1:0.03071737289428711
SA2 MLP 1:0.19674420356750488
SA2 sampling and grouping 2:0.06162738800048828
SA2 MLP 2:0.19588899612426758
SA3 sampling and grouping 1:0.01805734634399414
SA3 MLP 1:0.09577655792236328
SA3 sampling and grouping 2:0.06033492088317871
SA3 MLP 2:0.09825873374938965
SA4 sampling and grouping 1:0.01861429214477539
SA4 MLP 1:0.04952049255371094
SA4 sampling and grouping 2:0.05905914306640625
SA4 MLP 2:0.050064802169799805
SA End:0.3171217441558838
Voting and Proposal time:0.4993445873260498
Total inference time: 8.924627 
Start: 1652546920.2660036
Votenet data preprocessing time:0.013735294342041016
Pointpainted Votenet start:0.03985452651977539
Deeplab inference time:3.7296133041381836
Pointpainting time:0.3652374744415283
SA1 sampling and grouping 1:0.0768125057220459
SA1 MLP 1:0.01606130599975586
SA1 sampling and grouping 2:0.9764485359191895
SA1 MLP 2:0.18985843658447266
SA2 sampling and grouping 1:0.06908917427062988
SA2 MLP 1:0.08175468444824219
SA2 sampling and grouping 2:0.09428858757019043
SA2 MLP 2:0.4312777519226074
SA3 sampling and grouping 1:0.0451817512512207
SA3 MLP 1:0.22037601470947266
SA3 sampling and grouping 2:0.07621240615844727
SA3 MLP 2:0.04882454872131348
SA4 sampling and grouping 1:0.03906059265136719
SA4 MLP 1:0.057647705078125
SA4 sampling and grouping 2:0.07502126693725586
SA4 MLP 2:0.05187273025512695
SA End:0.31452274322509766
Voting and Proposal time:0.32591772079467773
Total inference time: 7.338669 
Start: 1652546971.547784
Votenet data preprocessing time:0.013433456420898438
Pointpainted Votenet start:0.03890848159790039
Deeplab inference time:4.020392894744873
Pointpainting time:0.35416460037231445
SA1 sampling and grouping 1:0.07305192947387695
SA1 MLP 1:0.04142260551452637
SA1 sampling and grouping 2:0.9926888942718506
SA1 MLP 2:0.014568090438842773
SA2 sampling and grouping 1:0.0761566162109375
SA2 MLP 1:0.07848334312438965
SA2 sampling and grouping 2:0.09219646453857422
SA2 MLP 2:0.713353157043457
SA3 sampling and grouping 1:0.04465365409851074
SA3 MLP 1:0.4122748374938965
SA3 sampling and grouping 2:0.07257676124572754
SA3 MLP 2:0.14550352096557617
SA4 sampling and grouping 1:0.03679084777832031
SA4 MLP 1:0.056069135665893555
SA4 sampling and grouping 2:0.0713205337524414
SA4 MLP 2:0.05385947227478027
SA End:0.3176999092102051
Voting and Proposal time:0.34204578399658203
Total inference time: 8.061615 
Start: 1652547019.0956445
Votenet data preprocessing time:0.013640880584716797
Pointpainted Votenet start:0.04018902778625488
Deeplab inference time:6.990301609039307
Pointpainting time:0.36672163009643555
SA1 sampling and grouping 1:0.0889732837677002
SA1 MLP 1:0.0014057159423828125
SA1 sampling and grouping 2:0.9743537902832031
SA1 MLP 2:0.042608022689819336
SA2 sampling and grouping 1:0.05916714668273926
SA2 MLP 1:0.3347904682159424
SA2 sampling and grouping 2:0.09079456329345703
SA2 MLP 2:0.5646841526031494
SA3 sampling and grouping 1:0.043286800384521484
SA3 MLP 1:0.2627549171447754
SA3 sampling and grouping 2:0.0708165168762207
SA3 MLP 2:0.17000889778137207
SA4 sampling and grouping 1:0.0361635684967041
SA4 MLP 1:0.054926395416259766
SA4 sampling and grouping 2:0.06491613388061523
SA4 MLP 2:0.054137468338012695
SA End:0.3154563903808594
Voting and Proposal time:0.35683107376098633
Total inference time: 10.996928 
Start: 1652547074.99614
Votenet data preprocessing time:0.013832330703735352
Pointpainted Votenet start:0.03911256790161133
Deeplab inference time:5.624025583267212
Pointpainting time:0.3732726573944092
SA1 sampling and grouping 1:0.06861758232116699
SA1 MLP 1:0.0012438297271728516
SA1 sampling and grouping 2:0.9183058738708496
SA1 MLP 2:0.0007231235504150391
SA2 sampling and grouping 1:0.08383655548095703
SA2 MLP 1:0.1794419288635254
SA2 sampling and grouping 2:0.09169673919677734
SA2 MLP 2:0.6328921318054199
SA3 sampling and grouping 1:0.07075047492980957
SA3 MLP 1:0.14704656600952148
SA3 sampling and grouping 2:0.07057404518127441
SA3 MLP 2:0.19376158714294434
SA4 sampling and grouping 1:0.04217815399169922
SA4 MLP 1:0.05578780174255371
SA4 sampling and grouping 2:0.06714081764221191
SA4 MLP 2:0.07064342498779297
SA End:0.3112664222717285
Voting and Proposal time:0.36042141914367676
Total inference time: 9.416572 
Start: 1652547128.8328793
Votenet data preprocessing time:0.014240026473999023
Pointpainted Votenet start:0.04068875312805176
Deeplab inference time:3.5804224014282227
Pointpainting time:0.3268876075744629
SA1 sampling and grouping 1:0.06638956069946289
SA1 MLP 1:0.033185720443725586
SA1 sampling and grouping 2:0.9379689693450928
SA1 MLP 2:0.0007700920104980469
SA2 sampling and grouping 1:0.0722658634185791
SA2 MLP 1:0.18398261070251465
SA2 sampling and grouping 2:0.08736634254455566
SA2 MLP 2:0.3235499858856201
SA3 sampling and grouping 1:0.052263498306274414
SA3 MLP 1:0.45749807357788086
SA3 sampling and grouping 2:0.0720059871673584
SA3 MLP 2:0.12054300308227539
SA4 sampling and grouping 1:0.03562617301940918
SA4 MLP 1:0.061475515365600586
SA4 sampling and grouping 2:0.06847715377807617
SA4 MLP 2:0.05646467208862305
SA End:0.35436367988586426
Voting and Proposal time:0.3555319309234619
Total inference time: 7.301968 
Start: 1652547177.390438
Votenet data preprocessing time:0.013483762741088867
Pointpainted Votenet start:0.039112091064453125
Deeplab inference time:5.757710218429565
Pointpainting time:0.35455918312072754
SA1 sampling and grouping 1:0.07836771011352539
SA1 MLP 1:0.001354217529296875
SA1 sampling and grouping 2:1.0187487602233887
SA1 MLP 2:0.1391611099243164
SA2 sampling and grouping 1:0.06943845748901367
SA2 MLP 1:0.2774484157562256
SA2 sampling and grouping 2:0.09013080596923828
SA2 MLP 2:0.4147520065307617
SA3 sampling and grouping 1:0.045972585678100586
SA3 MLP 1:0.43135976791381836
SA3 sampling and grouping 2:0.07131552696228027
SA3 MLP 2:0.14748597145080566
SA4 sampling and grouping 1:0.0382993221282959
SA4 MLP 1:0.05989575386047363
SA4 sampling and grouping 2:0.07118678092956543
SA4 MLP 2:0.054901123046875
SA End:0.5537779331207275
Voting and Proposal time:0.5990116596221924
Total inference time: 10.327473 
Start: 1652547230.2741978
Votenet data preprocessing time:0.013951778411865234
Pointpainted Votenet start:0.03904914855957031
Deeplab inference time:4.077690362930298
Pointpainting time:0.3471949100494385
SA1 sampling and grouping 1:0.07395696640014648
SA1 MLP 1:0.0012154579162597656
SA1 sampling and grouping 2:0.9553632736206055
SA1 MLP 2:0.10933423042297363
SA2 sampling and grouping 1:0.07378649711608887
SA2 MLP 1:0.24587607383728027
SA2 sampling and grouping 2:0.08710646629333496
SA2 MLP 2:0.3978722095489502
SA3 sampling and grouping 1:0.04336905479431152
SA3 MLP 1:0.39211130142211914
SA3 sampling and grouping 2:0.07181310653686523
SA3 MLP 2:0.15040063858032227
SA4 sampling and grouping 1:0.03746390342712402
SA4 MLP 1:0.06175708770751953
SA4 sampling and grouping 2:0.06867551803588867
SA4 MLP 2:0.057143211364746094
SA End:0.32288026809692383
Voting and Proposal time:0.3628807067871094
Total inference time: 7.990892 
Start: 1652547280.5645185
Votenet data preprocessing time:0.01744246482849121
Pointpainted Votenet start:0.03976082801818848
Deeplab inference time:4.781646013259888
Pointpainting time:0.295529842376709
SA1 sampling and grouping 1:0.07390785217285156
SA1 MLP 1:0.0011668205261230469
SA1 sampling and grouping 2:0.9698505401611328
SA1 MLP 2:0.15591025352478027
SA2 sampling and grouping 1:0.06917524337768555
SA2 MLP 1:0.2287735939025879
SA2 sampling and grouping 2:0.09002017974853516
SA2 MLP 2:0.5266854763031006
SA3 sampling and grouping 1:0.044673919677734375
SA3 MLP 1:0.33991360664367676
SA3 sampling and grouping 2:0.08191728591918945
SA3 MLP 2:0.10904836654663086
SA4 sampling and grouping 1:0.03922677040100098
SA4 MLP 1:0.055263519287109375
SA4 sampling and grouping 2:0.07131552696228027
SA4 MLP 2:0.05597805976867676
SA End:0.5144062042236328
Voting and Proposal time:0.510500431060791
Total inference time: 9.072113 
Start: 1652547334.2332494
Votenet data preprocessing time:0.013737916946411133
Pointpainted Votenet start:0.03920578956604004
Deeplab inference time:4.433182001113892
Pointpainting time:0.32297754287719727
SA1 sampling and grouping 1:0.0774846076965332
SA1 MLP 1:0.0012657642364501953
SA1 sampling and grouping 2:0.9838216304779053
SA1 MLP 2:0.12579822540283203
SA2 sampling and grouping 1:0.07787036895751953
SA2 MLP 1:0.2821183204650879
SA2 sampling and grouping 2:0.09464192390441895
SA2 MLP 2:0.5406501293182373
SA3 sampling and grouping 1:0.04289603233337402
SA3 MLP 1:0.23920106887817383
SA3 sampling and grouping 2:0.0746164321899414
SA3 MLP 2:0.1142268180847168
SA4 sampling and grouping 1:0.040883541107177734
SA4 MLP 1:0.06402254104614258
SA4 sampling and grouping 2:0.07417607307434082
SA4 MLP 2:0.05512571334838867
SA End:0.3181619644165039
Voting and Proposal time:0.3574399948120117
Total inference time: 8.373504 
Start: 1652547386.6021194
Votenet data preprocessing time:0.014044761657714844
Pointpainted Votenet start:0.040401458740234375
Deeplab inference time:4.756731271743774
Pointpainting time:0.3650341033935547
SA1 sampling and grouping 1:0.0649418830871582
SA1 MLP 1:0.0012581348419189453
SA1 sampling and grouping 2:0.9671211242675781
SA1 MLP 2:0.041556596755981445
SA2 sampling and grouping 1:0.08363771438598633
SA2 MLP 1:0.07843375205993652
SA2 sampling and grouping 2:0.09375572204589844
SA2 MLP 2:0.5521674156188965
SA3 sampling and grouping 1:0.047751426696777344
SA3 MLP 1:0.13627409934997559
SA3 sampling and grouping 2:0.08109092712402344
SA3 MLP 2:0.04632902145385742
SA4 sampling and grouping 1:0.04033708572387695
SA4 MLP 1:0.05776500701904297
SA4 sampling and grouping 2:0.06916213035583496
SA4 MLP 2:0.056107282638549805
SA End:0.3187870979309082
Voting and Proposal time:0.34180593490600586
Total inference time: 8.254494 
Start: 1652547436.6054757
Votenet data preprocessing time:0.014093399047851562
Pointpainted Votenet start:0.039999961853027344
Deeplab inference time:4.842870473861694
Pointpainting time:0.3733043670654297
SA1 sampling and grouping 1:0.0843958854675293
SA1 MLP 1:0.004783153533935547
SA1 sampling and grouping 2:1.1376433372497559
SA1 MLP 2:0.03187298774719238
SA2 sampling and grouping 1:0.05988907814025879
SA2 MLP 1:0.2572343349456787
SA2 sampling and grouping 2:0.0851447582244873
SA2 MLP 2:0.4810512065887451
SA3 sampling and grouping 1:0.04114961624145508
SA3 MLP 1:0.1320641040802002
SA3 sampling and grouping 2:0.07436442375183105
SA3 MLP 2:0.13247275352478027
SA4 sampling and grouping 1:0.03865694999694824
SA4 MLP 1:0.05625605583190918
SA4 sampling and grouping 2:0.07076191902160645
SA4 MLP 2:0.055013418197631836
SA End:0.3245735168457031
Voting and Proposal time:0.35631537437438965
Total inference time: 8.693911 
Start: 1652547486.5967355
Votenet data preprocessing time:0.013734102249145508
Pointpainted Votenet start:0.03926515579223633
Deeplab inference time:5.524433135986328
Pointpainting time:0.3695826530456543
SA1 sampling and grouping 1:0.07323360443115234
SA1 MLP 1:0.0013117790222167969
SA1 sampling and grouping 2:0.9950106143951416
SA1 MLP 2:0.15799617767333984
SA2 sampling and grouping 1:0.0695798397064209
SA2 MLP 1:0.29139113426208496
SA2 sampling and grouping 2:0.08038043975830078
SA2 MLP 2:0.5964751243591309
SA3 sampling and grouping 1:0.04550886154174805
SA3 MLP 1:0.37763333320617676
SA3 sampling and grouping 2:0.07600235939025879
SA3 MLP 2:0.1419541835784912
SA4 sampling and grouping 1:0.038492679595947266
SA4 MLP 1:0.05909013748168945
SA4 sampling and grouping 2:0.07875347137451172
SA4 MLP 2:0.05413317680358887
SA End:0.3198862075805664
Voting and Proposal time:0.3552553653717041
Total inference time: 9.759104 
Start: 1652547538.5477762
Votenet data preprocessing time:0.013555288314819336
Pointpainted Votenet start:0.040688276290893555
Deeplab inference time:5.415589809417725
Pointpainting time:0.35663843154907227
SA1 sampling and grouping 1:0.0849311351776123
SA1 MLP 1:0.0014739036560058594
SA1 sampling and grouping 2:1.0730259418487549
SA1 MLP 2:0.14256691932678223
SA2 sampling and grouping 1:0.0563046932220459
SA2 MLP 1:0.2732422351837158
SA2 sampling and grouping 2:0.0873267650604248
SA2 MLP 2:0.9394943714141846
SA3 sampling and grouping 1:0.06993961334228516
SA3 MLP 1:0.39264488220214844
SA3 sampling and grouping 2:0.0751028060913086
SA3 MLP 2:0.09116625785827637
SA4 sampling and grouping 1:0.0391843318939209
SA4 MLP 1:0.07844424247741699
SA4 sampling and grouping 2:0.06903576850891113
SA4 MLP 2:0.06913161277770996
SA End:0.3858809471130371
Voting and Proposal time:0.4724712371826172
Total inference time: 10.227839 
Start: 1652547590.9604669
Votenet data preprocessing time:0.013952255249023438
Pointpainted Votenet start:0.03951740264892578
Deeplab inference time:6.319310665130615
Pointpainting time:0.395557165145874
SA1 sampling and grouping 1:0.08510637283325195
SA1 MLP 1:0.0012166500091552734
SA1 sampling and grouping 2:0.9964942932128906
SA1 MLP 2:0.19465303421020508
SA2 sampling and grouping 1:0.0685276985168457
SA2 MLP 1:0.2418074607849121
SA2 sampling and grouping 2:0.08710837364196777
SA2 MLP 2:0.755328893661499
SA3 sampling and grouping 1:0.04208636283874512
SA3 MLP 1:0.36118316650390625
SA3 sampling and grouping 2:0.07593750953674316
SA3 MLP 2:0.13633108139038086
SA4 sampling and grouping 1:0.03951716423034668
SA4 MLP 1:0.06465554237365723
SA4 sampling and grouping 2:0.07226896286010742
SA4 MLP 2:0.05627775192260742
SA End:0.3169097900390625
Voting and Proposal time:0.3315541744232178
Total inference time: 10.695302 
Start: 1652547643.6004949
Votenet data preprocessing time:0.013976335525512695
Pointpainted Votenet start:0.039234161376953125
Deeplab inference time:4.499839544296265
Pointpainting time:0.37015509605407715
SA1 sampling and grouping 1:0.06917762756347656
SA1 MLP 1:0.0013337135314941406
SA1 sampling and grouping 2:0.9593102931976318
SA1 MLP 2:0.31946325302124023
SA2 sampling and grouping 1:0.07192754745483398
SA2 MLP 1:0.25937867164611816
SA2 sampling and grouping 2:0.08326005935668945
SA2 MLP 2:0.41293907165527344
SA3 sampling and grouping 1:0.041121721267700195
SA3 MLP 1:0.39002394676208496
SA3 sampling and grouping 2:0.07410144805908203
SA3 MLP 2:0.13712167739868164
SA4 sampling and grouping 1:0.03705549240112305
SA4 MLP 1:0.05556774139404297
SA4 sampling and grouping 2:0.0677938461303711
SA4 MLP 2:0.054718732833862305
SA End:0.3180429935455322
Voting and Proposal time:0.33087968826293945
Total inference time: 8.606423 
Start: 1652547692.5798886
Votenet data preprocessing time:0.014078378677368164
Pointpainted Votenet start:0.04003453254699707
Deeplab inference time:6.213457345962524
Pointpainting time:0.32253217697143555
SA1 sampling and grouping 1:0.1407630443572998
SA1 MLP 1:0.0012927055358886719
SA1 sampling and grouping 2:1.081387996673584
SA1 MLP 2:0.1483314037322998
SA2 sampling and grouping 1:0.07036757469177246
SA2 MLP 1:0.2917487621307373
SA2 sampling and grouping 2:0.09083724021911621
SA2 MLP 2:0.4778299331665039
SA3 sampling and grouping 1:0.040635108947753906
SA3 MLP 1:0.388247013092041
SA3 sampling and grouping 2:0.07257199287414551
SA3 MLP 2:0.1376667022705078
SA4 sampling and grouping 1:0.04126143455505371
SA4 MLP 1:0.05657482147216797
SA4 sampling and grouping 2:0.06990575790405273
SA4 MLP 2:0.0586090087890625
SA End:0.3537712097167969
Voting and Proposal time:0.38681483268737793
Total inference time: 10.498719 
Start: 1652547748.495163
Votenet data preprocessing time:0.018064260482788086
Pointpainted Votenet start:0.042458295822143555
Deeplab inference time:4.1872053146362305
Pointpainting time:0.33768391609191895
SA1 sampling and grouping 1:0.07575154304504395
SA1 MLP 1:0.0011057853698730469
SA1 sampling and grouping 2:0.97867751121521
SA1 MLP 2:0.09587430953979492
SA2 sampling and grouping 1:0.0731668472290039
SA2 MLP 1:0.1841599941253662
SA2 sampling and grouping 2:0.09246587753295898
SA2 MLP 2:0.30594491958618164
SA3 sampling and grouping 1:0.04633951187133789
SA3 MLP 1:0.3034939765930176
SA3 sampling and grouping 2:0.07651662826538086
SA3 MLP 2:0.04791617393493652
SA4 sampling and grouping 1:0.036435842514038086
SA4 MLP 1:0.05629467964172363
SA4 sampling and grouping 2:0.06920814514160156
SA4 MLP 2:0.053971290588378906
SA End:0.31127381324768066
Voting and Proposal time:0.3380892276763916
Total inference time: 7.732098 
Start: 1652547799.0104284
Votenet data preprocessing time:0.013771295547485352
Pointpainted Votenet start:0.03951907157897949
Deeplab inference time:3.492154121398926
Pointpainting time:0.32636070251464844
SA1 sampling and grouping 1:0.0846099853515625
SA1 MLP 1:0.0015501976013183594
SA1 sampling and grouping 2:0.9708046913146973
SA1 MLP 2:0.0006647109985351562
SA2 sampling and grouping 1:0.0634925365447998
SA2 MLP 1:0.13928627967834473
SA2 sampling and grouping 2:0.08625531196594238
SA2 MLP 2:0.16525864601135254
SA3 sampling and grouping 1:0.04344797134399414
SA3 MLP 1:0.12456846237182617
SA3 sampling and grouping 2:0.07151460647583008
SA3 MLP 2:0.0728302001953125
SA4 sampling and grouping 1:0.03925013542175293
SA4 MLP 1:0.056272268295288086
SA4 sampling and grouping 2:0.075347900390625
SA4 MLP 2:0.05224323272705078
SA End:0.3203597068786621
Voting and Proposal time:0.3197624683380127
Total inference time: 6.559325 
Start: 1652547846.4178514
Votenet data preprocessing time:0.01351475715637207
Pointpainted Votenet start:0.04080843925476074
Deeplab inference time:5.497656583786011
Pointpainting time:0.33785104751586914
SA1 sampling and grouping 1:0.07399797439575195
SA1 MLP 1:0.003319978713989258
SA1 sampling and grouping 2:0.9752929210662842
SA1 MLP 2:0.19663691520690918
SA2 sampling and grouping 1:0.06813216209411621
SA2 MLP 1:0.28255796432495117
SA2 sampling and grouping 2:0.08722329139709473
SA2 MLP 2:0.6657514572143555
SA3 sampling and grouping 1:0.04246044158935547
SA3 MLP 1:0.4038684368133545
SA3 sampling and grouping 2:0.07201933860778809
SA3 MLP 2:0.14692902565002441
SA4 sampling and grouping 1:0.03821587562561035
SA4 MLP 1:0.056462764739990234
SA4 sampling and grouping 2:0.07249093055725098
SA4 MLP 2:0.05464601516723633
SA End:0.31823015213012695
Voting and Proposal time:0.34664225578308105
Total inference time: 9.794709 
Start: 1652547899.7812703
Votenet data preprocessing time:0.013842582702636719
Pointpainted Votenet start:0.039826393127441406
Deeplab inference time:4.800072193145752
Pointpainting time:0.35369372367858887
SA1 sampling and grouping 1:0.07772159576416016
SA1 MLP 1:0.001508951187133789
SA1 sampling and grouping 2:0.964902400970459
SA1 MLP 2:0.0006914138793945312
SA2 sampling and grouping 1:0.07074189186096191
SA2 MLP 1:0.2627549171447754
SA2 sampling and grouping 2:0.09689569473266602
SA2 MLP 2:0.4096529483795166
SA3 sampling and grouping 1:0.05292224884033203
SA3 MLP 1:0.36350393295288086
SA3 sampling and grouping 2:0.07143974304199219
SA3 MLP 2:0.14873480796813965
SA4 sampling and grouping 1:0.04411816596984863
SA4 MLP 1:0.05978202819824219
SA4 sampling and grouping 2:0.07379770278930664
SA4 MLP 2:0.054083824157714844
SA End:0.32185912132263184
Voting and Proposal time:0.33432722091674805
Total inference time: 8.616874 
Start: 1652578801.0941834
Votenet data preprocessing time:0.013437509536743164
Pointpainted Votenet start:0.03846430778503418
Deeplab inference time:4.227833986282349
Pointpainting time:0.04699397087097168
SA1 sampling and grouping 1:0.07171034812927246
SA1 MLP 1:0.00205230712890625
SA1 sampling and grouping 2:1.0138890743255615
SA1 MLP 2:0.020254850387573242
SA2 sampling and grouping 1:0.0753927230834961
SA2 MLP 1:0.13073086738586426
SA2 sampling and grouping 2:0.0916900634765625
SA2 MLP 2:0.38887500762939453
SA3 sampling and grouping 1:0.04155302047729492
SA3 MLP 1:0.2127363681793213
SA3 sampling and grouping 2:0.07223248481750488
SA3 MLP 2:0.04513430595397949
SA4 sampling and grouping 1:0.03467917442321777
SA4 MLP 1:0.0552058219909668
SA4 sampling and grouping 2:0.06531262397766113
SA4 MLP 2:0.05579423904418945
SA End:0.31342172622680664
Voting and Proposal time:0.332395076751709
Total inference time: 7.349790 
Start: 1652578851.9085786
Votenet data preprocessing time:0.013793468475341797
Pointpainted Votenet start:0.04050421714782715
Deeplab inference time:6.172149419784546
Pointpainting time:0.07303977012634277
SA1 sampling and grouping 1:0.26801371574401855
SA1 MLP 1:0.0022907257080078125
SA1 sampling and grouping 2:1.0126173496246338
SA1 MLP 2:0.13086605072021484
SA2 sampling and grouping 1:0.07828164100646973
SA2 MLP 1:0.2687876224517822
SA2 sampling and grouping 2:0.09531497955322266
SA2 MLP 2:0.6594855785369873
SA3 sampling and grouping 1:0.04164886474609375
SA3 MLP 1:0.4167652130126953
SA3 sampling and grouping 2:0.07589435577392578
SA3 MLP 2:0.14536070823669434
SA4 sampling and grouping 1:0.03837132453918457
SA4 MLP 1:0.05526113510131836
SA4 sampling and grouping 2:0.06455802917480469
SA4 MLP 2:0.05426454544067383
SA End:0.4294407367706299
Voting and Proposal time:0.5327770709991455
Total inference time: 10.669487 
Start: 1652578910.081124
Votenet data preprocessing time:0.013461828231811523
Pointpainted Votenet start:0.04041242599487305
Deeplab inference time:4.376494407653809
Pointpainting time:0.052903175354003906
SA1 sampling and grouping 1:0.06954598426818848
SA1 MLP 1:0.0012443065643310547
SA1 sampling and grouping 2:0.8971877098083496
SA1 MLP 2:0.03293752670288086
SA2 sampling and grouping 1:0.06887674331665039
SA2 MLP 1:0.208984375
SA2 sampling and grouping 2:0.09645819664001465
SA2 MLP 2:0.47771501541137695
SA3 sampling and grouping 1:0.04413104057312012
SA3 MLP 1:0.17734241485595703
SA3 sampling and grouping 2:0.07159662246704102
SA3 MLP 2:0.08834481239318848
SA4 sampling and grouping 1:0.03656363487243652
SA4 MLP 1:0.05540013313293457
SA4 sampling and grouping 2:0.06780672073364258
SA4 MLP 2:0.05429840087890625
SA End:0.3104672431945801
Voting and Proposal time:0.33378124237060547
Total inference time: 7.575954 
Start: 1652578962.6175675
Votenet data preprocessing time:0.014007091522216797
Pointpainted Votenet start:0.039884328842163086
Deeplab inference time:6.637679100036621
Pointpainting time:0.0645146369934082
SA1 sampling and grouping 1:0.07586121559143066
SA1 MLP 1:0.0014383792877197266
SA1 sampling and grouping 2:1.4512803554534912
SA1 MLP 2:0.27690911293029785
SA2 sampling and grouping 1:0.07142162322998047
SA2 MLP 1:0.30692243576049805
SA2 sampling and grouping 2:0.10277581214904785
SA2 MLP 2:0.39391541481018066
SA3 sampling and grouping 1:0.04347538948059082
SA3 MLP 1:0.6282472610473633
SA3 sampling and grouping 2:0.07640528678894043
SA3 MLP 2:0.16390633583068848
SA4 sampling and grouping 1:0.037207841873168945
SA4 MLP 1:0.06337928771972656
SA4 sampling and grouping 2:0.07387948036193848
SA4 MLP 2:0.05322432518005371
SA End:0.32552075386047363
Voting and Proposal time:0.3630847930908203
Total inference time: 11.264940 
Start: 1652579020.5535898
Votenet data preprocessing time:0.013367652893066406
Pointpainted Votenet start:0.041208744049072266
Deeplab inference time:7.146680593490601
Pointpainting time:0.06999421119689941
SA1 sampling and grouping 1:0.09052491188049316
SA1 MLP 1:0.003508329391479492
SA1 sampling and grouping 2:1.241058588027954
SA1 MLP 2:0.12956547737121582
SA2 sampling and grouping 1:0.06923317909240723
SA2 MLP 1:0.3143744468688965
SA2 sampling and grouping 2:0.10105252265930176
SA2 MLP 2:0.6680111885070801
SA3 sampling and grouping 1:0.04493093490600586
SA3 MLP 1:0.4123809337615967
SA3 sampling and grouping 2:0.07708001136779785
SA3 MLP 2:0.1449422836303711
SA4 sampling and grouping 1:0.03878188133239746
SA4 MLP 1:0.05979657173156738
SA4 sampling and grouping 2:0.07501006126403809
SA4 MLP 2:0.057417869567871094
SA End:0.3304784297943115
Voting and Proposal time:0.35652613639831543
Total inference time: 11.485925 
Start: 1652579076.2555537
Votenet data preprocessing time:0.013656139373779297
Pointpainted Votenet start:0.03906893730163574
Deeplab inference time:6.275559186935425
Pointpainting time:0.10354232788085938
SA1 sampling and grouping 1:0.09651350975036621
SA1 MLP 1:0.00235748291015625
SA1 sampling and grouping 2:1.2026448249816895
SA1 MLP 2:0.22790884971618652
SA2 sampling and grouping 1:0.0699918270111084
SA2 MLP 1:0.35219860076904297
SA2 sampling and grouping 2:0.09158205986022949
SA2 MLP 2:0.413435697555542
SA3 sampling and grouping 1:0.04250693321228027
SA3 MLP 1:0.3791797161102295
SA3 sampling and grouping 2:0.0759878158569336
SA3 MLP 2:0.13351821899414062
SA4 sampling and grouping 1:0.03869128227233887
SA4 MLP 1:0.05645132064819336
SA4 sampling and grouping 2:0.06744241714477539
SA4 MLP 2:0.05356025695800781
SA End:0.3179001808166504
Voting and Proposal time:0.35159945487976074
Total inference time: 10.405297 
Start: 1652579132.627258
Votenet data preprocessing time:0.01364755630493164
Pointpainted Votenet start:0.0401453971862793
Deeplab inference time:6.942686557769775
Pointpainting time:0.06777763366699219
SA1 sampling and grouping 1:0.07860803604125977
SA1 MLP 1:0.0014030933380126953
SA1 sampling and grouping 2:1.1080937385559082
SA1 MLP 2:0.12677216529846191
SA2 sampling and grouping 1:0.07738304138183594
SA2 MLP 1:0.28944921493530273
SA2 sampling and grouping 2:0.09999394416809082
SA2 MLP 2:0.7232606410980225
SA3 sampling and grouping 1:0.041884422302246094
SA3 MLP 1:0.4494495391845703
SA3 sampling and grouping 2:0.0757133960723877
SA3 MLP 2:0.04751133918762207
SA4 sampling and grouping 1:0.0384676456451416
SA4 MLP 1:0.05838274955749512
SA4 sampling and grouping 2:0.07293391227722168
SA4 MLP 2:0.057367801666259766
SA End:0.3238654136657715
Voting and Proposal time:0.3617820739746094
Total inference time: 11.096579 
Start: 1652579189.1411982
Votenet data preprocessing time:0.01332712173461914
Pointpainted Votenet start:0.03966975212097168
Deeplab inference time:5.209802150726318
Pointpainting time:0.08527398109436035
SA1 sampling and grouping 1:0.09131765365600586
SA1 MLP 1:0.0014007091522216797
SA1 sampling and grouping 2:1.2076261043548584
SA1 MLP 2:0.0020449161529541016
SA2 sampling and grouping 1:0.08107757568359375
SA2 MLP 1:0.27837109565734863
SA2 sampling and grouping 2:0.11017131805419922
SA2 MLP 2:0.3555424213409424
SA3 sampling and grouping 1:0.04235434532165527
SA3 MLP 1:0.4650599956512451
SA3 sampling and grouping 2:0.07399535179138184
SA3 MLP 2:0.04750323295593262
SA4 sampling and grouping 1:0.03829789161682129
SA4 MLP 1:0.1447591781616211
SA4 sampling and grouping 2:0.06962800025939941
SA4 MLP 2:0.05581831932067871
SA End:0.31349897384643555
Voting and Proposal time:0.3266129493713379
Total inference time: 9.053153 
Start: 1652579243.6708877
Votenet data preprocessing time:0.014425039291381836
Pointpainted Votenet start:0.04069685935974121
Deeplab inference time:5.939789295196533
Pointpainting time:0.06324434280395508
SA1 sampling and grouping 1:0.0784757137298584
SA1 MLP 1:0.0013670921325683594
SA1 sampling and grouping 2:1.0043234825134277
SA1 MLP 2:0.2406303882598877
SA2 sampling and grouping 1:0.0663912296295166
SA2 MLP 1:0.2792205810546875
SA2 sampling and grouping 2:0.08960556983947754
SA2 MLP 2:0.6762411594390869
SA3 sampling and grouping 1:0.04930710792541504
SA3 MLP 1:0.5282351970672607
SA3 sampling and grouping 2:0.07129764556884766
SA3 MLP 2:0.15796184539794922
SA4 sampling and grouping 1:0.03910374641418457
SA4 MLP 1:0.05730009078979492
SA4 sampling and grouping 2:0.07219934463500977
SA4 MLP 2:0.05327582359313965
SA End:0.32331180572509766
Voting and Proposal time:0.3447225093841553
Total inference time: 10.191126 
Start: 1652579296.3497584
Votenet data preprocessing time:0.013666868209838867
Pointpainted Votenet start:0.03896045684814453
Deeplab inference time:3.5516061782836914
Pointpainting time:0.05795741081237793
SA1 sampling and grouping 1:0.05246329307556152
SA1 MLP 1:0.0022232532501220703
SA1 sampling and grouping 2:0.8774268627166748
SA1 MLP 2:0.0015301704406738281
SA2 sampling and grouping 1:0.07767105102539062
SA2 MLP 1:0.1124110221862793
SA2 sampling and grouping 2:0.0936880111694336
SA2 MLP 2:0.13840651512145996
SA3 sampling and grouping 1:0.04310798645019531
SA3 MLP 1:0.14014315605163574
SA3 sampling and grouping 2:0.08257794380187988
SA3 MLP 2:0.055870771408081055
SA4 sampling and grouping 1:0.04084515571594238
SA4 MLP 1:0.058947086334228516
SA4 sampling and grouping 2:0.07204842567443848
SA4 MLP 2:0.057137250900268555
SA End:0.31596970558166504
Voting and Proposal time:0.33136510848999023
Total inference time: 6.216024 
Start: 1652579346.7218287
Votenet data preprocessing time:0.013610124588012695
Pointpainted Votenet start:0.03957796096801758
Deeplab inference time:6.454491138458252
Pointpainting time:0.0701591968536377
SA1 sampling and grouping 1:0.07772493362426758
SA1 MLP 1:0.002346515655517578
SA1 sampling and grouping 2:1.0980675220489502
SA1 MLP 2:0.08522462844848633
SA2 sampling and grouping 1:0.06519794464111328
SA2 MLP 1:0.2304370403289795
SA2 sampling and grouping 2:0.10049891471862793
SA2 MLP 2:0.586512565612793
SA3 sampling and grouping 1:0.04217219352722168
SA3 MLP 1:0.5550148487091064
SA3 sampling and grouping 2:0.07866621017456055
SA3 MLP 2:0.04609823226928711
SA4 sampling and grouping 1:0.037827491760253906
SA4 MLP 1:0.05429530143737793
SA4 sampling and grouping 2:0.06702923774719238
SA4 MLP 2:0.05571889877319336
SA End:0.32485175132751465
Voting and Proposal time:0.33843135833740234
Total inference time: 10.423954 
Start: 1652579405.6109307
Votenet data preprocessing time:0.013542890548706055
Pointpainted Votenet start:0.040039777755737305
Deeplab inference time:3.9278440475463867
Pointpainting time:0.06512832641601562
SA1 sampling and grouping 1:0.06580686569213867
SA1 MLP 1:0.0012171268463134766
SA1 sampling and grouping 2:0.9183998107910156
SA1 MLP 2:0.0010933876037597656
SA2 sampling and grouping 1:0.07007002830505371
SA2 MLP 1:0.12256622314453125
SA2 sampling and grouping 2:0.10145998001098633
SA2 MLP 2:0.47917699813842773
SA3 sampling and grouping 1:0.0423884391784668
SA3 MLP 1:0.17975783348083496
SA3 sampling and grouping 2:0.07785987854003906
SA3 MLP 2:0.04549694061279297
SA4 sampling and grouping 1:0.03698134422302246
SA4 MLP 1:0.054848432540893555
SA4 sampling and grouping 2:0.06654095649719238
SA4 MLP 2:0.05685758590698242
SA End:0.3139636516571045
Voting and Proposal time:0.3244290351867676
Total inference time: 7.005470 
Start: 1652579455.7820215
Votenet data preprocessing time:0.014995574951171875
Pointpainted Votenet start:0.03927350044250488
Deeplab inference time:5.17521595954895
Pointpainting time:0.06421113014221191
SA1 sampling and grouping 1:0.06337237358093262
SA1 MLP 1:0.0018339157104492188
SA1 sampling and grouping 2:0.9814200401306152
SA1 MLP 2:0.2769196033477783
SA2 sampling and grouping 1:0.07664895057678223
SA2 MLP 1:0.10033082962036133
SA2 sampling and grouping 2:0.09241104125976562
SA2 MLP 2:0.5259053707122803
SA3 sampling and grouping 1:0.04290032386779785
SA3 MLP 1:0.13251805305480957
SA3 sampling and grouping 2:0.0760962963104248
SA3 MLP 2:0.056540727615356445
SA4 sampling and grouping 1:0.0411221981048584
SA4 MLP 1:0.05762290954589844
SA4 sampling and grouping 2:0.0671684741973877
SA4 MLP 2:0.05473518371582031
SA End:0.30895209312438965
Voting and Proposal time:0.3407745361328125
Total inference time: 8.590969 
Start: 1652579505.7624023
Votenet data preprocessing time:0.013796806335449219
Pointpainted Votenet start:0.04461264610290527
Deeplab inference time:3.5071492195129395
Pointpainting time:0.05526399612426758
SA1 sampling and grouping 1:0.05053400993347168
SA1 MLP 1:0.0013818740844726562
SA1 sampling and grouping 2:1.233161449432373
SA1 MLP 2:0.0013587474822998047
SA2 sampling and grouping 1:0.07294583320617676
SA2 MLP 1:0.11979985237121582
SA2 sampling and grouping 2:0.09702515602111816
SA2 MLP 2:0.13902616500854492
SA3 sampling and grouping 1:0.044089317321777344
SA3 MLP 1:0.15314602851867676
SA3 sampling and grouping 2:0.07875990867614746
SA3 MLP 2:0.052156925201416016
SA4 sampling and grouping 1:0.04040813446044922
SA4 MLP 1:0.05846118927001953
SA4 sampling and grouping 2:0.07746267318725586
SA4 MLP 2:0.05550575256347656
SA End:0.3130757808685303
Voting and Proposal time:0.3352847099304199
Total inference time: 6.544406 
Start: 1652579555.2538576
Votenet data preprocessing time:0.012807607650756836
Pointpainted Votenet start:0.03999972343444824
Deeplab inference time:7.57318115234375
Pointpainting time:0.056517601013183594
SA1 sampling and grouping 1:0.07662105560302734
SA1 MLP 1:0.002353668212890625
SA1 sampling and grouping 2:1.2036972045898438
SA1 MLP 2:0.24051141738891602
SA2 sampling and grouping 1:0.06546688079833984
SA2 MLP 1:0.44430017471313477
SA2 sampling and grouping 2:0.09285235404968262
SA2 MLP 2:0.555016279220581
SA3 sampling and grouping 1:0.051865577697753906
SA3 MLP 1:0.44443655014038086
SA3 sampling and grouping 2:0.07284307479858398
SA3 MLP 2:0.1569969654083252
SA4 sampling and grouping 1:0.0353853702545166
SA4 MLP 1:0.060784101486206055
SA4 sampling and grouping 2:0.0700688362121582
SA4 MLP 2:0.05488252639770508
SA End:0.3236658573150635
Voting and Proposal time:0.3584871292114258
Total inference time: 11.992741 
Start: 1652579613.3932512
Votenet data preprocessing time:0.013631582260131836
Pointpainted Votenet start:0.03956151008605957
Deeplab inference time:6.131349086761475
Pointpainting time:0.05682992935180664
SA1 sampling and grouping 1:0.06345319747924805
SA1 MLP 1:0.001190185546875
SA1 sampling and grouping 2:0.9382836818695068
SA1 MLP 2:0.21771454811096191
SA2 sampling and grouping 1:0.07215309143066406
SA2 MLP 1:0.211930513381958
SA2 sampling and grouping 2:0.09752607345581055
SA2 MLP 2:0.7986171245574951
SA3 sampling and grouping 1:0.04689836502075195
SA3 MLP 1:0.37844204902648926
SA3 sampling and grouping 2:0.07310318946838379
SA3 MLP 2:0.14362692832946777
SA4 sampling and grouping 1:0.03964519500732422
SA4 MLP 1:0.062287330627441406
SA4 sampling and grouping 2:0.0707859992980957
SA4 MLP 2:0.05497169494628906
SA End:0.3212926387786865
Voting and Proposal time:0.3411421775817871
Total inference time: 10.174436 
Start: 1652579667.5176244
Votenet data preprocessing time:0.013897180557250977
Pointpainted Votenet start:0.03958392143249512
Deeplab inference time:4.904629468917847
Pointpainting time:0.06348061561584473
SA1 sampling and grouping 1:0.07499074935913086
SA1 MLP 1:0.0011184215545654297
SA1 sampling and grouping 2:1.0283374786376953
SA1 MLP 2:0.13565635681152344
SA2 sampling and grouping 1:0.06938982009887695
SA2 MLP 1:0.14478826522827148
SA2 sampling and grouping 2:0.09284758567810059
SA2 MLP 2:0.5093915462493896
SA3 sampling and grouping 1:0.04404282569885254
SA3 MLP 1:0.1696643829345703
SA3 sampling and grouping 2:0.0701589584350586
SA3 MLP 2:0.09436631202697754
SA4 sampling and grouping 1:0.036235809326171875
SA4 MLP 1:0.05817103385925293
SA4 sampling and grouping 2:0.06643033027648926
SA4 MLP 2:0.053536176681518555
SA End:0.32746148109436035
Voting and Proposal time:0.3499326705932617
Total inference time: 8.348111 
Start: 1652579718.2468314
Votenet data preprocessing time:0.013626337051391602
Pointpainted Votenet start:0.039327144622802734
Deeplab inference time:6.3274266719818115
Pointpainting time:0.07485508918762207
SA1 sampling and grouping 1:0.0787954330444336
SA1 MLP 1:0.0014045238494873047
SA1 sampling and grouping 2:1.163074254989624
SA1 MLP 2:0.10099506378173828
SA2 sampling and grouping 1:0.07497501373291016
SA2 MLP 1:0.09095191955566406
SA2 sampling and grouping 2:0.09313678741455078
SA2 MLP 2:0.5626018047332764
SA3 sampling and grouping 1:0.05103874206542969
SA3 MLP 1:0.4141368865966797
SA3 sampling and grouping 2:0.0757756233215332
SA3 MLP 2:0.13666749000549316
SA4 sampling and grouping 1:0.03893089294433594
SA4 MLP 1:0.05756878852844238
SA4 sampling and grouping 2:0.06956839561462402
SA4 MLP 2:0.05609607696533203
SA End:0.3164517879486084
Voting and Proposal time:0.33317995071411133
Total inference time: 10.170585 
Start: 1652579773.806145
Votenet data preprocessing time:0.013676166534423828
Pointpainted Votenet start:0.03968954086303711
Deeplab inference time:4.445509672164917
Pointpainting time:0.05631113052368164
SA1 sampling and grouping 1:0.05057168006896973
SA1 MLP 1:0.0021238327026367188
SA1 sampling and grouping 2:0.815192461013794
SA1 MLP 2:0.26856446266174316
SA2 sampling and grouping 1:0.07620906829833984
SA2 MLP 1:0.1018667221069336
SA2 sampling and grouping 2:0.09159994125366211
SA2 MLP 2:0.5496702194213867
SA3 sampling and grouping 1:0.04504275321960449
SA3 MLP 1:0.12969279289245605
SA3 sampling and grouping 2:0.0719144344329834
SA3 MLP 2:0.05656743049621582
SA4 sampling and grouping 1:0.03658437728881836
SA4 MLP 1:0.06002640724182129
SA4 sampling and grouping 2:0.07269001007080078
SA4 MLP 2:0.055327653884887695
SA End:0.3223724365234375
Voting and Proposal time:0.3418447971343994
Total inference time: 7.703048 
Start: 1652579824.301997
Votenet data preprocessing time:0.013012409210205078
Pointpainted Votenet start:0.039389610290527344
Deeplab inference time:7.441702365875244
Pointpainting time:0.08371186256408691
SA1 sampling and grouping 1:0.07629585266113281
SA1 MLP 1:0.0014629364013671875
SA1 sampling and grouping 2:1.1086006164550781
SA1 MLP 2:0.15204477310180664
SA2 sampling and grouping 1:0.07314729690551758
SA2 MLP 1:0.26703929901123047
SA2 sampling and grouping 2:0.0967874526977539
SA2 MLP 2:0.7015671730041504
SA3 sampling and grouping 1:0.047626495361328125
SA3 MLP 1:0.6188280582427979
SA3 sampling and grouping 2:0.08033013343811035
SA3 MLP 2:0.15381836891174316
SA4 sampling and grouping 1:0.03773975372314453
SA4 MLP 1:0.05954623222351074
SA4 sampling and grouping 2:0.0679006576538086
SA4 MLP 2:0.05385470390319824
SA End:0.32681965827941895
Voting and Proposal time:0.37433314323425293
Total inference time: 11.875559 
Start: 1652582634.1501675
Votenet data preprocessing time:0.013076066970825195
Pointpainted Votenet start:0.03964662551879883
Deeplab inference time:2.0017378330230713
Pointpainting time:0.04571270942687988
SA1 sampling and grouping 1:0.0438840389251709
SA1 MLP 1:0.0013277530670166016
SA1 sampling and grouping 2:0.8478298187255859
SA1 MLP 2:0.000965118408203125
SA2 sampling and grouping 1:0.06421875953674316
SA2 MLP 1:0.10175323486328125
SA2 sampling and grouping 2:0.08155035972595215
SA2 MLP 2:0.1834394931793213
SA3 sampling and grouping 1:0.04154205322265625
SA3 MLP 1:0.17053437232971191
SA3 sampling and grouping 2:0.07056379318237305
SA3 MLP 2:0.10905718803405762
SA4 sampling and grouping 1:0.03735065460205078
SA4 MLP 1:0.05774259567260742
SA4 sampling and grouping 2:0.06947898864746094
SA4 MLP 2:0.0551297664642334
SA End:0.3171370029449463
Voting and Proposal time:0.3318288326263428
Total inference time: 4.685507 
Start: 1652582684.3068142
Votenet data preprocessing time:0.01353764533996582
Pointpainted Votenet start:0.039620161056518555
Deeplab inference time:2.1487152576446533
Pointpainting time:0.05994725227355957
SA1 sampling and grouping 1:0.06092524528503418
SA1 MLP 1:0.0027985572814941406
SA1 sampling and grouping 2:0.7717306613922119
SA1 MLP 2:0.08729982376098633
SA2 sampling and grouping 1:0.06633162498474121
SA2 MLP 1:0.3676614761352539
SA2 sampling and grouping 2:0.1022038459777832
SA2 MLP 2:0.38303470611572266
SA3 sampling and grouping 1:0.041612863540649414
SA3 MLP 1:0.3045816421508789
SA3 sampling and grouping 2:0.07848715782165527
SA3 MLP 2:0.08589792251586914
SA4 sampling and grouping 1:0.03635454177856445
SA4 MLP 1:0.056162118911743164
SA4 sampling and grouping 2:0.0663151741027832
SA4 MLP 2:0.05476045608520508
SA End:0.31815004348754883
Voting and Proposal time:0.3255796432495117
Total inference time: 5.471708 
Start: 1652582734.104825
Votenet data preprocessing time:0.01388859748840332
Pointpainted Votenet start:0.03934359550476074
Deeplab inference time:3.7064876556396484
Pointpainting time:0.06622624397277832
SA1 sampling and grouping 1:0.0638737678527832
SA1 MLP 1:0.0013990402221679688
SA1 sampling and grouping 2:1.0319702625274658
SA1 MLP 2:0.0015518665313720703
SA2 sampling and grouping 1:0.07531380653381348
SA2 MLP 1:0.2095479965209961
SA2 sampling and grouping 2:0.1028745174407959
SA2 MLP 2:0.17889118194580078
SA3 sampling and grouping 1:0.04286813735961914
SA3 MLP 1:0.18833637237548828
SA3 sampling and grouping 2:0.07239103317260742
SA3 MLP 2:0.10965538024902344
SA4 sampling and grouping 1:0.0363924503326416
SA4 MLP 1:0.05685544013977051
SA4 sampling and grouping 2:0.07208371162414551
SA4 MLP 2:0.05553436279296875
SA End:0.3131387233734131
Voting and Proposal time:0.31458544731140137
Total inference time: 6.753210 
Start: 1652582784.7857108
Votenet data preprocessing time:0.01371908187866211
Pointpainted Votenet start:0.040525197982788086
Deeplab inference time:2.5730950832366943
Pointpainting time:0.038053035736083984
SA1 sampling and grouping 1:0.07322382926940918
SA1 MLP 1:0.0038106441497802734
SA1 sampling and grouping 2:0.9494709968566895
SA1 MLP 2:0.02610039710998535
SA2 sampling and grouping 1:0.0675051212310791
SA2 MLP 1:0.09932827949523926
SA2 sampling and grouping 2:0.0921621322631836
SA2 MLP 2:0.3017306327819824
SA3 sampling and grouping 1:0.04267621040344238
SA3 MLP 1:0.26548314094543457
SA3 sampling and grouping 2:0.07203125953674316
SA3 MLP 2:0.3868701457977295
SA4 sampling and grouping 1:0.03439068794250488
SA4 MLP 1:0.05745339393615723
SA4 sampling and grouping 2:0.06723713874816895
SA4 MLP 2:0.05245375633239746
SA End:0.3156003952026367
Voting and Proposal time:0.32071352005004883
Total inference time: 5.893634 
Start: 1652582841.4650195
Votenet data preprocessing time:0.013259172439575195
Pointpainted Votenet start:0.03857016563415527
Deeplab inference time:3.3271520137786865
Pointpainting time:0.03923368453979492
SA1 sampling and grouping 1:0.05436062812805176
SA1 MLP 1:0.0020036697387695312
SA1 sampling and grouping 2:0.8791506290435791
SA1 MLP 2:0.03623342514038086
SA2 sampling and grouping 1:0.08751726150512695
SA2 MLP 1:0.09040260314941406
SA2 sampling and grouping 2:0.10627436637878418
SA2 MLP 2:0.14210939407348633
SA3 sampling and grouping 1:0.04162287712097168
SA3 MLP 1:0.12720680236816406
SA3 sampling and grouping 2:0.07442235946655273
SA3 MLP 2:0.13263320922851562
SA4 sampling and grouping 1:0.038581132888793945
SA4 MLP 1:0.056173086166381836
SA4 sampling and grouping 2:0.0702674388885498
SA4 MLP 2:0.052820682525634766
SA End:0.3165442943572998
Voting and Proposal time:0.3302745819091797
Total inference time: 6.056813 
Start: 1652582890.656373
Votenet data preprocessing time:0.012401103973388672
Pointpainted Votenet start:0.04094243049621582
Deeplab inference time:3.7656190395355225
Pointpainting time:0.06150031089782715
SA1 sampling and grouping 1:0.06378746032714844
SA1 MLP 1:0.0019025802612304688
SA1 sampling and grouping 2:0.8971390724182129
SA1 MLP 2:0.0013308525085449219
SA2 sampling and grouping 1:0.06987905502319336
SA2 MLP 1:0.11534404754638672
SA2 sampling and grouping 2:0.10578799247741699
SA2 MLP 2:0.12113094329833984
SA3 sampling and grouping 1:0.048990726470947266
SA3 MLP 1:0.12656641006469727
SA3 sampling and grouping 2:0.07944583892822266
SA3 MLP 2:0.046477556228637695
SA4 sampling and grouping 1:0.043436288833618164
SA4 MLP 1:0.05765652656555176
SA4 sampling and grouping 2:0.08228874206542969
SA4 MLP 2:0.05267477035522461
SA End:0.31911492347717285
Voting and Proposal time:0.3287372589111328
Total inference time: 6.442154 
Start: 1652582939.697045
Votenet data preprocessing time:0.013027191162109375
Pointpainted Votenet start:0.04157233238220215
Deeplab inference time:3.566427230834961
Pointpainting time:0.058836936950683594
SA1 sampling and grouping 1:0.05773639678955078
SA1 MLP 1:0.008129358291625977
SA1 sampling and grouping 2:0.9037396907806396
SA1 MLP 2:0.08472871780395508
SA2 sampling and grouping 1:0.06217312812805176
SA2 MLP 1:0.09230589866638184
SA2 sampling and grouping 2:0.09132695198059082
SA2 MLP 2:0.3417389392852783
SA3 sampling and grouping 1:0.042569637298583984
SA3 MLP 1:0.11776614189147949
SA3 sampling and grouping 2:0.08107542991638184
SA3 MLP 2:0.04549074172973633
SA4 sampling and grouping 1:0.03654170036315918
SA4 MLP 1:0.05515575408935547
SA4 sampling and grouping 2:0.0659027099609375
SA4 MLP 2:0.05293560028076172
SA End:0.3132359981536865
Voting and Proposal time:0.32393598556518555
Total inference time: 6.456352 
Start: 1652582991.6063957
Votenet data preprocessing time:0.013765573501586914
Pointpainted Votenet start:0.04215860366821289
Deeplab inference time:3.323791265487671
Pointpainting time:0.058110952377319336
SA1 sampling and grouping 1:0.062433481216430664
SA1 MLP 1:0.0024220943450927734
SA1 sampling and grouping 2:0.9661524295806885
SA1 MLP 2:0.030707836151123047
SA2 sampling and grouping 1:0.07151913642883301
SA2 MLP 1:0.09523916244506836
SA2 sampling and grouping 2:0.0980844497680664
SA2 MLP 2:0.22670412063598633
SA3 sampling and grouping 1:0.042282819747924805
SA3 MLP 1:0.12449884414672852
SA3 sampling and grouping 2:0.07678365707397461
SA3 MLP 2:0.049581289291381836
SA4 sampling and grouping 1:0.038326263427734375
SA4 MLP 1:0.05781197547912598
SA4 sampling and grouping 2:0.07310032844543457
SA4 MLP 2:0.05552053451538086
SA End:0.3214528560638428
Voting and Proposal time:0.3385500907897949
Total inference time: 6.168998 
Start: 1652583039.5177536
Votenet data preprocessing time:0.013608455657958984
Pointpainted Votenet start:0.038703203201293945
Deeplab inference time:2.5279533863067627
Pointpainting time:0.06568408012390137
SA1 sampling and grouping 1:0.07245612144470215
SA1 MLP 1:0.01860785484313965
SA1 sampling and grouping 2:1.188554048538208
SA1 MLP 2:0.0012345314025878906
SA2 sampling and grouping 1:0.07011532783508301
SA2 MLP 1:0.10116076469421387
SA2 sampling and grouping 2:0.10072517395019531
SA2 MLP 2:0.10846304893493652
SA3 sampling and grouping 1:0.04674077033996582
SA3 MLP 1:0.12921714782714844
SA3 sampling and grouping 2:0.07463407516479492
SA3 MLP 2:0.048586368560791016
SA4 sampling and grouping 1:0.0379641056060791
SA4 MLP 1:0.056575775146484375
SA4 sampling and grouping 2:0.06381058692932129
SA4 MLP 2:0.05502796173095703
SA End:0.31284070014953613
Voting and Proposal time:0.328732967376709
Total inference time: 5.461396 
Start: 1652583091.2283406
Votenet data preprocessing time:0.0132598876953125
Pointpainted Votenet start:0.039197683334350586
Deeplab inference time:3.2033791542053223
Pointpainting time:0.076171875
SA1 sampling and grouping 1:0.06695747375488281
SA1 MLP 1:0.0017278194427490234
SA1 sampling and grouping 2:1.0966503620147705
SA1 MLP 2:0.001455068588256836
SA2 sampling and grouping 1:0.07662343978881836
SA2 MLP 1:0.10336089134216309
SA2 sampling and grouping 2:0.10707616806030273
SA2 MLP 2:0.12328028678894043
SA3 sampling and grouping 1:0.0461268424987793
SA3 MLP 1:0.11803293228149414
SA3 sampling and grouping 2:0.07368874549865723
SA3 MLP 2:0.04556775093078613
SA4 sampling and grouping 1:0.03758382797241211
SA4 MLP 1:0.055153846740722656
SA4 sampling and grouping 2:0.0671544075012207
SA4 MLP 2:0.05276346206665039
SA End:0.31859278678894043
Voting and Proposal time:0.33435940742492676
Total inference time: 6.058164 
Start: 1652583140.5747457
Votenet data preprocessing time:0.013579130172729492
Pointpainted Votenet start:0.039083242416381836
Deeplab inference time:1.8903980255126953
Pointpainting time:0.04661440849304199
SA1 sampling and grouping 1:0.04502463340759277
SA1 MLP 1:0.005808591842651367
SA1 sampling and grouping 2:0.8115286827087402
SA1 MLP 2:0.0009744167327880859
SA2 sampling and grouping 1:0.07804679870605469
SA2 MLP 1:0.09153485298156738
SA2 sampling and grouping 2:0.09937119483947754
SA2 MLP 2:0.0990288257598877
SA3 sampling and grouping 1:0.04022336006164551
SA3 MLP 1:0.12024211883544922
SA3 sampling and grouping 2:0.07628703117370605
SA3 MLP 2:0.04446697235107422
SA4 sampling and grouping 1:0.03719043731689453
SA4 MLP 1:0.056940555572509766
SA4 sampling and grouping 2:0.06624388694763184
SA4 MLP 2:0.0555262565612793
SA End:0.3173997402191162
Voting and Proposal time:0.3349895477294922
Total inference time: 4.370503 
Start: 1652583186.760138
Votenet data preprocessing time:0.013471841812133789
Pointpainted Votenet start:0.03866910934448242
Deeplab inference time:3.2314963340759277
Pointpainting time:0.054228782653808594
SA1 sampling and grouping 1:0.06415843963623047
SA1 MLP 1:0.002789735794067383
SA1 sampling and grouping 2:0.9960498809814453
SA1 MLP 2:0.0011096000671386719
SA2 sampling and grouping 1:0.07445311546325684
SA2 MLP 1:0.08420419692993164
SA2 sampling and grouping 2:0.09763884544372559
SA2 MLP 2:0.09526896476745605
SA3 sampling and grouping 1:0.04108142852783203
SA3 MLP 1:0.11932826042175293
SA3 sampling and grouping 2:0.07911276817321777
SA3 MLP 2:0.04467177391052246
SA4 sampling and grouping 1:0.03870582580566406
SA4 MLP 1:0.055101633071899414
SA4 sampling and grouping 2:0.06688904762268066
SA4 MLP 2:0.05447125434875488
SA End:0.3089179992675781
Voting and Proposal time:0.3185300827026367
Total inference time: 5.880349 
Start: 1652583234.8506806
Votenet data preprocessing time:0.013394832611083984
Pointpainted Votenet start:0.038915395736694336
Deeplab inference time:2.578821897506714
Pointpainting time:0.04490494728088379
SA1 sampling and grouping 1:0.06716704368591309
SA1 MLP 1:0.0017426013946533203
SA1 sampling and grouping 2:1.0192692279815674
SA1 MLP 2:0.0012462139129638672
SA2 sampling and grouping 1:0.06647658348083496
SA2 MLP 1:0.10041356086730957
SA2 sampling and grouping 2:0.10918998718261719
SA2 MLP 2:0.1023097038269043
SA3 sampling and grouping 1:0.046990156173706055
SA3 MLP 1:0.11963081359863281
SA3 sampling and grouping 2:0.07610034942626953
SA3 MLP 2:0.04522895812988281
SA4 sampling and grouping 1:0.040137529373168945
SA4 MLP 1:0.05764460563659668
SA4 sampling and grouping 2:0.07275772094726562
SA4 MLP 2:0.05417132377624512
SA End:0.3179199695587158
Voting and Proposal time:0.3149149417877197
Total inference time: 5.289348 
Start: 1652583282.313468
Votenet data preprocessing time:0.013570547103881836
Pointpainted Votenet start:0.0398259162902832
Deeplab inference time:3.865893602371216
Pointpainting time:0.05598855018615723
SA1 sampling and grouping 1:0.05192255973815918
SA1 MLP 1:0.01948404312133789
SA1 sampling and grouping 2:0.9605703353881836
SA1 MLP 2:0.0012028217315673828
SA2 sampling and grouping 1:0.07747530937194824
SA2 MLP 1:0.09834051132202148
SA2 sampling and grouping 2:0.10301923751831055
SA2 MLP 2:0.34035158157348633
SA3 sampling and grouping 1:0.050020694732666016
SA3 MLP 1:0.12195324897766113
SA3 sampling and grouping 2:0.07615208625793457
SA3 MLP 2:0.04758787155151367
SA4 sampling and grouping 1:0.040511131286621094
SA4 MLP 1:0.059554338455200195
SA4 sampling and grouping 2:0.0723714828491211
SA4 MLP 2:0.054741859436035156
SA End:0.32164883613586426
Voting and Proposal time:0.34314632415771484
Total inference time: 6.815333 
Start: 1652583332.7497277
Votenet data preprocessing time:0.013695001602172852
Pointpainted Votenet start:0.039356231689453125
Deeplab inference time:2.6280970573425293
Pointpainting time:0.04388880729675293
SA1 sampling and grouping 1:0.05367708206176758
SA1 MLP 1:0.007270336151123047
SA1 sampling and grouping 2:1.0620617866516113
SA1 MLP 2:0.12461042404174805
SA2 sampling and grouping 1:0.07187223434448242
SA2 MLP 1:0.0957193374633789
SA2 sampling and grouping 2:0.09709930419921875
SA2 MLP 2:0.516016960144043
SA3 sampling and grouping 1:0.042816162109375
SA3 MLP 1:0.12000560760498047
SA3 sampling and grouping 2:0.07503366470336914
SA3 MLP 2:0.045725345611572266
SA4 sampling and grouping 1:0.034684181213378906
SA4 MLP 1:0.058602333068847656
SA4 sampling and grouping 2:0.07226014137268066
SA4 MLP 2:0.05238080024719238
SA End:0.3131237030029297
Voting and Proposal time:0.31621575355529785
Total inference time: 5.884212 
Start: 1652583380.1617298
Votenet data preprocessing time:0.013681888580322266
Pointpainted Votenet start:0.04057168960571289
Deeplab inference time:2.780226469039917
Pointpainting time:0.04981231689453125
SA1 sampling and grouping 1:0.050024986267089844
SA1 MLP 1:0.0018093585968017578
SA1 sampling and grouping 2:0.8957891464233398
SA1 MLP 2:0.0015447139739990234
SA2 sampling and grouping 1:0.07436442375183105
SA2 MLP 1:0.08749890327453613
SA2 sampling and grouping 2:0.10498714447021484
SA2 MLP 2:0.09794306755065918
SA3 sampling and grouping 1:0.04791450500488281
SA3 MLP 1:0.1176292896270752
SA3 sampling and grouping 2:0.07363033294677734
SA3 MLP 2:0.04387044906616211
SA4 sampling and grouping 1:0.03801274299621582
SA4 MLP 1:0.05620718002319336
SA4 sampling and grouping 2:0.06765937805175781
SA4 MLP 2:0.054926395416259766
SA End:0.3195676803588867
Voting and Proposal time:0.3188023567199707
Total inference time: 5.336474 
Start: 1652583429.0298786
Votenet data preprocessing time:0.013546228408813477
Pointpainted Votenet start:0.03926873207092285
Deeplab inference time:3.313241958618164
Pointpainting time:0.07898163795471191
SA1 sampling and grouping 1:0.06890273094177246
SA1 MLP 1:0.002193927764892578
SA1 sampling and grouping 2:0.9077467918395996
SA1 MLP 2:0.004256725311279297
SA2 sampling and grouping 1:0.06599092483520508
SA2 MLP 1:0.08251285552978516
SA2 sampling and grouping 2:0.08922624588012695
SA2 MLP 2:0.4914395809173584
SA3 sampling and grouping 1:0.04539346694946289
SA3 MLP 1:0.11574101448059082
SA3 sampling and grouping 2:0.07700347900390625
SA3 MLP 2:0.04396820068359375
SA4 sampling and grouping 1:0.036458492279052734
SA4 MLP 1:0.05667853355407715
SA4 sampling and grouping 2:0.06755828857421875
SA4 MLP 2:0.055434226989746094
SA End:0.3198573589324951
Voting and Proposal time:0.32634401321411133
Total inference time: 6.301745 
Start: 1652583475.3200593
Votenet data preprocessing time:0.013809680938720703
Pointpainted Votenet start:0.03960680961608887
Deeplab inference time:3.895660161972046
Pointpainting time:0.05980110168457031
SA1 sampling and grouping 1:0.06690287590026855
SA1 MLP 1:0.007750988006591797
SA1 sampling and grouping 2:0.8973574638366699
SA1 MLP 2:0.0012586116790771484
SA2 sampling and grouping 1:0.07366824150085449
SA2 MLP 1:0.10021662712097168
SA2 sampling and grouping 2:0.10397768020629883
SA2 MLP 2:0.10116767883300781
SA3 sampling and grouping 1:0.04738354682922363
SA3 MLP 1:0.12201261520385742
SA3 sampling and grouping 2:0.07736802101135254
SA3 MLP 2:0.04923224449157715
SA4 sampling and grouping 1:0.03703141212463379
SA4 MLP 1:0.05612802505493164
SA4 sampling and grouping 2:0.0644071102142334
SA4 MLP 2:0.054145097732543945
SA End:0.3149139881134033
Voting and Proposal time:0.3286576271057129
Total inference time: 6.512458 
Start: 1652583521.6136184
Votenet data preprocessing time:0.013535737991333008
Pointpainted Votenet start:0.03943896293640137
Deeplab inference time:2.6829593181610107
Pointpainting time:0.04879426956176758
SA1 sampling and grouping 1:0.05858874320983887
SA1 MLP 1:0.016205310821533203
SA1 sampling and grouping 2:0.8601562976837158
SA1 MLP 2:0.07976555824279785
SA2 sampling and grouping 1:0.06598281860351562
SA2 MLP 1:0.08905744552612305
SA2 sampling and grouping 2:0.1002037525177002
SA2 MLP 2:0.09685993194580078
SA3 sampling and grouping 1:0.041112422943115234
SA3 MLP 1:0.11912155151367188
SA3 sampling and grouping 2:0.076904296875
SA3 MLP 2:0.04804635047912598
SA4 sampling and grouping 1:0.03335738182067871
SA4 MLP 1:0.05902862548828125
SA4 sampling and grouping 2:0.06768965721130371
SA4 MLP 2:0.05307435989379883
SA End:0.3156144618988037
Voting and Proposal time:0.3150820732116699
Total inference time: 5.280579 
Start: 1652583565.5067234
Votenet data preprocessing time:0.01349782943725586
Pointpainted Votenet start:0.03872227668762207
Deeplab inference time:1.813502311706543
Pointpainting time:0.1190638542175293
SA1 sampling and grouping 1:0.06482696533203125
SA1 MLP 1:0.017685651779174805
SA1 sampling and grouping 2:0.8343386650085449
SA1 MLP 2:0.0007014274597167969
SA2 sampling and grouping 1:0.07476806640625
SA2 MLP 1:0.0827484130859375
SA2 sampling and grouping 2:0.09323000907897949
SA2 MLP 2:0.09736084938049316
SA3 sampling and grouping 1:0.04367351531982422
SA3 MLP 1:0.11896967887878418
SA3 sampling and grouping 2:0.07708382606506348
SA3 MLP 2:0.04650735855102539
SA4 sampling and grouping 1:0.03937673568725586
SA4 MLP 1:0.05521440505981445
SA4 sampling and grouping 2:0.07057476043701172
SA4 MLP 2:0.056685447692871094
SA End:0.3144721984863281
Voting and Proposal time:0.3275721073150635
Total inference time: 4.400576 
