Start: 1675824314.4415727
Votenet data preprocessing time:0.014998912811279297
Pointpainted Votenet start:0.03900599479675293
Deeplab inference time:4.367530584335327
Pointpainting time:0.05492138862609863
SA1 sampling and grouping 1:0.4697079658508301
SA1 MLP 1:0.002223968505859375
SA1 sampling and grouping 2:12.8827486038208
SA1 MLP 2:0.0006339550018310547
SA2 sampling and grouping 1:0.4993569850921631
SA2 MLP 1:0.413466215133667
SA2 sampling and grouping 2:0.6754002571105957
SA2 MLP 2:0.12892460823059082
SA3 sampling and grouping 1:0.21273326873779297
SA3 MLP 1:0.540041446685791
SA3 sampling and grouping 2:0.31816720962524414
SA3 MLP 2:0.0024559497833251953
SA4 sampling and grouping:0.4693622589111328
SA4 MLP:0.3658640384674072
SA End:0.36473703384399414
Voting and Proposal time:0.9584369659423828
Total inference time: 22.780718 
Start: 1675824397.6251993
Votenet data preprocessing time:0.05259108543395996
Pointpainted Votenet start:0.05588364601135254
Deeplab inference time:5.797719955444336
Pointpainting time:0.05473208427429199
SA1 sampling and grouping 1:0.3447999954223633
SA1 MLP 1:0.0016312599182128906
SA1 sampling and grouping 2:13.159829378128052
SA1 MLP 2:0.0007576942443847656
SA2 sampling and grouping 1:0.4928169250488281
SA2 MLP 1:0.3774454593658447
SA2 sampling and grouping 2:0.6921741962432861
SA2 MLP 2:0.1160581111907959
SA3 sampling and grouping 1:0.21380209922790527
SA3 MLP 1:0.670419454574585
SA3 sampling and grouping 2:0.30736422538757324
SA3 MLP 2:0.0007755756378173828
SA4 sampling and grouping:0.4734952449798584
SA4 MLP:0.35532689094543457
SA End:0.3727607727050781
Voting and Proposal time:0.9139161109924316
Total inference time: 24.454300 
Start: 1675824487.5659897
Votenet data preprocessing time:0.013182401657104492
Pointpainted Votenet start:0.03804516792297363
Deeplab inference time:4.329944849014282
Pointpainting time:0.0497434139251709
SA1 sampling and grouping 1:0.39826393127441406
SA1 MLP 1:0.0015604496002197266
SA1 sampling and grouping 2:12.711353063583374
SA1 MLP 2:0.0008578300476074219
SA2 sampling and grouping 1:0.48937463760375977
SA2 MLP 1:0.37842655181884766
SA2 sampling and grouping 2:0.6537883281707764
SA2 MLP 2:0.1597437858581543
SA3 sampling and grouping 1:0.21681976318359375
SA3 MLP 1:0.5668590068817139
SA3 sampling and grouping 2:0.3123478889465332
SA3 MLP 2:0.000713348388671875
SA4 sampling and grouping:0.474376916885376
SA4 MLP:0.3930943012237549
SA End:0.39508509635925293
Voting and Proposal time:0.9818415641784668
Total inference time: 22.565422 
Start: 1675824567.6236975
Votenet data preprocessing time:0.016125917434692383
Pointpainted Votenet start:0.03895139694213867
Deeplab inference time:4.218829870223999
Pointpainting time:0.04414939880371094
SA1 sampling and grouping 1:0.38654208183288574
SA1 MLP 1:0.0024309158325195312
SA1 sampling and grouping 2:12.839366674423218
SA1 MLP 2:0.0007348060607910156
SA2 sampling and grouping 1:0.48999810218811035
SA2 MLP 1:0.37715601921081543
SA2 sampling and grouping 2:0.6584057807922363
SA2 MLP 2:0.14260601997375488
SA3 sampling and grouping 1:0.2154231071472168
SA3 MLP 1:0.5375621318817139
SA3 sampling and grouping 2:0.3015115261077881
SA3 MLP 2:0.0007300376892089844
SA4 sampling and grouping:0.47167134284973145
SA4 MLP:0.29253268241882324
SA End:0.3496112823486328
Voting and Proposal time:0.916651725769043
Total inference time: 22.300991 
Start: 1675824645.252917
Votenet data preprocessing time:0.07416749000549316
Pointpainted Votenet start:0.03942584991455078
Deeplab inference time:4.548413038253784
Pointpainting time:0.04914402961730957
SA1 sampling and grouping 1:0.5972111225128174
SA1 MLP 1:0.0015485286712646484
SA1 sampling and grouping 2:13.143529415130615
SA1 MLP 2:0.0007376670837402344
SA2 sampling and grouping 1:0.49418187141418457
SA2 MLP 1:0.37436342239379883
SA2 sampling and grouping 2:0.6622326374053955
SA2 MLP 2:0.14101266860961914
SA3 sampling and grouping 1:0.21906638145446777
SA3 MLP 1:0.5389444828033447
SA3 sampling and grouping 2:0.29798316955566406
SA3 MLP 2:0.0007050037384033203
SA4 sampling and grouping:0.47426843643188477
SA4 MLP:0.3050689697265625
SA End:0.3685612678527832
Voting and Proposal time:0.9851858615875244
Total inference time: 23.315751 
Start: 1675824729.7717288
Votenet data preprocessing time:0.03851580619812012
Pointpainted Votenet start:0.038969993591308594
Deeplab inference time:4.560229063034058
Pointpainting time:0.05843329429626465
SA1 sampling and grouping 1:0.49906206130981445
SA1 MLP 1:0.0017380714416503906
SA1 sampling and grouping 2:12.902239084243774
SA1 MLP 2:0.0007739067077636719
SA2 sampling and grouping 1:0.48931431770324707
SA2 MLP 1:0.37933969497680664
SA2 sampling and grouping 2:0.7036781311035156
SA2 MLP 2:0.1345818042755127
SA3 sampling and grouping 1:0.2149806022644043
SA3 MLP 1:0.5465362071990967
SA3 sampling and grouping 2:0.30330371856689453
SA3 MLP 2:0.0007100105285644531
SA4 sampling and grouping:0.4700796604156494
SA4 MLP:0.28991150856018066
SA End:0.3550074100494385
Voting and Proposal time:0.9217910766601562
Total inference time: 22.909195 
Start: 1675824814.3099773
Votenet data preprocessing time:0.12106037139892578
Pointpainted Votenet start:0.05927681922912598
Deeplab inference time:5.145390272140503
Pointpainting time:0.04519820213317871
SA1 sampling and grouping 1:0.45360827445983887
SA1 MLP 1:0.0018911361694335938
SA1 sampling and grouping 2:13.106114625930786
SA1 MLP 2:0.0008747577667236328
SA2 sampling and grouping 1:0.49128150939941406
SA2 MLP 1:0.3793039321899414
SA2 sampling and grouping 2:0.6564297676086426
SA2 MLP 2:0.1645359992980957
SA3 sampling and grouping 1:0.22185659408569336
SA3 MLP 1:0.5397496223449707
SA3 sampling and grouping 2:0.3044447898864746
SA3 MLP 2:0.0007560253143310547
SA4 sampling and grouping:0.4684433937072754
SA4 MLP:0.29897141456604004
SA End:0.3679008483886719
Voting and Proposal time:0.9616906642913818
Total inference time: 23.788779 
Start: 1675824901.552774
Votenet data preprocessing time:0.041097402572631836
Pointpainted Votenet start:0.05062222480773926
Deeplab inference time:4.541707277297974
Pointpainting time:0.046061038970947266
SA1 sampling and grouping 1:0.3940424919128418
SA1 MLP 1:0.0016357898712158203
SA1 sampling and grouping 2:13.015746355056763
SA1 MLP 2:0.0009696483612060547
SA2 sampling and grouping 1:0.48880624771118164
SA2 MLP 1:0.42235636711120605
SA2 sampling and grouping 2:0.7030110359191895
SA2 MLP 2:0.19974422454833984
SA3 sampling and grouping 1:0.21364402770996094
SA3 MLP 1:0.6555788516998291
SA3 sampling and grouping 2:0.3032066822052002
SA3 MLP 2:0.0007300376892089844
SA4 sampling and grouping:0.46828222274780273
SA4 MLP:0.38683509826660156
SA End:0.3500044345855713
Voting and Proposal time:0.943047285079956
Total inference time: 23.227129 
Start: 1675824985.5986788
Votenet data preprocessing time:0.013334035873413086
Pointpainted Votenet start:0.038687944412231445
Deeplab inference time:4.089061737060547
Pointpainting time:0.04294919967651367
SA1 sampling and grouping 1:0.30222249031066895
SA1 MLP 1:0.0016086101531982422
SA1 sampling and grouping 2:12.751270294189453
SA1 MLP 2:0.0008020401000976562
SA2 sampling and grouping 1:0.4886898994445801
SA2 MLP 1:0.37665271759033203
SA2 sampling and grouping 2:0.6602907180786133
SA2 MLP 2:0.19719886779785156
SA3 sampling and grouping 1:0.21987700462341309
SA3 MLP 1:0.6158902645111084
SA3 sampling and grouping 2:0.31807756423950195
SA3 MLP 2:0.0007152557373046875
SA4 sampling and grouping:0.47454380989074707
SA4 MLP:0.3504352569580078
SA End:0.3814370632171631
Voting and Proposal time:0.9944038391113281
Total inference time: 22.318149 
Start: 1675825062.2022967
Votenet data preprocessing time:0.014709234237670898
Pointpainted Votenet start:0.03893780708312988
Deeplab inference time:4.1554274559021
Pointpainting time:0.041118621826171875
SA1 sampling and grouping 1:0.44707345962524414
SA1 MLP 1:0.0015189647674560547
SA1 sampling and grouping 2:12.851144313812256
SA1 MLP 2:0.0008208751678466797
SA2 sampling and grouping 1:0.489457368850708
SA2 MLP 1:0.3793821334838867
SA2 sampling and grouping 2:0.6575057506561279
SA2 MLP 2:0.2006816864013672
SA3 sampling and grouping 1:0.214263916015625
SA3 MLP 1:0.6832525730133057
SA3 sampling and grouping 2:0.30143284797668457
SA3 MLP 2:0.0007307529449462891
SA4 sampling and grouping:0.4703986644744873
SA4 MLP:0.2857639789581299
SA End:0.3440401554107666
Voting and Proposal time:0.9243001937866211
Total inference time: 22.501961 
Start: 1675825140.8269114
Votenet data preprocessing time:0.04941868782043457
Pointpainted Votenet start:0.038977622985839844
Deeplab inference time:4.637233018875122
Pointpainting time:0.052060842514038086
SA1 sampling and grouping 1:0.30170392990112305
SA1 MLP 1:0.0015592575073242188
SA1 sampling and grouping 2:12.83558702468872
SA1 MLP 2:0.0007383823394775391
SA2 sampling and grouping 1:0.486133337020874
SA2 MLP 1:0.388749361038208
SA2 sampling and grouping 2:0.6873466968536377
SA2 MLP 2:0.20859384536743164
SA3 sampling and grouping 1:0.21924138069152832
SA3 MLP 1:0.6194560527801514
SA3 sampling and grouping 2:0.304640531539917
SA3 MLP 2:0.0009894371032714844
SA4 sampling and grouping:0.47385668754577637
SA4 MLP:0.3545839786529541
SA End:0.34722208976745605
Voting and Proposal time:0.8664827346801758
Total inference time: 22.874575 
Start: 1675825217.0553823
Votenet data preprocessing time:0.013355493545532227
Pointpainted Votenet start:0.03887772560119629
Deeplab inference time:4.064389228820801
Pointpainting time:0.03682518005371094
SA1 sampling and grouping 1:0.46479201316833496
SA1 MLP 1:0.0016360282897949219
SA1 sampling and grouping 2:12.850571393966675
SA1 MLP 2:0.0008189678192138672
SA2 sampling and grouping 1:0.49533963203430176
SA2 MLP 1:0.4236435890197754
SA2 sampling and grouping 2:0.676746129989624
SA2 MLP 2:0.12276864051818848
SA3 sampling and grouping 1:0.21987700462341309
SA3 MLP 1:0.5387363433837891
SA3 sampling and grouping 2:0.30289602279663086
SA3 MLP 2:0.0007183551788330078
SA4 sampling and grouping:0.46900200843811035
SA4 MLP:0.29037952423095703
SA End:0.3518507480621338
Voting and Proposal time:0.9022676944732666
Total inference time: 22.265492 
Start: 1675825294.74765
Votenet data preprocessing time:0.012336492538452148
Pointpainted Votenet start:0.03866863250732422
Deeplab inference time:4.053492307662964
Pointpainting time:0.045099496841430664
SA1 sampling and grouping 1:0.2872042655944824
SA1 MLP 1:0.0016608238220214844
SA1 sampling and grouping 2:12.806229829788208
SA1 MLP 2:0.0007424354553222656
SA2 sampling and grouping 1:0.4912874698638916
SA2 MLP 1:0.3978869915008545
SA2 sampling and grouping 2:0.6582784652709961
SA2 MLP 2:0.14753270149230957
SA3 sampling and grouping 1:0.2141127586364746
SA3 MLP 1:0.5377197265625
SA3 sampling and grouping 2:0.30499815940856934
SA3 MLP 2:0.0006988048553466797
SA4 sampling and grouping:0.46981239318847656
SA4 MLP:0.3032686710357666
SA End:0.3804469108581543
Voting and Proposal time:0.9856576919555664
Total inference time: 22.137135 
Start: 1675825367.0300496
Votenet data preprocessing time:0.012945175170898438
Pointpainted Votenet start:0.03786063194274902
Deeplab inference time:3.959543228149414
Pointpainting time:0.041072845458984375
SA1 sampling and grouping 1:0.26808691024780273
SA1 MLP 1:0.0016052722930908203
SA1 sampling and grouping 2:12.602828979492188
SA1 MLP 2:0.0006711483001708984
SA2 sampling and grouping 1:0.4851796627044678
SA2 MLP 1:0.3787710666656494
SA2 sampling and grouping 2:0.6727468967437744
SA2 MLP 2:0.1353440284729004
SA3 sampling and grouping 1:0.21461153030395508
SA3 MLP 1:0.5411803722381592
SA3 sampling and grouping 2:0.30176591873168945
SA3 MLP 2:0.000743865966796875
SA4 sampling and grouping:0.47024059295654297
SA4 MLP:0.3470120429992676
SA End:0.34911060333251953
Voting and Proposal time:0.9453575611114502
Total inference time: 21.766678 
Start: 1675825444.7942297
Votenet data preprocessing time:0.03215837478637695
Pointpainted Votenet start:0.039669036865234375
Deeplab inference time:4.108006000518799
Pointpainting time:0.04227900505065918
SA1 sampling and grouping 1:0.27521729469299316
SA1 MLP 1:0.0016977787017822266
SA1 sampling and grouping 2:12.529515027999878
SA1 MLP 2:0.0007135868072509766
SA2 sampling and grouping 1:0.4887881278991699
SA2 MLP 1:0.37753772735595703
SA2 sampling and grouping 2:0.664980411529541
SA2 MLP 2:0.13837337493896484
SA3 sampling and grouping 1:0.21688270568847656
SA3 MLP 1:0.5818910598754883
SA3 sampling and grouping 2:0.3079531192779541
SA3 MLP 2:0.0007314682006835938
SA4 sampling and grouping:0.4705832004547119
SA4 MLP:0.2892591953277588
SA End:0.35346102714538574
Voting and Proposal time:0.8629460334777832
Total inference time: 21.782644 
Start: 1675825517.3375897
Votenet data preprocessing time:0.011972427368164062
Pointpainted Votenet start:0.03824281692504883
Deeplab inference time:4.124980688095093
Pointpainting time:0.043418169021606445
SA1 sampling and grouping 1:0.28851985931396484
SA1 MLP 1:0.0015723705291748047
SA1 sampling and grouping 2:12.572916746139526
SA1 MLP 2:0.0007867813110351562
SA2 sampling and grouping 1:0.48520398139953613
SA2 MLP 1:0.396453857421875
SA2 sampling and grouping 2:0.6704962253570557
SA2 MLP 2:0.16366004943847656
SA3 sampling and grouping 1:0.21383452415466309
SA3 MLP 1:0.7494850158691406
SA3 sampling and grouping 2:0.3139493465423584
SA3 MLP 2:0.0007126331329345703
SA4 sampling and grouping:0.4685840606689453
SA4 MLP:0.2868959903717041
SA End:0.3441343307495117
Voting and Proposal time:0.9019811153411865
Total inference time: 22.077801 
Start: 1675825590.3768277
Votenet data preprocessing time:0.012943029403686523
Pointpainted Votenet start:0.03849601745605469
Deeplab inference time:4.239626407623291
Pointpainting time:0.05720686912536621
SA1 sampling and grouping 1:0.2905850410461426
SA1 MLP 1:0.001550912857055664
SA1 sampling and grouping 2:12.68230390548706
SA1 MLP 2:0.0007424354553222656
SA2 sampling and grouping 1:0.491929292678833
SA2 MLP 1:0.3744940757751465
SA2 sampling and grouping 2:0.6861884593963623
SA2 MLP 2:0.12970256805419922
SA3 sampling and grouping 1:0.2138383388519287
SA3 MLP 1:0.5383522510528564
SA3 sampling and grouping 2:0.2961616516113281
SA3 MLP 2:0.0008823871612548828
SA4 sampling and grouping:0.4772164821624756
SA4 MLP:0.2944145202636719
SA End:0.4044182300567627
Voting and Proposal time:0.9578151702880859
Total inference time: 22.188868 
Start: 1675825663.810001
Votenet data preprocessing time:0.011295795440673828
Pointpainted Votenet start:0.0387730598449707
Deeplab inference time:3.961994171142578
Pointpainting time:0.04096579551696777
SA1 sampling and grouping 1:0.2744104862213135
SA1 MLP 1:0.001650094985961914
SA1 sampling and grouping 2:12.590017318725586
SA1 MLP 2:0.0008482933044433594
SA2 sampling and grouping 1:0.49074316024780273
SA2 MLP 1:0.37742018699645996
SA2 sampling and grouping 2:0.6722278594970703
SA2 MLP 2:0.16781854629516602
SA3 sampling and grouping 1:0.21445274353027344
SA3 MLP 1:0.5490236282348633
SA3 sampling and grouping 2:0.2983071804046631
SA3 MLP 2:0.0007798671722412109
SA4 sampling and grouping:0.47206830978393555
SA4 MLP:0.43961238861083984
SA End:0.3574028015136719
Voting and Proposal time:0.9569351673126221
Total inference time: 21.916747 
Start: 1675825735.0732834
Votenet data preprocessing time:0.012047290802001953
Pointpainted Votenet start:0.03948855400085449
Deeplab inference time:4.01019549369812
Pointpainting time:0.03760051727294922
SA1 sampling and grouping 1:0.2676873207092285
SA1 MLP 1:0.0014786720275878906
SA1 sampling and grouping 2:12.594676971435547
SA1 MLP 2:0.001178741455078125
SA2 sampling and grouping 1:0.4961087703704834
SA2 MLP 1:0.39785027503967285
SA2 sampling and grouping 2:0.6659493446350098
SA2 MLP 2:0.12947773933410645
SA3 sampling and grouping 1:0.21773266792297363
SA3 MLP 1:0.555375337600708
SA3 sampling and grouping 2:0.3112912178039551
SA3 MLP 2:0.0007300376892089844
SA4 sampling and grouping:0.46992063522338867
SA4 MLP:0.283433198928833
SA End:0.3432910442352295
Voting and Proposal time:0.9507951736450195
Total inference time: 21.786309 
Start: 1675825801.337436
Votenet data preprocessing time:0.012344121932983398
Pointpainted Votenet start:0.038765668869018555
Deeplab inference time:4.182721376419067
Pointpainting time:0.03635096549987793
SA1 sampling and grouping 1:0.2682838439941406
SA1 MLP 1:0.001710653305053711
SA1 sampling and grouping 2:12.529692649841309
SA1 MLP 2:0.0006844997406005859
SA2 sampling and grouping 1:0.48175740242004395
SA2 MLP 1:0.38475799560546875
SA2 sampling and grouping 2:0.6833341121673584
SA2 MLP 2:0.14714765548706055
SA3 sampling and grouping 1:0.21417665481567383
SA3 MLP 1:0.6661510467529297
SA3 sampling and grouping 2:0.2969520092010498
SA3 MLP 2:0.0006875991821289062
SA4 sampling and grouping:0.470717191696167
SA4 MLP:0.41189098358154297
SA End:0.3331780433654785
Voting and Proposal time:0.913022518157959
Total inference time: 22.074327 
