Start: 1675839762.8672507
Votenet data preprocessing time:0.01338815689086914
Pointpainted Votenet start:0.03796648979187012
Deeplab inference time:3.9081079959869385
Pointpainting time:0.05924677848815918
SA1 sampling and grouping 1:0.39957213401794434
SA1 MLP 1:0.0020055770874023438
SA1 sampling and grouping 2:1.500551462173462
SA1 MLP 2:0.0010313987731933594
SA2 sampling and grouping 1:0.15349602699279785
SA2 MLP 1:0.7583012580871582
SA2 sampling and grouping 2:0.19784116744995117
SA2 MLP 2:0.6899282932281494
SA3 sampling and grouping 1:0.07226896286010742
SA3 MLP 1:0.6899034976959229
SA3 sampling and grouping 2:0.1225578784942627
SA3 MLP 2:0.14831829071044922
SA4 sampling and grouping:0.30864977836608887
SA4 MLP:0.31659746170043945
SA End:0.15827679634094238
Voting and Proposal time:0.650399923324585
Total inference time: 10.188409 
Start: 1675839826.6179645
Votenet data preprocessing time:0.03249335289001465
Pointpainted Votenet start:0.053800344467163086
Deeplab inference time:4.601346492767334
Pointpainting time:0.0694117546081543
SA1 sampling and grouping 1:0.3946192264556885
SA1 MLP 1:0.002057790756225586
SA1 sampling and grouping 2:2.216135263442993
SA1 MLP 2:0.0009047985076904297
SA2 sampling and grouping 1:0.13084077835083008
SA2 MLP 1:0.7790355682373047
SA2 sampling and grouping 2:0.23997759819030762
SA2 MLP 2:0.6659598350524902
SA3 sampling and grouping 1:0.07898950576782227
SA3 MLP 1:0.6886253356933594
SA3 sampling and grouping 2:0.1301126480102539
SA3 MLP 2:0.1444835662841797
SA4 sampling and grouping:0.31096625328063965
SA4 MLP:0.29731202125549316
SA End:0.13343596458435059
Voting and Proposal time:0.6650044918060303
Total inference time: 11.635513 
Start: 1675839894.0575945
Votenet data preprocessing time:0.053250789642333984
Pointpainted Votenet start:0.0384213924407959
Deeplab inference time:4.693819284439087
Pointpainting time:0.06301546096801758
SA1 sampling and grouping 1:0.5171077251434326
SA1 MLP 1:0.002115011215209961
SA1 sampling and grouping 2:1.6961798667907715
SA1 MLP 2:0.0011591911315917969
SA2 sampling and grouping 1:0.11386251449584961
SA2 MLP 1:0.761005163192749
SA2 sampling and grouping 2:0.22014331817626953
SA2 MLP 2:0.7018640041351318
SA3 sampling and grouping 1:0.08751082420349121
SA3 MLP 1:0.6668567657470703
SA3 sampling and grouping 2:0.1157217025756836
SA3 MLP 2:0.15732812881469727
SA4 sampling and grouping:0.30672335624694824
SA4 MLP:0.3343536853790283
SA End:0.12700247764587402
Voting and Proposal time:0.6456654071807861
Total inference time: 11.303106 
Start: 1675839966.5418043
Votenet data preprocessing time:0.029790163040161133
Pointpainted Votenet start:0.03879237174987793
Deeplab inference time:4.0010693073272705
Pointpainting time:0.05958080291748047
SA1 sampling and grouping 1:0.4507570266723633
SA1 MLP 1:0.0018339157104492188
SA1 sampling and grouping 2:2.0892510414123535
SA1 MLP 2:0.0008952617645263672
SA2 sampling and grouping 1:0.11068534851074219
SA2 MLP 1:0.7747147083282471
SA2 sampling and grouping 2:0.18858075141906738
SA2 MLP 2:0.6176996231079102
SA3 sampling and grouping 1:0.08383893966674805
SA3 MLP 1:0.6723461151123047
SA3 sampling and grouping 2:0.1216878890991211
SA3 MLP 2:0.15864944458007812
SA4 sampling and grouping:0.30843615531921387
SA4 MLP:0.2853989601135254
SA End:0.14627766609191895
Voting and Proposal time:0.6977744102478027
Total inference time: 10.838060 
Start: 1675840035.3161333
Votenet data preprocessing time:0.02670741081237793
Pointpainted Votenet start:0.03916454315185547
Deeplab inference time:3.98998761177063
Pointpainting time:0.05659747123718262
SA1 sampling and grouping 1:0.40331411361694336
SA1 MLP 1:0.0017101764678955078
SA1 sampling and grouping 2:2.070125102996826
SA1 MLP 2:0.0017728805541992188
SA2 sampling and grouping 1:0.12578654289245605
SA2 MLP 1:0.7530944347381592
SA2 sampling and grouping 2:0.21437978744506836
SA2 MLP 2:0.5853481292724609
SA3 sampling and grouping 1:0.08011913299560547
SA3 MLP 1:0.6804888248443604
SA3 sampling and grouping 2:0.11854672431945801
SA3 MLP 2:0.15970993041992188
SA4 sampling and grouping:0.3164033889770508
SA4 MLP:0.28218865394592285
SA End:0.12601494789123535
Voting and Proposal time:0.6475038528442383
Total inference time: 10.678964 
Start: 1675840099.5731487
Votenet data preprocessing time:0.013015985488891602
Pointpainted Votenet start:0.038770198822021484
Deeplab inference time:4.188992977142334
Pointpainting time:0.062216997146606445
SA1 sampling and grouping 1:0.5020086765289307
SA1 MLP 1:0.0018634796142578125
SA1 sampling and grouping 2:1.7557799816131592
SA1 MLP 2:0.0008130073547363281
SA2 sampling and grouping 1:0.16095256805419922
SA2 MLP 1:0.7650394439697266
SA2 sampling and grouping 2:0.1854093074798584
SA2 MLP 2:0.6139957904815674
SA3 sampling and grouping 1:0.08209419250488281
SA3 MLP 1:0.6753787994384766
SA3 sampling and grouping 2:0.1357731819152832
SA3 MLP 2:0.13953328132629395
SA4 sampling and grouping:0.3088870048522949
SA4 MLP:0.2792038917541504
SA End:0.13247323036193848
Voting and Proposal time:0.6187448501586914
Total inference time: 10.660947 
Start: 1675840169.3488102
Votenet data preprocessing time:0.02965068817138672
Pointpainted Votenet start:0.03952383995056152
Deeplab inference time:4.080053806304932
Pointpainting time:0.06459951400756836
SA1 sampling and grouping 1:0.46556782722473145
SA1 MLP 1:0.001748800277709961
SA1 sampling and grouping 2:1.7099006175994873
SA1 MLP 2:0.0010750293731689453
SA2 sampling and grouping 1:0.13297009468078613
SA2 MLP 1:0.7799506187438965
SA2 sampling and grouping 2:0.22072935104370117
SA2 MLP 2:0.6197199821472168
SA3 sampling and grouping 1:0.0803678035736084
SA3 MLP 1:0.679872989654541
SA3 sampling and grouping 2:0.11246681213378906
SA3 MLP 2:0.16460800170898438
SA4 sampling and grouping:0.30631351470947266
SA4 MLP:0.28644561767578125
SA End:0.1333014965057373
Voting and Proposal time:0.6843383312225342
Total inference time: 10.593205 
Start: 1675840232.1529849
Votenet data preprocessing time:0.021394968032836914
Pointpainted Votenet start:0.039090871810913086
Deeplab inference time:4.520754337310791
Pointpainting time:0.05874490737915039
SA1 sampling and grouping 1:0.43339109420776367
SA1 MLP 1:0.0019674301147460938
SA1 sampling and grouping 2:2.115565776824951
SA1 MLP 2:0.0019037723541259766
SA2 sampling and grouping 1:0.127457857131958
SA2 MLP 1:0.7468185424804688
SA2 sampling and grouping 2:0.22671294212341309
SA2 MLP 2:0.5841944217681885
SA3 sampling and grouping 1:0.07917022705078125
SA3 MLP 1:0.7233085632324219
SA3 sampling and grouping 2:0.13588714599609375
SA3 MLP 2:0.14193511009216309
SA4 sampling and grouping:0.308427095413208
SA4 MLP:0.3345184326171875
SA End:0.16079401969909668
Voting and Proposal time:0.641650915145874
Total inference time: 11.403688 
Start: 1675840295.9596846
Votenet data preprocessing time:0.020643234252929688
Pointpainted Votenet start:0.03960609436035156
Deeplab inference time:4.002748727798462
Pointpainting time:0.06656384468078613
SA1 sampling and grouping 1:0.40387821197509766
SA1 MLP 1:0.0019884109497070312
SA1 sampling and grouping 2:1.8359744548797607
SA1 MLP 2:0.0010061264038085938
SA2 sampling and grouping 1:0.12204813957214355
SA2 MLP 1:0.7460479736328125
SA2 sampling and grouping 2:0.22820448875427246
SA2 MLP 2:0.6076488494873047
SA3 sampling and grouping 1:0.08188438415527344
SA3 MLP 1:0.6799757480621338
SA3 sampling and grouping 2:0.11568880081176758
SA3 MLP 2:0.16140460968017578
SA4 sampling and grouping:0.3084428310394287
SA4 MLP:0.32451605796813965
SA End:0.1278538703918457
Voting and Proposal time:0.6384170055389404
Total inference time: 10.514542 
Start: 1675840356.135071
Votenet data preprocessing time:0.032518625259399414
Pointpainted Votenet start:0.03988933563232422
Deeplab inference time:3.9957215785980225
Pointpainting time:0.05879044532775879
SA1 sampling and grouping 1:0.32625579833984375
SA1 MLP 1:0.0015757083892822266
SA1 sampling and grouping 2:2.5030758380889893
SA1 MLP 2:0.0008120536804199219
SA2 sampling and grouping 1:0.11729812622070312
SA2 MLP 1:0.7543716430664062
SA2 sampling and grouping 2:0.2140498161315918
SA2 MLP 2:0.6782844066619873
SA3 sampling and grouping 1:0.15688562393188477
SA3 MLP 1:0.686028003692627
SA3 sampling and grouping 2:0.1424868106842041
SA3 MLP 2:0.132338285446167
SA4 sampling and grouping:0.30811643600463867
SA4 MLP:0.3542933464050293
SA End:0.1584303379058838
Voting and Proposal time:0.6252596378326416
Total inference time: 11.286482 
Start: 1675840419.1315932
Votenet data preprocessing time:0.030736207962036133
Pointpainted Votenet start:0.039975881576538086
Deeplab inference time:4.103056907653809
Pointpainting time:0.0724341869354248
SA1 sampling and grouping 1:0.49893784523010254
SA1 MLP 1:0.0021698474884033203
SA1 sampling and grouping 2:2.494098424911499
SA1 MLP 2:0.0008883476257324219
SA2 sampling and grouping 1:0.10861563682556152
SA2 MLP 1:0.7718081474304199
SA2 sampling and grouping 2:0.18931198120117188
SA2 MLP 2:0.7832188606262207
SA3 sampling and grouping 1:0.09747028350830078
SA3 MLP 1:0.6696932315826416
SA3 sampling and grouping 2:0.14158320426940918
SA3 MLP 2:0.13663458824157715
SA4 sampling and grouping:0.30698537826538086
SA4 MLP:0.3309624195098877
SA End:0.14047741889953613
Voting and Proposal time:0.6689467430114746
Total inference time: 11.588006 
Start: 1675840483.8528118
Votenet data preprocessing time:0.024044036865234375
Pointpainted Votenet start:0.04011225700378418
Deeplab inference time:3.9831111431121826
Pointpainting time:0.0717935562133789
SA1 sampling and grouping 1:0.4465363025665283
SA1 MLP 1:0.00173187255859375
SA1 sampling and grouping 2:3.0037214756011963
SA1 MLP 2:0.0015120506286621094
SA2 sampling and grouping 1:0.12639951705932617
SA2 MLP 1:0.7544610500335693
SA2 sampling and grouping 2:0.24396562576293945
SA2 MLP 2:0.6150541305541992
SA3 sampling and grouping 1:0.09309005737304688
SA3 MLP 1:0.6705574989318848
SA3 sampling and grouping 2:0.13871169090270996
SA3 MLP 2:0.13924121856689453
SA4 sampling and grouping:0.31638026237487793
SA4 MLP:0.37392473220825195
SA End:0.1470804214477539
Voting and Proposal time:0.6845345497131348
Total inference time: 11.875963 
Start: 1675840546.7036002
Votenet data preprocessing time:0.02054142951965332
Pointpainted Votenet start:0.039145708084106445
Deeplab inference time:4.007436990737915
Pointpainting time:0.058507680892944336
SA1 sampling and grouping 1:0.3110322952270508
SA1 MLP 1:0.0018525123596191406
SA1 sampling and grouping 2:2.1629695892333984
SA1 MLP 2:0.0007996559143066406
SA2 sampling and grouping 1:0.11393427848815918
SA2 MLP 1:0.7570672035217285
SA2 sampling and grouping 2:0.25474023818969727
SA2 MLP 2:0.6106910705566406
SA3 sampling and grouping 1:0.08582401275634766
SA3 MLP 1:0.679997444152832
SA3 sampling and grouping 2:0.13272881507873535
SA3 MLP 2:0.15364956855773926
SA4 sampling and grouping:0.3102290630340576
SA4 MLP:0.3593177795410156
SA End:0.14278817176818848
Voting and Proposal time:0.670424222946167
Total inference time: 10.873678 
Start: 1675840608.592799
Votenet data preprocessing time:0.011869668960571289
Pointpainted Votenet start:0.03907465934753418
Deeplab inference time:3.962987184524536
Pointpainting time:0.062238454818725586
SA1 sampling and grouping 1:0.38260960578918457
SA1 MLP 1:0.0014109611511230469
SA1 sampling and grouping 2:1.6473608016967773
SA1 MLP 2:0.0008351802825927734
SA2 sampling and grouping 1:0.16971993446350098
SA2 MLP 1:0.7764484882354736
SA2 sampling and grouping 2:0.2199387550354004
SA2 MLP 2:0.6290953159332275
SA3 sampling and grouping 1:0.09779071807861328
SA3 MLP 1:0.6526679992675781
SA3 sampling and grouping 2:0.12952280044555664
SA3 MLP 2:0.14164066314697266
SA4 sampling and grouping:0.3122735023498535
SA4 MLP:0.3387150764465332
SA End:0.14396953582763672
Voting and Proposal time:0.6577756404876709
Total inference time: 10.377945 
Start: 1675840668.4785764
Votenet data preprocessing time:0.025936126708984375
Pointpainted Votenet start:0.03926825523376465
Deeplab inference time:3.9427554607391357
Pointpainting time:0.05913257598876953
SA1 sampling and grouping 1:0.41281652450561523
SA1 MLP 1:0.0017542839050292969
SA1 sampling and grouping 2:1.5902421474456787
SA1 MLP 2:0.0009174346923828125
SA2 sampling and grouping 1:0.12204647064208984
SA2 MLP 1:0.7582831382751465
SA2 sampling and grouping 2:0.24017071723937988
SA2 MLP 2:0.6573574542999268
SA3 sampling and grouping 1:0.0735480785369873
SA3 MLP 1:0.7483038902282715
SA3 sampling and grouping 2:0.12315034866333008
SA3 MLP 2:0.16580486297607422
SA4 sampling and grouping:0.3126554489135742
SA4 MLP:0.3332369327545166
SA End:0.17190980911254883
Voting and Proposal time:0.6504614353179932
Total inference time: 10.429751 
Start: 1675840726.2629173
Votenet data preprocessing time:0.02071404457092285
Pointpainted Votenet start:0.038828134536743164
Deeplab inference time:3.943540334701538
Pointpainting time:0.06498861312866211
SA1 sampling and grouping 1:0.476428747177124
SA1 MLP 1:0.0017778873443603516
SA1 sampling and grouping 2:1.6589043140411377
SA1 MLP 2:0.0009620189666748047
SA2 sampling and grouping 1:0.1397418975830078
SA2 MLP 1:0.7730212211608887
SA2 sampling and grouping 2:0.20573687553405762
SA2 MLP 2:0.5995457172393799
SA3 sampling and grouping 1:0.1084892749786377
SA3 MLP 1:0.700742244720459
SA3 sampling and grouping 2:0.13722467422485352
SA3 MLP 2:0.14720511436462402
SA4 sampling and grouping:0.31092071533203125
SA4 MLP:0.29088711738586426
SA End:0.12575721740722656
Voting and Proposal time:0.6519169807434082
Total inference time: 10.397333 
Start: 1675840784.2763414
Votenet data preprocessing time:0.019621849060058594
Pointpainted Votenet start:0.039285898208618164
Deeplab inference time:3.9466683864593506
Pointpainting time:0.06598114967346191
SA1 sampling and grouping 1:0.45177674293518066
SA1 MLP 1:0.0019109249114990234
SA1 sampling and grouping 2:1.6752729415893555
SA1 MLP 2:0.0009086132049560547
SA2 sampling and grouping 1:0.17136311531066895
SA2 MLP 1:0.7767033576965332
SA2 sampling and grouping 2:0.2667806148529053
SA2 MLP 2:0.6192643642425537
SA3 sampling and grouping 1:0.08024048805236816
SA3 MLP 1:0.7204427719116211
SA3 sampling and grouping 2:0.11776113510131836
SA3 MLP 2:0.1562333106994629
SA4 sampling and grouping:0.30977392196655273
SA4 MLP:0.3383772373199463
SA End:0.1323530673980713
Voting and Proposal time:0.648629903793335
Total inference time: 10.539350 
Start: 1675840845.758007
Votenet data preprocessing time:0.01239466667175293
Pointpainted Votenet start:0.039344072341918945
Deeplab inference time:4.063601732254028
Pointpainting time:0.06678318977355957
SA1 sampling and grouping 1:0.444535493850708
SA1 MLP 1:0.0019338130950927734
SA1 sampling and grouping 2:2.210986852645874
SA1 MLP 2:0.0009670257568359375
SA2 sampling and grouping 1:0.11908888816833496
SA2 MLP 1:0.762291431427002
SA2 sampling and grouping 2:0.19376754760742188
SA2 MLP 2:0.6338672637939453
SA3 sampling and grouping 1:0.07993578910827637
SA3 MLP 1:0.7038686275482178
SA3 sampling and grouping 2:0.12988495826721191
SA3 MLP 2:0.1474316120147705
SA4 sampling and grouping:0.30598974227905273
SA4 MLP:0.33042311668395996
SA End:0.14942336082458496
Voting and Proposal time:0.6309583187103271
Total inference time: 11.027478 
Start: 1675840904.9001617
Votenet data preprocessing time:0.016031503677368164
Pointpainted Votenet start:0.03879857063293457
Deeplab inference time:3.94838285446167
Pointpainting time:0.060980796813964844
SA1 sampling and grouping 1:0.3146340847015381
SA1 MLP 1:0.0016217231750488281
SA1 sampling and grouping 2:1.472339391708374
SA1 MLP 2:0.00914907455444336
SA2 sampling and grouping 1:0.11303138732910156
SA2 MLP 1:0.7718791961669922
SA2 sampling and grouping 2:0.18297529220581055
SA2 MLP 2:0.7056183815002441
SA3 sampling and grouping 1:0.06864023208618164
SA3 MLP 1:0.7035121917724609
SA3 sampling and grouping 2:0.10895752906799316
SA3 MLP 2:0.16347742080688477
SA4 sampling and grouping:0.3058648109436035
SA4 MLP:0.3893699645996094
SA End:0.13555479049682617
Voting and Proposal time:0.6898152828216553
Total inference time: 10.200634 
Start: 1675840959.0486264
Votenet data preprocessing time:0.012804985046386719
Pointpainted Votenet start:0.03905677795410156
Deeplab inference time:3.843369245529175
Pointpainting time:0.07630491256713867
SA1 sampling and grouping 1:0.3552255630493164
SA1 MLP 1:0.0019183158874511719
SA1 sampling and grouping 2:1.7065355777740479
SA1 MLP 2:0.0008616447448730469
SA2 sampling and grouping 1:0.11980915069580078
SA2 MLP 1:0.7537782192230225
SA2 sampling and grouping 2:0.22142529487609863
SA2 MLP 2:0.6083230972290039
SA3 sampling and grouping 1:0.19973254203796387
SA3 MLP 1:0.786637544631958
SA3 sampling and grouping 2:0.11311078071594238
SA3 MLP 2:0.16254806518554688
SA4 sampling and grouping:0.3063051700592041
SA4 MLP:0.3849761486053467
SA End:0.12609124183654785
Voting and Proposal time:0.6090419292449951
Total inference time: 10.427856 
