Start: 1652613946.7111204
Votenet data preprocessing time:0.014054059982299805
Deeplab inference time:3.8429629802703857
Pointpainting time:0.3171987533569336
Pointpainted Votenet start:0.13934969902038574
SA1 sampling and grouping 1:0.5332608222961426
SA1 MLP 1:0.8280553817749023
SA1 sampling and grouping 2:0.01323556900024414
SA1 MLP 2:0.867509126663208
SA2 sampling and grouping 1:0.02877950668334961
SA2 MLP 1:0.24550724029541016
SA2 sampling and grouping 2:0.07114148139953613
SA2 MLP 2:0.22839641571044922
SA3 sampling and grouping 1:0.01979541778564453
SA3 MLP 1:0.09980177879333496
SA3 sampling and grouping 2:0.05844235420227051
SA3 MLP 2:0.10317373275756836
SA4 sampling and grouping 1:0.017385482788085938
SA4 MLP 1:0.04906797409057617
SA4 sampling and grouping 2:0.05278825759887695
SA4 MLP 2:0.04703998565673828
SA End:0.4593026638031006
Voting and Proposal time:0.5057351589202881
Total inference time: 8.541984 
Start: 1652614009.439023
Votenet data preprocessing time:0.014318704605102539
Deeplab inference time:2.912815570831299
Pointpainting time:0.2856154441833496
Pointpainted Votenet start:0.10045623779296875
SA1 sampling and grouping 1:0.24361515045166016
SA1 MLP 1:0.7603979110717773
SA1 sampling and grouping 2:0.013124227523803711
SA1 MLP 2:0.9052262306213379
SA2 sampling and grouping 1:0.036063194274902344
SA2 MLP 1:0.26758241653442383
SA2 sampling and grouping 2:0.060996055603027344
SA2 MLP 2:0.22493743896484375
SA3 sampling and grouping 1:0.02371692657470703
SA3 MLP 1:0.111175537109375
SA3 sampling and grouping 2:0.06000351905822754
SA3 MLP 2:0.10825181007385254
SA4 sampling and grouping 1:0.019418716430664062
SA4 MLP 1:0.05204916000366211
SA4 sampling and grouping 2:0.05636453628540039
SA4 MLP 2:0.04662513732910156
SA End:0.3167438507080078
Voting and Proposal time:0.3314094543457031
Total inference time: 6.950907 
Start: 1652614061.8106027
Votenet data preprocessing time:0.016853809356689453
Deeplab inference time:2.780871629714966
Pointpainting time:0.3062107563018799
Pointpainted Votenet start:0.0868985652923584
SA1 sampling and grouping 1:0.2831153869628906
SA1 MLP 1:0.8537588119506836
SA1 sampling and grouping 2:0.014262676239013672
SA1 MLP 2:0.8503570556640625
SA2 sampling and grouping 1:0.029915571212768555
SA2 MLP 1:0.29498982429504395
SA2 sampling and grouping 2:0.06796693801879883
SA2 MLP 2:0.3608369827270508
SA3 sampling and grouping 1:0.020247697830200195
SA3 MLP 1:0.1009666919708252
SA3 sampling and grouping 2:0.05842137336730957
SA3 MLP 2:0.13584327697753906
SA4 sampling and grouping 1:0.019814491271972656
SA4 MLP 1:0.04813528060913086
SA4 sampling and grouping 2:0.054894447326660156
SA4 MLP 2:0.045648813247680664
SA End:0.3426511287689209
Voting and Proposal time:0.3997769355773926
Total inference time: 7.172438 
Start: 1652614111.337821
Votenet data preprocessing time:0.013657093048095703
Deeplab inference time:4.028817653656006
Pointpainting time:0.45950818061828613
Pointpainted Votenet start:0.10726118087768555
SA1 sampling and grouping 1:0.3095133304595947
SA1 MLP 1:0.7600665092468262
SA1 sampling and grouping 2:0.016446828842163086
SA1 MLP 2:0.8208146095275879
SA2 sampling and grouping 1:0.02960968017578125
SA2 MLP 1:0.3166227340698242
SA2 sampling and grouping 2:0.06537318229675293
SA2 MLP 2:0.44600629806518555
SA3 sampling and grouping 1:0.021020889282226562
SA3 MLP 1:0.1019747257232666
SA3 sampling and grouping 2:0.06246757507324219
SA3 MLP 2:0.10479855537414551
SA4 sampling and grouping 1:0.01886582374572754
SA4 MLP 1:0.05356097221374512
SA4 sampling and grouping 2:0.05784273147583008
SA4 MLP 2:0.04639577865600586
SA End:0.40410614013671875
Voting and Proposal time:0.36496520042419434
Total inference time: 8.609696 
Start: 1652614158.6434627
Votenet data preprocessing time:0.013712882995605469
Deeplab inference time:3.18930721282959
Pointpainting time:0.35506772994995117
Pointpainted Votenet start:0.09752249717712402
SA1 sampling and grouping 1:0.24136614799499512
SA1 MLP 1:0.8121120929718018
SA1 sampling and grouping 2:0.013252735137939453
SA1 MLP 2:0.8176448345184326
SA2 sampling and grouping 1:0.029695749282836914
SA2 MLP 1:0.2304375171661377
SA2 sampling and grouping 2:0.06506562232971191
SA2 MLP 2:0.24061107635498047
SA3 sampling and grouping 1:0.01769256591796875
SA3 MLP 1:0.0962989330291748
SA3 sampling and grouping 2:0.05801987648010254
SA3 MLP 2:0.09924626350402832
SA4 sampling and grouping 1:0.018639087677001953
SA4 MLP 1:0.052181243896484375
SA4 sampling and grouping 2:0.05863523483276367
SA4 MLP 2:0.049480438232421875
SA End:0.3150959014892578
Voting and Proposal time:0.3262827396392822
Total inference time: 7.197368 
Start: 1652614205.4595215
Votenet data preprocessing time:0.01438760757446289
Deeplab inference time:3.515174150466919
Pointpainting time:0.3602168560028076
Pointpainted Votenet start:0.08964276313781738
SA1 sampling and grouping 1:0.24692869186401367
SA1 MLP 1:0.752159833908081
SA1 sampling and grouping 2:0.014179706573486328
SA1 MLP 2:0.8274574279785156
SA2 sampling and grouping 1:0.02896857261657715
SA2 MLP 1:0.2726140022277832
SA2 sampling and grouping 2:0.0657813549041748
SA2 MLP 2:0.2759082317352295
SA3 sampling and grouping 1:0.01981949806213379
SA3 MLP 1:0.10693860054016113
SA3 sampling and grouping 2:0.06318235397338867
SA3 MLP 2:0.10064315795898438
SA4 sampling and grouping 1:0.017598628997802734
SA4 MLP 1:0.05045008659362793
SA4 sampling and grouping 2:0.058450937271118164
SA4 MLP 2:0.04833173751831055
SA End:0.4590721130371094
Voting and Proposal time:0.47747159004211426
Total inference time: 7.865378 
Start: 1652614256.4575171
Votenet data preprocessing time:0.013216733932495117
Deeplab inference time:4.042516708374023
Pointpainting time:0.3654906749725342
Pointpainted Votenet start:0.09828567504882812
SA1 sampling and grouping 1:0.2711474895477295
SA1 MLP 1:0.8175961971282959
SA1 sampling and grouping 2:0.012857437133789062
SA1 MLP 2:0.8144299983978271
SA2 sampling and grouping 1:0.027980566024780273
SA2 MLP 1:0.3941361904144287
SA2 sampling and grouping 2:0.0679481029510498
SA2 MLP 2:0.35794734954833984
SA3 sampling and grouping 1:0.02464437484741211
SA3 MLP 1:0.10828518867492676
SA3 sampling and grouping 2:0.06043887138366699
SA3 MLP 2:0.1986675262451172
SA4 sampling and grouping 1:0.019277334213256836
SA4 MLP 1:0.049231529235839844
SA4 sampling and grouping 2:0.05635476112365723
SA4 MLP 2:0.04906630516052246
SA End:0.31658339500427246
Voting and Proposal time:0.33066582679748535
Total inference time: 8.496768 
Start: 1652614309.0463107
Votenet data preprocessing time:0.013158082962036133
Deeplab inference time:2.8820438385009766
Pointpainting time:0.4236011505126953
Pointpainted Votenet start:0.1350243091583252
SA1 sampling and grouping 1:0.2566347122192383
SA1 MLP 1:0.8490149974822998
SA1 sampling and grouping 2:0.013005495071411133
SA1 MLP 2:0.8043289184570312
SA2 sampling and grouping 1:0.03518986701965332
SA2 MLP 1:0.19869422912597656
SA2 sampling and grouping 2:0.0717155933380127
SA2 MLP 2:0.44271135330200195
SA3 sampling and grouping 1:0.023754358291625977
SA3 MLP 1:0.10912322998046875
SA3 sampling and grouping 2:0.0621950626373291
SA3 MLP 2:0.10010910034179688
SA4 sampling and grouping 1:0.016266822814941406
SA4 MLP 1:0.04865384101867676
SA4 sampling and grouping 2:0.055405378341674805
SA4 MLP 2:0.04464888572692871
SA End:0.32006287574768066
Voting and Proposal time:0.3354823589324951
Total inference time: 7.240824 
Start: 1652614355.6616688
Votenet data preprocessing time:0.013060331344604492
Deeplab inference time:1.9820959568023682
Pointpainting time:0.5169808864593506
Pointpainted Votenet start:0.13607287406921387
SA1 sampling and grouping 1:0.24715137481689453
SA1 MLP 1:0.7210581302642822
SA1 sampling and grouping 2:0.01397085189819336
SA1 MLP 2:0.8254377841949463
SA2 sampling and grouping 1:0.03543496131896973
SA2 MLP 1:0.20319151878356934
SA2 sampling and grouping 2:0.0717020034790039
SA2 MLP 2:0.20325255393981934
SA3 sampling and grouping 1:0.020495891571044922
SA3 MLP 1:0.0975182056427002
SA3 sampling and grouping 2:0.058460235595703125
SA3 MLP 2:0.10441279411315918
SA4 sampling and grouping 1:0.018819093704223633
SA4 MLP 1:0.048216819763183594
SA4 sampling and grouping 2:0.05477166175842285
SA4 MLP 2:0.047743797302246094
SA End:0.41071152687072754
Voting and Proposal time:0.3780496120452881
Total inference time: 6.208609 
Start: 1652614400.4367468
Votenet data preprocessing time:0.013365745544433594
Deeplab inference time:1.9926643371582031
Pointpainting time:0.47407984733581543
Pointpainted Votenet start:0.12125420570373535
SA1 sampling and grouping 1:0.3256263732910156
SA1 MLP 1:0.7600400447845459
SA1 sampling and grouping 2:0.014118194580078125
SA1 MLP 2:0.843059778213501
SA2 sampling and grouping 1:0.0318455696105957
SA2 MLP 1:0.20605039596557617
SA2 sampling and grouping 2:0.06470727920532227
SA2 MLP 2:0.27228498458862305
SA3 sampling and grouping 1:0.0194549560546875
SA3 MLP 1:0.10576462745666504
SA3 sampling and grouping 2:0.06877803802490234
SA3 MLP 2:0.10097813606262207
SA4 sampling and grouping 1:0.018716812133789062
SA4 MLP 1:0.050588130950927734
SA4 sampling and grouping 2:0.05594921112060547
SA4 MLP 2:0.0478663444519043
SA End:0.3150010108947754
Voting and Proposal time:0.33995938301086426
Total inference time: 6.242153 
Start: 1652614444.3162239
Votenet data preprocessing time:0.013562679290771484
Deeplab inference time:2.3306760787963867
Pointpainting time:0.3112344741821289
Pointpainted Votenet start:0.09960365295410156
SA1 sampling and grouping 1:0.24152445793151855
SA1 MLP 1:0.804898738861084
SA1 sampling and grouping 2:0.012948751449584961
SA1 MLP 2:0.8971107006072998
SA2 sampling and grouping 1:0.03128552436828613
SA2 MLP 1:0.3468027114868164
SA2 sampling and grouping 2:0.0671694278717041
SA2 MLP 2:0.2681431770324707
SA3 sampling and grouping 1:0.020749568939208984
SA3 MLP 1:0.10129332542419434
SA3 sampling and grouping 2:0.06432151794433594
SA3 MLP 2:0.10483336448669434
SA4 sampling and grouping 1:0.020766496658325195
SA4 MLP 1:0.05606698989868164
SA4 sampling and grouping 2:0.05673384666442871
SA4 MLP 2:0.049662113189697266
SA End:0.3484675884246826
Voting and Proposal time:0.3945472240447998
Total inference time: 6.642402 
Start: 1652614490.2020211
Votenet data preprocessing time:0.013482332229614258
Deeplab inference time:3.2580580711364746
Pointpainting time:0.4055140018463135
Pointpainted Votenet start:0.0882413387298584
SA1 sampling and grouping 1:0.27402257919311523
SA1 MLP 1:0.7525370121002197
SA1 sampling and grouping 2:0.013741254806518555
SA1 MLP 2:0.8253562450408936
SA2 sampling and grouping 1:0.029985666275024414
SA2 MLP 1:0.20420145988464355
SA2 sampling and grouping 2:0.06435108184814453
SA2 MLP 2:0.20672178268432617
SA3 sampling and grouping 1:0.020579099655151367
SA3 MLP 1:0.10596704483032227
SA3 sampling and grouping 2:0.059957027435302734
SA3 MLP 2:0.1056065559387207
SA4 sampling and grouping 1:0.01708841323852539
SA4 MLP 1:0.05190706253051758
SA4 sampling and grouping 2:0.0593416690826416
SA4 MLP 2:0.04771590232849121
SA End:0.3199889659881592
Voting and Proposal time:0.31892871856689453
Total inference time: 7.243293 
Start: 1652614536.0569153
Votenet data preprocessing time:0.01334238052368164
Deeplab inference time:2.826526641845703
Pointpainting time:0.36863040924072266
Pointpainted Votenet start:0.13741064071655273
SA1 sampling and grouping 1:0.24201631546020508
SA1 MLP 1:0.799670934677124
SA1 sampling and grouping 2:0.012897968292236328
SA1 MLP 2:0.8423264026641846
SA2 sampling and grouping 1:0.03293323516845703
SA2 MLP 1:0.2695958614349365
SA2 sampling and grouping 2:0.0684804916381836
SA2 MLP 2:0.2562546730041504
SA3 sampling and grouping 1:0.019373655319213867
SA3 MLP 1:0.10945725440979004
SA3 sampling and grouping 2:0.060303688049316406
SA3 MLP 2:0.10287022590637207
SA4 sampling and grouping 1:0.019037246704101562
SA4 MLP 1:0.04956173896789551
SA4 sampling and grouping 2:0.056523799896240234
SA4 MLP 2:0.048017024993896484
SA End:0.3141469955444336
Voting and Proposal time:0.32739734649658203
Total inference time: 6.976775 
Start: 1652614581.6413324
Votenet data preprocessing time:0.013155460357666016
Deeplab inference time:3.5011534690856934
Pointpainting time:0.31612133979797363
Pointpainted Votenet start:0.10979032516479492
SA1 sampling and grouping 1:0.2707843780517578
SA1 MLP 1:0.8214092254638672
SA1 sampling and grouping 2:0.013521194458007812
SA1 MLP 2:0.8370048999786377
SA2 sampling and grouping 1:0.02817988395690918
SA2 MLP 1:0.29697132110595703
SA2 sampling and grouping 2:0.06904482841491699
SA2 MLP 2:0.29001450538635254
SA3 sampling and grouping 1:0.019570112228393555
SA3 MLP 1:0.10259246826171875
SA3 sampling and grouping 2:0.06563782691955566
SA3 MLP 2:0.09771847724914551
SA4 sampling and grouping 1:0.01752758026123047
SA4 MLP 1:0.05394244194030762
SA4 sampling and grouping 2:0.05722784996032715
SA4 MLP 2:0.04713916778564453
SA End:0.3185849189758301
Voting and Proposal time:0.3349497318267822
Total inference time: 7.682041 
Start: 1652614627.1260846
Votenet data preprocessing time:0.013375520706176758
Deeplab inference time:4.664181232452393
Pointpainting time:0.45693135261535645
Pointpainted Votenet start:0.09059786796569824
SA1 sampling and grouping 1:0.2749056816101074
SA1 MLP 1:0.7472279071807861
SA1 sampling and grouping 2:0.013016223907470703
SA1 MLP 2:0.9045281410217285
SA2 sampling and grouping 1:0.03148198127746582
SA2 MLP 1:0.42087221145629883
SA2 sampling and grouping 2:0.07186007499694824
SA2 MLP 2:0.4952516555786133
SA3 sampling and grouping 1:0.019573211669921875
SA3 MLP 1:0.11059999465942383
SA3 sampling and grouping 2:0.06989717483520508
SA3 MLP 2:0.20162177085876465
SA4 sampling and grouping 1:0.019054174423217773
SA4 MLP 1:0.053277015686035156
SA4 sampling and grouping 2:0.059812068939208984
SA4 MLP 2:0.04878354072570801
SA End:0.3969101905822754
Voting and Proposal time:0.5062916278839111
Total inference time: 9.670051 
Start: 1652614682.0815547
Votenet data preprocessing time:0.013228416442871094
Deeplab inference time:3.0304925441741943
Pointpainting time:0.40633058547973633
Pointpainted Votenet start:0.08753848075866699
SA1 sampling and grouping 1:0.2511017322540283
SA1 MLP 1:0.7372944355010986
SA1 sampling and grouping 2:0.01423501968383789
SA1 MLP 2:0.8359806537628174
SA2 sampling and grouping 1:0.032787322998046875
SA2 MLP 1:0.23589324951171875
SA2 sampling and grouping 2:0.07109832763671875
SA2 MLP 2:0.3083226680755615
SA3 sampling and grouping 1:0.027547836303710938
SA3 MLP 1:0.11026310920715332
SA3 sampling and grouping 2:0.060991525650024414
SA3 MLP 2:0.10860109329223633
SA4 sampling and grouping 1:0.022938966751098633
SA4 MLP 1:0.05604696273803711
SA4 sampling and grouping 2:0.05535244941711426
SA4 MLP 2:0.04572486877441406
SA End:0.3148012161254883
Voting and Proposal time:0.35103774070739746
Total inference time: 7.177609 
Start: 1652614727.4222329
Votenet data preprocessing time:0.013521194458007812
Deeplab inference time:2.869684934616089
Pointpainting time:0.25635457038879395
Pointpainted Votenet start:0.09834861755371094
SA1 sampling and grouping 1:0.2549777030944824
SA1 MLP 1:0.8134524822235107
SA1 sampling and grouping 2:0.013145208358764648
SA1 MLP 2:0.8300659656524658
SA2 sampling and grouping 1:0.031190872192382812
SA2 MLP 1:0.23342084884643555
SA2 sampling and grouping 2:0.0758979320526123
SA2 MLP 2:0.21813416481018066
SA3 sampling and grouping 1:0.020193099975585938
SA3 MLP 1:0.10767292976379395
SA3 sampling and grouping 2:0.06256103515625
SA3 MLP 2:0.10887598991394043
SA4 sampling and grouping 1:0.02024984359741211
SA4 MLP 1:0.048850297927856445
SA4 sampling and grouping 2:0.05633044242858887
SA4 MLP 2:0.04657888412475586
SA End:0.31543445587158203
Voting and Proposal time:0.351809024810791
Total inference time: 6.846750 
Start: 1652614772.220781
Votenet data preprocessing time:0.012906789779663086
Deeplab inference time:3.320943593978882
Pointpainting time:0.2606956958770752
Pointpainted Votenet start:0.08723211288452148
SA1 sampling and grouping 1:0.24370789527893066
SA1 MLP 1:0.754270076751709
SA1 sampling and grouping 2:0.013703107833862305
SA1 MLP 2:0.8054757118225098
SA2 sampling and grouping 1:0.03311276435852051
SA2 MLP 1:0.20981979370117188
SA2 sampling and grouping 2:0.07710647583007812
SA2 MLP 2:0.2646629810333252
SA3 sampling and grouping 1:0.02226996421813965
SA3 MLP 1:0.10895800590515137
SA3 sampling and grouping 2:0.06059551239013672
SA3 MLP 2:0.10305166244506836
SA4 sampling and grouping 1:0.0195467472076416
SA4 MLP 1:0.049590110778808594
SA4 sampling and grouping 2:0.05580711364746094
SA4 MLP 2:0.04545426368713379
SA End:0.3219881057739258
Voting and Proposal time:0.3270230293273926
Total inference time: 7.197922 
Start: 1652614817.0874166
Votenet data preprocessing time:0.013513803482055664
Deeplab inference time:2.9968557357788086
Pointpainting time:0.34037160873413086
Pointpainted Votenet start:0.09887003898620605
SA1 sampling and grouping 1:0.2352430820465088
SA1 MLP 1:0.8033065795898438
SA1 sampling and grouping 2:0.012962818145751953
SA1 MLP 2:0.8075761795043945
SA2 sampling and grouping 1:0.029014110565185547
SA2 MLP 1:0.20609760284423828
SA2 sampling and grouping 2:0.0702981948852539
SA2 MLP 2:0.218658447265625
SA3 sampling and grouping 1:0.021957874298095703
SA3 MLP 1:0.10474944114685059
SA3 sampling and grouping 2:0.05881476402282715
SA3 MLP 2:0.10074400901794434
SA4 sampling and grouping 1:0.018926620483398438
SA4 MLP 1:0.05128312110900879
SA4 sampling and grouping 2:0.05694150924682617
SA4 MLP 2:0.055779218673706055
SA End:0.32016921043395996
Voting and Proposal time:0.3333730697631836
Total inference time: 6.955507 
Start: 1652614862.2416139
Votenet data preprocessing time:0.014013051986694336
Deeplab inference time:5.550093173980713
Pointpainting time:0.2675819396972656
Pointpainted Votenet start:0.08759474754333496
SA1 sampling and grouping 1:0.24261212348937988
SA1 MLP 1:0.7486093044281006
SA1 sampling and grouping 2:0.013271808624267578
SA1 MLP 2:0.8112199306488037
SA2 sampling and grouping 1:0.02994060516357422
SA2 MLP 1:0.2292640209197998
SA2 sampling and grouping 2:0.06864476203918457
SA2 MLP 2:0.6628739833831787
SA3 sampling and grouping 1:0.022101640701293945
SA3 MLP 1:0.11257314682006836
SA3 sampling and grouping 2:0.0690467357635498
SA3 MLP 2:0.274960994720459
SA4 sampling and grouping 1:0.02249431610107422
SA4 MLP 1:0.05019783973693848
SA4 sampling and grouping 2:0.05454659461975098
SA4 MLP 2:0.045702457427978516
SA End:0.31833577156066895
Voting and Proposal time:0.34805798530578613
Total inference time: 10.043737 
