Start: 1652609897.1476054
Votenet data preprocessing time:0.030573368072509766
Deeplab inference time:28.49552822113037
Pointpainting time:0.06822395324707031
SA Start:0.04178905487060547
SA1 sampling and grouping 1:0.09647417068481445
SA1 MLP 1:0.36164426803588867
SA1 sampling and grouping 2:0.009701251983642578
SA1 MLP 2:0.04860687255859375
SA2 sampling and grouping 1:0.18691062927246094
SA2 MLP 1:0.37065649032592773
SA2 sampling and grouping 2:0.04297041893005371
SA2 MLP 2:0.04800081253051758
SA3 sampling and grouping 1:0.0438227653503418
SA3 MLP 1:0.32903337478637695
SA3 sampling and grouping 2:0.046863555908203125
SA3 MLP 2:0.05158257484436035
SA4 sampling and grouping 1:0.011922121047973633
SA4 MLP 1:0.33081603050231934
SA4 sampling and grouping 2:0.0451350212097168
SA4 MLP 2:0.0512080192565918
SA End:1.2307288646697998
Voting and Proposal time:1.2233788967132568
Total inference time: 33.165571 
Start: 1652609958.1888697
Votenet data preprocessing time:0.03060746192932129
Deeplab inference time:28.271181344985962
Pointpainting time:0.0715482234954834
SA Start:0.04300832748413086
SA1 sampling and grouping 1:0.09465336799621582
SA1 MLP 1:0.3745100498199463
SA1 sampling and grouping 2:0.00992727279663086
SA1 MLP 2:0.049810171127319336
SA2 sampling and grouping 1:0.1856844425201416
SA2 MLP 1:0.3757188320159912
SA2 sampling and grouping 2:0.04291701316833496
SA2 MLP 2:0.04816126823425293
SA3 sampling and grouping 1:0.044046640396118164
SA3 MLP 1:0.38269519805908203
SA3 sampling and grouping 2:0.04690289497375488
SA3 MLP 2:0.052272796630859375
SA4 sampling and grouping 1:0.010852813720703125
SA4 MLP 1:0.3487284183502197
SA4 sampling and grouping 2:0.04543018341064453
SA4 MLP 2:0.04853701591491699
SA End:1.1621131896972656
Voting and Proposal time:1.2676994800567627
Total inference time: 33.007006 
Start: 1652610018.931583
Votenet data preprocessing time:0.030309200286865234
Deeplab inference time:28.26028800010681
Pointpainting time:0.06932377815246582
SA Start:0.04271221160888672
SA1 sampling and grouping 1:0.09537005424499512
SA1 MLP 1:0.3550903797149658
SA1 sampling and grouping 2:0.009839534759521484
SA1 MLP 2:0.04852724075317383
SA2 sampling and grouping 1:0.1867525577545166
SA2 MLP 1:0.33722591400146484
SA2 sampling and grouping 2:0.043076515197753906
SA2 MLP 2:0.04750871658325195
SA3 sampling and grouping 1:0.044156551361083984
SA3 MLP 1:0.3112220764160156
SA3 sampling and grouping 2:0.04562211036682129
SA3 MLP 2:0.05147242546081543
SA4 sampling and grouping 1:0.010939359664916992
SA4 MLP 1:0.30878329277038574
SA4 sampling and grouping 2:0.044721364974975586
SA4 MLP 2:0.049989938735961914
SA End:1.1911840438842773
Voting and Proposal time:1.163879156112671
Total inference time: 32.747994 
Start: 1652610079.3613918
Votenet data preprocessing time:0.030652523040771484
Deeplab inference time:28.515395402908325
Pointpainting time:0.06389427185058594
SA Start:0.04343223571777344
SA1 sampling and grouping 1:0.09423089027404785
SA1 MLP 1:0.361769437789917
SA1 sampling and grouping 2:0.010416984558105469
SA1 MLP 2:0.05073714256286621
SA2 sampling and grouping 1:0.1855165958404541
SA2 MLP 1:0.34392881393432617
SA2 sampling and grouping 2:0.04308485984802246
SA2 MLP 2:0.04833340644836426
SA3 sampling and grouping 1:0.04327702522277832
SA3 MLP 1:0.333834171295166
SA3 sampling and grouping 2:0.046975135803222656
SA3 MLP 2:0.05522036552429199
SA4 sampling and grouping 1:0.011520147323608398
SA4 MLP 1:0.3409411907196045
SA4 sampling and grouping 2:0.04425954818725586
SA4 MLP 2:0.049588680267333984
SA End:1.1500601768493652
Voting and Proposal time:1.2382266521453857
Total inference time: 33.105296 
Start: 1652610140.2718012
Votenet data preprocessing time:0.030760765075683594
Deeplab inference time:28.047257661819458
Pointpainting time:0.06398439407348633
SA Start:0.04462242126464844
SA1 sampling and grouping 1:0.09438920021057129
SA1 MLP 1:0.35926198959350586
SA1 sampling and grouping 2:0.009892463684082031
SA1 MLP 2:0.04948139190673828
SA2 sampling and grouping 1:0.1860506534576416
SA2 MLP 1:0.34328508377075195
SA2 sampling and grouping 2:0.043349504470825195
SA2 MLP 2:0.04779958724975586
SA3 sampling and grouping 1:0.04397392272949219
SA3 MLP 1:0.33272624015808105
SA3 sampling and grouping 2:0.0464787483215332
SA3 MLP 2:0.051963090896606445
SA4 sampling and grouping 1:0.010936260223388672
SA4 MLP 1:0.3268544673919678
SA4 sampling and grouping 2:0.044637441635131836
SA4 MLP 2:0.04982161521911621
SA End:1.1664323806762695
Voting and Proposal time:1.1806697845458984
Total inference time: 32.574629 
Start: 1652610200.4944596
Votenet data preprocessing time:0.03107476234436035
Deeplab inference time:28.461976289749146
Pointpainting time:0.06265616416931152
SA Start:0.04248929023742676
SA1 sampling and grouping 1:0.09516549110412598
SA1 MLP 1:0.35412073135375977
SA1 sampling and grouping 2:0.00999307632446289
SA1 MLP 2:0.049631595611572266
SA2 sampling and grouping 1:0.18477869033813477
SA2 MLP 1:0.3310277462005615
SA2 sampling and grouping 2:0.042780399322509766
SA2 MLP 2:0.04762148857116699
SA3 sampling and grouping 1:0.04345417022705078
SA3 MLP 1:0.3511972427368164
SA3 sampling and grouping 2:0.04644894599914551
SA3 MLP 2:0.0530393123626709
SA4 sampling and grouping 1:0.011153221130371094
SA4 MLP 1:0.3375561237335205
SA4 sampling and grouping 2:0.04445219039916992
SA4 MLP 2:0.049277305603027344
SA End:1.1732101440429688
Voting and Proposal time:1.195518970489502
Total inference time: 33.018623 
Start: 1652610261.302324
Votenet data preprocessing time:0.030364036560058594
Deeplab inference time:28.269393920898438
Pointpainting time:0.06413984298706055
SA Start:0.04357004165649414
SA1 sampling and grouping 1:0.10030293464660645
SA1 MLP 1:0.3462185859680176
SA1 sampling and grouping 2:0.009665966033935547
SA1 MLP 2:0.048390865325927734
SA2 sampling and grouping 1:0.18768811225891113
SA2 MLP 1:0.32012438774108887
SA2 sampling and grouping 2:0.04310488700866699
SA2 MLP 2:0.047626495361328125
SA3 sampling and grouping 1:0.04368400573730469
SA3 MLP 1:0.3077847957611084
SA3 sampling and grouping 2:0.04557633399963379
SA3 MLP 2:0.05029177665710449
SA4 sampling and grouping 1:0.01078653335571289
SA4 MLP 1:0.3004472255706787
SA4 sampling and grouping 2:0.044036149978637695
SA4 MLP 2:0.04978203773498535
SA End:1.2738780975341797
Voting and Proposal time:1.1815290451049805
Total inference time: 32.818386 
Start: 1652610321.790143
Votenet data preprocessing time:0.03049015998840332
Deeplab inference time:27.792253971099854
Pointpainting time:0.06927061080932617
SA Start:0.04374980926513672
SA1 sampling and grouping 1:0.09670019149780273
SA1 MLP 1:0.34212565422058105
SA1 sampling and grouping 2:0.00984644889831543
SA1 MLP 2:0.04919242858886719
SA2 sampling and grouping 1:0.18684864044189453
SA2 MLP 1:0.3690464496612549
SA2 sampling and grouping 2:0.042847394943237305
SA2 MLP 2:0.04809904098510742
SA3 sampling and grouping 1:0.043204307556152344
SA3 MLP 1:0.3128654956817627
SA3 sampling and grouping 2:0.04627847671508789
SA3 MLP 2:0.05292940139770508
SA4 sampling and grouping 1:0.010833263397216797
SA4 MLP 1:0.31371045112609863
SA4 sampling and grouping 2:0.044579267501831055
SA4 MLP 2:0.04954791069030762
SA End:1.1455473899841309
Voting and Proposal time:1.1648554801940918
Total inference time: 32.264822 
Start: 1652610381.5977983
Votenet data preprocessing time:0.030550241470336914
Deeplab inference time:28.093642711639404
Pointpainting time:0.06320524215698242
SA Start:0.042118072509765625
SA1 sampling and grouping 1:0.09742498397827148
SA1 MLP 1:0.36167383193969727
SA1 sampling and grouping 2:0.009847879409790039
SA1 MLP 2:0.048295021057128906
SA2 sampling and grouping 1:0.18536829948425293
SA2 MLP 1:0.3477904796600342
SA2 sampling and grouping 2:0.04244709014892578
SA2 MLP 2:0.0478973388671875
SA3 sampling and grouping 1:0.044002532958984375
SA3 MLP 1:0.325192928314209
SA3 sampling and grouping 2:0.04625654220581055
SA3 MLP 2:0.05215716361999512
SA4 sampling and grouping 1:0.010550975799560547
SA4 MLP 1:0.3047358989715576
SA4 sampling and grouping 2:0.04410743713378906
SA4 MLP 2:0.04914283752441406
SA End:1.1762604713439941
Voting and Proposal time:1.1808750629425049
Total inference time: 32.603543 
Start: 1652610441.8538573
Votenet data preprocessing time:0.03069925308227539
Deeplab inference time:28.248669147491455
Pointpainting time:0.06238842010498047
SA Start:0.04289722442626953
SA1 sampling and grouping 1:0.09494161605834961
SA1 MLP 1:0.35657787322998047
SA1 sampling and grouping 2:0.009953498840332031
SA1 MLP 2:0.049018144607543945
SA2 sampling and grouping 1:0.18482041358947754
SA2 MLP 1:0.3330700397491455
SA2 sampling and grouping 2:0.04361438751220703
SA2 MLP 2:0.0479428768157959
SA3 sampling and grouping 1:0.04416942596435547
SA3 MLP 1:0.32109856605529785
SA3 sampling and grouping 2:0.04723954200744629
SA3 MLP 2:0.050988197326660156
SA4 sampling and grouping 1:0.011065006256103516
SA4 MLP 1:0.31484150886535645
SA4 sampling and grouping 2:0.04398941993713379
SA4 MLP 2:0.04951143264770508
SA End:1.1717159748077393
Voting and Proposal time:1.169321060180664
Total inference time: 32.728533 
Start: 1652610502.2715728
Votenet data preprocessing time:0.030361175537109375
Deeplab inference time:27.982754707336426
Pointpainting time:0.06180691719055176
SA Start:0.042620182037353516
SA1 sampling and grouping 1:0.09497976303100586
SA1 MLP 1:0.3549318313598633
SA1 sampling and grouping 2:0.009741067886352539
SA1 MLP 2:0.04835319519042969
SA2 sampling and grouping 1:0.18352508544921875
SA2 MLP 1:0.3512694835662842
SA2 sampling and grouping 2:0.04261493682861328
SA2 MLP 2:0.04895162582397461
SA3 sampling and grouping 1:0.043134450912475586
SA3 MLP 1:0.33231186866760254
SA3 sampling and grouping 2:0.04599928855895996
SA3 MLP 2:0.05174970626831055
SA4 sampling and grouping 1:0.010779857635498047
SA4 MLP 1:0.30159425735473633
SA4 sampling and grouping 2:0.042981863021850586
SA4 MLP 2:0.04924416542053223
SA End:1.156749963760376
Voting and Proposal time:1.1821105480194092
Total inference time: 32.468566 
Start: 1652610562.4057064
Votenet data preprocessing time:0.030863285064697266
Deeplab inference time:28.0147807598114
Pointpainting time:0.06378459930419922
SA Start:0.04587388038635254
SA1 sampling and grouping 1:0.09501051902770996
SA1 MLP 1:0.38173389434814453
SA1 sampling and grouping 2:0.009806156158447266
SA1 MLP 2:0.04917573928833008
SA2 sampling and grouping 1:0.18600749969482422
SA2 MLP 1:0.36377501487731934
SA2 sampling and grouping 2:0.042188167572021484
SA2 MLP 2:0.047771453857421875
SA3 sampling and grouping 1:0.04342389106750488
SA3 MLP 1:0.3283092975616455
SA3 sampling and grouping 2:0.04584646224975586
SA3 MLP 2:0.05145692825317383
SA4 sampling and grouping 1:0.01052999496459961
SA4 MLP 1:0.36328649520874023
SA4 sampling and grouping 2:0.04324746131896973
SA4 MLP 2:0.04955863952636719
SA End:1.160616159439087
Voting and Proposal time:1.277057409286499
Total inference time: 32.704104 
Start: 1652610622.7464185
Votenet data preprocessing time:0.03070235252380371
Deeplab inference time:28.139681100845337
Pointpainting time:0.06288027763366699
SA Start:0.04285717010498047
SA1 sampling and grouping 1:0.09490275382995605
SA1 MLP 1:0.373455286026001
SA1 sampling and grouping 2:0.009990692138671875
SA1 MLP 2:0.04955625534057617
SA2 sampling and grouping 1:0.18560552597045898
SA2 MLP 1:0.3326144218444824
SA2 sampling and grouping 2:0.04312920570373535
SA2 MLP 2:0.048372507095336914
SA3 sampling and grouping 1:0.04302215576171875
SA3 MLP 1:0.3224797248840332
SA3 sampling and grouping 2:0.04670524597167969
SA3 MLP 2:0.051221609115600586
SA4 sampling and grouping 1:0.01061701774597168
SA4 MLP 1:0.340285062789917
SA4 sampling and grouping 2:0.04441356658935547
SA4 MLP 2:0.050169944763183594
SA End:1.1647579669952393
Voting and Proposal time:1.248006820678711
Total inference time: 32.735427 
Start: 1652610683.378832
Votenet data preprocessing time:0.03095531463623047
Deeplab inference time:27.939907789230347
Pointpainting time:0.0635225772857666
SA Start:0.0446629524230957
SA1 sampling and grouping 1:0.09752154350280762
SA1 MLP 1:0.3639953136444092
SA1 sampling and grouping 2:0.009755373001098633
SA1 MLP 2:0.048570871353149414
SA2 sampling and grouping 1:0.18822813034057617
SA2 MLP 1:0.33713269233703613
SA2 sampling and grouping 2:0.042737483978271484
SA2 MLP 2:0.04922032356262207
SA3 sampling and grouping 1:0.04370617866516113
SA3 MLP 1:0.3135197162628174
SA3 sampling and grouping 2:0.04566693305969238
SA3 MLP 2:0.05268406867980957
SA4 sampling and grouping 1:0.010857820510864258
SA4 MLP 1:0.31293702125549316
SA4 sampling and grouping 2:0.04433083534240723
SA4 MLP 2:0.04978656768798828
SA End:1.209324598312378
Voting and Proposal time:1.160796880722046
Total inference time: 32.459821 
Start: 1652610743.5752234
Votenet data preprocessing time:0.030397891998291016
Deeplab inference time:28.316965579986572
Pointpainting time:0.06470823287963867
SA Start:0.041252851486206055
SA1 sampling and grouping 1:0.09856081008911133
SA1 MLP 1:0.3637044429779053
SA1 sampling and grouping 2:0.009804487228393555
SA1 MLP 2:0.04878973960876465
SA2 sampling and grouping 1:0.18882155418395996
SA2 MLP 1:0.3561863899230957
SA2 sampling and grouping 2:0.04294610023498535
SA2 MLP 2:0.047716617584228516
SA3 sampling and grouping 1:0.043364524841308594
SA3 MLP 1:0.347855806350708
SA3 sampling and grouping 2:0.04670882225036621
SA3 MLP 2:0.05176210403442383
SA4 sampling and grouping 1:0.01089167594909668
SA4 MLP 1:0.3372681140899658
SA4 sampling and grouping 2:0.0444643497467041
SA4 MLP 2:0.049492835998535156
SA End:1.1843132972717285
Voting and Proposal time:1.2326648235321045
Total inference time: 32.958641 
Start: 1652610804.2556314
Votenet data preprocessing time:0.030453205108642578
Deeplab inference time:28.192559003829956
Pointpainting time:0.06267309188842773
SA Start:0.044320106506347656
SA1 sampling and grouping 1:0.09441590309143066
SA1 MLP 1:0.3596761226654053
SA1 sampling and grouping 2:0.009768962860107422
SA1 MLP 2:0.049597740173339844
SA2 sampling and grouping 1:0.18426728248596191
SA2 MLP 1:0.35613346099853516
SA2 sampling and grouping 2:0.04359936714172363
SA2 MLP 2:0.04838275909423828
SA3 sampling and grouping 1:0.042994022369384766
SA3 MLP 1:0.3231322765350342
SA3 sampling and grouping 2:0.04639291763305664
SA3 MLP 2:0.051296234130859375
SA4 sampling and grouping 1:0.011141777038574219
SA4 MLP 1:0.3129236698150635
SA4 sampling and grouping 2:0.045365333557128906
SA4 MLP 2:0.049105167388916016
SA End:1.1831486225128174
Voting and Proposal time:1.1975271701812744
Total inference time: 32.738874 
Start: 1652610864.5366316
Votenet data preprocessing time:0.030422210693359375
Deeplab inference time:27.9251446723938
Pointpainting time:0.06340742111206055
SA Start:0.042067527770996094
SA1 sampling and grouping 1:0.0966949462890625
SA1 MLP 1:0.3530287742614746
SA1 sampling and grouping 2:0.009700775146484375
SA1 MLP 2:0.048876285552978516
SA2 sampling and grouping 1:0.18359708786010742
SA2 MLP 1:0.3737630844116211
SA2 sampling and grouping 2:0.04318070411682129
SA2 MLP 2:0.04776930809020996
SA3 sampling and grouping 1:0.04304361343383789
SA3 MLP 1:0.33846163749694824
SA3 sampling and grouping 2:0.04634737968444824
SA3 MLP 2:0.0513308048248291
SA4 sampling and grouping 1:0.010783910751342773
SA4 MLP 1:0.3349032402038574
SA4 sampling and grouping 2:0.04508829116821289
SA4 MLP 2:0.04885077476501465
SA End:1.168480634689331
Voting and Proposal time:1.2031025886535645
Total inference time: 32.508046 
Start: 1652610924.5405178
Votenet data preprocessing time:0.030187368392944336
Deeplab inference time:27.89028000831604
Pointpainting time:0.06357645988464355
SA Start:0.04131603240966797
SA1 sampling and grouping 1:0.09425234794616699
SA1 MLP 1:0.35797786712646484
SA1 sampling and grouping 2:0.009785890579223633
SA1 MLP 2:0.04888129234313965
SA2 sampling and grouping 1:0.18435120582580566
SA2 MLP 1:0.35248231887817383
SA2 sampling and grouping 2:0.04291701316833496
SA2 MLP 2:0.047931671142578125
SA3 sampling and grouping 1:0.04406404495239258
SA3 MLP 1:0.32943272590637207
SA3 sampling and grouping 2:0.04586648941040039
SA3 MLP 2:0.05174684524536133
SA4 sampling and grouping 1:0.010824441909790039
SA4 MLP 1:0.31496405601501465
SA4 sampling and grouping 2:0.047182321548461914
SA4 MLP 2:0.05042576789855957
SA End:1.2172574996948242
Voting and Proposal time:1.22251558303833
Total inference time: 32.498219 
Start: 1652610984.7289793
Votenet data preprocessing time:0.030249595642089844
Deeplab inference time:28.29181981086731
Pointpainting time:0.0636143684387207
SA Start:0.04198336601257324
SA1 sampling and grouping 1:0.09706878662109375
SA1 MLP 1:0.36792516708374023
SA1 sampling and grouping 2:0.009780406951904297
SA1 MLP 2:0.049254655838012695
SA2 sampling and grouping 1:0.18520450592041016
SA2 MLP 1:0.35217714309692383
SA2 sampling and grouping 2:0.04286813735961914
SA2 MLP 2:0.047940731048583984
SA3 sampling and grouping 1:0.04492640495300293
SA3 MLP 1:0.32831907272338867
SA3 sampling and grouping 2:0.04649019241333008
SA3 MLP 2:0.052620649337768555
SA4 sampling and grouping 1:0.010772228240966797
SA4 MLP 1:0.34355664253234863
SA4 sampling and grouping 2:0.04467415809631348
SA4 MLP 2:0.04971003532409668
SA End:1.1786079406738281
Voting and Proposal time:1.236973762512207
Total inference time: 32.916538 
Start: 1652611045.3565233
Votenet data preprocessing time:0.030633926391601562
Deeplab inference time:28.560405015945435
Pointpainting time:0.06406950950622559
SA Start:0.044242143630981445
SA1 sampling and grouping 1:0.09863543510437012
SA1 MLP 1:0.35221052169799805
SA1 sampling and grouping 2:0.00991678237915039
SA1 MLP 2:0.049041748046875
SA2 sampling and grouping 1:0.1870427131652832
SA2 MLP 1:0.3430633544921875
SA2 sampling and grouping 2:0.04314899444580078
SA2 MLP 2:0.048111915588378906
SA3 sampling and grouping 1:0.04363536834716797
SA3 MLP 1:0.321789026260376
SA3 sampling and grouping 2:0.04682564735412598
SA3 MLP 2:0.0507359504699707
SA4 sampling and grouping 1:0.011092662811279297
SA4 MLP 1:0.31017041206359863
SA4 sampling and grouping 2:0.044439077377319336
SA4 MLP 2:0.049323320388793945
SA End:1.1634926795959473
Voting and Proposal time:1.175398826599121
Total inference time: 33.047425 
