Start: 1652595509.2600722
Votenet data preprocessing time:0.0226898193359375
Deeplab inference time:52.09483313560486
Pointpainting time:0.5807735919952393
SA Start:0.37210559844970703
SA1 sampling and grouping 1:0.7949566841125488
SA1 MLP 1:1.3747038841247559
SA1 sampling and grouping 2:0.012647628784179688
SA1 MLP 2:0.06020951271057129
SA2 sampling and grouping 1:0.2658231258392334
SA2 MLP 1:0.3708534240722656
SA2 sampling and grouping 2:0.05529379844665527
SA2 MLP 2:0.060218095779418945
SA3 sampling and grouping 1:0.05020499229431152
SA3 MLP 1:0.333146333694458
SA3 sampling and grouping 2:0.049051761627197266
SA3 MLP 2:0.052562713623046875
SA4 sampling and grouping 1:0.011357307434082031
SA4 MLP 1:0.31374359130859375
SA4 sampling and grouping 2:0.04698777198791504
SA4 MLP 2:0.05128312110900879
SA End:1.7083408832550049
Voting and Proposal time:1.303473711013794
Total inference time: 59.985260 
Start: 1652595642.691196
Votenet data preprocessing time:0.021170616149902344
Deeplab inference time:51.260579347610474
Pointpainting time:0.42827844619750977
SA Start:0.16478919982910156
SA1 sampling and grouping 1:0.6063787937164307
SA1 MLP 1:1.1547515392303467
SA1 sampling and grouping 2:0.013330936431884766
SA1 MLP 2:0.06299972534179688
SA2 sampling and grouping 1:0.2675774097442627
SA2 MLP 1:0.37523841857910156
SA2 sampling and grouping 2:0.05576467514038086
SA2 MLP 2:0.06325364112854004
SA3 sampling and grouping 1:0.04872536659240723
SA3 MLP 1:0.3497660160064697
SA3 sampling and grouping 2:0.04688286781311035
SA3 MLP 2:0.05234193801879883
SA4 sampling and grouping 1:0.01113581657409668
SA4 MLP 1:0.325286865234375
SA4 sampling and grouping 2:0.04703831672668457
SA4 MLP 2:0.05099010467529297
SA End:1.7591564655303955
Voting and Proposal time:1.3110826015472412
Total inference time: 58.476519 
Start: 1652595771.374787
Votenet data preprocessing time:0.025943517684936523
Deeplab inference time:52.79659414291382
Pointpainting time:0.4484243392944336
SA Start:0.27514028549194336
SA1 sampling and grouping 1:0.6186165809631348
SA1 MLP 1:1.0111351013183594
SA1 sampling and grouping 2:0.013811349868774414
SA1 MLP 2:0.06260538101196289
SA2 sampling and grouping 1:0.2601625919342041
SA2 MLP 1:0.3496663570404053
SA2 sampling and grouping 2:0.056670188903808594
SA2 MLP 2:0.06184220314025879
SA3 sampling and grouping 1:0.05064582824707031
SA3 MLP 1:0.33882641792297363
SA3 sampling and grouping 2:0.048074960708618164
SA3 MLP 2:0.05305123329162598
SA4 sampling and grouping 1:0.011316776275634766
SA4 MLP 1:0.32566046714782715
SA4 sampling and grouping 2:0.04846000671386719
SA4 MLP 2:0.050997018814086914
SA End:1.8112499713897705
Voting and Proposal time:1.3194782733917236
Total inference time: 60.038373 
Start: 1652595905.8327467
Votenet data preprocessing time:0.025813579559326172
Deeplab inference time:50.11208963394165
Pointpainting time:0.4034562110900879
SA Start:0.45446252822875977
SA1 sampling and grouping 1:1.0215132236480713
SA1 MLP 1:1.4367179870605469
SA1 sampling and grouping 2:0.012576818466186523
SA1 MLP 2:0.06313347816467285
SA2 sampling and grouping 1:0.28223514556884766
SA2 MLP 1:0.38619518280029297
SA2 sampling and grouping 2:0.056667327880859375
SA2 MLP 2:0.06214427947998047
SA3 sampling and grouping 1:0.0488584041595459
SA3 MLP 1:0.34952807426452637
SA3 sampling and grouping 2:0.047429800033569336
SA3 MLP 2:0.05254173278808594
SA4 sampling and grouping 1:0.011884689331054688
SA4 MLP 1:0.32875752449035645
SA4 sampling and grouping 2:0.04670548439025879
SA4 MLP 2:0.0511777400970459
SA End:1.7644009590148926
Voting and Proposal time:1.3570830821990967
Total inference time: 58.375373 
Start: 1652596035.1399176
Votenet data preprocessing time:0.02728867530822754
Deeplab inference time:48.659576416015625
Pointpainting time:0.5598163604736328
SA Start:0.26355576515197754
SA1 sampling and grouping 1:0.7650067806243896
SA1 MLP 1:1.0954992771148682
SA1 sampling and grouping 2:0.014839410781860352
SA1 MLP 2:0.06225180625915527
SA2 sampling and grouping 1:0.2897922992706299
SA2 MLP 1:0.3777463436126709
SA2 sampling and grouping 2:0.055056095123291016
SA2 MLP 2:0.0623631477355957
SA3 sampling and grouping 1:0.048890113830566406
SA3 MLP 1:0.35597705841064453
SA3 sampling and grouping 2:0.04891228675842285
SA3 MLP 2:0.051882266998291016
SA4 sampling and grouping 1:0.01204538345336914
SA4 MLP 1:0.3370537757873535
SA4 sampling and grouping 2:0.04566764831542969
SA4 MLP 2:0.05633878707885742
SA End:1.7993347644805908
Voting and Proposal time:1.3673129081726074
Total inference time: 56.356207 
Start: 1652596163.4513378
Votenet data preprocessing time:0.023904085159301758
Deeplab inference time:57.37303686141968
Pointpainting time:0.5867421627044678
SA Start:0.27144312858581543
SA1 sampling and grouping 1:0.9054336547851562
SA1 MLP 1:1.276911973953247
SA1 sampling and grouping 2:0.015058040618896484
SA1 MLP 2:0.06131458282470703
SA2 sampling and grouping 1:0.2651405334472656
SA2 MLP 1:0.37166786193847656
SA2 sampling and grouping 2:0.0564424991607666
SA2 MLP 2:0.058281660079956055
SA3 sampling and grouping 1:0.04760599136352539
SA3 MLP 1:0.3348231315612793
SA3 sampling and grouping 2:0.046914100646972656
SA3 MLP 2:0.05278658866882324
SA4 sampling and grouping 1:0.01130533218383789
SA4 MLP 1:0.313018798828125
SA4 sampling and grouping 2:0.04572629928588867
SA4 MLP 2:0.05148720741271973
SA End:1.6332087516784668
Voting and Proposal time:1.3854458332061768
Total inference time: 65.187699 
Start: 1652596297.7709
Votenet data preprocessing time:0.024843931198120117
Deeplab inference time:53.448585987091064
Pointpainting time:0.5091691017150879
SA Start:0.4184837341308594
SA1 sampling and grouping 1:0.865271806716919
SA1 MLP 1:1.428478479385376
SA1 sampling and grouping 2:0.01195669174194336
SA1 MLP 2:0.05948042869567871
SA2 sampling and grouping 1:0.2860116958618164
SA2 MLP 1:0.3580775260925293
SA2 sampling and grouping 2:0.052214860916137695
SA2 MLP 2:0.059160709381103516
SA3 sampling and grouping 1:0.04864954948425293
SA3 MLP 1:0.33684778213500977
SA3 sampling and grouping 2:0.046190500259399414
SA3 MLP 2:0.05156755447387695
SA4 sampling and grouping 1:0.011224031448364258
SA4 MLP 1:0.3323366641998291
SA4 sampling and grouping 2:0.04605746269226074
SA4 MLP 2:0.05044102668762207
SA End:1.6445775032043457
Voting and Proposal time:1.4874532222747803
Total inference time: 61.577080 
Start: 1652596428.8755262
Votenet data preprocessing time:0.028762340545654297
Deeplab inference time:49.66190576553345
Pointpainting time:0.5304982662200928
SA Start:0.28128528594970703
SA1 sampling and grouping 1:1.266808032989502
SA1 MLP 1:1.2479419708251953
SA1 sampling and grouping 2:0.012397527694702148
SA1 MLP 2:0.06153702735900879
SA2 sampling and grouping 1:0.29773449897766113
SA2 MLP 1:0.38043808937072754
SA2 sampling and grouping 2:0.05176210403442383
SA2 MLP 2:0.059740543365478516
SA3 sampling and grouping 1:0.04764270782470703
SA3 MLP 1:0.3266870975494385
SA3 sampling and grouping 2:0.04673600196838379
SA3 MLP 2:0.05187821388244629
SA4 sampling and grouping 1:0.011052131652832031
SA4 MLP 1:0.31722211837768555
SA4 sampling and grouping 2:0.04551053047180176
SA4 MLP 2:0.05181264877319336
SA End:1.7817885875701904
Voting and Proposal time:1.336115837097168
Total inference time: 57.897257 
Start: 1652596557.55014
Votenet data preprocessing time:0.029393434524536133
Deeplab inference time:49.487611532211304
Pointpainting time:0.43113183975219727
SA Start:0.2111513614654541
SA1 sampling and grouping 1:0.6802442073822021
SA1 MLP 1:1.0455012321472168
SA1 sampling and grouping 2:0.01334524154663086
SA1 MLP 2:0.0679481029510498
SA2 sampling and grouping 1:0.26859235763549805
SA2 MLP 1:0.37836790084838867
SA2 sampling and grouping 2:0.058811187744140625
SA2 MLP 2:0.06185412406921387
SA3 sampling and grouping 1:0.04895663261413574
SA3 MLP 1:0.33858418464660645
SA3 sampling and grouping 2:0.047690391540527344
SA3 MLP 2:0.05283641815185547
SA4 sampling and grouping 1:0.011403799057006836
SA4 MLP 1:0.33180665969848633
SA4 sampling and grouping 2:0.04702568054199219
SA4 MLP 2:0.051776885986328125
SA End:1.72874116897583
Voting and Proposal time:1.3192672729492188
Total inference time: 56.712042 
Start: 1652596683.6044488
Votenet data preprocessing time:0.027667760848999023
Deeplab inference time:49.288554191589355
Pointpainting time:0.42433881759643555
SA Start:0.17980551719665527
SA1 sampling and grouping 1:0.7246525287628174
SA1 MLP 1:1.0515391826629639
SA1 sampling and grouping 2:0.01338505744934082
SA1 MLP 2:0.06296968460083008
SA2 sampling and grouping 1:0.2716081142425537
SA2 MLP 1:0.37099432945251465
SA2 sampling and grouping 2:0.05639290809631348
SA2 MLP 2:0.06259322166442871
SA3 sampling and grouping 1:0.04922819137573242
SA3 MLP 1:0.3281564712524414
SA3 sampling and grouping 2:0.04752302169799805
SA3 MLP 2:0.052892208099365234
SA4 sampling and grouping 1:0.011207103729248047
SA4 MLP 1:0.3227705955505371
SA4 sampling and grouping 2:0.047126054763793945
SA4 MLP 2:0.05070137977600098
SA End:1.795525074005127
Voting and Proposal time:1.3493566513061523
Total inference time: 56.588988 
Start: 1652596809.7496743
Votenet data preprocessing time:0.0338590145111084
Deeplab inference time:52.708221673965454
Pointpainting time:0.43846583366394043
SA Start:0.22776341438293457
SA1 sampling and grouping 1:0.7383158206939697
SA1 MLP 1:1.3206357955932617
SA1 sampling and grouping 2:0.015255928039550781
SA1 MLP 2:0.06606245040893555
SA2 sampling and grouping 1:0.2633044719696045
SA2 MLP 1:0.37969374656677246
SA2 sampling and grouping 2:0.0563967227935791
SA2 MLP 2:0.0616612434387207
SA3 sampling and grouping 1:0.050089359283447266
SA3 MLP 1:0.35141658782958984
SA3 sampling and grouping 2:0.04714250564575195
SA3 MLP 2:0.05177783966064453
SA4 sampling and grouping 1:0.011223077774047852
SA4 MLP 1:0.33336925506591797
SA4 sampling and grouping 2:0.046930551528930664
SA4 MLP 2:0.05120515823364258
SA End:1.7693159580230713
Voting and Proposal time:1.375352144241333
Total inference time: 60.397459 
Start: 1652596939.4244435
Votenet data preprocessing time:0.027252674102783203
Deeplab inference time:49.52471613883972
Pointpainting time:0.41367387771606445
SA Start:0.2639889717102051
SA1 sampling and grouping 1:0.8343541622161865
SA1 MLP 1:1.0787544250488281
SA1 sampling and grouping 2:0.012535572052001953
SA1 MLP 2:0.06415796279907227
SA2 sampling and grouping 1:0.31952786445617676
SA2 MLP 1:0.3706245422363281
SA2 sampling and grouping 2:0.05922889709472656
SA2 MLP 2:0.060524940490722656
SA3 sampling and grouping 1:0.04920458793640137
SA3 MLP 1:0.32745790481567383
SA3 sampling and grouping 2:0.04684567451477051
SA3 MLP 2:0.052583932876586914
SA4 sampling and grouping 1:0.010808467864990234
SA4 MLP 1:0.30765390396118164
SA4 sampling and grouping 2:0.046125173568725586
SA4 MLP 2:0.04964327812194824
SA End:1.7738010883331299
Voting and Proposal time:1.2838635444641113
Total inference time: 56.977328 
Start: 1652597069.6285377
Votenet data preprocessing time:0.045851945877075195
Deeplab inference time:48.93374180793762
Pointpainting time:0.498762845993042
SA Start:0.2053220272064209
SA1 sampling and grouping 1:0.7162692546844482
SA1 MLP 1:1.2949106693267822
SA1 sampling and grouping 2:0.01234126091003418
SA1 MLP 2:0.061491966247558594
SA2 sampling and grouping 1:0.28445887565612793
SA2 MLP 1:0.37541866302490234
SA2 sampling and grouping 2:0.05662369728088379
SA2 MLP 2:0.06304454803466797
SA3 sampling and grouping 1:0.05048942565917969
SA3 MLP 1:0.34425950050354004
SA3 sampling and grouping 2:0.04647517204284668
SA3 MLP 2:0.0532071590423584
SA4 sampling and grouping 1:0.011323690414428711
SA4 MLP 1:0.3150613307952881
SA4 sampling and grouping 2:0.04586362838745117
SA4 MLP 2:0.053986310958862305
SA End:1.7833716869354248
Voting and Proposal time:1.302809715270996
Total inference time: 56.555085 
Start: 1652597196.2493246
Votenet data preprocessing time:0.03207135200500488
Deeplab inference time:46.946346282958984
Pointpainting time:0.5127887725830078
SA Start:0.26642346382141113
SA1 sampling and grouping 1:0.8098392486572266
SA1 MLP 1:1.1868271827697754
SA1 sampling and grouping 2:0.014122247695922852
SA1 MLP 2:0.061487674713134766
SA2 sampling and grouping 1:0.29361462593078613
SA2 MLP 1:0.3820793628692627
SA2 sampling and grouping 2:0.05712699890136719
SA2 MLP 2:0.06263947486877441
SA3 sampling and grouping 1:0.05162358283996582
SA3 MLP 1:0.3565788269042969
SA3 sampling and grouping 2:0.04745197296142578
SA3 MLP 2:0.05240654945373535
SA4 sampling and grouping 1:0.011059284210205078
SA4 MLP 1:0.32919883728027344
SA4 sampling and grouping 2:0.046647071838378906
SA4 MLP 2:0.050116777420043945
SA End:1.7616190910339355
Voting and Proposal time:1.3503658771514893
Total inference time: 54.682435 
Start: 1652597321.181797
Votenet data preprocessing time:0.05228376388549805
Deeplab inference time:48.208117723464966
Pointpainting time:0.4466369152069092
SA Start:0.1808624267578125
SA1 sampling and grouping 1:0.5261127948760986
SA1 MLP 1:1.09244704246521
SA1 sampling and grouping 2:0.013036966323852539
SA1 MLP 2:0.06325793266296387
SA2 sampling and grouping 1:0.2638707160949707
SA2 MLP 1:0.3620424270629883
SA2 sampling and grouping 2:0.055450439453125
SA2 MLP 2:0.06163907051086426
SA3 sampling and grouping 1:0.04884934425354004
SA3 MLP 1:0.3292055130004883
SA3 sampling and grouping 2:0.04567360877990723
SA3 MLP 2:0.05145072937011719
SA4 sampling and grouping 1:0.011160612106323242
SA4 MLP 1:0.30854344367980957
SA4 sampling and grouping 2:0.04598116874694824
SA4 MLP 2:0.049860239028930664
SA End:1.7693054676055908
Voting and Proposal time:1.2756905555725098
Total inference time: 55.261479 
Start: 1652597444.4112895
Votenet data preprocessing time:0.03791522979736328
Deeplab inference time:48.014199018478394
Pointpainting time:0.3702976703643799
SA Start:0.23865962028503418
SA1 sampling and grouping 1:0.6294124126434326
SA1 MLP 1:1.0008516311645508
SA1 sampling and grouping 2:0.013361692428588867
SA1 MLP 2:0.06977701187133789
SA2 sampling and grouping 1:0.27721166610717773
SA2 MLP 1:0.3559255599975586
SA2 sampling and grouping 2:0.0578615665435791
SA2 MLP 2:0.06025362014770508
SA3 sampling and grouping 1:0.047287940979003906
SA3 MLP 1:0.3339848518371582
SA3 sampling and grouping 2:0.04706001281738281
SA3 MLP 2:0.052677154541015625
SA4 sampling and grouping 1:0.010998964309692383
SA4 MLP 1:0.3180716037750244
SA4 sampling and grouping 2:0.04637336730957031
SA4 MLP 2:0.0516812801361084
SA End:1.7702522277832031
Voting and Proposal time:1.2829821109771729
Total inference time: 55.087096 
Start: 1652597570.3834362
Votenet data preprocessing time:0.012122392654418945
Deeplab inference time:51.53855586051941
Pointpainting time:0.451430082321167
SA Start:0.2819056510925293
SA1 sampling and grouping 1:0.5725202560424805
SA1 MLP 1:1.0817389488220215
SA1 sampling and grouping 2:0.013373136520385742
SA1 MLP 2:0.06360983848571777
SA2 sampling and grouping 1:0.2638227939605713
SA2 MLP 1:0.36466360092163086
SA2 sampling and grouping 2:0.05416393280029297
SA2 MLP 2:0.06098484992980957
SA3 sampling and grouping 1:0.0487825870513916
SA3 MLP 1:0.3339545726776123
SA3 sampling and grouping 2:0.04575395584106445
SA3 MLP 2:0.050809383392333984
SA4 sampling and grouping 1:0.011060714721679688
SA4 MLP 1:0.32688450813293457
SA4 sampling and grouping 2:0.04619026184082031
SA4 MLP 2:0.049668312072753906
SA End:1.7853765487670898
Voting and Proposal time:1.3452379703521729
Total inference time: 58.802610 
Start: 1652597696.6960733
Votenet data preprocessing time:0.04314470291137695
Deeplab inference time:48.75162887573242
Pointpainting time:0.40746307373046875
SA Start:0.2534048557281494
SA1 sampling and grouping 1:0.6890037059783936
SA1 MLP 1:1.0438735485076904
SA1 sampling and grouping 2:0.01406240463256836
SA1 MLP 2:0.061356306076049805
SA2 sampling and grouping 1:0.275388240814209
SA2 MLP 1:0.349804162979126
SA2 sampling and grouping 2:0.055017709732055664
SA2 MLP 2:0.060235023498535156
SA3 sampling and grouping 1:0.048708200454711914
SA3 MLP 1:0.33983945846557617
SA3 sampling and grouping 2:0.04578089714050293
SA3 MLP 2:0.05018424987792969
SA4 sampling and grouping 1:0.011681318283081055
SA4 MLP 1:0.3190171718597412
SA4 sampling and grouping 2:0.049423933029174805
SA4 MLP 2:0.058896541595458984
SA End:1.7536332607269287
Voting and Proposal time:1.2602860927581787
Total inference time: 55.941834 
Start: 1652597822.2547529
Votenet data preprocessing time:0.047951698303222656
Deeplab inference time:52.47832179069519
Pointpainting time:0.5559835433959961
SA Start:0.1870436668395996
SA1 sampling and grouping 1:0.8283653259277344
SA1 MLP 1:1.0977098941802979
SA1 sampling and grouping 2:0.015114307403564453
SA1 MLP 2:0.06376314163208008
SA2 sampling and grouping 1:0.2609236240386963
SA2 MLP 1:0.3772144317626953
SA2 sampling and grouping 2:0.0555415153503418
SA2 MLP 2:0.06012129783630371
SA3 sampling and grouping 1:0.04841756820678711
SA3 MLP 1:0.35162997245788574
SA3 sampling and grouping 2:0.04647660255432129
SA3 MLP 2:0.05180692672729492
SA4 sampling and grouping 1:0.01113748550415039
SA4 MLP 1:0.3345932960510254
SA4 sampling and grouping 2:0.04618263244628906
SA4 MLP 2:0.04916119575500488
SA End:1.7349071502685547
Voting and Proposal time:1.407594919204712
Total inference time: 60.109962 
Start: 1652597954.8393517
Votenet data preprocessing time:0.03235745429992676
Deeplab inference time:48.82570147514343
Pointpainting time:0.4262115955352783
SA Start:0.2275714874267578
SA1 sampling and grouping 1:0.6562695503234863
SA1 MLP 1:0.8501198291778564
SA1 sampling and grouping 2:0.012691020965576172
SA1 MLP 2:0.0606379508972168
SA2 sampling and grouping 1:0.2595672607421875
SA2 MLP 1:0.34339356422424316
SA2 sampling and grouping 2:0.055716753005981445
SA2 MLP 2:0.06120944023132324
SA3 sampling and grouping 1:0.047141075134277344
SA3 MLP 1:0.328963041305542
SA3 sampling and grouping 2:0.04600214958190918
SA3 MLP 2:0.0518186092376709
SA4 sampling and grouping 1:0.010956287384033203
SA4 MLP 1:0.31115055084228516
SA4 sampling and grouping 2:0.046437740325927734
SA4 MLP 2:0.0495755672454834
SA End:1.7748124599456787
Voting and Proposal time:1.2513482570648193
Total inference time: 55.729653 
Start: 1652605184.682199
Votenet data preprocessing time:0.02464771270751953
Deeplab inference time:102.43297386169434
Pointpainting time:0.8554708957672119
SA Start:1.3626530170440674
SA1 sampling and grouping 1:1.087831974029541
SA1 MLP 1:5.0471415519714355
SA1 sampling and grouping 2:0.02633833885192871
SA1 MLP 2:0.05912208557128906
SA2 sampling and grouping 1:0.41879963874816895
SA2 MLP 1:0.3226206302642822
SA2 sampling and grouping 2:0.04473996162414551
SA2 MLP 2:0.050144195556640625
SA3 sampling and grouping 1:0.04596376419067383
SA3 MLP 1:0.30166149139404297
SA3 sampling and grouping 2:0.04351449012756348
SA3 MLP 2:0.048096418380737305
SA4 sampling and grouping 1:0.01046442985534668
SA4 MLP 1:0.2984139919281006
SA4 sampling and grouping 2:0.04356122016906738
SA4 MLP 2:0.047202110290527344
SA End:1.8677918910980225
Voting and Proposal time:1.751802682876587
Total inference time: 116.190956 
Start: 1652605374.7176669
Votenet data preprocessing time:0.08123898506164551
Deeplab inference time:105.66745376586914
Pointpainting time:0.6478853225708008
SA Start:0.7558934688568115
SA1 sampling and grouping 1:1.3264641761779785
SA1 MLP 1:4.327286243438721
SA1 sampling and grouping 2:0.021548986434936523
SA1 MLP 2:0.0628957748413086
SA2 sampling and grouping 1:0.3429865837097168
SA2 MLP 1:0.3427093029022217
SA2 sampling and grouping 2:0.04984283447265625
SA2 MLP 2:0.05573678016662598
SA3 sampling and grouping 1:0.04666924476623535
SA3 MLP 1:0.3170149326324463
SA3 sampling and grouping 2:0.044937849044799805
SA3 MLP 2:0.05043172836303711
SA4 sampling and grouping 1:0.010935306549072266
SA4 MLP 1:0.29800987243652344
SA4 sampling and grouping 2:0.04314064979553223
SA4 MLP 2:0.05203390121459961
SA End:1.6653523445129395
Voting and Proposal time:1.5566356182098389
Total inference time: 117.767104 
Start: 1652605565.7570882
Votenet data preprocessing time:0.04506683349609375
Deeplab inference time:99.89931726455688
Pointpainting time:0.6708266735076904
SA Start:0.621739387512207
SA1 sampling and grouping 1:0.9755699634552002
SA1 MLP 1:3.237813711166382
SA1 sampling and grouping 2:0.017120361328125
SA1 MLP 2:0.05628800392150879
SA2 sampling and grouping 1:0.4422123432159424
SA2 MLP 1:0.3405120372772217
SA2 sampling and grouping 2:0.04756045341491699
SA2 MLP 2:0.05379080772399902
SA3 sampling and grouping 1:0.04797768592834473
SA3 MLP 1:0.31929802894592285
SA3 sampling and grouping 2:0.043967485427856445
SA3 MLP 2:0.04883575439453125
SA4 sampling and grouping 1:0.010677576065063477
SA4 MLP 1:0.3042120933532715
SA4 sampling and grouping 2:0.04338550567626953
SA4 MLP 2:0.04739570617675781
SA End:1.5753448009490967
Voting and Proposal time:1.6080305576324463
Total inference time: 110.456943 
Start: 1652605746.6187868
Votenet data preprocessing time:0.03246450424194336
Deeplab inference time:102.77846097946167
Pointpainting time:0.6217551231384277
SA Start:0.7589495182037354
SA1 sampling and grouping 1:1.0663366317749023
SA1 MLP 1:5.217694520950317
SA1 sampling and grouping 2:0.03908181190490723
SA1 MLP 2:0.056355953216552734
SA2 sampling and grouping 1:0.3090522289276123
SA2 MLP 1:0.34554338455200195
SA2 sampling and grouping 2:0.047553300857543945
SA2 MLP 2:0.0547943115234375
SA3 sampling and grouping 1:0.045325279235839844
SA3 MLP 1:0.31725597381591797
SA3 sampling and grouping 2:0.04424691200256348
SA3 MLP 2:0.04976940155029297
SA4 sampling and grouping 1:0.010743141174316406
SA4 MLP 1:0.3046557903289795
SA4 sampling and grouping 2:0.04401254653930664
SA4 MLP 2:0.04791736602783203
SA End:1.7886989116668701
Voting and Proposal time:1.7854583263397217
Total inference time: 115.766126 
Start: 1652605939.775327
Votenet data preprocessing time:0.013650178909301758
Deeplab inference time:88.12131857872009
Pointpainting time:0.6572697162628174
SA Start:0.6713173389434814
SA1 sampling and grouping 1:0.8131253719329834
SA1 MLP 1:3.9347293376922607
SA1 sampling and grouping 2:0.016226530075073242
SA1 MLP 2:0.05808901786804199
SA2 sampling and grouping 1:0.3417849540710449
SA2 MLP 1:0.33611488342285156
SA2 sampling and grouping 2:0.05110430717468262
SA2 MLP 2:0.05600547790527344
SA3 sampling and grouping 1:0.04528617858886719
SA3 MLP 1:0.310011625289917
SA3 sampling and grouping 2:0.04493284225463867
SA3 MLP 2:0.049584388732910156
SA4 sampling and grouping 1:0.010504484176635742
SA4 MLP 1:0.299746036529541
SA4 sampling and grouping 2:0.04457688331604004
SA4 MLP 2:0.048897504806518555
SA End:1.7972619533538818
Voting and Proposal time:1.4935743808746338
Total inference time: 99.215112 
Start: 1652606112.7428267
Votenet data preprocessing time:0.05888199806213379
Deeplab inference time:83.30823993682861
Pointpainting time:0.6455838680267334
SA Start:1.0565459728240967
SA1 sampling and grouping 1:1.3530223369598389
SA1 MLP 1:5.174023866653442
SA1 sampling and grouping 2:0.01278543472290039
SA1 MLP 2:0.054946184158325195
SA2 sampling and grouping 1:0.313901424407959
SA2 MLP 1:0.36085057258605957
SA2 sampling and grouping 2:0.04727816581726074
SA2 MLP 2:0.05436515808105469
SA3 sampling and grouping 1:0.046842336654663086
SA3 MLP 1:0.3301048278808594
SA3 sampling and grouping 2:0.04482150077819824
SA3 MLP 2:0.05126190185546875
SA4 sampling and grouping 1:0.01044321060180664
SA4 MLP 1:0.2943685054779053
SA4 sampling and grouping 2:0.04421257972717285
SA4 MLP 2:0.05410504341125488
SA End:1.6829094886779785
Voting and Proposal time:1.8150932788848877
Total inference time: 96.814588 
Start: 1652606286.7066047
Votenet data preprocessing time:0.03193306922912598
Deeplab inference time:95.07856845855713
Pointpainting time:0.6327996253967285
SA Start:1.135782241821289
SA1 sampling and grouping 1:1.077582836151123
SA1 MLP 1:4.861664295196533
SA1 sampling and grouping 2:0.017223119735717773
SA1 MLP 2:0.05261802673339844
SA2 sampling and grouping 1:0.35494208335876465
SA2 MLP 1:0.32308411598205566
SA2 sampling and grouping 2:0.04470324516296387
SA2 MLP 2:0.050907135009765625
SA3 sampling and grouping 1:0.04703402519226074
SA3 MLP 1:0.30155038833618164
SA3 sampling and grouping 2:0.045232295989990234
SA3 MLP 2:0.05341672897338867
SA4 sampling and grouping 1:0.011166095733642578
SA4 MLP 1:0.3065810203552246
SA4 sampling and grouping 2:0.04702162742614746
SA4 MLP 2:0.04999542236328125
SA End:1.7246894836425781
Voting and Proposal time:1.6773483753204346
Total inference time: 107.925844 
Start: 1652606463.1192558
Votenet data preprocessing time:0.08373403549194336
Deeplab inference time:91.35963010787964
Pointpainting time:0.4974191188812256
SA Start:0.47331809997558594
SA1 sampling and grouping 1:0.7860863208770752
SA1 MLP 1:2.859225273132324
SA1 sampling and grouping 2:0.012979507446289062
SA1 MLP 2:0.06004047393798828
SA2 sampling and grouping 1:0.3088665008544922
SA2 MLP 1:0.33869457244873047
SA2 sampling and grouping 2:0.05185961723327637
SA2 MLP 2:0.054488420486450195
SA3 sampling and grouping 1:0.0451357364654541
SA3 MLP 1:0.31372904777526855
SA3 sampling and grouping 2:0.045023202896118164
SA3 MLP 2:0.0506894588470459
SA4 sampling and grouping 1:0.011306285858154297
SA4 MLP 1:0.30275797843933105
SA4 sampling and grouping 2:0.0455324649810791
SA4 MLP 2:0.0523679256439209
SA End:1.7757103443145752
Voting and Proposal time:1.35263991355896
Total inference time: 100.881234 
Start: 1652606640.9086454
Votenet data preprocessing time:0.07254624366760254
Deeplab inference time:85.51847958564758
Pointpainting time:0.6449868679046631
SA Start:0.6491236686706543
SA1 sampling and grouping 1:0.9661741256713867
SA1 MLP 1:5.256601810455322
SA1 sampling and grouping 2:0.013093948364257812
SA1 MLP 2:0.06100797653198242
SA2 sampling and grouping 1:0.3041684627532959
SA2 MLP 1:0.3633394241333008
SA2 sampling and grouping 2:0.04912519454956055
SA2 MLP 2:0.05537772178649902
SA3 sampling and grouping 1:0.04433250427246094
SA3 MLP 1:0.31270694732666016
SA3 sampling and grouping 2:0.04519391059875488
SA3 MLP 2:0.051314353942871094
SA4 sampling and grouping 1:0.012785673141479492
SA4 MLP 1:0.31145596504211426
SA4 sampling and grouping 2:0.04412984848022461
SA4 MLP 2:0.04901885986328125
SA End:1.7335913181304932
Voting and Proposal time:1.7867166996002197
Total inference time: 98.345271 
Start: 1652606809.0545137
Votenet data preprocessing time:0.019372940063476562
Deeplab inference time:95.15940308570862
Pointpainting time:0.7150089740753174
SA Start:0.8035678863525391
SA1 sampling and grouping 1:0.8662114143371582
SA1 MLP 1:4.638365030288696
SA1 sampling and grouping 2:0.014658451080322266
SA1 MLP 2:0.06010627746582031
SA2 sampling and grouping 1:0.31874632835388184
SA2 MLP 1:0.34281015396118164
SA2 sampling and grouping 2:0.0487213134765625
SA2 MLP 2:0.05504918098449707
SA3 sampling and grouping 1:0.0467832088470459
SA3 MLP 1:0.3134596347808838
SA3 sampling and grouping 2:0.04491853713989258
SA3 MLP 2:0.049645423889160156
SA4 sampling and grouping 1:0.010525703430175781
SA4 MLP 1:0.29761409759521484
SA4 sampling and grouping 2:0.04402327537536621
SA4 MLP 2:0.052558183670043945
SA End:1.701723575592041
Voting and Proposal time:1.7670226097106934
Total inference time: 107.370295 
Start: 1652606985.3961422
Votenet data preprocessing time:0.01186227798461914
Deeplab inference time:97.21350932121277
Pointpainting time:0.608088493347168
SA Start:0.595463752746582
SA1 sampling and grouping 1:1.1319913864135742
SA1 MLP 1:4.2847959995269775
SA1 sampling and grouping 2:0.014635801315307617
SA1 MLP 2:0.05950808525085449
SA2 sampling and grouping 1:0.35547351837158203
SA2 MLP 1:0.34302568435668945
SA2 sampling and grouping 2:0.04929471015930176
SA2 MLP 2:0.056324005126953125
SA3 sampling and grouping 1:0.04638218879699707
SA3 MLP 1:0.3112788200378418
SA3 sampling and grouping 2:0.04290056228637695
SA3 MLP 2:0.04842257499694824
SA4 sampling and grouping 1:0.010374307632446289
SA4 MLP 1:0.29592108726501465
SA4 sampling and grouping 2:0.04262566566467285
SA4 MLP 2:0.047457218170166016
SA End:1.622516393661499
Voting and Proposal time:1.7703990936279297
Total inference time: 108.962251 
Start: 1652607164.3362336
Votenet data preprocessing time:0.036482810974121094
Deeplab inference time:85.51049566268921
Pointpainting time:0.6325242519378662
SA Start:0.6066341400146484
SA1 sampling and grouping 1:1.0839884281158447
SA1 MLP 1:3.998781204223633
SA1 sampling and grouping 2:0.01616525650024414
SA1 MLP 2:0.05840349197387695
SA2 sampling and grouping 1:0.4417128562927246
SA2 MLP 1:0.3405418395996094
SA2 sampling and grouping 2:0.05067873001098633
SA2 MLP 2:0.05633544921875
SA3 sampling and grouping 1:0.04587411880493164
SA3 MLP 1:0.3193235397338867
SA3 sampling and grouping 2:0.0443572998046875
SA3 MLP 2:0.04941225051879883
SA4 sampling and grouping 1:0.010536670684814453
SA4 MLP 1:0.30741286277770996
SA4 sampling and grouping 2:0.04542350769042969
SA4 MLP 2:0.05216622352600098
SA End:1.8858981132507324
Voting and Proposal time:1.4324846267700195
Total inference time: 97.025633 
Start: 1652607332.8528323
Votenet data preprocessing time:0.03017902374267578
Deeplab inference time:96.45889377593994
Pointpainting time:0.6328129768371582
SA Start:1.0084588527679443
SA1 sampling and grouping 1:1.0495786666870117
SA1 MLP 1:4.427256345748901
SA1 sampling and grouping 2:0.03614497184753418
SA1 MLP 2:0.06373977661132812
SA2 sampling and grouping 1:0.3396289348602295
SA2 MLP 1:0.4808824062347412
SA2 sampling and grouping 2:0.05257844924926758
SA2 MLP 2:0.056550025939941406
SA3 sampling and grouping 1:0.04593396186828613
SA3 MLP 1:0.3140699863433838
SA3 sampling and grouping 2:0.04967474937438965
SA3 MLP 2:0.05659937858581543
SA4 sampling and grouping 1:0.01118159294128418
SA4 MLP 1:0.3176867961883545
SA4 sampling and grouping 2:0.04618477821350098
SA4 MLP 2:0.050642967224121094
SA End:1.7074172496795654
Voting and Proposal time:1.8293159008026123
Total inference time: 109.065412 
Start: 1652607512.732477
Votenet data preprocessing time:0.038565635681152344
Deeplab inference time:98.62874174118042
Pointpainting time:0.6473159790039062
SA Start:1.0706207752227783
SA1 sampling and grouping 1:1.2393560409545898
SA1 MLP 1:4.623845100402832
SA1 sampling and grouping 2:0.016045808792114258
SA1 MLP 2:0.05769205093383789
SA2 sampling and grouping 1:0.5335795879364014
SA2 MLP 1:0.33974409103393555
SA2 sampling and grouping 2:0.04756808280944824
SA2 MLP 2:0.052831172943115234
SA3 sampling and grouping 1:0.04718494415283203
SA3 MLP 1:0.31111931800842285
SA3 sampling and grouping 2:0.04355502128601074
SA3 MLP 2:0.04842209815979004
SA4 sampling and grouping 1:0.011426925659179688
SA4 MLP 1:0.3027212619781494
SA4 sampling and grouping 2:0.04548454284667969
SA4 MLP 2:0.049059391021728516
SA End:1.9710168838500977
Voting and Proposal time:1.9375293254852295
Total inference time: 112.063426 
Start: 1652607697.0989912
Votenet data preprocessing time:0.02591395378112793
Deeplab inference time:99.11054825782776
Pointpainting time:0.6532649993896484
SA Start:0.6829864978790283
SA1 sampling and grouping 1:0.9630868434906006
SA1 MLP 1:3.2136354446411133
SA1 sampling and grouping 2:0.013059854507446289
SA1 MLP 2:0.06283855438232422
SA2 sampling and grouping 1:0.27527904510498047
SA2 MLP 1:0.36294078826904297
SA2 sampling and grouping 2:0.04742598533630371
SA2 MLP 2:0.052774906158447266
SA3 sampling and grouping 1:0.044774770736694336
SA3 MLP 1:0.3218667507171631
SA3 sampling and grouping 2:0.0436701774597168
SA3 MLP 2:0.0482940673828125
SA4 sampling and grouping 1:0.011103391647338867
SA4 MLP 1:0.3228490352630615
SA4 sampling and grouping 2:0.04288816452026367
SA4 MLP 2:0.04726147651672363
SA End:1.5913488864898682
Voting and Proposal time:1.5700452327728271
Total inference time: 109.507857 
Start: 1652607876.9448218
Votenet data preprocessing time:0.03223896026611328
Deeplab inference time:101.74425506591797
Pointpainting time:0.8801455497741699
SA Start:1.3289031982421875
SA1 sampling and grouping 1:1.1069743633270264
SA1 MLP 1:5.375086784362793
SA1 sampling and grouping 2:0.13779973983764648
SA1 MLP 2:0.05626726150512695
SA2 sampling and grouping 1:0.21084070205688477
SA2 MLP 1:0.36209917068481445
SA2 sampling and grouping 2:0.04497694969177246
SA2 MLP 2:0.05092930793762207
SA3 sampling and grouping 1:0.04629826545715332
SA3 MLP 1:0.335829496383667
SA3 sampling and grouping 2:0.043593645095825195
SA3 MLP 2:0.04804491996765137
SA4 sampling and grouping 1:0.010268449783325195
SA4 MLP 1:0.3178567886352539
SA4 sampling and grouping 2:0.04323315620422363
SA4 MLP 2:0.04761910438537598
SA End:1.4942481517791748
Voting and Proposal time:1.8455734252929688
Total inference time: 115.563082 
Start: 1652608063.149916
Votenet data preprocessing time:0.048501014709472656
Deeplab inference time:79.89809489250183
Pointpainting time:0.5932469367980957
SA Start:0.5962762832641602
SA1 sampling and grouping 1:0.8159034252166748
SA1 MLP 1:4.364655256271362
SA1 sampling and grouping 2:0.012008905410766602
SA1 MLP 2:0.062005043029785156
SA2 sampling and grouping 1:0.3675827980041504
SA2 MLP 1:0.3699650764465332
SA2 sampling and grouping 2:0.053873300552368164
SA2 MLP 2:0.05377650260925293
SA3 sampling and grouping 1:0.04521012306213379
SA3 MLP 1:0.31667494773864746
SA3 sampling and grouping 2:0.044293880462646484
SA3 MLP 2:0.04969525337219238
SA4 sampling and grouping 1:0.012429475784301758
SA4 MLP 1:0.3002331256866455
SA4 sampling and grouping 2:0.04299473762512207
SA4 MLP 2:0.04815816879272461
SA End:1.727576494216919
Voting and Proposal time:1.4643428325653076
Total inference time: 91.287498 
Start: 1652608229.097835
Votenet data preprocessing time:0.03764200210571289
Deeplab inference time:89.58324646949768
Pointpainting time:0.7957212924957275
SA Start:0.8928682804107666
SA1 sampling and grouping 1:0.8968613147735596
SA1 MLP 1:4.95098090171814
SA1 sampling and grouping 2:0.01493525505065918
SA1 MLP 2:0.061438798904418945
SA2 sampling and grouping 1:0.300220251083374
SA2 MLP 1:0.3405342102050781
SA2 sampling and grouping 2:0.05207204818725586
SA2 MLP 2:0.05498766899108887
SA3 sampling and grouping 1:0.04460740089416504
SA3 MLP 1:0.31502437591552734
SA3 sampling and grouping 2:0.04528665542602539
SA3 MLP 2:0.05128121376037598
SA4 sampling and grouping 1:0.011291980743408203
SA4 MLP 1:0.31149768829345703
SA4 sampling and grouping 2:0.04483389854431152
SA4 MLP 2:0.049323320388793945
SA End:1.5945909023284912
Voting and Proposal time:1.478116750717163
Total inference time: 101.927363 
Start: 1652608399.4947605
Votenet data preprocessing time:0.04471707344055176
Deeplab inference time:100.2441976070404
Pointpainting time:0.7774722576141357
SA Start:1.6862921714782715
SA1 sampling and grouping 1:1.1116986274719238
SA1 MLP 1:5.206189870834351
SA1 sampling and grouping 2:0.026131868362426758
SA1 MLP 2:0.060614585876464844
SA2 sampling and grouping 1:0.363919734954834
SA2 MLP 1:0.3217465877532959
SA2 sampling and grouping 2:0.04439187049865723
SA2 MLP 2:0.05057644844055176
SA3 sampling and grouping 1:0.04513144493103027
SA3 MLP 1:0.3159604072570801
SA3 sampling and grouping 2:0.043578386306762695
SA3 MLP 2:0.04814958572387695
SA4 sampling and grouping 1:0.010131359100341797
SA4 MLP 1:0.29271745681762695
SA4 sampling and grouping 2:0.042737483978271484
SA4 MLP 2:0.04644632339477539
SA End:1.5691945552825928
Voting and Proposal time:1.8035986423492432
Total inference time: 114.155594 
Start: 1652608583.788297
Votenet data preprocessing time:0.01204538345336914
Deeplab inference time:103.33811569213867
Pointpainting time:0.7816088199615479
SA Start:1.2803623676300049
SA1 sampling and grouping 1:1.344038963317871
SA1 MLP 1:5.358300447463989
SA1 sampling and grouping 2:0.17934131622314453
SA1 MLP 2:0.06156802177429199
SA2 sampling and grouping 1:0.16602563858032227
SA2 MLP 1:0.33723878860473633
SA2 sampling and grouping 2:0.04822516441345215
SA2 MLP 2:0.05490279197692871
SA3 sampling and grouping 1:0.05119204521179199
SA3 MLP 1:0.32860326766967773
SA3 sampling and grouping 2:0.04435920715332031
SA3 MLP 2:0.05248904228210449
SA4 sampling and grouping 1:0.011208772659301758
SA4 MLP 1:0.2954397201538086
SA4 sampling and grouping 2:0.04347586631774902
SA4 MLP 2:0.052162885665893555
SA End:1.678617238998413
Voting and Proposal time:2.048152208328247
Total inference time: 117.567474 
