Start: 1674649366.0673714
Votenet data preprocessing time:0.031339406967163086
Deeplab inference time:1.0403516292572021
Pointpainting time:0.06415033340454102
Pointpainted Votenet start:0.04517078399658203
SA1 sampling and grouping 1:0.5296516418457031
SA1 MLP 1:0.11239337921142578
SA1 sampling and grouping 2:0.5330207347869873
SA1 MLP 2:0.12433862686157227
SA2 sampling and grouping 1:0.11611199378967285
SA2 MLP 1:0.1566300392150879
SA2 sampling and grouping 2:0.1644282341003418
SA2 MLP 2:0.13729214668273926
SA3 sampling and grouping 1:0.05470108985900879
SA3 MLP 1:0.07697510719299316
SA3 sampling and grouping 2:0.09694147109985352
SA3 MLP 2:0.07948446273803711
SA4 MLP 2:0.19772863388061523
SA End:0.3202683925628662
Voting and Proposal time:0.3254213333129883
Total inference time: 4.206399 
Start: 1674649471.6359317
Votenet data preprocessing time:0.03145909309387207
Deeplab inference time:1.0136640071868896
Pointpainting time:0.06437015533447266
Pointpainted Votenet start:0.04686260223388672
SA1 sampling and grouping 1:0.5769155025482178
SA1 MLP 1:0.11137151718139648
SA1 sampling and grouping 2:0.6399040222167969
SA1 MLP 2:0.12661099433898926
SA2 sampling and grouping 1:0.12186932563781738
SA2 MLP 1:0.1509077548980713
SA2 sampling and grouping 2:0.16691207885742188
SA2 MLP 2:0.14426779747009277
SA3 sampling and grouping 1:0.06779050827026367
SA3 MLP 1:0.08562588691711426
SA3 sampling and grouping 2:0.1212000846862793
SA3 MLP 2:0.08471393585205078
SA4 MLP 2:0.20525360107421875
SA End:0.3517496585845947
Voting and Proposal time:0.3465251922607422
Total inference time: 4.457974 
Start: 1674649545.4835863
Votenet data preprocessing time:0.029098987579345703
Deeplab inference time:1.0123674869537354
Pointpainting time:0.06545305252075195
Pointpainted Votenet start:0.04796648025512695
SA1 sampling and grouping 1:0.521094799041748
SA1 MLP 1:0.10291910171508789
SA1 sampling and grouping 2:0.542424201965332
SA1 MLP 2:0.10819005966186523
SA2 sampling and grouping 1:0.11952805519104004
SA2 MLP 1:0.1452643871307373
SA2 sampling and grouping 2:0.16099786758422852
SA2 MLP 2:0.1437358856201172
SA3 sampling and grouping 1:0.06351017951965332
SA3 MLP 1:0.0800333023071289
SA3 sampling and grouping 2:0.11493039131164551
SA3 MLP 2:0.07790637016296387
SA4 MLP 2:0.19652199745178223
SA End:0.3355677127838135
Voting and Proposal time:0.3357884883880615
Total inference time: 4.203299 
Start: 1674649628.9262235
Votenet data preprocessing time:0.029266834259033203
Deeplab inference time:1.0380890369415283
Pointpainting time:0.06559133529663086
Pointpainted Votenet start:0.04763984680175781
SA1 sampling and grouping 1:0.5532035827636719
SA1 MLP 1:0.10024023056030273
SA1 sampling and grouping 2:0.5708732604980469
SA1 MLP 2:0.11231207847595215
SA2 sampling and grouping 1:0.12600088119506836
SA2 MLP 1:0.1406712532043457
SA2 sampling and grouping 2:0.16437673568725586
SA2 MLP 2:0.13276147842407227
SA3 sampling and grouping 1:0.061989784240722656
SA3 MLP 1:0.07996511459350586
SA3 sampling and grouping 2:0.10837435722351074
SA3 MLP 2:0.07978582382202148
SA4 MLP 2:0.19333529472351074
SA End:0.3372788429260254
Voting and Proposal time:0.3215804100036621
Total inference time: 4.263336 
Start: 1674649707.9978898
Votenet data preprocessing time:0.03032064437866211
Deeplab inference time:1.009641408920288
Pointpainting time:0.0656747817993164
Pointpainted Votenet start:0.04500937461853027
SA1 sampling and grouping 1:0.6091926097869873
SA1 MLP 1:0.09680318832397461
SA1 sampling and grouping 2:0.6165874004364014
SA1 MLP 2:0.11534523963928223
SA2 sampling and grouping 1:0.11938714981079102
SA2 MLP 1:0.14850592613220215
SA2 sampling and grouping 2:0.16983556747436523
SA2 MLP 2:0.1402268409729004
SA3 sampling and grouping 1:0.06005716323852539
SA3 MLP 1:0.07478833198547363
SA3 sampling and grouping 2:0.10133194923400879
SA3 MLP 2:0.07649850845336914
SA4 MLP 2:0.18656682968139648
SA End:0.34096813201904297
Voting and Proposal time:0.3208281993865967
Total inference time: 4.327569 
Start: 1674649782.6596613
Votenet data preprocessing time:0.031163930892944336
Deeplab inference time:1.0029902458190918
Pointpainting time:0.06435894966125488
Pointpainted Votenet start:0.04572248458862305
SA1 sampling and grouping 1:0.5911219120025635
SA1 MLP 1:0.09975385665893555
SA1 sampling and grouping 2:0.5793337821960449
SA1 MLP 2:0.10236763954162598
SA2 sampling and grouping 1:0.13485121726989746
SA2 MLP 1:0.15259146690368652
SA2 sampling and grouping 2:0.18496227264404297
SA2 MLP 2:0.13312602043151855
SA3 sampling and grouping 1:0.06272101402282715
SA3 MLP 1:0.07556462287902832
SA3 sampling and grouping 2:0.10609936714172363
SA3 MLP 2:0.07959890365600586
SA4 MLP 2:0.20229053497314453
SA End:0.3549332618713379
Voting and Proposal time:0.3227849006652832
Total inference time: 4.326336 
Start: 1674649860.594151
Votenet data preprocessing time:0.03117823600769043
Deeplab inference time:1.0619912147521973
Pointpainting time:0.06418180465698242
Pointpainted Votenet start:0.04800534248352051
SA1 sampling and grouping 1:0.517399787902832
SA1 MLP 1:0.11905360221862793
SA1 sampling and grouping 2:0.5411255359649658
SA1 MLP 2:0.11171603202819824
SA2 sampling and grouping 1:0.11909937858581543
SA2 MLP 1:0.15069222450256348
SA2 sampling and grouping 2:0.15933871269226074
SA2 MLP 2:0.14276814460754395
SA3 sampling and grouping 1:0.05434131622314453
SA3 MLP 1:0.08271479606628418
SA3 sampling and grouping 2:0.10054969787597656
SA3 MLP 2:0.08330774307250977
SA4 MLP 2:0.19690346717834473
SA End:0.32833409309387207
Voting and Proposal time:0.32660508155822754
Total inference time: 4.239306 
Start: 1674649935.626078
Votenet data preprocessing time:0.0319974422454834
Deeplab inference time:1.0156352519989014
Pointpainting time:0.06402349472045898
Pointpainted Votenet start:0.04760622978210449
SA1 sampling and grouping 1:0.682544469833374
SA1 MLP 1:0.12030863761901855
SA1 sampling and grouping 2:0.6309835910797119
SA1 MLP 2:0.11057806015014648
SA2 sampling and grouping 1:0.12679839134216309
SA2 MLP 1:0.15941953659057617
SA2 sampling and grouping 2:0.17531275749206543
SA2 MLP 2:0.15990424156188965
SA3 sampling and grouping 1:0.07190585136413574
SA3 MLP 1:0.08668780326843262
SA3 sampling and grouping 2:0.11857938766479492
SA3 MLP 2:0.07980179786682129
SA4 MLP 2:0.20129704475402832
SA End:0.35605430603027344
Voting and Proposal time:0.3258974552154541
Total inference time: 4.565336 
Start: 1674650008.0824628
Votenet data preprocessing time:0.03139209747314453
Deeplab inference time:1.0078096389770508
Pointpainting time:0.06409573554992676
Pointpainted Votenet start:0.04732322692871094
SA1 sampling and grouping 1:1.124497652053833
SA1 MLP 1:0.10525202751159668
SA1 sampling and grouping 2:0.7127945423126221
SA1 MLP 2:0.12054586410522461
SA2 sampling and grouping 1:0.12728428840637207
SA2 MLP 1:0.1493968963623047
SA2 sampling and grouping 2:0.16395998001098633
SA2 MLP 2:0.14106249809265137
SA3 sampling and grouping 1:0.06320333480834961
SA3 MLP 1:0.08119010925292969
SA3 sampling and grouping 2:0.11524319648742676
SA3 MLP 2:0.09050798416137695
SA4 MLP 2:0.19321608543395996
SA End:0.34317684173583984
Voting and Proposal time:0.3372070789337158
Total inference time: 5.019159 
Start: 1674650077.1477041
Votenet data preprocessing time:0.03127336502075195
Deeplab inference time:1.004448652267456
Pointpainting time:0.06510257720947266
Pointpainted Votenet start:0.046051740646362305
SA1 sampling and grouping 1:0.546560525894165
SA1 MLP 1:0.10352277755737305
SA1 sampling and grouping 2:0.5851514339447021
SA1 MLP 2:0.11351275444030762
SA2 sampling and grouping 1:0.1121988296508789
SA2 MLP 1:0.13491296768188477
SA2 sampling and grouping 2:0.14926862716674805
SA2 MLP 2:0.14273428916931152
SA3 sampling and grouping 1:0.06339073181152344
SA3 MLP 1:0.07892823219299316
SA3 sampling and grouping 2:0.10331964492797852
SA3 MLP 2:0.0755929946899414
SA4 MLP 2:0.19615435600280762
SA End:0.32978177070617676
Voting and Proposal time:0.3219490051269531
Total inference time: 4.203855 
Start: 1674650151.6910431
Votenet data preprocessing time:0.0294191837310791
Deeplab inference time:1.0273513793945312
Pointpainting time:0.06536173820495605
Pointpainted Votenet start:0.04744601249694824
SA1 sampling and grouping 1:0.86258864402771
SA1 MLP 1:0.10421323776245117
SA1 sampling and grouping 2:0.5609781742095947
SA1 MLP 2:0.10817933082580566
SA2 sampling and grouping 1:0.1253798007965088
SA2 MLP 1:0.14586329460144043
SA2 sampling and grouping 2:0.16209101676940918
SA2 MLP 2:0.13280487060546875
SA3 sampling and grouping 1:0.057657480239868164
SA3 MLP 1:0.08365321159362793
SA3 sampling and grouping 2:0.11956381797790527
SA3 MLP 2:0.08037114143371582
SA4 MLP 2:0.20678234100341797
SA End:0.34569597244262695
Voting and Proposal time:0.3263261318206787
Total inference time: 4.591727 
Start: 1674650221.655845
Votenet data preprocessing time:0.029836416244506836
Deeplab inference time:1.0024197101593018
Pointpainting time:0.06497907638549805
Pointpainted Votenet start:0.04871344566345215
SA1 sampling and grouping 1:0.5498340129852295
SA1 MLP 1:0.09095263481140137
SA1 sampling and grouping 2:0.5612270832061768
SA1 MLP 2:0.11706137657165527
SA2 sampling and grouping 1:0.12891530990600586
SA2 MLP 1:0.14891505241394043
SA2 sampling and grouping 2:0.16478204727172852
SA2 MLP 2:0.1412820816040039
SA3 sampling and grouping 1:0.0728914737701416
SA3 MLP 1:0.08584785461425781
SA3 sampling and grouping 2:0.11011934280395508
SA3 MLP 2:0.07730722427368164
SA4 MLP 2:0.1971752643585205
SA End:0.34182214736938477
Voting and Proposal time:0.3194279670715332
Total inference time: 4.253510 
Start: 1674650295.4275036
Votenet data preprocessing time:0.02931356430053711
Deeplab inference time:1.0030291080474854
Pointpainting time:0.06454110145568848
Pointpainted Votenet start:0.046356916427612305
SA1 sampling and grouping 1:0.5087080001831055
SA1 MLP 1:0.11345052719116211
SA1 sampling and grouping 2:0.5851833820343018
SA1 MLP 2:0.11814308166503906
SA2 sampling and grouping 1:0.11725664138793945
SA2 MLP 1:0.13888049125671387
SA2 sampling and grouping 2:0.1589951515197754
SA2 MLP 2:0.13406157493591309
SA3 sampling and grouping 1:0.061460018157958984
SA3 MLP 1:0.07894730567932129
SA3 sampling and grouping 2:0.10805630683898926
SA3 MLP 2:0.07695198059082031
SA4 MLP 2:0.18353867530822754
SA End:0.3260838985443115
Voting and Proposal time:0.3361480236053467
Total inference time: 4.189106 
Start: 1674650365.1521842
Votenet data preprocessing time:0.029597759246826172
Deeplab inference time:1.0066380500793457
Pointpainting time:0.06544876098632812
Pointpainted Votenet start:0.04760289192199707
SA1 sampling and grouping 1:0.6619353294372559
SA1 MLP 1:0.09743213653564453
SA1 sampling and grouping 2:0.6030261516571045
SA1 MLP 2:0.10330820083618164
SA2 sampling and grouping 1:0.12855768203735352
SA2 MLP 1:0.14226579666137695
SA2 sampling and grouping 2:0.17290925979614258
SA2 MLP 2:0.13925647735595703
SA3 sampling and grouping 1:0.06426191329956055
SA3 MLP 1:0.07646894454956055
SA3 sampling and grouping 2:0.10678458213806152
SA3 MLP 2:0.07579708099365234
SA4 MLP 2:0.1882627010345459
SA End:0.32956743240356445
Voting and Proposal time:0.33237719535827637
Total inference time: 4.371498 
Start: 1674650440.2768419
Votenet data preprocessing time:0.030974149703979492
Deeplab inference time:1.0003211498260498
Pointpainting time:0.06409049034118652
Pointpainted Votenet start:0.047618865966796875
SA1 sampling and grouping 1:0.5734500885009766
SA1 MLP 1:0.09854006767272949
SA1 sampling and grouping 2:0.5803518295288086
SA1 MLP 2:0.12401652336120605
SA2 sampling and grouping 1:0.13624906539916992
SA2 MLP 1:0.15597987174987793
SA2 sampling and grouping 2:0.16982769966125488
SA2 MLP 2:0.13715004920959473
SA3 sampling and grouping 1:0.06441593170166016
SA3 MLP 1:0.07567310333251953
SA3 sampling and grouping 2:0.10300207138061523
SA3 MLP 2:0.07509088516235352
SA4 MLP 2:0.1929466724395752
SA End:0.3396730422973633
Voting and Proposal time:0.3274703025817871
Total inference time: 4.296842 
Start: 1674650515.40884
Votenet data preprocessing time:0.03155660629272461
Deeplab inference time:1.0079960823059082
Pointpainting time:0.06595540046691895
Pointpainted Votenet start:0.04532814025878906
SA1 sampling and grouping 1:0.5485241413116455
SA1 MLP 1:0.10760784149169922
SA1 sampling and grouping 2:0.560931921005249
SA1 MLP 2:0.11780023574829102
SA2 sampling and grouping 1:0.12160873413085938
SA2 MLP 1:0.15601801872253418
SA2 sampling and grouping 2:0.16771578788757324
SA2 MLP 2:0.14661812782287598
SA3 sampling and grouping 1:0.06613039970397949
SA3 MLP 1:0.0841059684753418
SA3 sampling and grouping 2:0.11003398895263672
SA3 MLP 2:0.08523344993591309
SA4 MLP 2:0.2044203281402588
SA End:0.3297145366668701
Voting and Proposal time:0.34149646759033203
Total inference time: 4.298796 
Start: 1674650594.493921
Votenet data preprocessing time:0.03127479553222656
Deeplab inference time:1.0145785808563232
Pointpainting time:0.0653529167175293
Pointpainted Votenet start:0.04740619659423828
SA1 sampling and grouping 1:0.5990839004516602
SA1 MLP 1:0.1150519847869873
SA1 sampling and grouping 2:0.603339672088623
SA1 MLP 2:0.11442160606384277
SA2 sampling and grouping 1:0.12868332862854004
SA2 MLP 1:0.14535021781921387
SA2 sampling and grouping 2:0.16634440422058105
SA2 MLP 2:0.15896248817443848
SA3 sampling and grouping 1:0.06727957725524902
SA3 MLP 1:0.09101986885070801
SA3 sampling and grouping 2:0.10846328735351562
SA3 MLP 2:0.07813692092895508
SA4 MLP 2:0.20204758644104004
SA End:0.3293182849884033
Voting and Proposal time:0.32227635383605957
Total inference time: 4.388392 
Start: 1674650677.2596953
Votenet data preprocessing time:0.02966904640197754
Deeplab inference time:1.013289213180542
Pointpainting time:0.0651404857635498
Pointpainted Votenet start:0.04799032211303711
SA1 sampling and grouping 1:0.6283905506134033
SA1 MLP 1:0.10680055618286133
SA1 sampling and grouping 2:0.6146054267883301
SA1 MLP 2:0.10909652709960938
SA2 sampling and grouping 1:0.11403131484985352
SA2 MLP 1:0.144866943359375
SA2 sampling and grouping 2:0.1571187973022461
SA2 MLP 2:0.14261293411254883
SA3 sampling and grouping 1:0.06366491317749023
SA3 MLP 1:0.09291410446166992
SA3 sampling and grouping 2:0.12063789367675781
SA3 MLP 2:0.08663678169250488
SA4 MLP 2:0.20746111869812012
SA End:0.329495906829834
Voting and Proposal time:0.3334827423095703
Total inference time: 4.407906 
Start: 1674650751.8152
Votenet data preprocessing time:0.03178262710571289
Deeplab inference time:1.0069093704223633
Pointpainting time:0.06638741493225098
Pointpainted Votenet start:0.04890012741088867
SA1 sampling and grouping 1:0.5654304027557373
SA1 MLP 1:0.09898877143859863
SA1 sampling and grouping 2:0.6061069965362549
SA1 MLP 2:0.11774611473083496
SA2 sampling and grouping 1:0.11757135391235352
SA2 MLP 1:0.13781070709228516
SA2 sampling and grouping 2:0.15676212310791016
SA2 MLP 2:0.1322777271270752
SA3 sampling and grouping 1:0.06630492210388184
SA3 MLP 1:0.08386826515197754
SA3 sampling and grouping 2:0.10762548446655273
SA3 MLP 2:0.07917070388793945
SA4 MLP 2:0.19649076461791992
SA End:0.33957934379577637
Voting and Proposal time:0.32648658752441406
Total inference time: 4.286200 
Start: 1674650822.1992636
Votenet data preprocessing time:0.031119585037231445
Deeplab inference time:1.014477014541626
Pointpainting time:0.06447720527648926
Pointpainted Votenet start:0.04660654067993164
SA1 sampling and grouping 1:0.5671532154083252
SA1 MLP 1:0.12584328651428223
SA1 sampling and grouping 2:0.5907342433929443
SA1 MLP 2:0.13864922523498535
SA2 sampling and grouping 1:0.13449478149414062
SA2 MLP 1:0.152418851852417
SA2 sampling and grouping 2:0.15835261344909668
SA2 MLP 2:0.1408236026763916
SA3 sampling and grouping 1:0.06793737411499023
SA3 MLP 1:0.08594989776611328
SA3 sampling and grouping 2:0.11715984344482422
SA3 MLP 2:0.0831291675567627
SA4 MLP 2:0.20418190956115723
SA End:0.32962822914123535
Voting and Proposal time:0.3435964584350586
Total inference time: 4.396733 
Start: 1674650898.0360944
Votenet data preprocessing time:0.03175020217895508
Deeplab inference time:0.9999523162841797
Pointpainting time:0.06351804733276367
Pointpainted Votenet start:0.047272682189941406
SA1 sampling and grouping 1:0.6106266975402832
SA1 MLP 1:0.09818434715270996
SA1 sampling and grouping 2:0.6272237300872803
SA1 MLP 2:0.10262417793273926
SA2 sampling and grouping 1:0.13141727447509766
SA2 MLP 1:0.14681339263916016
SA2 sampling and grouping 2:0.1668555736541748
SA2 MLP 2:0.1302204132080078
SA3 sampling and grouping 1:0.06150507926940918
SA3 MLP 1:0.07839369773864746
SA3 sampling and grouping 2:0.1097722053527832
SA3 MLP 2:0.0794064998626709
SA4 MLP 2:0.1826333999633789
SA End:0.3226344585418701
Voting and Proposal time:0.3281137943267822
Total inference time: 4.318918 
