Start: 1659469162.0725508
Votenet data preprocessing time:0.03236055374145508
Pointpainted Votenet start:0.04107546806335449
Deeplab inference time:0.9825823307037354
Pointpainting time:0.0487825870513916
SA1 sampling and grouping 1:0.031630516052246094
SA1 MLP 1:0.0011661052703857422
SA1 sampling and grouping 2:0.4875030517578125
SA1 MLP 2:0.0014586448669433594
SA2 sampling and grouping 1:0.06643986701965332
SA2 MLP 1:0.07664012908935547
SA2 sampling and grouping 2:0.10571622848510742
SA2 MLP 2:0.09404993057250977
SA3 sampling and grouping 1:0.04216361045837402
SA3 MLP 1:0.12647008895874023
SA3 sampling and grouping 2:0.08063030242919922
SA3 MLP 2:0.043817758560180664
SA4 sampling and grouping 1:0.036954641342163086
SA4 MLP 1:0.05601859092712402
SA4 sampling and grouping 2:0.0301971435546875
SA4 MLP 2:0.07323503494262695
SA End:0.4449641704559326
Voting and Proposal time:0.34534144401550293
Total inference time: 3.249198 
Start: 1659469191.463257
Votenet data preprocessing time:0.03159332275390625
Pointpainted Votenet start:0.037302494049072266
Deeplab inference time:0.9864745140075684
Pointpainting time:0.04845476150512695
SA1 sampling and grouping 1:0.03197121620178223
SA1 MLP 1:0.0014340877532958984
SA1 sampling and grouping 2:0.5059385299682617
SA1 MLP 2:0.0014929771423339844
SA2 sampling and grouping 1:0.0618433952331543
SA2 MLP 1:0.06561565399169922
SA2 sampling and grouping 2:0.10425686836242676
SA2 MLP 2:0.0901651382446289
SA3 sampling and grouping 1:0.04769754409790039
SA3 MLP 1:0.12138509750366211
SA3 sampling and grouping 2:0.07121562957763672
SA3 MLP 2:0.04286551475524902
SA4 sampling and grouping 1:0.040108680725097656
SA4 MLP 1:0.0555419921875
SA4 sampling and grouping 2:0.03492546081542969
SA4 MLP 2:0.07133078575134277
SA End:0.4480705261230469
Voting and Proposal time:0.32483792304992676
Total inference time: 3.224522 
Start: 1659469220.9227052
Votenet data preprocessing time:0.03175020217895508
Pointpainted Votenet start:0.0367894172668457
Deeplab inference time:0.9977850914001465
Pointpainting time:0.04778575897216797
SA1 sampling and grouping 1:0.0309295654296875
SA1 MLP 1:0.0011184215545654297
SA1 sampling and grouping 2:0.49295592308044434
SA1 MLP 2:0.0015552043914794922
SA2 sampling and grouping 1:0.06216311454772949
SA2 MLP 1:0.06999325752258301
SA2 sampling and grouping 2:0.10635924339294434
SA2 MLP 2:0.09844803810119629
SA3 sampling and grouping 1:0.04290294647216797
SA3 MLP 1:0.12080526351928711
SA3 sampling and grouping 2:0.07340788841247559
SA3 MLP 2:0.04350543022155762
SA4 sampling and grouping 1:0.03942275047302246
SA4 MLP 1:0.05708456039428711
SA4 sampling and grouping 2:0.03597736358642578
SA4 MLP 2:0.07259941101074219
SA End:0.43837761878967285
Voting and Proposal time:0.3338747024536133
Total inference time: 3.235591 
Start: 1659469250.3105562
Votenet data preprocessing time:0.02936530113220215
Pointpainted Votenet start:0.037532806396484375
Deeplab inference time:0.9914145469665527
Pointpainting time:0.04785585403442383
SA1 sampling and grouping 1:0.03135490417480469
SA1 MLP 1:0.001567840576171875
SA1 sampling and grouping 2:0.5147874355316162
SA1 MLP 2:0.0017399787902832031
SA2 sampling and grouping 1:0.06203126907348633
SA2 MLP 1:0.0678250789642334
SA2 sampling and grouping 2:0.1071631908416748
SA2 MLP 2:0.09611272811889648
SA3 sampling and grouping 1:0.0411524772644043
SA3 MLP 1:0.12107253074645996
SA3 sampling and grouping 2:0.0721137523651123
SA3 MLP 2:0.04319453239440918
SA4 sampling and grouping 1:0.03985261917114258
SA4 MLP 1:0.05455660820007324
SA4 sampling and grouping 2:0.03177905082702637
SA4 MLP 2:0.07120037078857422
SA End:0.44907307624816895
Voting and Proposal time:0.3357243537902832
Total inference time: 3.248470 
Start: 1659469279.7179437
Votenet data preprocessing time:0.03169512748718262
Pointpainted Votenet start:0.03791213035583496
Deeplab inference time:0.9866006374359131
Pointpainting time:0.048509836196899414
SA1 sampling and grouping 1:0.030881643295288086
SA1 MLP 1:0.0012657642364501953
SA1 sampling and grouping 2:0.5033361911773682
SA1 MLP 2:0.0014274120330810547
SA2 sampling and grouping 1:0.06426739692687988
SA2 MLP 1:0.06939935684204102
SA2 sampling and grouping 2:0.10141539573669434
SA2 MLP 2:0.09414005279541016
SA3 sampling and grouping 1:0.04386425018310547
SA3 MLP 1:0.127549409866333
SA3 sampling and grouping 2:0.07338333129882812
SA3 MLP 2:0.04225897789001465
SA4 sampling and grouping 1:0.036972999572753906
SA4 MLP 1:0.05762195587158203
SA4 sampling and grouping 2:0.03230762481689453
SA4 MLP 2:0.06837201118469238
SA End:0.44409751892089844
Voting and Proposal time:0.332165002822876
Total inference time: 3.229444 
Start: 1659469309.238546
Votenet data preprocessing time:0.03182196617126465
Pointpainted Votenet start:0.03766322135925293
Deeplab inference time:0.9858968257904053
Pointpainting time:0.048644304275512695
SA1 sampling and grouping 1:0.031229019165039062
SA1 MLP 1:0.0013396739959716797
SA1 sampling and grouping 2:0.504589319229126
SA1 MLP 2:0.0015935897827148438
SA2 sampling and grouping 1:0.06055092811584473
SA2 MLP 1:0.05910444259643555
SA2 sampling and grouping 2:0.10213398933410645
SA2 MLP 2:0.09404230117797852
SA3 sampling and grouping 1:0.04423642158508301
SA3 MLP 1:0.11888408660888672
SA3 sampling and grouping 2:0.0766444206237793
SA3 MLP 2:0.04217791557312012
SA4 sampling and grouping 1:0.03598666191101074
SA4 MLP 1:0.056173086166381836
SA4 sampling and grouping 2:0.032625436782836914
SA4 MLP 2:0.06598877906799316
SA End:0.45710062980651855
Voting and Proposal time:0.3324928283691406
Total inference time: 3.220920 
Start: 1659469338.829108
Votenet data preprocessing time:0.031682729721069336
Pointpainted Votenet start:0.03806447982788086
Deeplab inference time:0.9909605979919434
Pointpainting time:0.0460658073425293
SA1 sampling and grouping 1:0.03270697593688965
SA1 MLP 1:0.0018837451934814453
SA1 sampling and grouping 2:0.5544514656066895
SA1 MLP 2:0.0019409656524658203
SA2 sampling and grouping 1:0.0631246566772461
SA2 MLP 1:0.061339378356933594
SA2 sampling and grouping 2:0.10493183135986328
SA2 MLP 2:0.09458041191101074
SA3 sampling and grouping 1:0.04551100730895996
SA3 MLP 1:0.1211998462677002
SA3 sampling and grouping 2:0.07775616645812988
SA3 MLP 2:0.04374861717224121
SA4 sampling and grouping 1:0.03771662712097168
SA4 MLP 1:0.05899930000305176
SA4 sampling and grouping 2:0.03164386749267578
SA4 MLP 2:0.0702822208404541
SA End:0.45168447494506836
Voting and Proposal time:0.33647608757019043
Total inference time: 3.296751 
Start: 1659469368.333749
Votenet data preprocessing time:0.03164315223693848
Pointpainted Votenet start:0.03727316856384277
Deeplab inference time:0.9855732917785645
Pointpainting time:0.046187400817871094
SA1 sampling and grouping 1:0.03052377700805664
SA1 MLP 1:0.0013098716735839844
SA1 sampling and grouping 2:0.5391290187835693
SA1 MLP 2:0.0013647079467773438
SA2 sampling and grouping 1:0.0661616325378418
SA2 MLP 1:0.07459163665771484
SA2 sampling and grouping 2:0.11058354377746582
SA2 MLP 2:0.09322404861450195
SA3 sampling and grouping 1:0.04358935356140137
SA3 MLP 1:0.1244497299194336
SA3 sampling and grouping 2:0.07473015785217285
SA3 MLP 2:0.043428659439086914
SA4 sampling and grouping 1:0.03731727600097656
SA4 MLP 1:0.05550193786621094
SA4 sampling and grouping 2:0.031180143356323242
SA4 MLP 2:0.069671630859375
SA End:0.45276522636413574
Voting and Proposal time:0.3174324035644531
Total inference time: 3.267632 
Start: 1659469397.7792785
Votenet data preprocessing time:0.031919002532958984
Pointpainted Votenet start:0.03733348846435547
Deeplab inference time:0.9853610992431641
Pointpainting time:0.04600334167480469
SA1 sampling and grouping 1:0.029956579208374023
SA1 MLP 1:0.0011665821075439453
SA1 sampling and grouping 2:0.5141198635101318
SA1 MLP 2:0.0018100738525390625
SA2 sampling and grouping 1:0.06496143341064453
SA2 MLP 1:0.06927609443664551
SA2 sampling and grouping 2:0.10127115249633789
SA2 MLP 2:0.09174752235412598
SA3 sampling and grouping 1:0.04090118408203125
SA3 MLP 1:0.12043261528015137
SA3 sampling and grouping 2:0.08046674728393555
SA3 MLP 2:0.04406237602233887
SA4 sampling and grouping 1:0.03665518760681152
SA4 MLP 1:0.05691075325012207
SA4 sampling and grouping 2:0.03323078155517578
SA4 MLP 2:0.06977319717407227
SA End:0.43790555000305176
Voting and Proposal time:0.3362405300140381
Total inference time: 3.231505 
Start: 1659469427.1995115
Votenet data preprocessing time:0.028999805450439453
Pointpainted Votenet start:0.037142038345336914
Deeplab inference time:0.9885385036468506
Pointpainting time:0.046979665756225586
SA1 sampling and grouping 1:0.032175540924072266
SA1 MLP 1:0.001119375228881836
SA1 sampling and grouping 2:0.5048997402191162
SA1 MLP 2:0.001680612564086914
SA2 sampling and grouping 1:0.0624082088470459
SA2 MLP 1:0.06741833686828613
SA2 sampling and grouping 2:0.10704517364501953
SA2 MLP 2:0.0901036262512207
SA3 sampling and grouping 1:0.04224252700805664
SA3 MLP 1:0.12216567993164062
SA3 sampling and grouping 2:0.07234883308410645
SA3 MLP 2:0.04386138916015625
SA4 sampling and grouping 1:0.03493094444274902
SA4 MLP 1:0.057889699935913086
SA4 sampling and grouping 2:0.027881383895874023
SA4 MLP 2:0.06995129585266113
SA End:0.4476132392883301
Voting and Proposal time:0.34139156341552734
Total inference time: 3.228787 
Start: 1659469456.7155852
Votenet data preprocessing time:0.031501054763793945
Pointpainted Votenet start:0.03795742988586426
Deeplab inference time:0.9828765392303467
Pointpainting time:0.04630637168884277
SA1 sampling and grouping 1:0.03192543983459473
SA1 MLP 1:0.0011992454528808594
SA1 sampling and grouping 2:0.5313100814819336
SA1 MLP 2:0.001476287841796875
SA2 sampling and grouping 1:0.06182694435119629
SA2 MLP 1:0.07008814811706543
SA2 sampling and grouping 2:0.10813641548156738
SA2 MLP 2:0.0918726921081543
SA3 sampling and grouping 1:0.04156804084777832
SA3 MLP 1:0.12134432792663574
SA3 sampling and grouping 2:0.07519674301147461
SA3 MLP 2:0.0433499813079834
SA4 sampling and grouping 1:0.03852081298828125
SA4 MLP 1:0.055710792541503906
SA4 sampling and grouping 2:0.030843734741210938
SA4 MLP 2:0.07256031036376953
SA End:0.4638373851776123
Voting and Proposal time:0.3249824047088623
Total inference time: 3.264391 
Start: 1659469486.152717
Votenet data preprocessing time:0.0317842960357666
Pointpainted Votenet start:0.03719162940979004
Deeplab inference time:0.980506181716919
Pointpainting time:0.04819679260253906
SA1 sampling and grouping 1:0.030861854553222656
SA1 MLP 1:0.0015060901641845703
SA1 sampling and grouping 2:0.5292725563049316
SA1 MLP 2:0.0016574859619140625
SA2 sampling and grouping 1:0.06323528289794922
SA2 MLP 1:0.07004094123840332
SA2 sampling and grouping 2:0.10219955444335938
SA2 MLP 2:0.10127544403076172
SA3 sampling and grouping 1:0.04564380645751953
SA3 MLP 1:0.11828827857971191
SA3 sampling and grouping 2:0.0776815414428711
SA3 MLP 2:0.044004201889038086
SA4 sampling and grouping 1:0.04022932052612305
SA4 MLP 1:0.057745933532714844
SA4 sampling and grouping 2:0.0325465202331543
SA4 MLP 2:0.07732391357421875
SA End:0.44812464714050293
Voting and Proposal time:0.3196260929107666
Total inference time: 3.258942 
Start: 1659469515.6669312
Votenet data preprocessing time:0.0314483642578125
Pointpainted Votenet start:0.03760528564453125
Deeplab inference time:0.9811124801635742
Pointpainting time:0.04645133018493652
SA1 sampling and grouping 1:0.03283071517944336
SA1 MLP 1:0.0014281272888183594
SA1 sampling and grouping 2:0.5523550510406494
SA1 MLP 2:0.0013952255249023438
SA2 sampling and grouping 1:0.05928516387939453
SA2 MLP 1:0.06326079368591309
SA2 sampling and grouping 2:0.1050269603729248
SA2 MLP 2:0.09265017509460449
SA3 sampling and grouping 1:0.04365396499633789
SA3 MLP 1:0.11909151077270508
SA3 sampling and grouping 2:0.07531166076660156
SA3 MLP 2:0.0446319580078125
SA4 sampling and grouping 1:0.04017758369445801
SA4 MLP 1:0.05756855010986328
SA4 sampling and grouping 2:0.02907705307006836
SA4 MLP 2:0.07825922966003418
SA End:0.4537630081176758
Voting and Proposal time:0.33553004264831543
Total inference time: 3.281914 
Start: 1659469545.1622336
Votenet data preprocessing time:0.03085017204284668
Pointpainted Votenet start:0.03706645965576172
Deeplab inference time:1.4668793678283691
Pointpainting time:0.049971818923950195
SA1 sampling and grouping 1:0.0407106876373291
SA1 MLP 1:0.0014634132385253906
SA1 sampling and grouping 2:0.6126265525817871
SA1 MLP 2:0.0018646717071533203
SA2 sampling and grouping 1:0.06217622756958008
SA2 MLP 1:0.07652735710144043
SA2 sampling and grouping 2:0.10730648040771484
SA2 MLP 2:0.08919072151184082
SA3 sampling and grouping 1:0.04422187805175781
SA3 MLP 1:0.11900210380554199
SA3 sampling and grouping 2:0.07818222045898438
SA3 MLP 2:0.0431826114654541
SA4 sampling and grouping 1:0.038278818130493164
SA4 MLP 1:0.054494380950927734
SA4 sampling and grouping 2:0.03217363357543945
SA4 MLP 2:0.07529449462890625
SA End:0.45325684547424316
Voting and Proposal time:0.3313941955566406
Total inference time: 3.846115 
Start: 1659469575.2204328
Votenet data preprocessing time:0.02969837188720703
Pointpainted Votenet start:0.03730893135070801
Deeplab inference time:0.9843599796295166
Pointpainting time:0.04761171340942383
SA1 sampling and grouping 1:0.029972076416015625
SA1 MLP 1:0.0011706352233886719
SA1 sampling and grouping 2:0.48379969596862793
SA1 MLP 2:0.0013659000396728516
SA2 sampling and grouping 1:0.06270909309387207
SA2 MLP 1:0.06580257415771484
SA2 sampling and grouping 2:0.1053006649017334
SA2 MLP 2:0.09282445907592773
SA3 sampling and grouping 1:0.04115462303161621
SA3 MLP 1:0.12314319610595703
SA3 sampling and grouping 2:0.07226729393005371
SA3 MLP 2:0.043944358825683594
SA4 sampling and grouping 1:0.03747296333312988
SA4 MLP 1:0.05610799789428711
SA4 sampling and grouping 2:0.031583547592163086
SA4 MLP 2:0.07467222213745117
SA End:0.4389665126800537
Voting and Proposal time:0.32949018478393555
Total inference time: 3.190727 
Start: 1659469604.713216
Votenet data preprocessing time:0.031584739685058594
Pointpainted Votenet start:0.03827333450317383
Deeplab inference time:0.9808545112609863
Pointpainting time:0.04768538475036621
SA1 sampling and grouping 1:0.0326535701751709
SA1 MLP 1:0.0012364387512207031
SA1 sampling and grouping 2:0.548304557800293
SA1 MLP 2:0.0016663074493408203
SA2 sampling and grouping 1:0.06566047668457031
SA2 MLP 1:0.07097005844116211
SA2 sampling and grouping 2:0.10049605369567871
SA2 MLP 2:0.09250926971435547
SA3 sampling and grouping 1:0.04230213165283203
SA3 MLP 1:0.12065482139587402
SA3 sampling and grouping 2:0.07316732406616211
SA3 MLP 2:0.04434704780578613
SA4 sampling and grouping 1:0.04156064987182617
SA4 MLP 1:0.0558927059173584
SA4 sampling and grouping 2:0.030469655990600586
SA4 MLP 2:0.06881284713745117
SA End:0.44816064834594727
Voting and Proposal time:0.33931517601013184
Total inference time: 3.276578 
Start: 1659469634.1911504
Votenet data preprocessing time:0.03189444541931152
Pointpainted Votenet start:0.03856945037841797
Deeplab inference time:0.9891479015350342
Pointpainting time:0.04686594009399414
SA1 sampling and grouping 1:0.030591249465942383
SA1 MLP 1:0.0012717247009277344
SA1 sampling and grouping 2:0.5019392967224121
SA1 MLP 2:0.001516580581665039
SA2 sampling and grouping 1:0.06107211112976074
SA2 MLP 1:0.0653378963470459
SA2 sampling and grouping 2:0.10428881645202637
SA2 MLP 2:0.09577822685241699
SA3 sampling and grouping 1:0.04389834403991699
SA3 MLP 1:0.12294507026672363
SA3 sampling and grouping 2:0.07616138458251953
SA3 MLP 2:0.04196786880493164
SA4 sampling and grouping 1:0.038536787033081055
SA4 MLP 1:0.05562114715576172
SA4 sampling and grouping 2:0.03331112861633301
SA4 MLP 2:0.07292890548706055
SA End:0.4410991668701172
Voting and Proposal time:0.32939791679382324
Total inference time: 3.224141 
Start: 1659469663.7395916
Votenet data preprocessing time:0.03149867057800293
Pointpainted Votenet start:0.037578582763671875
Deeplab inference time:0.9824683666229248
Pointpainting time:0.0471341609954834
SA1 sampling and grouping 1:0.031436920166015625
SA1 MLP 1:0.0011410713195800781
SA1 sampling and grouping 2:0.5094165802001953
SA1 MLP 2:0.001462697982788086
SA2 sampling and grouping 1:0.0639810562133789
SA2 MLP 1:0.06261730194091797
SA2 sampling and grouping 2:0.10770511627197266
SA2 MLP 2:0.09602737426757812
SA3 sampling and grouping 1:0.0423579216003418
SA3 MLP 1:0.12238526344299316
SA3 sampling and grouping 2:0.08053326606750488
SA3 MLP 2:0.04287981986999512
SA4 sampling and grouping 1:0.03917741775512695
SA4 MLP 1:0.05455827713012695
SA4 sampling and grouping 2:0.032065629959106445
SA4 MLP 2:0.07400345802307129
SA End:0.4532949924468994
Voting and Proposal time:0.33716535568237305
Total inference time: 3.250889 
Start: 1659469693.1012442
Votenet data preprocessing time:0.031067848205566406
Pointpainted Votenet start:0.03796839714050293
Deeplab inference time:0.9835448265075684
Pointpainting time:0.0460200309753418
SA1 sampling and grouping 1:0.03345966339111328
SA1 MLP 1:0.002246379852294922
SA1 sampling and grouping 2:0.5328762531280518
SA1 MLP 2:0.0015451908111572266
SA2 sampling and grouping 1:0.07236433029174805
SA2 MLP 1:0.06241607666015625
SA2 sampling and grouping 2:0.10490870475769043
SA2 MLP 2:0.09357976913452148
SA3 sampling and grouping 1:0.04275226593017578
SA3 MLP 1:0.12032365798950195
SA3 sampling and grouping 2:0.0721139907836914
SA3 MLP 2:0.04431748390197754
SA4 sampling and grouping 1:0.037207841873168945
SA4 MLP 1:0.05906224250793457
SA4 sampling and grouping 2:0.031470537185668945
SA4 MLP 2:0.07314038276672363
SA End:0.4411652088165283
Voting and Proposal time:0.33171916007995605
Total inference time: 3.255270 
Start: 1659469722.61497
Votenet data preprocessing time:0.031189680099487305
Pointpainted Votenet start:0.03952431678771973
Deeplab inference time:0.9856228828430176
Pointpainting time:0.04775285720825195
SA1 sampling and grouping 1:0.031412363052368164
SA1 MLP 1:0.00146484375
SA1 sampling and grouping 2:0.5335896015167236
SA1 MLP 2:0.0015799999237060547
SA2 sampling and grouping 1:0.0642697811126709
SA2 MLP 1:0.06502771377563477
SA2 sampling and grouping 2:0.10214447975158691
SA2 MLP 2:0.09655070304870605
SA3 sampling and grouping 1:0.04123806953430176
SA3 MLP 1:0.12005186080932617
SA3 sampling and grouping 2:0.07627582550048828
SA3 MLP 2:0.043360233306884766
SA4 sampling and grouping 1:0.039154767990112305
SA4 MLP 1:0.05650520324707031
SA4 sampling and grouping 2:0.03321123123168945
SA4 MLP 2:0.07534575462341309
SA End:0.4473996162414551
Voting and Proposal time:0.3304014205932617
Total inference time: 3.263073 
