Start: 1652541552.4837658
Votenet data preprocessing time:0.029587984085083008
Pointpainted Votenet start:0.03734540939331055
Deeplab inference time:1.0358495712280273
Pointpainting time:0.05738949775695801
SA1 sampling and grouping 1:0.030031919479370117
SA1 MLP 1:0.0011785030364990234
SA1 sampling and grouping: 20.36281847953796387
SA1 MLP 2:0.0013117790222167969
SA2 sampling and grouping 1:0.06453490257263184
SA2 MLP 1:0.06610321998596191
SA2 sampling and grouping 2:0.10232234001159668
SA2 MLP 2:0.09342408180236816
SA3 sampling and grouping 1:0.04275941848754883
SA3 MLP 1:0.12087559700012207
SA3 sampling and grouping 2:0.07336091995239258
SA3 MLP 2:0.043755292892456055
SA4 sampling and grouping 1:0.037749290466308594
SA4 MLP 1:0.05855083465576172
SA4 sampling and grouping 2:0.06636857986450195
SA4 MLP 2:0.052376747131347656
SA End:0.32409238815307617
Voting and Proposal time:0.33490967750549316
Total inference time: 3.036696 
Start: 1652541581.511043
Votenet data preprocessing time:0.029625892639160156
Pointpainted Votenet start:0.03742575645446777
Deeplab inference time:1.1031408309936523
Pointpainting time:0.04813694953918457
SA1 sampling and grouping 1:0.029540300369262695
SA1 MLP 1:0.0011715888977050781
SA1 sampling and grouping: 20.4070265293121338
SA1 MLP 2:0.0015246868133544922
SA2 sampling and grouping 1:0.07222986221313477
SA2 MLP 1:0.07524275779724121
SA2 sampling and grouping 2:0.10822033882141113
SA2 MLP 2:0.0955657958984375
SA3 sampling and grouping 1:0.04320073127746582
SA3 MLP 1:0.12132906913757324
SA3 sampling and grouping 2:0.07643461227416992
SA3 MLP 2:0.04339289665222168
SA4 sampling and grouping 1:0.04121828079223633
SA4 MLP 1:0.05495095252990723
SA4 sampling and grouping 2:0.06689715385437012
SA4 MLP 2:0.05658268928527832
SA End:0.31051063537597656
Voting and Proposal time:0.3415391445159912
Total inference time: 3.164907 
Start: 1652541610.7090259
Votenet data preprocessing time:0.031159400939941406
Pointpainted Votenet start:0.03743791580200195
Deeplab inference time:0.9984836578369141
Pointpainting time:0.04871034622192383
SA1 sampling and grouping 1:0.031230449676513672
SA1 MLP 1:0.0014541149139404297
SA1 sampling and grouping: 20.36481285095214844
SA1 MLP 2:0.0010769367218017578
SA2 sampling and grouping 1:0.06841707229614258
SA2 MLP 1:0.06277203559875488
SA2 sampling and grouping 2:0.10612082481384277
SA2 MLP 2:0.09746479988098145
SA3 sampling and grouping 1:0.043764591217041016
SA3 MLP 1:0.12141704559326172
SA3 sampling and grouping 2:0.07110190391540527
SA3 MLP 2:0.042322397232055664
SA4 sampling and grouping 1:0.04110240936279297
SA4 MLP 1:0.055672407150268555
SA4 sampling and grouping 2:0.06841373443603516
SA4 MLP 2:0.0542449951171875
SA End:0.3267056941986084
Voting and Proposal time:0.3328850269317627
Total inference time: 3.006771 
Start: 1652541639.8027148
Votenet data preprocessing time:0.02934408187866211
Pointpainted Votenet start:0.03745079040527344
Deeplab inference time:1.00071120262146
Pointpainting time:0.049346923828125
SA1 sampling and grouping 1:0.0301358699798584
SA1 MLP 1:0.0014004707336425781
SA1 sampling and grouping: 20.3835310935974121
SA1 MLP 2:0.0013461112976074219
SA2 sampling and grouping 1:0.06799149513244629
SA2 MLP 1:0.0668182373046875
SA2 sampling and grouping 2:0.10262632369995117
SA2 MLP 2:0.09544587135314941
SA3 sampling and grouping 1:0.04656863212585449
SA3 MLP 1:0.1174325942993164
SA3 sampling and grouping 2:0.07553458213806152
SA3 MLP 2:0.04457521438598633
SA4 sampling and grouping 1:0.037065744400024414
SA4 MLP 1:0.059290409088134766
SA4 sampling and grouping 2:0.06841111183166504
SA4 MLP 2:0.05349230766296387
SA End:0.31577181816101074
Voting and Proposal time:0.32355785369873047
Total inference time: 3.007849 
Start: 1652541668.8822062
Votenet data preprocessing time:0.031184673309326172
Pointpainted Votenet start:0.0394132137298584
Deeplab inference time:1.0024218559265137
Pointpainting time:0.048718929290771484
SA1 sampling and grouping 1:0.031375885009765625
SA1 MLP 1:0.0012698173522949219
SA1 sampling and grouping: 20.36071157455444336
SA1 MLP 2:0.0010457038879394531
SA2 sampling and grouping 1:0.05788731575012207
SA2 MLP 1:0.07685399055480957
SA2 sampling and grouping 2:0.10184931755065918
SA2 MLP 2:0.09552884101867676
SA3 sampling and grouping 1:0.041211605072021484
SA3 MLP 1:0.12419462203979492
SA3 sampling and grouping 2:0.07271981239318848
SA3 MLP 2:0.04221343994140625
SA4 sampling and grouping 1:0.0402522087097168
SA4 MLP 1:0.05727267265319824
SA4 sampling and grouping 2:0.0713038444519043
SA4 MLP 2:0.05288958549499512
SA End:0.3153047561645508
Voting and Proposal time:0.33225131034851074
Total inference time: 2.997875 
Start: 1652541697.8756454
Votenet data preprocessing time:0.03103160858154297
Pointpainted Votenet start:0.03807711601257324
Deeplab inference time:1.1157233715057373
Pointpainting time:0.049162864685058594
SA1 sampling and grouping 1:0.02956986427307129
SA1 MLP 1:0.0012562274932861328
SA1 sampling and grouping: 20.42713212966918945
SA1 MLP 2:0.001188039779663086
SA2 sampling and grouping 1:0.06995701789855957
SA2 MLP 1:0.06245279312133789
SA2 sampling and grouping 2:0.10259246826171875
SA2 MLP 2:0.09860014915466309
SA3 sampling and grouping 1:0.04381108283996582
SA3 MLP 1:0.11848950386047363
SA3 sampling and grouping 2:0.07720088958740234
SA3 MLP 2:0.04439973831176758
SA4 sampling and grouping 1:0.04150104522705078
SA4 MLP 1:0.05698442459106445
SA4 sampling and grouping 2:0.0699918270111084
SA4 MLP 2:0.05327892303466797
SA End:0.32018017768859863
Voting and Proposal time:0.32489967346191406
Total inference time: 3.177481 
Start: 1652541727.128928
Votenet data preprocessing time:0.031011104583740234
Pointpainted Votenet start:0.03784537315368652
Deeplab inference time:0.991217851638794
Pointpainting time:0.047339677810668945
SA1 sampling and grouping 1:0.0301058292388916
SA1 MLP 1:0.0011432170867919922
SA1 sampling and grouping: 20.3570899963378906
SA1 MLP 2:0.0010495185852050781
SA2 sampling and grouping 1:0.06610274314880371
SA2 MLP 1:0.06731605529785156
SA2 sampling and grouping 2:0.1055607795715332
SA2 MLP 2:0.09720540046691895
SA3 sampling and grouping 1:0.04746532440185547
SA3 MLP 1:0.11658644676208496
SA3 sampling and grouping 2:0.07189369201660156
SA3 MLP 2:0.04459547996520996
SA4 sampling and grouping 1:0.03704714775085449
SA4 MLP 1:0.060704708099365234
SA4 sampling and grouping 2:0.0751028060913086
SA4 MLP 2:0.05471396446228027
SA End:0.3238346576690674
Voting and Proposal time:0.3250889778137207
Total inference time: 2.990021 
Start: 1652541756.910342
Votenet data preprocessing time:0.031078338623046875
Pointpainted Votenet start:0.03738212585449219
Deeplab inference time:0.997689962387085
Pointpainting time:0.046350955963134766
SA1 sampling and grouping 1:0.030057907104492188
SA1 MLP 1:0.0014352798461914062
SA1 sampling and grouping: 20.3996005058288574
SA1 MLP 2:0.0012843608856201172
SA2 sampling and grouping 1:0.06190013885498047
SA2 MLP 1:0.06733536720275879
SA2 sampling and grouping 2:0.10861706733703613
SA2 MLP 2:0.10129475593566895
SA3 sampling and grouping 1:0.04249215126037598
SA3 MLP 1:0.12303280830383301
SA3 sampling and grouping 2:0.07340383529663086
SA3 MLP 2:0.04308152198791504
SA4 sampling and grouping 1:0.040735483169555664
SA4 MLP 1:0.05715799331665039
SA4 sampling and grouping 2:0.07043910026550293
SA4 MLP 2:0.05336618423461914
SA End:0.3215644359588623
Voting and Proposal time:0.33311009407043457
Total inference time: 3.042410 
Start: 1652541786.2024674
Votenet data preprocessing time:0.03097081184387207
Pointpainted Votenet start:0.03749370574951172
Deeplab inference time:0.9959914684295654
Pointpainting time:0.046525001525878906
SA1 sampling and grouping 1:0.03006601333618164
SA1 MLP 1:0.0013773441314697266
SA1 sampling and grouping: 20.36990904808044434
SA1 MLP 2:0.0014595985412597656
SA2 sampling and grouping 1:0.060950517654418945
SA2 MLP 1:0.06774401664733887
SA2 sampling and grouping 2:0.10695791244506836
SA2 MLP 2:0.09440851211547852
SA3 sampling and grouping 1:0.04131269454956055
SA3 MLP 1:0.12240958213806152
SA3 sampling and grouping 2:0.07386994361877441
SA3 MLP 2:0.04627656936645508
SA4 sampling and grouping 1:0.037972211837768555
SA4 MLP 1:0.0565638542175293
SA4 sampling and grouping 2:0.06989026069641113
SA4 MLP 2:0.055373430252075195
SA End:0.31341099739074707
Voting and Proposal time:0.3207273483276367
Total inference time: 2.981661 
Start: 1652541815.2310336
Votenet data preprocessing time:0.031122922897338867
Pointpainted Votenet start:0.03955268859863281
Deeplab inference time:0.9991190433502197
Pointpainting time:0.048044443130493164
SA1 sampling and grouping 1:0.031113386154174805
SA1 MLP 1:0.0012102127075195312
SA1 sampling and grouping: 20.3538062572479248
SA1 MLP 2:0.0011448860168457031
SA2 sampling and grouping 1:0.0687558650970459
SA2 MLP 1:0.06060028076171875
SA2 sampling and grouping 2:0.10184812545776367
SA2 MLP 2:0.10253214836120605
SA3 sampling and grouping 1:0.04417896270751953
SA3 MLP 1:0.11995458602905273
SA3 sampling and grouping 2:0.07276010513305664
SA3 MLP 2:0.04413747787475586
SA4 sampling and grouping 1:0.03552889823913574
SA4 MLP 1:0.061155080795288086
SA4 sampling and grouping 2:0.06748223304748535
SA4 MLP 2:0.057295799255371094
SA End:0.319364070892334
Voting and Proposal time:0.3289008140563965
Total inference time: 2.989608 
Start: 1652541844.3006058
Votenet data preprocessing time:0.031337738037109375
Pointpainted Votenet start:0.037575483322143555
Deeplab inference time:1.0024991035461426
Pointpainting time:0.04629826545715332
SA1 sampling and grouping 1:0.030259370803833008
SA1 MLP 1:0.0015032291412353516
SA1 sampling and grouping: 20.3875887393951416
SA1 MLP 2:0.0013170242309570312
SA2 sampling and grouping 1:0.07345438003540039
SA2 MLP 1:0.06534314155578613
SA2 sampling and grouping 2:0.10998153686523438
SA2 MLP 2:0.09704041481018066
SA3 sampling and grouping 1:0.04050016403198242
SA3 MLP 1:0.1211857795715332
SA3 sampling and grouping 2:0.07181954383850098
SA3 MLP 2:0.043236494064331055
SA4 sampling and grouping 1:0.036830902099609375
SA4 MLP 1:0.0562436580657959
SA4 sampling and grouping 2:0.06872892379760742
SA4 MLP 2:0.05427193641662598
SA End:0.3141782283782959
Voting and Proposal time:0.3271918296813965
Total inference time: 3.018386 
Start: 1652541873.4083288
Votenet data preprocessing time:0.02953624725341797
Pointpainted Votenet start:0.03813624382019043
Deeplab inference time:0.9942789077758789
Pointpainting time:0.046655893325805664
SA1 sampling and grouping 1:0.03137564659118652
SA1 MLP 1:0.0015687942504882812
SA1 sampling and grouping: 20.3939344882965088
SA1 MLP 2:0.0014319419860839844
SA2 sampling and grouping 1:0.06296563148498535
SA2 MLP 1:0.06747651100158691
SA2 sampling and grouping 2:0.10590958595275879
SA2 MLP 2:0.09878849983215332
SA3 sampling and grouping 1:0.04202723503112793
SA3 MLP 1:0.11980009078979492
SA3 sampling and grouping 2:0.07527422904968262
SA3 MLP 2:0.0446324348449707
SA4 sampling and grouping 1:0.036191463470458984
SA4 MLP 1:0.05842399597167969
SA4 sampling and grouping 2:0.07077145576477051
SA4 MLP 2:0.05340862274169922
SA End:0.32234692573547363
Voting and Proposal time:0.33260154724121094
Total inference time: 3.027536 
Start: 1652541902.690508
Votenet data preprocessing time:0.0312039852142334
Pointpainted Votenet start:0.03765583038330078
Deeplab inference time:0.9958257675170898
Pointpainting time:0.04702448844909668
SA1 sampling and grouping 1:0.030890703201293945
SA1 MLP 1:0.0011861324310302734
SA1 sampling and grouping: 20.34940075874328613
SA1 MLP 2:0.001310110092163086
SA2 sampling and grouping 1:0.0658118724822998
SA2 MLP 1:0.06363487243652344
SA2 sampling and grouping 2:0.10157418251037598
SA2 MLP 2:0.09550213813781738
SA3 sampling and grouping 1:0.04080033302307129
SA3 MLP 1:0.12108278274536133
SA3 sampling and grouping 2:0.07336807250976562
SA3 MLP 2:0.0456693172454834
SA4 sampling and grouping 1:0.03746843338012695
SA4 MLP 1:0.05802416801452637
SA4 sampling and grouping 2:0.06947898864746094
SA4 MLP 2:0.05400967597961426
SA End:0.3147754669189453
Voting and Proposal time:0.32167482376098633
Total inference time: 2.957373 
Start: 1652541931.7963116
Votenet data preprocessing time:0.029303550720214844
Pointpainted Votenet start:0.03803658485412598
Deeplab inference time:0.993126392364502
Pointpainting time:0.046088218688964844
SA1 sampling and grouping 1:0.03726005554199219
SA1 MLP 1:0.0011239051818847656
SA1 sampling and grouping: 20.45580267906188965
SA1 MLP 2:0.0014262199401855469
SA2 sampling and grouping 1:0.0658867359161377
SA2 MLP 1:0.06259274482727051
SA2 sampling and grouping 2:0.10532951354980469
SA2 MLP 2:0.09585928916931152
SA3 sampling and grouping 1:0.04229235649108887
SA3 MLP 1:0.11882400512695312
SA3 sampling and grouping 2:0.07544827461242676
SA3 MLP 2:0.04381275177001953
SA4 sampling and grouping 1:0.03752565383911133
SA4 MLP 1:0.058391571044921875
SA4 sampling and grouping 2:0.07296133041381836
SA4 MLP 2:0.05439329147338867
SA End:0.3181610107421875
Voting and Proposal time:0.3321089744567871
Total inference time: 3.085755 
Start: 1652541960.9355674
Votenet data preprocessing time:0.031015634536743164
Pointpainted Votenet start:0.03730034828186035
Deeplab inference time:1.0208332538604736
Pointpainting time:0.04709601402282715
SA1 sampling and grouping 1:0.03479456901550293
SA1 MLP 1:0.0026671886444091797
SA1 sampling and grouping: 20.38138866424560547
SA1 MLP 2:0.0010814666748046875
SA2 sampling and grouping 1:0.07305192947387695
SA2 MLP 1:0.06265997886657715
SA2 sampling and grouping 2:0.10778498649597168
SA2 MLP 2:0.09891533851623535
SA3 sampling and grouping 1:0.042680978775024414
SA3 MLP 1:0.12069559097290039
SA3 sampling and grouping 2:0.07317447662353516
SA3 MLP 2:0.04326820373535156
SA4 sampling and grouping 1:0.04005026817321777
SA4 MLP 1:0.05545234680175781
SA4 sampling and grouping 2:0.06938314437866211
SA4 MLP 2:0.051642656326293945
SA End:0.3173224925994873
Voting and Proposal time:0.32213640213012695
Total inference time: 3.034396 
Start: 1652541990.0098534
Votenet data preprocessing time:0.03233194351196289
Pointpainted Votenet start:0.03811955451965332
Deeplab inference time:1.0019645690917969
Pointpainting time:0.04624485969543457
SA1 sampling and grouping 1:0.031641244888305664
SA1 MLP 1:0.002032041549682617
SA1 sampling and grouping: 20.3781569004058838
SA1 MLP 2:0.0012145042419433594
SA2 sampling and grouping 1:0.06380581855773926
SA2 MLP 1:0.06515240669250488
SA2 sampling and grouping 2:0.1082909107208252
SA2 MLP 2:0.10342025756835938
SA3 sampling and grouping 1:0.042246103286743164
SA3 MLP 1:0.12529683113098145
SA3 sampling and grouping 2:0.07812881469726562
SA3 MLP 2:0.04376053810119629
SA4 sampling and grouping 1:0.03991389274597168
SA4 MLP 1:0.05535745620727539
SA4 sampling and grouping 2:0.07211589813232422
SA4 MLP 2:0.05528426170349121
SA End:0.3167567253112793
Voting and Proposal time:0.3192594051361084
Total inference time: 3.020495 
Start: 1652542019.1024222
Votenet data preprocessing time:0.03099799156188965
Pointpainted Votenet start:0.03792977333068848
Deeplab inference time:0.9992504119873047
Pointpainting time:0.047692060470581055
SA1 sampling and grouping 1:0.031177282333374023
SA1 MLP 1:0.0014650821685791016
SA1 sampling and grouping: 20.42321181297302246
SA1 MLP 2:0.001123189926147461
SA2 sampling and grouping 1:0.07683610916137695
SA2 MLP 1:0.06864285469055176
SA2 sampling and grouping 2:0.11246347427368164
SA2 MLP 2:0.09354829788208008
SA3 sampling and grouping 1:0.04180264472961426
SA3 MLP 1:0.12332987785339355
SA3 sampling and grouping 2:0.07175898551940918
SA3 MLP 2:0.0442354679107666
SA4 sampling and grouping 1:0.04012131690979004
SA4 MLP 1:0.05514407157897949
SA4 sampling and grouping 2:0.06627774238586426
SA4 MLP 2:0.053136348724365234
SA End:0.3228762149810791
Voting and Proposal time:0.3329579830169678
Total inference time: 3.075979 
Start: 1652542048.2376842
Votenet data preprocessing time:0.031126022338867188
Pointpainted Votenet start:0.03786730766296387
Deeplab inference time:1.006617546081543
Pointpainting time:0.04613232612609863
SA1 sampling and grouping 1:0.030582666397094727
SA1 MLP 1:0.0011436939239501953
SA1 sampling and grouping: 20.3686857223510742
SA1 MLP 2:0.00153350830078125
SA2 sampling and grouping 1:0.06454610824584961
SA2 MLP 1:0.06935882568359375
SA2 sampling and grouping 2:0.10609841346740723
SA2 MLP 2:0.09686040878295898
SA3 sampling and grouping 1:0.04221916198730469
SA3 MLP 1:0.12039422988891602
SA3 sampling and grouping 2:0.07224321365356445
SA3 MLP 2:0.04333972930908203
SA4 sampling and grouping 1:0.03776741027832031
SA4 MLP 1:0.05786871910095215
SA4 sampling and grouping 2:0.06894183158874512
SA4 MLP 2:0.05207633972167969
SA End:0.3256642818450928
Voting and Proposal time:0.32399463653564453
Total inference time: 3.005062 
Start: 1652542077.3554537
Votenet data preprocessing time:0.02967691421508789
Pointpainted Votenet start:0.03705930709838867
Deeplab inference time:0.9976165294647217
Pointpainting time:0.04839348793029785
SA1 sampling and grouping 1:0.031197786331176758
SA1 MLP 1:0.0011749267578125
SA1 sampling and grouping: 20.4236001968383789
SA1 MLP 2:0.0015931129455566406
SA2 sampling and grouping 1:0.06706404685974121
SA2 MLP 1:0.06309151649475098
SA2 sampling and grouping 2:0.10836148262023926
SA2 MLP 2:0.10272693634033203
SA3 sampling and grouping 1:0.04707503318786621
SA3 MLP 1:0.11972332000732422
SA3 sampling and grouping 2:0.07176828384399414
SA3 MLP 2:0.04481220245361328
SA4 sampling and grouping 1:0.04192757606506348
SA4 MLP 1:0.05519413948059082
SA4 sampling and grouping 2:0.0687868595123291
SA4 MLP 2:0.05591464042663574
SA End:0.31830859184265137
Voting and Proposal time:0.32946205139160156
Total inference time: 3.064529 
Start: 1652542106.6088843
Votenet data preprocessing time:0.03121805191040039
Pointpainted Votenet start:0.03748774528503418
Deeplab inference time:0.9901297092437744
Pointpainting time:0.046497344970703125
SA1 sampling and grouping 1:0.030546903610229492
SA1 MLP 1:0.0013151168823242188
SA1 sampling and grouping: 20.377244234085083
SA1 MLP 2:0.0012934207916259766
SA2 sampling and grouping 1:0.06844449043273926
SA2 MLP 1:0.08115601539611816
SA2 sampling and grouping 2:0.10761380195617676
SA2 MLP 2:0.09242844581604004
SA3 sampling and grouping 1:0.04896116256713867
SA3 MLP 1:0.11898493766784668
SA3 sampling and grouping 2:0.07369709014892578
SA3 MLP 2:0.0431523323059082
SA4 sampling and grouping 1:0.0396265983581543
SA4 MLP 1:0.05782341957092285
SA4 sampling and grouping 2:0.07456851005554199
SA4 MLP 2:0.051629066467285156
SA End:0.32000255584716797
Voting and Proposal time:0.33547377586364746
Total inference time: 3.029295 
