Start: 1676451194.8741498
Votenet data preprocessing time:0.01282644271850586
Pointpainted Votenet start:0.027981281280517578
Deeplab inference time:1.0539331436157227
Pointpainting time:0.009517431259155273
SA1 sampling and grouping 1:0.12481451034545898
SA1 MLP 1:0.0017936229705810547
SA1 sampling and grouping 2:0.4657411575317383
SA1 MLP 2:0.0001609325408935547
SA2 sampling and grouping 1:0.031213998794555664
SA2 MLP 1:0.2158501148223877
SA2 sampling and grouping 2:0.054490089416503906
SA2 MLP 2:0.22012066841125488
SA3 sampling and grouping 1:0.016826868057250977
SA3 MLP 1:0.24219775199890137
SA3 sampling and grouping 2:0.027766704559326172
SA3 MLP 2:0.06567668914794922
SA4 sampling and grouping:0.0988457202911377
SA4 MLP:0.08896255493164062
SA End:0.031896114349365234
Voting and Proposal time:0.21759915351867676
Total inference time: 3.008215 
Start: 1676451224.6503568
Votenet data preprocessing time:0.012906789779663086
Pointpainted Votenet start:0.0280611515045166
Deeplab inference time:1.0390827655792236
Pointpainting time:0.0054585933685302734
SA1 sampling and grouping 1:0.11234569549560547
SA1 MLP 1:0.001584768295288086
SA1 sampling and grouping 2:0.5742671489715576
SA1 MLP 2:0.0002505779266357422
SA2 sampling and grouping 1:0.028641700744628906
SA2 MLP 1:0.22063946723937988
SA2 sampling and grouping 2:0.05908060073852539
SA2 MLP 2:0.22052836418151855
SA3 sampling and grouping 1:0.019643545150756836
SA3 MLP 1:0.23987698554992676
SA3 sampling and grouping 2:0.030063152313232422
SA3 MLP 2:0.06688785552978516
SA4 sampling and grouping:0.10061812400817871
SA4 MLP:0.08994460105895996
SA End:0.03255009651184082
Voting and Proposal time:0.22287225723266602
Total inference time: 3.105304 
Start: 1676451254.5622787
Votenet data preprocessing time:0.012930631637573242
Pointpainted Votenet start:0.028251171112060547
Deeplab inference time:1.0531361103057861
Pointpainting time:0.00563502311706543
SA1 sampling and grouping 1:0.12295913696289062
SA1 MLP 1:0.0012040138244628906
SA1 sampling and grouping 2:0.661815881729126
SA1 MLP 2:0.0008451938629150391
SA2 sampling and grouping 1:0.03471565246582031
SA2 MLP 1:0.21378064155578613
SA2 sampling and grouping 2:0.06319308280944824
SA2 MLP 2:0.2152857780456543
SA3 sampling and grouping 1:0.021785259246826172
SA3 MLP 1:0.2344515323638916
SA3 sampling and grouping 2:0.03147125244140625
SA3 MLP 2:0.06486034393310547
SA4 sampling and grouping:0.1005697250366211
SA4 MLP:0.09134578704833984
SA End:0.032384634017944336
Voting and Proposal time:0.2314128875732422
Total inference time: 3.222034 
Start: 1676451284.5511444
Votenet data preprocessing time:0.013051033020019531
Pointpainted Votenet start:0.028491497039794922
Deeplab inference time:1.0519113540649414
Pointpainting time:0.006636619567871094
SA1 sampling and grouping 1:0.1256709098815918
SA1 MLP 1:0.0011699199676513672
SA1 sampling and grouping 2:0.49201512336730957
SA1 MLP 2:0.0001609325408935547
SA2 sampling and grouping 1:0.025688886642456055
SA2 MLP 1:0.22080779075622559
SA2 sampling and grouping 2:0.05025482177734375
SA2 MLP 2:0.22422337532043457
SA3 sampling and grouping 1:0.019021987915039062
SA3 MLP 1:0.2411479949951172
SA3 sampling and grouping 2:0.026041746139526367
SA3 MLP 2:0.06820178031921387
SA4 sampling and grouping:0.10042428970336914
SA4 MLP:0.08952808380126953
SA End:0.03304886817932129
Voting and Proposal time:0.21930932998657227
Total inference time: 3.036806 
Start: 1676451314.3992634
Votenet data preprocessing time:0.013402223587036133
Pointpainted Votenet start:0.028258323669433594
Deeplab inference time:1.0353832244873047
Pointpainting time:0.0061626434326171875
SA1 sampling and grouping 1:0.11535263061523438
SA1 MLP 1:0.001142740249633789
SA1 sampling and grouping 2:0.3745849132537842
SA1 MLP 2:0.00017023086547851562
SA2 sampling and grouping 1:0.025389671325683594
SA2 MLP 1:0.2208576202392578
SA2 sampling and grouping 2:0.052000999450683594
SA2 MLP 2:0.2273409366607666
SA3 sampling and grouping 1:0.018474340438842773
SA3 MLP 1:0.2380232810974121
SA3 sampling and grouping 2:0.027670621871948242
SA3 MLP 2:0.06749773025512695
SA4 sampling and grouping:0.09997439384460449
SA4 MLP:0.08937311172485352
SA End:0.03383660316467285
Voting and Proposal time:0.22015023231506348
Total inference time: 2.895046 
Start: 1676451344.124156
Votenet data preprocessing time:0.01302194595336914
Pointpainted Votenet start:0.028461217880249023
Deeplab inference time:1.039158821105957
Pointpainting time:0.006580352783203125
SA1 sampling and grouping 1:0.12084221839904785
SA1 MLP 1:0.0011138916015625
SA1 sampling and grouping 2:0.4210784435272217
SA1 MLP 2:0.00025010108947753906
SA2 sampling and grouping 1:0.027716636657714844
SA2 MLP 1:0.22134685516357422
SA2 sampling and grouping 2:0.052033424377441406
SA2 MLP 2:0.22743010520935059
SA3 sampling and grouping 1:0.017597198486328125
SA3 MLP 1:0.24189138412475586
SA3 sampling and grouping 2:0.02575206756591797
SA3 MLP 2:0.06959271430969238
SA4 sampling and grouping:0.10023951530456543
SA4 MLP:0.08954977989196777
SA End:0.03580737113952637
Voting and Proposal time:0.22066617012023926
Total inference time: 2.960130 
Start: 1676451373.7184188
Votenet data preprocessing time:0.013140678405761719
Pointpainted Votenet start:0.028371810913085938
Deeplab inference time:1.0327484607696533
Pointpainting time:0.005875825881958008
SA1 sampling and grouping 1:0.03266763687133789
SA1 MLP 1:0.0012485980987548828
SA1 sampling and grouping 2:0.24053668975830078
SA1 MLP 2:0.030867338180541992
SA2 sampling and grouping 1:0.028264999389648438
SA2 MLP 1:0.21555376052856445
SA2 sampling and grouping 2:0.053839921951293945
SA2 MLP 2:0.22398924827575684
SA3 sampling and grouping 1:0.018681049346923828
SA3 MLP 1:0.2398052215576172
SA3 sampling and grouping 2:0.027135610580444336
SA3 MLP 2:0.06710982322692871
SA4 sampling and grouping:0.1000056266784668
SA4 MLP:0.09015583992004395
SA End:0.03232073783874512
Voting and Proposal time:0.21942710876464844
Total inference time: 2.701746 
Start: 1676451403.099655
Votenet data preprocessing time:0.01294088363647461
Pointpainted Votenet start:0.02871417999267578
Deeplab inference time:1.0398063659667969
Pointpainting time:0.0074770450592041016
SA1 sampling and grouping 1:0.1206521987915039
SA1 MLP 1:0.0011157989501953125
SA1 sampling and grouping 2:0.5403528213500977
SA1 MLP 2:0.0001919269561767578
SA2 sampling and grouping 1:0.0294497013092041
SA2 MLP 1:0.21446013450622559
SA2 sampling and grouping 2:0.058830976486206055
SA2 MLP 2:0.2189347743988037
SA3 sampling and grouping 1:0.020574569702148438
SA3 MLP 1:0.23598647117614746
SA3 sampling and grouping 2:0.029127120971679688
SA3 MLP 2:0.06541085243225098
SA4 sampling and grouping:0.10160660743713379
SA4 MLP:0.09123396873474121
SA End:0.03289389610290527
Voting and Proposal time:0.22254347801208496
Total inference time: 3.072304 
Start: 1676451432.9524345
Votenet data preprocessing time:0.012996912002563477
Pointpainted Votenet start:0.028509140014648438
Deeplab inference time:1.047199010848999
Pointpainting time:0.006837368011474609
SA1 sampling and grouping 1:0.12410402297973633
SA1 MLP 1:0.0012869834899902344
SA1 sampling and grouping 2:0.3882882595062256
SA1 MLP 2:0.00015544891357421875
SA2 sampling and grouping 1:0.02709484100341797
SA2 MLP 1:0.21988821029663086
SA2 sampling and grouping 2:0.050894737243652344
SA2 MLP 2:0.22793197631835938
SA3 sampling and grouping 1:0.018967390060424805
SA3 MLP 1:0.24196982383728027
SA3 sampling and grouping 2:0.027158737182617188
SA3 MLP 2:0.06778860092163086
SA4 sampling and grouping:0.10072803497314453
SA4 MLP:0.08912825584411621
SA End:0.03481745719909668
Voting and Proposal time:0.2205982208251953
Total inference time: 2.936343 
Start: 1676451462.582995
Votenet data preprocessing time:0.0129241943359375
Pointpainted Votenet start:0.028599262237548828
Deeplab inference time:1.0374560356140137
Pointpainting time:0.006521701812744141
SA1 sampling and grouping 1:0.1237936019897461
SA1 MLP 1:0.0013344287872314453
SA1 sampling and grouping 2:0.42026209831237793
SA1 MLP 2:0.00018143653869628906
SA2 sampling and grouping 1:0.032362937927246094
SA2 MLP 1:0.21268010139465332
SA2 sampling and grouping 2:0.05453944206237793
SA2 MLP 2:0.22076821327209473
SA3 sampling and grouping 1:0.019884109497070312
SA3 MLP 1:0.23665094375610352
SA3 sampling and grouping 2:0.02949810028076172
SA3 MLP 2:0.06835746765136719
SA4 sampling and grouping:0.09932494163513184
SA4 MLP:0.0901632308959961
SA End:0.03322124481201172
Voting and Proposal time:0.22523260116577148
Total inference time: 2.953756 
Start: 1676451492.341306
Votenet data preprocessing time:0.012676239013671875
Pointpainted Votenet start:0.028189897537231445
Deeplab inference time:1.062065601348877
Pointpainting time:0.0069620609283447266
SA1 sampling and grouping 1:0.12001490592956543
SA1 MLP 1:0.0012822151184082031
SA1 sampling and grouping 2:0.33304595947265625
SA1 MLP 2:0.00016236305236816406
SA2 sampling and grouping 1:0.025044679641723633
SA2 MLP 1:0.22043585777282715
SA2 sampling and grouping 2:0.05155205726623535
SA2 MLP 2:0.22532892227172852
SA3 sampling and grouping 1:0.018444061279296875
SA3 MLP 1:0.2410280704498291
SA3 sampling and grouping 2:0.02964019775390625
SA3 MLP 2:0.06184887886047363
SA4 sampling and grouping:0.10169720649719238
SA4 MLP:0.0903472900390625
SA End:0.032801151275634766
Voting and Proposal time:0.2170729637145996
Total inference time: 2.879641 
Start: 1676451521.974028
Votenet data preprocessing time:0.013188838958740234
Pointpainted Votenet start:0.028768301010131836
Deeplab inference time:1.0254807472229004
Pointpainting time:0.005139589309692383
SA1 sampling and grouping 1:0.11991453170776367
SA1 MLP 1:0.001069784164428711
SA1 sampling and grouping 2:0.4225621223449707
SA1 MLP 2:0.0002071857452392578
SA2 sampling and grouping 1:0.024265766143798828
SA2 MLP 1:0.22103142738342285
SA2 sampling and grouping 2:0.05383419990539551
SA2 MLP 2:0.22428274154663086
SA3 sampling and grouping 1:0.018714189529418945
SA3 MLP 1:0.24025559425354004
SA3 sampling and grouping 2:0.02596735954284668
SA3 MLP 2:0.06801843643188477
SA4 sampling and grouping:0.0995640754699707
SA4 MLP:0.0877079963684082
SA End:0.03647804260253906
Voting and Proposal time:0.22739815711975098
Total inference time: 2.943849 
Start: 1676451551.6364112
Votenet data preprocessing time:0.013035297393798828
Pointpainted Votenet start:0.028077125549316406
Deeplab inference time:1.0499241352081299
Pointpainting time:0.00575709342956543
SA1 sampling and grouping 1:0.12606525421142578
SA1 MLP 1:0.0011703968048095703
SA1 sampling and grouping 2:0.4208180904388428
SA1 MLP 2:0.0002307891845703125
SA2 sampling and grouping 1:0.026355266571044922
SA2 MLP 1:0.2190113067626953
SA2 sampling and grouping 2:0.05215334892272949
SA2 MLP 2:0.23278141021728516
SA3 sampling and grouping 1:0.018466949462890625
SA3 MLP 1:0.24133086204528809
SA3 sampling and grouping 2:0.028959274291992188
SA3 MLP 2:0.06663036346435547
SA4 sampling and grouping:0.1003727912902832
SA4 MLP:0.08963751792907715
SA End:0.03353452682495117
Voting and Proposal time:0.22668218612670898
Total inference time: 2.980994 
Start: 1676451581.410413
Votenet data preprocessing time:0.012631654739379883
Pointpainted Votenet start:0.028100013732910156
Deeplab inference time:1.0726630687713623
Pointpainting time:0.0068967342376708984
SA1 sampling and grouping 1:0.1190497875213623
SA1 MLP 1:0.0012612342834472656
SA1 sampling and grouping 2:0.6106913089752197
SA1 MLP 2:0.000171661376953125
SA2 sampling and grouping 1:0.025821208953857422
SA2 MLP 1:0.22042155265808105
SA2 sampling and grouping 2:0.052545785903930664
SA2 MLP 2:0.22672557830810547
SA3 sampling and grouping 1:0.018901586532592773
SA3 MLP 1:0.24090981483459473
SA3 sampling and grouping 2:0.027531147003173828
SA3 MLP 2:0.06673765182495117
SA4 sampling and grouping:0.09965705871582031
SA4 MLP:0.0888051986694336
SA End:0.03293752670288086
Voting and Proposal time:0.22456932067871094
Total inference time: 3.177029 
Start: 1676451611.2957463
Votenet data preprocessing time:0.013143777847290039
Pointpainted Votenet start:0.028185367584228516
Deeplab inference time:1.0348234176635742
Pointpainting time:0.007892370223999023
SA1 sampling and grouping 1:0.116241455078125
SA1 MLP 1:0.0011098384857177734
SA1 sampling and grouping 2:0.38560009002685547
SA1 MLP 2:0.00016689300537109375
SA2 sampling and grouping 1:0.027045011520385742
SA2 MLP 1:0.21994924545288086
SA2 sampling and grouping 2:0.0480349063873291
SA2 MLP 2:0.22634005546569824
SA3 sampling and grouping 1:0.01808452606201172
SA3 MLP 1:0.24175667762756348
SA3 sampling and grouping 2:0.02805638313293457
SA3 MLP 2:0.0678856372833252
SA4 sampling and grouping:0.10048151016235352
SA4 MLP:0.0887296199798584
SA End:0.03318953514099121
Voting and Proposal time:0.22308111190795898
Total inference time: 2.909797 
Start: 1676451640.952329
Votenet data preprocessing time:0.012768983840942383
Pointpainted Votenet start:0.028000354766845703
Deeplab inference time:1.041452169418335
Pointpainting time:0.006036281585693359
SA1 sampling and grouping 1:0.12163043022155762
SA1 MLP 1:0.0009686946868896484
SA1 sampling and grouping 2:0.4208180904388428
SA1 MLP 2:0.00020885467529296875
SA2 sampling and grouping 1:0.025536537170410156
SA2 MLP 1:0.2174699306488037
SA2 sampling and grouping 2:0.05129861831665039
SA2 MLP 2:0.23227930068969727
SA3 sampling and grouping 1:0.016365528106689453
SA3 MLP 1:0.23912858963012695
SA3 sampling and grouping 2:0.026340246200561523
SA3 MLP 2:0.06827640533447266
SA4 sampling and grouping:0.09971380233764648
SA4 MLP:0.09019756317138672
SA End:0.034012794494628906
Voting and Proposal time:0.21644377708435059
Total inference time: 2.948947 
Start: 1676451670.624519
Votenet data preprocessing time:0.012502193450927734
Pointpainted Votenet start:0.028063535690307617
Deeplab inference time:1.0340464115142822
Pointpainting time:0.007961034774780273
SA1 sampling and grouping 1:0.1181020736694336
SA1 MLP 1:0.001163482666015625
SA1 sampling and grouping 2:0.47595787048339844
SA1 MLP 2:0.00019669532775878906
SA2 sampling and grouping 1:0.028122901916503906
SA2 MLP 1:0.2165067195892334
SA2 sampling and grouping 2:0.050736427307128906
SA2 MLP 2:0.23261713981628418
SA3 sampling and grouping 1:0.016836166381835938
SA3 MLP 1:0.23972439765930176
SA3 sampling and grouping 2:0.026332855224609375
SA3 MLP 2:0.06751823425292969
SA4 sampling and grouping:0.0985877513885498
SA4 MLP:0.08868718147277832
SA End:0.03272533416748047
Voting and Proposal time:0.22417378425598145
Total inference time: 3.000562 
Start: 1676451700.4874508
Votenet data preprocessing time:0.013355731964111328
Pointpainted Votenet start:0.028847694396972656
Deeplab inference time:1.0234086513519287
Pointpainting time:0.005987882614135742
SA1 sampling and grouping 1:0.11368060111999512
SA1 MLP 1:0.0015435218811035156
SA1 sampling and grouping 2:0.4324944019317627
SA1 MLP 2:0.0001697540283203125
SA2 sampling and grouping 1:0.02967095375061035
SA2 MLP 1:0.2171947956085205
SA2 sampling and grouping 2:0.05866265296936035
SA2 MLP 2:0.21669912338256836
SA3 sampling and grouping 1:0.0202178955078125
SA3 MLP 1:0.238053560256958
SA3 sampling and grouping 2:0.0281219482421875
SA3 MLP 2:0.0656423568725586
SA4 sampling and grouping:0.10009956359863281
SA4 MLP:0.09197711944580078
SA End:0.037011146545410156
Voting and Proposal time:0.22305870056152344
Total inference time: 2.945898 
Start: 1676451730.2234
Votenet data preprocessing time:0.012799739837646484
Pointpainted Votenet start:0.028667449951171875
Deeplab inference time:1.033228874206543
Pointpainting time:0.007991790771484375
SA1 sampling and grouping 1:0.12405681610107422
SA1 MLP 1:0.0010671615600585938
SA1 sampling and grouping 2:0.41123342514038086
SA1 MLP 2:0.0002219676971435547
SA2 sampling and grouping 1:0.027215242385864258
SA2 MLP 1:0.21552228927612305
SA2 sampling and grouping 2:0.05256509780883789
SA2 MLP 2:0.22406506538391113
SA3 sampling and grouping 1:0.018921852111816406
SA3 MLP 1:0.2359607219696045
SA3 sampling and grouping 2:0.026597976684570312
SA3 MLP 2:0.06795501708984375
SA4 sampling and grouping:0.09976410865783691
SA4 MLP:0.09029030799865723
SA End:0.03245139122009277
Voting and Proposal time:0.22682547569274902
Total inference time: 2.937402 
Start: 1676451759.9973643
Votenet data preprocessing time:0.012506484985351562
Pointpainted Votenet start:0.028310060501098633
Deeplab inference time:1.0390267372131348
Pointpainting time:0.008556842803955078
SA1 sampling and grouping 1:0.11978960037231445
SA1 MLP 1:0.0013310909271240234
SA1 sampling and grouping 2:0.3976302146911621
SA1 MLP 2:0.00015997886657714844
SA2 sampling and grouping 1:0.025960683822631836
SA2 MLP 1:0.22102689743041992
SA2 sampling and grouping 2:0.051280975341796875
SA2 MLP 2:0.2234816551208496
SA3 sampling and grouping 1:0.018482446670532227
SA3 MLP 1:0.2413017749786377
SA3 sampling and grouping 2:0.026532888412475586
SA3 MLP 2:0.06752157211303711
SA4 sampling and grouping:0.09995126724243164
SA4 MLP:0.08894038200378418
SA End:0.03561902046203613
Voting and Proposal time:0.2220315933227539
Total inference time: 2.929442 
