Start: 1652600393.227392
Votenet data preprocessing time:0.019558191299438477
Deeplab inference time:89.15195727348328
Pointpainting time:0.8029792308807373
Start:1.0078089237213135
sa1 Runtime for Sampling and Grouping:0.8251760005950928
sa1 Runtime for shared MLP:5.3184974193573
sa2 Runtime for Sampling and Grouping:0.04050588607788086
sa2 Runtime for shared MLP:0.40699052810668945
sa3 Runtime for Sampling and Grouping:0.03411293029785156
sa3 Runtime for shared MLP:0.3341526985168457
sa4 Runtime for Sampling and Grouping:0.01188349723815918
sa4 Runtime for shared MLP:0.32079243659973145
SA End:1.747633934020996
Voting and Proposal time:1.5905156135559082
Total inference time: 101.612565 
Start: 1652600566.5827277
Votenet data preprocessing time:0.012053728103637695
Deeplab inference time:82.1577320098877
Pointpainting time:0.682776927947998
Start:0.7998757362365723
sa1 Runtime for Sampling and Grouping:0.6155581474304199
sa1 Runtime for shared MLP:6.157280921936035
sa2 Runtime for Sampling and Grouping:0.0343472957611084
sa2 Runtime for shared MLP:0.4093751907348633
sa3 Runtime for Sampling and Grouping:0.04359269142150879
sa3 Runtime for shared MLP:0.3319709300994873
sa4 Runtime for Sampling and Grouping:0.011181116104125977
sa4 Runtime for shared MLP:0.3113090991973877
SA End:1.7748968601226807
Voting and Proposal time:1.585268259048462
Total inference time: 94.927219 
Start: 1652600736.1213815
Votenet data preprocessing time:0.013498067855834961
Deeplab inference time:90.66976118087769
Pointpainting time:0.6186530590057373
Start:0.6085991859436035
sa1 Runtime for Sampling and Grouping:0.7314682006835938
sa1 Runtime for shared MLP:5.011105060577393
sa2 Runtime for Sampling and Grouping:0.02942943572998047
sa2 Runtime for shared MLP:0.407257080078125
sa3 Runtime for Sampling and Grouping:0.03475666046142578
sa3 Runtime for shared MLP:0.3276989459991455
sa4 Runtime for Sampling and Grouping:0.011246442794799805
sa4 Runtime for shared MLP:0.31828951835632324
SA End:1.9911813735961914
Voting and Proposal time:1.3619036674499512
Total inference time: 102.134848 
Start: 1652600912.7475703
Votenet data preprocessing time:0.012320518493652344
Deeplab inference time:100.08797836303711
Pointpainting time:0.8371264934539795
Start:1.7114028930664062
sa1 Runtime for Sampling and Grouping:0.8308422565460205
sa1 Runtime for shared MLP:15.434189319610596
sa2 Runtime for Sampling and Grouping:0.29773712158203125
sa2 Runtime for shared MLP:0.6282351016998291
sa3 Runtime for Sampling and Grouping:0.08115077018737793
sa3 Runtime for shared MLP:0.3617513179779053
sa4 Runtime for Sampling and Grouping:0.01906728744506836
sa4 Runtime for shared MLP:0.32015323638916016
SA End:1.697141170501709
Voting and Proposal time:1.9053668975830078
Total inference time: 124.224463 
Start: 1652601109.248274
Votenet data preprocessing time:0.026320934295654297
Deeplab inference time:107.61880302429199
Pointpainting time:0.633866548538208
Start:0.660438060760498
sa1 Runtime for Sampling and Grouping:0.7076578140258789
sa1 Runtime for shared MLP:5.199744701385498
sa2 Runtime for Sampling and Grouping:0.04150032997131348
sa2 Runtime for shared MLP:0.4270670413970947
sa3 Runtime for Sampling and Grouping:0.04682135581970215
sa3 Runtime for shared MLP:0.3210742473602295
sa4 Runtime for Sampling and Grouping:0.011504650115966797
sa4 Runtime for shared MLP:0.31560611724853516
SA End:2.1844639778137207
Voting and Proposal time:1.500641107559204
Total inference time: 119.695510 
Start: 1652601299.8347983
Votenet data preprocessing time:0.013868093490600586
Deeplab inference time:104.78326988220215
Pointpainting time:0.7056505680084229
Start:1.537607192993164
sa1 Runtime for Sampling and Grouping:0.7952725887298584
sa1 Runtime for shared MLP:7.18599271774292
sa2 Runtime for Sampling and Grouping:0.05312466621398926
sa2 Runtime for shared MLP:0.42292046546936035
sa3 Runtime for Sampling and Grouping:0.04132485389709473
sa3 Runtime for shared MLP:0.4127628803253174
sa4 Runtime for Sampling and Grouping:0.01209712028503418
sa4 Runtime for shared MLP:0.3345017433166504
SA End:1.6461589336395264
Voting and Proposal time:1.7705543041229248
Total inference time: 119.715106 
Start: 1652601488.5253606
Votenet data preprocessing time:0.06133151054382324
Deeplab inference time:101.88239669799805
Pointpainting time:0.734919548034668
Start:1.0320720672607422
sa1 Runtime for Sampling and Grouping:0.7704157829284668
sa1 Runtime for shared MLP:5.178479433059692
sa2 Runtime for Sampling and Grouping:0.04716610908508301
sa2 Runtime for shared MLP:0.4748263359069824
sa3 Runtime for Sampling and Grouping:0.045053720474243164
sa3 Runtime for shared MLP:0.33142924308776855
sa4 Runtime for Sampling and Grouping:0.012349605560302734
sa4 Runtime for shared MLP:0.3235487937927246
SA End:1.7641336917877197
Voting and Proposal time:1.4593920707702637
Total inference time: 114.117515 
Start: 1652601673.9423983
Votenet data preprocessing time:0.011366128921508789
Deeplab inference time:85.09372544288635
Pointpainting time:0.4980015754699707
Start:0.5616841316223145
sa1 Runtime for Sampling and Grouping:0.6062328815460205
sa1 Runtime for shared MLP:5.221799850463867
sa2 Runtime for Sampling and Grouping:0.08195853233337402
sa2 Runtime for shared MLP:0.4531974792480469
sa3 Runtime for Sampling and Grouping:0.04559445381164551
sa3 Runtime for shared MLP:0.32903051376342773
sa4 Runtime for Sampling and Grouping:0.013157367706298828
sa4 Runtime for shared MLP:0.3451273441314697
SA End:2.275590419769287
Voting and Proposal time:1.5978217124938965
Total inference time: 97.134288 
Start: 1652601843.7181914
Votenet data preprocessing time:0.040406227111816406
Deeplab inference time:98.58683919906616
Pointpainting time:0.6434094905853271
Start:1.0391173362731934
sa1 Runtime for Sampling and Grouping:0.7241010665893555
sa1 Runtime for shared MLP:5.645538330078125
sa2 Runtime for Sampling and Grouping:0.0407109260559082
sa2 Runtime for shared MLP:0.44152259826660156
sa3 Runtime for Sampling and Grouping:0.041272640228271484
sa3 Runtime for shared MLP:0.32576465606689453
sa4 Runtime for Sampling and Grouping:0.01147150993347168
sa4 Runtime for shared MLP:0.3170459270477295
SA End:1.7496905326843262
Voting and Proposal time:1.6682918071746826
Total inference time: 111.275182 
Start: 1652602027.7987397
Votenet data preprocessing time:0.10691976547241211
Deeplab inference time:97.52310633659363
Pointpainting time:0.7975459098815918
Start:1.1665003299713135
sa1 Runtime for Sampling and Grouping:0.674116849899292
sa1 Runtime for shared MLP:6.32525634765625
sa2 Runtime for Sampling and Grouping:0.041486263275146484
sa2 Runtime for shared MLP:0.3868722915649414
sa3 Runtime for Sampling and Grouping:0.03300285339355469
sa3 Runtime for shared MLP:0.31957173347473145
sa4 Runtime for Sampling and Grouping:0.011592626571655273
sa4 Runtime for shared MLP:0.3168196678161621
SA End:1.546870470046997
Voting and Proposal time:1.689622163772583
Total inference time: 110.939284 
Start: 1652602206.5650678
Votenet data preprocessing time:0.022485971450805664
Deeplab inference time:89.4811692237854
Pointpainting time:0.7180314064025879
Start:0.5251829624176025
sa1 Runtime for Sampling and Grouping:0.5460624694824219
sa1 Runtime for shared MLP:3.7762036323547363
sa2 Runtime for Sampling and Grouping:0.03772091865539551
sa2 Runtime for shared MLP:0.40877509117126465
sa3 Runtime for Sampling and Grouping:0.037058115005493164
sa3 Runtime for shared MLP:0.3292503356933594
sa4 Runtime for Sampling and Grouping:0.010833263397216797
sa4 Runtime for shared MLP:0.3246636390686035
SA End:2.123697280883789
Voting and Proposal time:1.3568015098571777
Total inference time: 99.697936 
Start: 1652602375.7359364
Votenet data preprocessing time:0.03711080551147461
Deeplab inference time:94.9609968662262
Pointpainting time:0.705359697341919
Start:0.7158401012420654
sa1 Runtime for Sampling and Grouping:0.5625238418579102
sa1 Runtime for shared MLP:4.4877753257751465
sa2 Runtime for Sampling and Grouping:0.031983137130737305
sa2 Runtime for shared MLP:0.42029500007629395
sa3 Runtime for Sampling and Grouping:0.03761172294616699
sa3 Runtime for shared MLP:0.34160590171813965
sa4 Runtime for Sampling and Grouping:0.011446237564086914
sa4 Runtime for shared MLP:0.31087207794189453
SA End:2.3142411708831787
Voting and Proposal time:1.2018029689788818
Total inference time: 106.139465 
Start: 1652602553.529468
Votenet data preprocessing time:0.015178918838500977
Deeplab inference time:90.96976566314697
Pointpainting time:0.5034639835357666
Start:0.7779622077941895
sa1 Runtime for Sampling and Grouping:0.6236951351165771
sa1 Runtime for shared MLP:5.057254314422607
sa2 Runtime for Sampling and Grouping:0.04135727882385254
sa2 Runtime for shared MLP:0.3972485065460205
sa3 Runtime for Sampling and Grouping:0.04089474678039551
sa3 Runtime for shared MLP:0.3319814205169678
sa4 Runtime for Sampling and Grouping:0.0118560791015625
sa4 Runtime for shared MLP:0.31711649894714355
SA End:2.3693556785583496
Voting and Proposal time:1.4730217456817627
Total inference time: 102.930152 
Start: 1652602726.5759869
Votenet data preprocessing time:0.04895591735839844
Deeplab inference time:96.21344184875488
Pointpainting time:0.743105411529541
Start:1.2209806442260742
sa1 Runtime for Sampling and Grouping:0.8182587623596191
sa1 Runtime for shared MLP:4.21985387802124
sa2 Runtime for Sampling and Grouping:0.0372617244720459
sa2 Runtime for shared MLP:0.4049801826477051
sa3 Runtime for Sampling and Grouping:0.03618288040161133
sa3 Runtime for shared MLP:0.32704782485961914
sa4 Runtime for Sampling and Grouping:0.012303352355957031
sa4 Runtime for shared MLP:0.33234190940856934
SA End:1.678157091140747
Voting and Proposal time:1.468921184539795
Total inference time: 107.561793 
Start: 1652602902.8700693
Votenet data preprocessing time:0.05996441841125488
Deeplab inference time:95.81670451164246
Pointpainting time:0.8765006065368652
Start:1.6343169212341309
sa1 Runtime for Sampling and Grouping:0.764462947845459
sa1 Runtime for shared MLP:6.756987571716309
sa2 Runtime for Sampling and Grouping:0.0775907039642334
sa2 Runtime for shared MLP:0.38877415657043457
sa3 Runtime for Sampling and Grouping:0.033254384994506836
sa3 Runtime for shared MLP:0.31957507133483887
sa4 Runtime for Sampling and Grouping:0.011142969131469727
sa4 Runtime for shared MLP:0.3063240051269531
SA End:1.977496862411499
Voting and Proposal time:1.5676586627960205
Total inference time: 110.590754 
Start: 1652603088.38231
Votenet data preprocessing time:0.01290750503540039
Deeplab inference time:85.50720453262329
Pointpainting time:0.5423240661621094
Start:0.7847027778625488
sa1 Runtime for Sampling and Grouping:0.5917079448699951
sa1 Runtime for shared MLP:5.402432203292847
sa2 Runtime for Sampling and Grouping:0.03725457191467285
sa2 Runtime for shared MLP:0.3979005813598633
sa3 Runtime for Sampling and Grouping:0.04143500328063965
sa3 Runtime for shared MLP:0.33661365509033203
sa4 Runtime for Sampling and Grouping:0.01369023323059082
sa4 Runtime for shared MLP:0.3208286762237549
SA End:2.250741720199585
Voting and Proposal time:1.446481704711914
Total inference time: 97.686225 
Start: 1652603256.9097002
Votenet data preprocessing time:0.013177871704101562
Deeplab inference time:97.03095769882202
Pointpainting time:0.7885184288024902
Start:1.1581494808197021
sa1 Runtime for Sampling and Grouping:0.761448860168457
sa1 Runtime for shared MLP:6.787446737289429
sa2 Runtime for Sampling and Grouping:0.11275911331176758
sa2 Runtime for shared MLP:0.5137908458709717
sa3 Runtime for Sampling and Grouping:0.04432868957519531
sa3 Runtime for shared MLP:0.3392469882965088
sa4 Runtime for Sampling and Grouping:0.012447357177734375
sa4 Runtime for shared MLP:0.3226611614227295
SA End:1.630319356918335
Voting and Proposal time:1.9935860633850098
Total inference time: 111.508839 
Start: 1652603442.89154
Votenet data preprocessing time:0.03069925308227539
Deeplab inference time:103.19865322113037
Pointpainting time:0.7247319221496582
Start:1.6541059017181396
sa1 Runtime for Sampling and Grouping:0.7325239181518555
sa1 Runtime for shared MLP:5.607160568237305
sa2 Runtime for Sampling and Grouping:0.048554182052612305
sa2 Runtime for shared MLP:0.4438750743865967
sa3 Runtime for Sampling and Grouping:0.04522061347961426
sa3 Runtime for shared MLP:0.35393404960632324
sa4 Runtime for Sampling and Grouping:0.01220846176147461
sa4 Runtime for shared MLP:0.31297826766967773
SA End:1.8352277278900146
Voting and Proposal time:1.5977740287780762
Total inference time: 116.597647 
Start: 1652603631.7631996
Votenet data preprocessing time:0.012859344482421875
Deeplab inference time:97.56672763824463
Pointpainting time:0.621373176574707
Start:0.8282217979431152
sa1 Runtime for Sampling and Grouping:0.7518763542175293
sa1 Runtime for shared MLP:5.064882755279541
sa2 Runtime for Sampling and Grouping:0.03753209114074707
sa2 Runtime for shared MLP:0.41028308868408203
sa3 Runtime for Sampling and Grouping:0.041536808013916016
sa3 Runtime for shared MLP:0.3220090866088867
sa4 Runtime for Sampling and Grouping:0.011932373046875
sa4 Runtime for shared MLP:0.31313490867614746
SA End:2.1002120971679688
Voting and Proposal time:1.5224277973175049
Total inference time: 109.605009 
Start: 1652603813.0409465
Votenet data preprocessing time:0.014755725860595703
Deeplab inference time:90.63616108894348
Pointpainting time:0.5374963283538818
Start:0.608330249786377
sa1 Runtime for Sampling and Grouping:0.7092349529266357
sa1 Runtime for shared MLP:5.234070301055908
sa2 Runtime for Sampling and Grouping:0.042470693588256836
sa2 Runtime for shared MLP:0.43109655380249023
sa3 Runtime for Sampling and Grouping:0.040570735931396484
sa3 Runtime for shared MLP:0.3280024528503418
sa4 Runtime for Sampling and Grouping:0.011116743087768555
sa4 Runtime for shared MLP:0.3065314292907715
SA End:2.043423652648926
Voting and Proposal time:1.374157190322876
Total inference time: 102.317418 
