Start: 1652170209.5524836
Votenet data preprocessing time:0.012634754180908203
Pointpainted Votenet start:0.03036785125732422
Deeplab inference time:0.4530603885650635
Pointpainting time:0.019777536392211914
SA1 sampling and grouping:0.027962923049926758
SA1 MLP:0.0022389888763427734
SA1 sampling and grouping:0.2851271629333496
SA1 MLP:0.00018143653869628906
SA2 sampling and grouping:0.020089149475097656
SA2 MLP:0.02516341209411621
SA2 sampling and grouping:0.03253364562988281
SA2 MLP:0.026883363723754883
SA3 sampling and grouping:0.01355433464050293
SA3 MLP:0.030226945877075195
SA3 sampling and grouping:0.02123427391052246
SA3 MLP:0.014329195022583008
SA4 sampling and grouping:0.011144638061523438
SA4 MLP:0.013202428817749023
SA4 sampling and grouping:0.016515493392944336
SA4 MLP:0.01399683952331543
SA End:0.08137369155883789
Voting and Proposal time:0.09520602226257324
Total inference time: 1.246804 
Start: 1652170247.0087364
Votenet data preprocessing time:0.012830495834350586
Pointpainted Votenet start:0.02985095977783203
Deeplab inference time:0.6107704639434814
Pointpainting time:0.021105051040649414
SA1 sampling and grouping:0.025505781173706055
SA1 MLP:0.0009431838989257812
SA1 sampling and grouping:0.2484738826751709
SA1 MLP:0.030635595321655273
SA2 sampling and grouping:0.01796746253967285
SA2 MLP:0.019791841506958008
SA2 sampling and grouping:0.03653240203857422
SA2 MLP:0.02771592140197754
SA3 sampling and grouping:0.01335597038269043
SA3 MLP:0.2910149097442627
SA3 sampling and grouping:0.023569822311401367
SA3 MLP:0.21570730209350586
SA4 sampling and grouping:0.01135873794555664
SA4 MLP:0.012792587280273438
SA4 sampling and grouping:0.01705169677734375
SA4 MLP:0.01405954360961914
SA End:0.08343291282653809
Voting and Proposal time:0.09647536277770996
Total inference time: 1.860942 
Start: 1652170285.0275064
Votenet data preprocessing time:0.013079166412353516
Pointpainted Votenet start:0.02982616424560547
Deeplab inference time:0.685662031173706
Pointpainting time:0.021172523498535156
SA1 sampling and grouping:0.02099013328552246
SA1 MLP:0.008671998977661133
SA1 sampling and grouping:0.24683904647827148
SA1 MLP:0.00017380714416503906
SA2 sampling and grouping:0.019301176071166992
SA2 MLP:0.025170087814331055
SA2 sampling and grouping:0.23359227180480957
SA2 MLP:0.2393033504486084
SA3 sampling and grouping:0.013560056686401367
SA3 MLP:0.5479462146759033
SA3 sampling and grouping:0.026178836822509766
SA3 MLP:0.21221375465393066
SA4 sampling and grouping:0.023843050003051758
SA4 MLP:0.013038396835327148
SA4 sampling and grouping:0.01793384552001953
SA4 MLP:0.044965505599975586
SA End:0.10118412971496582
Voting and Proposal time:0.16736245155334473
Total inference time: 2.712008 
Start: 1652170324.5315049
Votenet data preprocessing time:0.013752937316894531
Pointpainted Votenet start:0.029842853546142578
Deeplab inference time:1.6169018745422363
Pointpainting time:0.014673948287963867
SA1 sampling and grouping:0.0317227840423584
SA1 MLP:0.0013930797576904297
SA1 sampling and grouping:0.30722618103027344
SA1 MLP:0.15012216567993164
SA2 sampling and grouping:0.015886545181274414
SA2 MLP:0.21272611618041992
SA2 sampling and grouping:0.11569738388061523
SA2 MLP:0.18444037437438965
SA3 sampling and grouping:0.012716054916381836
SA3 MLP:0.03921818733215332
SA3 sampling and grouping:0.016650915145874023
SA3 MLP:0.021994590759277344
SA4 sampling and grouping:0.011494636535644531
SA4 MLP:0.013895511627197266
SA4 sampling and grouping:0.01988816261291504
SA4 MLP:0.014410257339477539
SA End:0.0804586410522461
Voting and Proposal time:0.10696840286254883
Total inference time: 3.032082 
Start: 1652170364.3782723
Votenet data preprocessing time:0.012457609176635742
Pointpainted Votenet start:0.03050398826599121
Deeplab inference time:0.4253959655761719
Pointpainting time:0.015779495239257812
SA1 sampling and grouping:0.024688720703125
SA1 MLP:0.0022721290588378906
SA1 sampling and grouping:0.24411821365356445
SA1 MLP:0.00017642974853515625
SA2 sampling and grouping:0.01873636245727539
SA2 MLP:0.024616241455078125
SA2 sampling and grouping:0.028741836547851562
SA2 MLP:0.04016613960266113
SA3 sampling and grouping:0.013054370880126953
SA3 MLP:0.033457040786743164
SA3 sampling and grouping:0.01692819595336914
SA3 MLP:0.021001577377319336
SA4 sampling and grouping:0.012027740478515625
SA4 MLP:0.013344287872314453
SA4 sampling and grouping:0.015441179275512695
SA4 MLP:0.01321268081665039
SA End:0.0816047191619873
Voting and Proposal time:0.09173583984375
Total inference time: 1.179461 
Start: 1652170401.955271
Votenet data preprocessing time:0.01332855224609375
Pointpainted Votenet start:0.030271053314208984
Deeplab inference time:0.5012562274932861
Pointpainting time:0.026564836502075195
SA1 sampling and grouping:0.03218412399291992
SA1 MLP:0.0009181499481201172
SA1 sampling and grouping:0.26891493797302246
SA1 MLP:0.02989339828491211
SA2 sampling and grouping:0.016761302947998047
SA2 MLP:0.021594762802124023
SA2 sampling and grouping:0.03168463706970215
SA2 MLP:0.026390552520751953
SA3 sampling and grouping:0.013195276260375977
SA3 MLP:0.030423641204833984
SA3 sampling and grouping:0.019968032836914062
SA3 MLP:0.015444517135620117
SA4 sampling and grouping:0.009983062744140625
SA4 MLP:0.012913227081298828
SA4 sampling and grouping:0.018334388732910156
SA4 MLP:0.013092756271362305
SA End:0.07864761352539062
Voting and Proposal time:0.09023499488830566
Total inference time: 1.302000 
Start: 1652170439.6456642
Votenet data preprocessing time:0.01309514045715332
Pointpainted Votenet start:0.032492637634277344
Deeplab inference time:0.6011197566986084
Pointpainting time:0.018386125564575195
SA1 sampling and grouping:0.025456666946411133
SA1 MLP:0.0010488033294677734
SA1 sampling and grouping:0.25968050956726074
SA1 MLP:0.0001766681671142578
SA2 sampling and grouping:0.019016265869140625
SA2 MLP:0.025140047073364258
SA2 sampling and grouping:0.032541751861572266
SA2 MLP:0.026334047317504883
SA3 sampling and grouping:0.01446843147277832
SA3 MLP:0.03206062316894531
SA3 sampling and grouping:0.02126455307006836
SA3 MLP:0.01482391357421875
SA4 sampling and grouping:0.01157832145690918
SA4 MLP:0.013190746307373047
SA4 sampling and grouping:0.019605159759521484
SA4 MLP:0.013420343399047852
SA End:0.0790708065032959
Voting and Proposal time:0.09822630882263184
Total inference time: 1.372198 
Start: 1652170477.4019465
Votenet data preprocessing time:0.013195276260375977
Pointpainted Votenet start:0.029918670654296875
Deeplab inference time:0.6865460872650146
Pointpainting time:0.02133488655090332
SA1 sampling and grouping:0.021326780319213867
SA1 MLP:0.017713069915771484
SA1 sampling and grouping:0.24461936950683594
SA1 MLP:0.0001773834228515625
SA2 sampling and grouping:0.035318613052368164
SA2 MLP:0.011056661605834961
SA2 sampling and grouping:0.028646469116210938
SA2 MLP:0.2362823486328125
SA3 sampling and grouping:0.013928651809692383
SA3 MLP:0.035977840423583984
SA3 sampling and grouping:0.022781848907470703
SA3 MLP:0.025905132293701172
SA4 sampling and grouping:0.011516094207763672
SA4 MLP:0.013343095779418945
SA4 sampling and grouping:0.018421411514282227
SA4 MLP:0.013672113418579102
SA End:0.08142542839050293
Voting and Proposal time:0.09505319595336914
Total inference time: 1.678160 
Start: 1652170516.6902442
Votenet data preprocessing time:0.012874603271484375
Pointpainted Votenet start:0.029735565185546875
Deeplab inference time:0.6154303550720215
Pointpainting time:0.01637554168701172
SA1 sampling and grouping:0.025855541229248047
SA1 MLP:0.008176088333129883
SA1 sampling and grouping:0.24768424034118652
SA1 MLP:0.00017642974853515625
SA2 sampling and grouping:0.018567323684692383
SA2 MLP:0.024840354919433594
SA2 sampling and grouping:0.03342914581298828
SA2 MLP:0.027467966079711914
SA3 sampling and grouping:0.01576519012451172
SA3 MLP:0.029273509979248047
SA3 sampling and grouping:0.020690202713012695
SA3 MLP:0.014954566955566406
SA4 sampling and grouping:0.011734724044799805
SA4 MLP:0.014185667037963867
SA4 sampling and grouping:0.020430564880371094
SA4 MLP:0.014795303344726562
SA End:0.07922935485839844
Voting and Proposal time:0.09298515319824219
Total inference time: 1.374657 
Start: 1652170554.4583595
Votenet data preprocessing time:0.018929481506347656
Pointpainted Votenet start:0.029773235321044922
Deeplab inference time:0.6464564800262451
Pointpainting time:0.01754283905029297
SA1 sampling and grouping:0.02128458023071289
SA1 MLP:0.0016906261444091797
SA1 sampling and grouping:0.2611093521118164
SA1 MLP:0.00017070770263671875
SA2 sampling and grouping:0.018136024475097656
SA2 MLP:0.02667689323425293
SA2 sampling and grouping:0.03424572944641113
SA2 MLP:0.026218414306640625
SA3 sampling and grouping:0.013140439987182617
SA3 MLP:0.030529022216796875
SA3 sampling and grouping:0.019929170608520508
SA3 MLP:0.013695716857910156
SA4 sampling and grouping:0.010959148406982422
SA4 MLP:0.012843608856201172
SA4 sampling and grouping:0.01761031150817871
SA4 MLP:0.013602495193481445
SA End:0.08199048042297363
Voting and Proposal time:0.09018278121948242
Total inference time: 1.406718 
Start: 1652170592.0469322
Votenet data preprocessing time:0.012920856475830078
Pointpainted Votenet start:0.029653072357177734
Deeplab inference time:0.6228451728820801
Pointpainting time:0.014683246612548828
SA1 sampling and grouping:0.022506237030029297
SA1 MLP:0.018218994140625
SA1 sampling and grouping:0.2449030876159668
SA1 MLP:0.00017976760864257812
SA2 sampling and grouping:0.019469738006591797
SA2 MLP:0.024726390838623047
SA2 sampling and grouping:0.03203558921813965
SA2 MLP:0.02763986587524414
SA3 sampling and grouping:0.013324260711669922
SA3 MLP:0.030509233474731445
SA3 sampling and grouping:0.020261049270629883
SA3 MLP:0.013199090957641602
SA4 sampling and grouping:0.010612249374389648
SA4 MLP:0.012957334518432617
SA4 sampling and grouping:0.01656937599182129
SA4 MLP:0.012613058090209961
SA End:0.07909607887268066
Voting and Proposal time:0.08730363845825195
Total inference time: 1.366227 
Start: 1652170630.040815
Votenet data preprocessing time:0.013012170791625977
Pointpainted Votenet start:0.02910447120666504
Deeplab inference time:0.43016839027404785
Pointpainting time:0.01856708526611328
SA1 sampling and grouping:0.03168177604675293
SA1 MLP:0.009536266326904297
SA1 sampling and grouping:0.2778778076171875
SA1 MLP:0.00018167495727539062
SA2 sampling and grouping:0.018492937088012695
SA2 MLP:0.025197505950927734
SA2 sampling and grouping:0.03261828422546387
SA2 MLP:0.02712392807006836
SA3 sampling and grouping:0.012785673141479492
SA3 MLP:0.029975414276123047
SA3 sampling and grouping:0.019739866256713867
SA3 MLP:0.012845277786254883
SA4 sampling and grouping:0.009903669357299805
SA4 MLP:0.012883663177490234
SA4 sampling and grouping:0.015483617782592773
SA4 MLP:0.01315927505493164
SA End:0.0777740478515625
Voting and Proposal time:0.09590578079223633
Total inference time: 1.214019 
Start: 1652170667.8158576
Votenet data preprocessing time:0.013199806213378906
Pointpainted Votenet start:0.030028820037841797
Deeplab inference time:0.6052160263061523
Pointpainting time:0.02038717269897461
SA1 sampling and grouping:0.028430700302124023
SA1 MLP:0.0028939247131347656
SA1 sampling and grouping:0.24560928344726562
SA1 MLP:0.029930830001831055
SA2 sampling and grouping:0.018312454223632812
SA2 MLP:0.019768714904785156
SA2 sampling and grouping:0.03340339660644531
SA2 MLP:0.0235903263092041
SA3 sampling and grouping:0.013221979141235352
SA3 MLP:0.030653715133666992
SA3 sampling and grouping:0.020150423049926758
SA3 MLP:0.014190435409545898
SA4 sampling and grouping:0.011102676391601562
SA4 MLP:0.012958049774169922
SA4 sampling and grouping:0.017512083053588867
SA4 MLP:0.013950586318969727
SA End:0.07907605171203613
Voting and Proposal time:0.08717823028564453
Total inference time: 1.370766 
Start: 1652170705.4400454
Votenet data preprocessing time:0.012666463851928711
Pointpainted Votenet start:0.02950882911682129
Deeplab inference time:0.6225690841674805
Pointpainting time:0.020438194274902344
SA1 sampling and grouping:0.026423215866088867
SA1 MLP:0.002624988555908203
SA1 sampling and grouping:0.2541024684906006
SA1 MLP:0.029526472091674805
SA2 sampling and grouping:0.01678752899169922
SA2 MLP:0.021402835845947266
SA2 sampling and grouping:0.031430959701538086
SA2 MLP:0.023605823516845703
SA3 sampling and grouping:0.013117551803588867
SA3 MLP:0.17170262336730957
SA3 sampling and grouping:0.02410292625427246
SA3 MLP:0.011844396591186523
SA4 sampling and grouping:0.011206626892089844
SA4 MLP:0.013000249862670898
SA4 sampling and grouping:0.015964269638061523
SA4 MLP:0.012749671936035156
SA End:0.0789639949798584
Voting and Proposal time:0.10077381134033203
Total inference time: 1.544513 
Start: 1652170743.6539154
Votenet data preprocessing time:0.013453483581542969
Pointpainted Votenet start:0.02985835075378418
Deeplab inference time:0.5132617950439453
Pointpainting time:0.02841019630432129
SA1 sampling and grouping:0.0358281135559082
SA1 MLP:0.0016624927520751953
SA1 sampling and grouping:0.25487494468688965
SA1 MLP:0.03007817268371582
SA2 sampling and grouping:0.01687455177307129
SA2 MLP:0.020209074020385742
SA2 sampling and grouping:0.031958818435668945
SA2 MLP:0.027708768844604492
SA3 sampling and grouping:0.01350259780883789
SA3 MLP:0.030007123947143555
SA3 sampling and grouping:0.020752668380737305
SA3 MLP:0.014299154281616211
SA4 sampling and grouping:0.009883880615234375
SA4 MLP:0.016679763793945312
SA4 sampling and grouping:0.016832828521728516
SA4 MLP:0.015607118606567383
SA End:0.07925200462341309
Voting and Proposal time:0.09589910507202148
Total inference time: 1.316895 
Start: 1652170781.544722
Votenet data preprocessing time:0.013143301010131836
Pointpainted Votenet start:0.029862403869628906
Deeplab inference time:0.5814082622528076
Pointpainting time:0.01747417449951172
SA1 sampling and grouping:0.029880046844482422
SA1 MLP:0.0013992786407470703
SA1 sampling and grouping:0.25408291816711426
SA1 MLP:0.03044605255126953
SA2 sampling and grouping:0.018103837966918945
SA2 MLP:0.01999068260192871
SA2 sampling and grouping:0.027635812759399414
SA2 MLP:0.041597843170166016
SA3 sampling and grouping:0.01351618766784668
SA3 MLP:0.6292104721069336
SA3 sampling and grouping:0.03361773490905762
SA3 MLP:0.011888980865478516
SA4 sampling and grouping:0.06820011138916016
SA4 MLP:0.01812148094177246
SA4 sampling and grouping:0.01693892478942871
SA4 MLP:0.01420140266418457
SA End:0.08005332946777344
Voting and Proposal time:0.12916874885559082
Total inference time: 2.079942 
Start: 1652170820.604697
Votenet data preprocessing time:0.013278007507324219
Pointpainted Votenet start:0.02977299690246582
Deeplab inference time:0.6440153121948242
Pointpainting time:0.017778873443603516
SA1 sampling and grouping:0.025618314743041992
SA1 MLP:0.020457744598388672
SA1 sampling and grouping:0.24075531959533691
SA1 MLP:0.00018739700317382812
SA2 sampling and grouping:0.01921820640563965
SA2 MLP:0.02491283416748047
SA2 sampling and grouping:0.032476186752319336
SA2 MLP:0.025501012802124023
SA3 sampling and grouping:0.013619661331176758
SA3 MLP:0.029700279235839844
SA3 sampling and grouping:0.021554946899414062
SA3 MLP:0.013817071914672852
SA4 sampling and grouping:0.010844230651855469
SA4 MLP:0.012790918350219727
SA4 sampling and grouping:0.016916513442993164
SA4 MLP:0.013733386993408203
SA End:0.07894325256347656
Voting and Proposal time:0.0899970531463623
Total inference time: 1.395890 
Start: 1652170858.2892003
Votenet data preprocessing time:0.013064384460449219
Pointpainted Votenet start:0.028983592987060547
Deeplab inference time:0.6725654602050781
Pointpainting time:0.01903223991394043
SA1 sampling and grouping:0.02403736114501953
SA1 MLP:0.001638174057006836
SA1 sampling and grouping:0.23815369606018066
SA1 MLP:0.00017452239990234375
SA2 sampling and grouping:0.019197702407836914
SA2 MLP:0.025078773498535156
SA2 sampling and grouping:0.0328824520111084
SA2 MLP:0.02758502960205078
SA3 sampling and grouping:0.013135910034179688
SA3 MLP:0.030857563018798828
SA3 sampling and grouping:0.019321203231811523
SA3 MLP:0.014109373092651367
SA4 sampling and grouping:0.011154890060424805
SA4 MLP:0.012778759002685547
SA4 sampling and grouping:0.017136573791503906
SA4 MLP:0.013669490814208984
SA End:0.0787353515625
Voting and Proposal time:0.09464454650878906
Total inference time: 1.407937 
Start: 1652170896.5597684
Votenet data preprocessing time:0.01334834098815918
Pointpainted Votenet start:0.030252933502197266
Deeplab inference time:0.4725933074951172
Pointpainting time:0.017050981521606445
SA1 sampling and grouping:0.029488801956176758
SA1 MLP:0.004233360290527344
SA1 sampling and grouping:0.27581262588500977
SA1 MLP:0.000179290771484375
SA2 sampling and grouping:0.019085407257080078
SA2 MLP:0.02714848518371582
SA2 sampling and grouping:0.19021368026733398
SA2 MLP:0.22025609016418457
SA3 sampling and grouping:0.013093709945678711
SA3 MLP:0.08705997467041016
SA3 sampling and grouping:0.02341747283935547
SA3 MLP:0.015772581100463867
SA4 sampling and grouping:0.010663509368896484
SA4 MLP:0.013009786605834961
SA4 sampling and grouping:0.020082712173461914
SA4 MLP:0.014132499694824219
SA End:0.08384299278259277
Voting and Proposal time:0.09395790100097656
Total inference time: 1.674696 
Start: 1652170936.053489
Votenet data preprocessing time:0.013483524322509766
Pointpainted Votenet start:0.02944159507751465
Deeplab inference time:0.4467484951019287
Pointpainting time:0.01940298080444336
SA1 sampling and grouping:0.027302265167236328
SA1 MLP:0.0014815330505371094
SA1 sampling and grouping:0.2817568778991699
SA1 MLP:0.029527902603149414
SA2 sampling and grouping:0.01751542091369629
SA2 MLP:0.019586801528930664
SA2 sampling and grouping:0.031856536865234375
SA2 MLP:0.027709245681762695
SA3 sampling and grouping:0.013330459594726562
SA3 MLP:0.029826641082763672
SA3 sampling and grouping:0.021997451782226562
SA3 MLP:0.012813329696655273
SA4 sampling and grouping:0.012638092041015625
SA4 MLP:0.013191461563110352
SA4 sampling and grouping:0.020256519317626953
SA4 MLP:0.013775825500488281
SA End:0.08055901527404785
Voting and Proposal time:0.09206032752990723
Total inference time: 1.256262 
